[0.861s] Invoking command in '/home/hussein/Documents/kal_ws/build/rplidar_ros': CMAKE_PREFIX_PATH=${CMAKE_PREFIX_PATH}:/home/hussein/Documents/kal_ws/install/serial_motor_demo:/opt/ros/humble /usr/bin/cmake --build /home/hussein/Documents/kal_ws/build/rplidar_ros -- -j4 -l4
[1.320s] [ 77%] Built target rplidar_composition_node
[1.592s] [100%] Built target rplidar_composition
[1.929s] Invoked command in '/home/hussein/Documents/kal_ws/build/rplidar_ros' returned '0': CMAKE_PREFIX_PATH=${CMAKE_PREFIX_PATH}:/home/hussein/Documents/kal_ws/install/serial_motor_demo:/opt/ros/humble /usr/bin/cmake --build /home/hussein/Documents/kal_ws/build/rplidar_ros -- -j4 -l4
[2.944s] Invoking command in '/home/hussein/Documents/kal_ws/build/rplidar_ros': CMAKE_PREFIX_PATH=${CMAKE_PREFIX_PATH}:/home/hussein/Documents/kal_ws/install/serial_motor_demo:/opt/ros/humble /usr/bin/cmake --install /home/hussein/Documents/kal_ws/build/rplidar_ros
[3.006s] -- Install configuration: ""
[3.007s] -- Up-to-date: /home/hussein/Documents/kal_ws/install/rplidar_ros/lib/rplidar_ros/rplidar_composition
[3.011s] -- Up-to-date: /home/hussein/Documents/kal_ws/install/rplidar_ros/share/rplidar_ros/launch
[3.013s] -- Up-to-date: /home/hussein/Documents/kal_ws/install/rplidar_ros/share/rplidar_ros/launch/rplidar_a3.launch.py
[3.014s] -- Up-to-date: /home/hussein/Documents/kal_ws/install/rplidar_ros/share/rplidar_ros/launch/view_rplidar_s1.launch.py
[3.017s] -- Up-to-date: /home/hussein/Documents/kal_ws/install/rplidar_ros/share/rplidar_ros/launch/rplidar.launch.py
[3.019s] -- Up-to-date: /home/hussein/Documents/kal_ws/install/rplidar_ros/share/rplidar_ros/launch/rplidar_s1_tcp.launch.py
[3.021s] -- Up-to-date: /home/hussein/Documents/kal_ws/install/rplidar_ros/share/rplidar_ros/launch/test_rplidar_a3.launch.py
[3.022s] -- Up-to-date: /home/hussein/Documents/kal_ws/install/rplidar_ros/share/rplidar_ros/launch/view_rplidar_a3.launch.py
[3.028s] -- Up-to-date: /home/hussein/Documents/kal_ws/install/rplidar_ros/share/rplidar_ros/launch/view_rplidar_s1_tcp.launch.py
[3.030s] -- Up-to-date: /home/hussein/Documents/kal_ws/install/rplidar_ros/share/rplidar_ros/launch/rplidar_s1.launch.py
[3.031s] -- Up-to-date: /home/hussein/Documents/kal_ws/install/rplidar_ros/share/rplidar_ros/launch/view_rplidar.launch.py
[3.032s] -- Up-to-date: /home/hussein/Documents/kal_ws/install/rplidar_ros/share/rplidar_ros/rviz
[3.032s] -- Up-to-date: /home/hussein/Documents/kal_ws/install/rplidar_ros/share/rplidar_ros/rviz/rplidar.rviz
[3.033s] -- Up-to-date: /home/hussein/Documents/kal_ws/install/rplidar_ros/lib/librplidar_composition_node.so
[3.034s] -- Up-to-date: /home/hussein/Documents/kal_ws/install/rplidar_ros/include
[3.035s] -- Up-to-date: /home/hussein/Documents/kal_ws/install/rplidar_ros/include/visibility.h
[3.036s] -- Up-to-date: /home/hussein/Documents/kal_ws/install/rplidar_ros/include/rplidar_node.hpp
[3.036s] -- Up-to-date: /home/hussein/Documents/kal_ws/install/rplidar_ros/lib/rplidar_ros/rplidar_composition
[3.037s] -- Up-to-date: /home/hussein/Documents/kal_ws/install/rplidar_ros/share/ament_index/resource_index/package_run_dependencies/rplidar_ros
[3.038s] -- Up-to-date: /home/hussein/Documents/kal_ws/install/rplidar_ros/share/ament_index/resource_index/parent_prefix_path/rplidar_ros
[3.039s] -- Up-to-date: /home/hussein/Documents/kal_ws/install/rplidar_ros/share/rplidar_ros/environment/ament_prefix_path.sh
[3.040s] -- Up-to-date: /home/hussein/Documents/kal_ws/install/rplidar_ros/share/rplidar_ros/environment/ament_prefix_path.dsv
[3.042s] -- Up-to-date: /home/hussein/Documents/kal_ws/install/rplidar_ros/share/rplidar_ros/environment/path.sh
[3.043s] -- Up-to-date: /home/hussein/Documents/kal_ws/install/rplidar_ros/share/rplidar_ros/environment/path.dsv
[3.044s] -- Up-to-date: /home/hussein/Documents/kal_ws/install/rplidar_ros/share/rplidar_ros/local_setup.bash
[3.045s] -- Up-to-date: /home/hussein/Documents/kal_ws/install/rplidar_ros/share/rplidar_ros/local_setup.sh
[3.046s] -- Up-to-date: /home/hussein/Documents/kal_ws/install/rplidar_ros/share/rplidar_ros/local_setup.zsh
[3.047s] -- Up-to-date: /home/hussein/Documents/kal_ws/install/rplidar_ros/share/rplidar_ros/local_setup.dsv
[3.048s] -- Installing: /home/hussein/Documents/kal_ws/install/rplidar_ros/share/rplidar_ros/package.dsv
[3.049s] -- Up-to-date: /home/hussein/Documents/kal_ws/install/rplidar_ros/share/ament_index/resource_index/packages/rplidar_ros
[3.050s] -- Up-to-date: /home/hussein/Documents/kal_ws/install/rplidar_ros/share/ament_index/resource_index/rclcpp_components/rplidar_ros
[3.051s] -- Up-to-date: /home/hussein/Documents/kal_ws/install/rplidar_ros/share/rplidar_ros/cmake/ament_cmake_export_dependencies-extras.cmake
[3.053s] -- Up-to-date: /home/hussein/Documents/kal_ws/install/rplidar_ros/share/rplidar_ros/cmake/ament_cmake_export_include_directories-extras.cmake
[3.054s] -- Up-to-date: /home/hussein/Documents/kal_ws/install/rplidar_ros/share/rplidar_ros/cmake/rplidar_rosConfig.cmake
[3.054s] -- Up-to-date: /home/hussein/Documents/kal_ws/install/rplidar_ros/share/rplidar_ros/cmake/rplidar_rosConfig-version.cmake
[3.056s] -- Up-to-date: /home/hussein/Documents/kal_ws/install/rplidar_ros/share/rplidar_ros/package.xml
[3.890s] Invoked command in '/home/hussein/Documents/kal_ws/build/rplidar_ros' returned '0': CMAKE_PREFIX_PATH=${CMAKE_PREFIX_PATH}:/home/hussein/Documents/kal_ws/install/serial_motor_demo:/opt/ros/humble /usr/bin/cmake --install /home/hussein/Documents/kal_ws/build/rplidar_ros
