[5.426s] DEBUG:colcon:Command line arguments: ['/usr/bin/colcon', 'build']
[5.426s] DEBUG:colcon:Parsed command line arguments: Namespace(log_base=None, log_level=None, verb_name='build', build_base='build', install_base='install', merge_install=False, symlink_install=False, test_result_base=None, continue_on_error=False, executor='parallel', parallel_workers=4, event_handlers=None, ignore_user_meta=False, metas=['./colcon.meta'], base_paths=['.'], packages_ignore=None, packages_ignore_regex=None, paths=None, packages_up_to=None, packages_up_to_regex=None, packages_above=None, packages_above_and_dependencies=None, packages_above_depth=None, packages_select_by_dep=None, packages_skip_by_dep=None, packages_skip_up_to=None, packages_select_build_failed=False, packages_skip_build_finished=False, packages_select_test_failures=False, packages_skip_test_passed=False, packages_select=None, packages_skip=None, packages_select_regex=None, packages_skip_regex=None, packages_start=None, packages_end=None, allow_overriding=[], cmake_args=None, cmake_target=None, cmake_target_skip_unavailable=False, cmake_clean_cache=False, cmake_clean_first=False, cmake_force_configure=False, ament_cmake_args=None, catkin_cmake_args=None, catkin_skip_building_tests=False, verb_parser=<colcon_defaults.argument_parser.defaults.DefaultArgumentsDecorator object at 0xffff9d64df90>, verb_extension=<colcon_core.verb.build.BuildVerb object at 0xffff9db57c10>, main=<bound method BuildVerb.main of <colcon_core.verb.build.BuildVerb object at 0xffff9db57c10>>)
[5.675s] Level 1:colcon.colcon_core.package_discovery:discover_packages(colcon_meta) check parameters
[5.675s] Level 1:colcon.colcon_core.package_discovery:discover_packages(recursive) check parameters
[5.675s] Level 1:colcon.colcon_core.package_discovery:discover_packages(ignore) check parameters
[5.675s] Level 1:colcon.colcon_core.package_discovery:discover_packages(path) check parameters
[5.676s] Level 1:colcon.colcon_core.package_discovery:discover_packages(colcon_meta) discover
[5.676s] Level 1:colcon.colcon_core.package_discovery:discover_packages(recursive) discover
[5.676s] INFO:colcon.colcon_core.package_discovery:Crawling recursively for packages in '/home/hussein/Documents/kal_ws'
[5.677s] Level 1:colcon.colcon_core.package_identification:_identify(.) by extensions ['ignore', 'ignore_ament_install']
[5.677s] Level 1:colcon.colcon_core.package_identification:_identify(.) by extension 'ignore'
[5.678s] Level 1:colcon.colcon_core.package_identification:_identify(.) by extension 'ignore_ament_install'
[5.678s] Level 1:colcon.colcon_core.package_identification:_identify(.) by extensions ['colcon_pkg']
[5.678s] Level 1:colcon.colcon_core.package_identification:_identify(.) by extension 'colcon_pkg'
[5.678s] Level 1:colcon.colcon_core.package_identification:_identify(.) by extensions ['colcon_meta']
[5.678s] Level 1:colcon.colcon_core.package_identification:_identify(.) by extension 'colcon_meta'
[5.678s] Level 1:colcon.colcon_core.package_identification:_identify(.) by extensions ['ros']
[5.679s] Level 1:colcon.colcon_core.package_identification:_identify(.) by extension 'ros'
[5.732s] Level 1:colcon.colcon_core.package_identification:_identify(.) by extensions ['cmake', 'python']
[5.733s] Level 1:colcon.colcon_core.package_identification:_identify(.) by extension 'cmake'
[5.733s] Level 1:colcon.colcon_core.package_identification:_identify(.) by extension 'python'
[5.733s] Level 1:colcon.colcon_core.package_identification:_identify(.) by extensions ['python_setup_py']
[5.733s] Level 1:colcon.colcon_core.package_identification:_identify(.) by extension 'python_setup_py'
[5.734s] Level 1:colcon.colcon_core.package_identification:_identify(build) by extensions ['ignore', 'ignore_ament_install']
[5.734s] Level 1:colcon.colcon_core.package_identification:_identify(build) by extension 'ignore'
[5.735s] Level 1:colcon.colcon_core.package_identification:_identify(build) ignored
[5.735s] Level 1:colcon.colcon_core.package_identification:_identify(install) by extensions ['ignore', 'ignore_ament_install']
[5.736s] Level 1:colcon.colcon_core.package_identification:_identify(install) by extension 'ignore'
[5.736s] Level 1:colcon.colcon_core.package_identification:_identify(install) ignored
[5.738s] Level 1:colcon.colcon_core.package_identification:_identify(log) by extensions ['ignore', 'ignore_ament_install']
[5.738s] Level 1:colcon.colcon_core.package_identification:_identify(log) by extension 'ignore'
[5.738s] Level 1:colcon.colcon_core.package_identification:_identify(log) ignored
[5.739s] Level 1:colcon.colcon_core.package_identification:_identify(src) by extensions ['ignore', 'ignore_ament_install']
[5.739s] Level 1:colcon.colcon_core.package_identification:_identify(src) by extension 'ignore'
[5.739s] Level 1:colcon.colcon_core.package_identification:_identify(src) by extension 'ignore_ament_install'
[5.740s] Level 1:colcon.colcon_core.package_identification:_identify(src) by extensions ['colcon_pkg']
[5.740s] Level 1:colcon.colcon_core.package_identification:_identify(src) by extension 'colcon_pkg'
[5.740s] Level 1:colcon.colcon_core.package_identification:_identify(src) by extensions ['colcon_meta']
[5.740s] Level 1:colcon.colcon_core.package_identification:_identify(src) by extension 'colcon_meta'
[5.740s] Level 1:colcon.colcon_core.package_identification:_identify(src) by extensions ['ros']
[5.741s] Level 1:colcon.colcon_core.package_identification:_identify(src) by extension 'ros'
[5.741s] Level 1:colcon.colcon_core.package_identification:_identify(src) by extensions ['cmake', 'python']
[5.741s] Level 1:colcon.colcon_core.package_identification:_identify(src) by extension 'cmake'
[5.741s] Level 1:colcon.colcon_core.package_identification:_identify(src) by extension 'python'
[5.742s] Level 1:colcon.colcon_core.package_identification:_identify(src) by extensions ['python_setup_py']
[5.742s] Level 1:colcon.colcon_core.package_identification:_identify(src) by extension 'python_setup_py'
[5.742s] Level 1:colcon.colcon_core.package_identification:_identify(src/diffdrive_arduino) by extensions ['ignore', 'ignore_ament_install']
[5.743s] Level 1:colcon.colcon_core.package_identification:_identify(src/diffdrive_arduino) by extension 'ignore'
[5.743s] Level 1:colcon.colcon_core.package_identification:_identify(src/diffdrive_arduino) by extension 'ignore_ament_install'
[5.743s] Level 1:colcon.colcon_core.package_identification:_identify(src/diffdrive_arduino) by extensions ['colcon_pkg']
[5.743s] Level 1:colcon.colcon_core.package_identification:_identify(src/diffdrive_arduino) by extension 'colcon_pkg'
[5.743s] Level 1:colcon.colcon_core.package_identification:_identify(src/diffdrive_arduino) by extensions ['colcon_meta']
[5.743s] Level 1:colcon.colcon_core.package_identification:_identify(src/diffdrive_arduino) by extension 'colcon_meta'
[5.744s] Level 1:colcon.colcon_core.package_identification:_identify(src/diffdrive_arduino) by extensions ['ros']
[5.744s] Level 1:colcon.colcon_core.package_identification:_identify(src/diffdrive_arduino) by extension 'ros'
[5.756s] DEBUG:colcon.colcon_core.package_identification:Package 'src/diffdrive_arduino' with type 'ros.ament_cmake' and name 'diffdrive_arduino'
[5.757s] Level 1:colcon.colcon_core.package_identification:_identify(src/kal_package) by extensions ['ignore', 'ignore_ament_install']
[5.757s] Level 1:colcon.colcon_core.package_identification:_identify(src/kal_package) by extension 'ignore'
[5.758s] Level 1:colcon.colcon_core.package_identification:_identify(src/kal_package) by extension 'ignore_ament_install'
[5.758s] Level 1:colcon.colcon_core.package_identification:_identify(src/kal_package) by extensions ['colcon_pkg']
[5.758s] Level 1:colcon.colcon_core.package_identification:_identify(src/kal_package) by extension 'colcon_pkg'
[5.758s] Level 1:colcon.colcon_core.package_identification:_identify(src/kal_package) by extensions ['colcon_meta']
[5.759s] Level 1:colcon.colcon_core.package_identification:_identify(src/kal_package) by extension 'colcon_meta'
[5.759s] Level 1:colcon.colcon_core.package_identification:_identify(src/kal_package) by extensions ['ros']
[5.759s] Level 1:colcon.colcon_core.package_identification:_identify(src/kal_package) by extension 'ros'
[5.762s] DEBUG:colcon.colcon_core.package_identification:Package 'src/kal_package' with type 'ros.ament_cmake' and name 'kal_package'
[5.762s] Level 1:colcon.colcon_core.package_identification:_identify(src/rplidar_ros2) by extensions ['ignore', 'ignore_ament_install']
[5.763s] Level 1:colcon.colcon_core.package_identification:_identify(src/rplidar_ros2) by extension 'ignore'
[5.763s] Level 1:colcon.colcon_core.package_identification:_identify(src/rplidar_ros2) by extension 'ignore_ament_install'
[5.763s] Level 1:colcon.colcon_core.package_identification:_identify(src/rplidar_ros2) by extensions ['colcon_pkg']
[5.763s] Level 1:colcon.colcon_core.package_identification:_identify(src/rplidar_ros2) by extension 'colcon_pkg'
[5.764s] Level 1:colcon.colcon_core.package_identification:_identify(src/rplidar_ros2) by extensions ['colcon_meta']
[5.764s] Level 1:colcon.colcon_core.package_identification:_identify(src/rplidar_ros2) by extension 'colcon_meta'
[5.764s] Level 1:colcon.colcon_core.package_identification:_identify(src/rplidar_ros2) by extensions ['ros']
[5.764s] Level 1:colcon.colcon_core.package_identification:_identify(src/rplidar_ros2) by extension 'ros'
[5.767s] DEBUG:colcon.colcon_core.package_identification:Package 'src/rplidar_ros2' with type 'ros.ament_cmake' and name 'rplidar_ros'
[5.768s] Level 1:colcon.colcon_core.package_identification:_identify(src/serial) by extensions ['ignore', 'ignore_ament_install']
[5.768s] Level 1:colcon.colcon_core.package_identification:_identify(src/serial) by extension 'ignore'
[5.768s] Level 1:colcon.colcon_core.package_identification:_identify(src/serial) by extension 'ignore_ament_install'
[5.768s] Level 1:colcon.colcon_core.package_identification:_identify(src/serial) by extensions ['colcon_pkg']
[5.769s] Level 1:colcon.colcon_core.package_identification:_identify(src/serial) by extension 'colcon_pkg'
[5.769s] Level 1:colcon.colcon_core.package_identification:_identify(src/serial) by extensions ['colcon_meta']
[5.769s] Level 1:colcon.colcon_core.package_identification:_identify(src/serial) by extension 'colcon_meta'
[5.769s] Level 1:colcon.colcon_core.package_identification:_identify(src/serial) by extensions ['ros']
[5.769s] Level 1:colcon.colcon_core.package_identification:_identify(src/serial) by extension 'ros'
[5.772s] DEBUG:colcon.colcon_core.package_identification:Package 'src/serial' with type 'ros.ament_cmake' and name 'serial'
[5.772s] Level 1:colcon.colcon_core.package_discovery:discover_packages(recursive) using defaults
[5.772s] Level 1:colcon.colcon_core.package_discovery:discover_packages(ignore) discover
[5.772s] Level 1:colcon.colcon_core.package_discovery:discover_packages(ignore) using defaults
[5.773s] Level 1:colcon.colcon_core.package_discovery:discover_packages(path) discover
[5.773s] Level 1:colcon.colcon_core.package_discovery:discover_packages(path) using defaults
[6.247s] Level 1:colcon.colcon_core.package_discovery:discover_packages(prefix_path) check parameters
[6.247s] Level 1:colcon.colcon_core.package_discovery:discover_packages(prefix_path) discover
[6.414s] DEBUG:colcon.colcon_installed_package_information.package_discovery:Found 6 installed packages in /home/hussein/Documents/kal_ws/install
[6.501s] DEBUG:colcon.colcon_installed_package_information.package_discovery:Found 310 installed packages in /opt/ros/humble
[6.510s] Level 1:colcon.colcon_core.package_discovery:discover_packages(prefix_path) using defaults
[7.050s] Level 5:colcon.colcon_core.verb:set package 'diffdrive_arduino' build argument 'cmake_args' from command line to 'None'
[7.050s] Level 5:colcon.colcon_core.verb:set package 'diffdrive_arduino' build argument 'cmake_target' from command line to 'None'
[7.050s] Level 5:colcon.colcon_core.verb:set package 'diffdrive_arduino' build argument 'cmake_target_skip_unavailable' from command line to 'False'
[7.050s] Level 5:colcon.colcon_core.verb:set package 'diffdrive_arduino' build argument 'cmake_clean_cache' from command line to 'False'
[7.050s] Level 5:colcon.colcon_core.verb:set package 'diffdrive_arduino' build argument 'cmake_clean_first' from command line to 'False'
[7.050s] Level 5:colcon.colcon_core.verb:set package 'diffdrive_arduino' build argument 'cmake_force_configure' from command line to 'False'
[7.051s] Level 5:colcon.colcon_core.verb:set package 'diffdrive_arduino' build argument 'ament_cmake_args' from command line to 'None'
[7.051s] Level 5:colcon.colcon_core.verb:set package 'diffdrive_arduino' build argument 'catkin_cmake_args' from command line to 'None'
[7.051s] Level 5:colcon.colcon_core.verb:set package 'diffdrive_arduino' build argument 'catkin_skip_building_tests' from command line to 'False'
[7.051s] DEBUG:colcon.colcon_core.verb:Building package 'diffdrive_arduino' with the following arguments: {'ament_cmake_args': None, 'build_base': '/home/hussein/Documents/kal_ws/build/diffdrive_arduino', 'catkin_cmake_args': None, 'catkin_skip_building_tests': False, 'cmake_args': None, 'cmake_clean_cache': False, 'cmake_clean_first': False, 'cmake_force_configure': False, 'cmake_target': None, 'cmake_target_skip_unavailable': False, 'install_base': '/home/hussein/Documents/kal_ws/install/diffdrive_arduino', 'merge_install': False, 'path': '/home/hussein/Documents/kal_ws/src/diffdrive_arduino', 'symlink_install': False, 'test_result_base': None}
[7.129s] Level 5:colcon.colcon_core.verb:set package 'kal_package' build argument 'cmake_args' from command line to 'None'
[7.130s] Level 5:colcon.colcon_core.verb:set package 'kal_package' build argument 'cmake_target' from command line to 'None'
[7.130s] Level 5:colcon.colcon_core.verb:set package 'kal_package' build argument 'cmake_target_skip_unavailable' from command line to 'False'
[7.130s] Level 5:colcon.colcon_core.verb:set package 'kal_package' build argument 'cmake_clean_cache' from command line to 'False'
[7.130s] Level 5:colcon.colcon_core.verb:set package 'kal_package' build argument 'cmake_clean_first' from command line to 'False'
[7.130s] Level 5:colcon.colcon_core.verb:set package 'kal_package' build argument 'cmake_force_configure' from command line to 'False'
[7.130s] Level 5:colcon.colcon_core.verb:set package 'kal_package' build argument 'ament_cmake_args' from command line to 'None'
[7.130s] Level 5:colcon.colcon_core.verb:set package 'kal_package' build argument 'catkin_cmake_args' from command line to 'None'
[7.130s] Level 5:colcon.colcon_core.verb:set package 'kal_package' build argument 'catkin_skip_building_tests' from command line to 'False'
[7.131s] DEBUG:colcon.colcon_core.verb:Building package 'kal_package' with the following arguments: {'ament_cmake_args': None, 'build_base': '/home/hussein/Documents/kal_ws/build/kal_package', 'catkin_cmake_args': None, 'catkin_skip_building_tests': False, 'cmake_args': None, 'cmake_clean_cache': False, 'cmake_clean_first': False, 'cmake_force_configure': False, 'cmake_target': None, 'cmake_target_skip_unavailable': False, 'install_base': '/home/hussein/Documents/kal_ws/install/kal_package', 'merge_install': False, 'path': '/home/hussein/Documents/kal_ws/src/kal_package', 'symlink_install': False, 'test_result_base': None}
[7.209s] Level 5:colcon.colcon_core.verb:set package 'rplidar_ros' build argument 'cmake_args' from command line to 'None'
[7.209s] Level 5:colcon.colcon_core.verb:set package 'rplidar_ros' build argument 'cmake_target' from command line to 'None'
[7.209s] Level 5:colcon.colcon_core.verb:set package 'rplidar_ros' build argument 'cmake_target_skip_unavailable' from command line to 'False'
[7.210s] Level 5:colcon.colcon_core.verb:set package 'rplidar_ros' build argument 'cmake_clean_cache' from command line to 'False'
[7.210s] Level 5:colcon.colcon_core.verb:set package 'rplidar_ros' build argument 'cmake_clean_first' from command line to 'False'
[7.210s] Level 5:colcon.colcon_core.verb:set package 'rplidar_ros' build argument 'cmake_force_configure' from command line to 'False'
[7.210s] Level 5:colcon.colcon_core.verb:set package 'rplidar_ros' build argument 'ament_cmake_args' from command line to 'None'
[7.210s] Level 5:colcon.colcon_core.verb:set package 'rplidar_ros' build argument 'catkin_cmake_args' from command line to 'None'
[7.210s] Level 5:colcon.colcon_core.verb:set package 'rplidar_ros' build argument 'catkin_skip_building_tests' from command line to 'False'
[7.210s] DEBUG:colcon.colcon_core.verb:Building package 'rplidar_ros' with the following arguments: {'ament_cmake_args': None, 'build_base': '/home/hussein/Documents/kal_ws/build/rplidar_ros', 'catkin_cmake_args': None, 'catkin_skip_building_tests': False, 'cmake_args': None, 'cmake_clean_cache': False, 'cmake_clean_first': False, 'cmake_force_configure': False, 'cmake_target': None, 'cmake_target_skip_unavailable': False, 'install_base': '/home/hussein/Documents/kal_ws/install/rplidar_ros', 'merge_install': False, 'path': '/home/hussein/Documents/kal_ws/src/rplidar_ros2', 'symlink_install': False, 'test_result_base': None}
[7.288s] Level 5:colcon.colcon_core.verb:set package 'serial' build argument 'cmake_args' from command line to 'None'
[7.289s] Level 5:colcon.colcon_core.verb:set package 'serial' build argument 'cmake_target' from command line to 'None'
[7.289s] Level 5:colcon.colcon_core.verb:set package 'serial' build argument 'cmake_target_skip_unavailable' from command line to 'False'
[7.289s] Level 5:colcon.colcon_core.verb:set package 'serial' build argument 'cmake_clean_cache' from command line to 'False'
[7.289s] Level 5:colcon.colcon_core.verb:set package 'serial' build argument 'cmake_clean_first' from command line to 'False'
[7.289s] Level 5:colcon.colcon_core.verb:set package 'serial' build argument 'cmake_force_configure' from command line to 'False'
[7.289s] Level 5:colcon.colcon_core.verb:set package 'serial' build argument 'ament_cmake_args' from command line to 'None'
[7.289s] Level 5:colcon.colcon_core.verb:set package 'serial' build argument 'catkin_cmake_args' from command line to 'None'
[7.289s] Level 5:colcon.colcon_core.verb:set package 'serial' build argument 'catkin_skip_building_tests' from command line to 'False'
[7.290s] DEBUG:colcon.colcon_core.verb:Building package 'serial' with the following arguments: {'ament_cmake_args': None, 'build_base': '/home/hussein/Documents/kal_ws/build/serial', 'catkin_cmake_args': None, 'catkin_skip_building_tests': False, 'cmake_args': None, 'cmake_clean_cache': False, 'cmake_clean_first': False, 'cmake_force_configure': False, 'cmake_target': None, 'cmake_target_skip_unavailable': False, 'install_base': '/home/hussein/Documents/kal_ws/install/serial', 'merge_install': False, 'path': '/home/hussein/Documents/kal_ws/src/serial', 'symlink_install': False, 'test_result_base': None}
[7.367s] INFO:colcon.colcon_core.executor:Executing jobs using 'parallel' executor
[7.447s] DEBUG:colcon.colcon_parallel_executor.executor.parallel:run_until_complete
[7.448s] INFO:colcon.colcon_ros.task.ament_cmake.build:Building ROS package in '/home/hussein/Documents/kal_ws/src/diffdrive_arduino' with build type 'ament_cmake'
[7.449s] INFO:colcon.colcon_cmake.task.cmake.build:Building CMake package in '/home/hussein/Documents/kal_ws/src/diffdrive_arduino'
[7.577s] INFO:colcon.colcon_core.plugin_system:Skipping extension 'colcon_core.shell.bat': Not used on non-Windows systems
[7.578s] INFO:colcon.colcon_core.shell:Skip shell extension 'powershell' for command environment: Not usable outside of PowerShell
[7.578s] DEBUG:colcon.colcon_core.shell:Skip shell extension 'dsv' for command environment
[7.932s] INFO:colcon.colcon_ros.task.ament_cmake.build:Building ROS package in '/home/hussein/Documents/kal_ws/src/kal_package' with build type 'ament_cmake'
[7.933s] INFO:colcon.colcon_cmake.task.cmake.build:Building CMake package in '/home/hussein/Documents/kal_ws/src/kal_package'
[8.046s] INFO:colcon.colcon_core.shell:Skip shell extension 'powershell' for command environment: Not usable outside of PowerShell
[8.046s] DEBUG:colcon.colcon_core.shell:Skip shell extension 'dsv' for command environment
[8.365s] INFO:colcon.colcon_ros.task.ament_cmake.build:Building ROS package in '/home/hussein/Documents/kal_ws/src/rplidar_ros2' with build type 'ament_cmake'
[8.366s] INFO:colcon.colcon_cmake.task.cmake.build:Building CMake package in '/home/hussein/Documents/kal_ws/src/rplidar_ros2'
[8.458s] INFO:colcon.colcon_core.shell:Skip shell extension 'powershell' for command environment: Not usable outside of PowerShell
[8.459s] DEBUG:colcon.colcon_core.shell:Skip shell extension 'dsv' for command environment
[8.763s] INFO:colcon.colcon_ros.task.ament_cmake.build:Building ROS package in '/home/hussein/Documents/kal_ws/src/serial' with build type 'ament_cmake'
[8.763s] INFO:colcon.colcon_cmake.task.cmake.build:Building CMake package in '/home/hussein/Documents/kal_ws/src/serial'
[8.875s] INFO:colcon.colcon_core.shell:Skip shell extension 'powershell' for command environment: Not usable outside of PowerShell
[8.875s] DEBUG:colcon.colcon_core.shell:Skip shell extension 'dsv' for command environment
[9.172s] DEBUG:colcon.colcon_core.event_handler.log_command:Invoking command in '/home/hussein/Documents/kal_ws/build/diffdrive_arduino': CMAKE_PREFIX_PATH=${CMAKE_PREFIX_PATH}:/home/hussein/Documents/kal_ws/install/serial_motor_demo:/opt/ros/humble /usr/bin/cmake --build /home/hussein/Documents/kal_ws/build/diffdrive_arduino -- -j4 -l4
[9.199s] DEBUG:colcon.colcon_core.event_handler.log_command:Invoking command in '/home/hussein/Documents/kal_ws/build/kal_package': CMAKE_PREFIX_PATH=${CMAKE_PREFIX_PATH}:/home/hussein/Documents/kal_ws/install/serial_motor_demo:/opt/ros/humble /usr/bin/cmake --build /home/hussein/Documents/kal_ws/build/kal_package -- -j4 -l4
[9.228s] DEBUG:colcon.colcon_core.event_handler.log_command:Invoking command in '/home/hussein/Documents/kal_ws/build/rplidar_ros': CMAKE_PREFIX_PATH=${CMAKE_PREFIX_PATH}:/home/hussein/Documents/kal_ws/install/serial_motor_demo:/opt/ros/humble /usr/bin/cmake --build /home/hussein/Documents/kal_ws/build/rplidar_ros -- -j4 -l4
[9.259s] DEBUG:colcon.colcon_core.event_handler.log_command:Invoking command in '/home/hussein/Documents/kal_ws/build/serial': CMAKE_PREFIX_PATH=${CMAKE_PREFIX_PATH}:/home/hussein/Documents/kal_ws/install/serial_motor_demo:/opt/ros/humble /usr/bin/cmake --build /home/hussein/Documents/kal_ws/build/serial -- -j4 -l4
[9.438s] DEBUG:colcon.colcon_core.event_handler.log_command:Invoked command in '/home/hussein/Documents/kal_ws/build/kal_package' returned '0': CMAKE_PREFIX_PATH=${CMAKE_PREFIX_PATH}:/home/hussein/Documents/kal_ws/install/serial_motor_demo:/opt/ros/humble /usr/bin/cmake --build /home/hussein/Documents/kal_ws/build/kal_package -- -j4 -l4
[9.673s] DEBUG:colcon.colcon_core.event_handler.log_command:Invoked command in '/home/hussein/Documents/kal_ws/build/diffdrive_arduino' returned '0': CMAKE_PREFIX_PATH=${CMAKE_PREFIX_PATH}:/home/hussein/Documents/kal_ws/install/serial_motor_demo:/opt/ros/humble /usr/bin/cmake --build /home/hussein/Documents/kal_ws/build/diffdrive_arduino -- -j4 -l4
[9.793s] DEBUG:colcon.colcon_core.event_handler.log_command:Invoking command in '/home/hussein/Documents/kal_ws/build/kal_package': CMAKE_PREFIX_PATH=${CMAKE_PREFIX_PATH}:/home/hussein/Documents/kal_ws/install/serial_motor_demo:/opt/ros/humble /usr/bin/cmake --install /home/hussein/Documents/kal_ws/build/kal_package
[9.896s] Level 1:colcon.colcon_core.environment:create_environment_scripts_only(kal_package)
[9.957s] DEBUG:colcon.colcon_core.event_handler.log_command:Invoked command in '/home/hussein/Documents/kal_ws/build/kal_package' returned '0': CMAKE_PREFIX_PATH=${CMAKE_PREFIX_PATH}:/home/hussein/Documents/kal_ws/install/serial_motor_demo:/opt/ros/humble /usr/bin/cmake --install /home/hussein/Documents/kal_ws/build/kal_package
[10.081s] Level 1:colcon.colcon_core.environment:checking '/home/hussein/Documents/kal_ws/install/kal_package' for CMake module files
[10.084s] Level 1:colcon.colcon_core.environment:checking '/home/hussein/Documents/kal_ws/install/kal_package' for CMake config files
[10.088s] Level 1:colcon.colcon_core.shell:create_environment_hook('kal_package', 'cmake_prefix_path')
[10.170s] INFO:colcon.colcon_core.shell:Creating environment hook '/home/hussein/Documents/kal_ws/install/kal_package/share/kal_package/hook/cmake_prefix_path.ps1'
[10.173s] INFO:colcon.colcon_core.shell:Creating environment descriptor '/home/hussein/Documents/kal_ws/install/kal_package/share/kal_package/hook/cmake_prefix_path.dsv'
[10.176s] INFO:colcon.colcon_core.shell:Creating environment hook '/home/hussein/Documents/kal_ws/install/kal_package/share/kal_package/hook/cmake_prefix_path.sh'
[10.180s] Level 1:colcon.colcon_core.environment:checking '/home/hussein/Documents/kal_ws/install/kal_package/bin'
[10.180s] Level 1:colcon.colcon_core.environment:checking '/home/hussein/Documents/kal_ws/install/kal_package/lib/pkgconfig/kal_package.pc'
[10.181s] Level 1:colcon.colcon_core.environment:checking '/home/hussein/Documents/kal_ws/install/kal_package/lib/python3.10/site-packages'
[10.182s] Level 1:colcon.colcon_core.environment:checking '/home/hussein/Documents/kal_ws/install/kal_package/bin'
[10.266s] INFO:colcon.colcon_core.shell:Creating package script '/home/hussein/Documents/kal_ws/install/kal_package/share/kal_package/package.ps1'
[10.270s] INFO:colcon.colcon_core.shell:Creating package descriptor '/home/hussein/Documents/kal_ws/install/kal_package/share/kal_package/package.dsv'
[10.273s] INFO:colcon.colcon_core.shell:Creating package script '/home/hussein/Documents/kal_ws/install/kal_package/share/kal_package/package.sh'
[10.277s] INFO:colcon.colcon_core.shell:Creating package script '/home/hussein/Documents/kal_ws/install/kal_package/share/kal_package/package.bash'
[10.281s] INFO:colcon.colcon_core.shell:Creating package script '/home/hussein/Documents/kal_ws/install/kal_package/share/kal_package/package.zsh'
[10.284s] Level 1:colcon.colcon_core.environment:create_file_with_runtime_dependencies(/home/hussein/Documents/kal_ws/install/kal_package/share/colcon-core/packages/kal_package)
[10.297s] DEBUG:colcon.colcon_core.event_handler.log_command:Invoked command in '/home/hussein/Documents/kal_ws/build/rplidar_ros' returned '0': CMAKE_PREFIX_PATH=${CMAKE_PREFIX_PATH}:/home/hussein/Documents/kal_ws/install/serial_motor_demo:/opt/ros/humble /usr/bin/cmake --build /home/hussein/Documents/kal_ws/build/rplidar_ros -- -j4 -l4
[10.313s] DEBUG:colcon.colcon_core.event_handler.log_command:Invoking command in '/home/hussein/Documents/kal_ws/build/diffdrive_arduino': CMAKE_PREFIX_PATH=${CMAKE_PREFIX_PATH}:/home/hussein/Documents/kal_ws/install/serial_motor_demo:/opt/ros/humble /usr/bin/cmake --install /home/hussein/Documents/kal_ws/build/diffdrive_arduino
[10.323s] DEBUG:colcon.colcon_core.event_handler.log_command:Invoked command in '/home/hussein/Documents/kal_ws/build/serial' returned '0': CMAKE_PREFIX_PATH=${CMAKE_PREFIX_PATH}:/home/hussein/Documents/kal_ws/install/serial_motor_demo:/opt/ros/humble /usr/bin/cmake --build /home/hussein/Documents/kal_ws/build/serial -- -j4 -l4
[10.402s] Level 1:colcon.colcon_core.environment:create_environment_scripts_only(diffdrive_arduino)
[10.436s] DEBUG:colcon.colcon_core.event_handler.log_command:Invoked command in '/home/hussein/Documents/kal_ws/build/diffdrive_arduino' returned '0': CMAKE_PREFIX_PATH=${CMAKE_PREFIX_PATH}:/home/hussein/Documents/kal_ws/install/serial_motor_demo:/opt/ros/humble /usr/bin/cmake --install /home/hussein/Documents/kal_ws/build/diffdrive_arduino
[10.543s] Level 1:colcon.colcon_core.environment:checking '/home/hussein/Documents/kal_ws/install/diffdrive_arduino' for CMake module files
[10.547s] Level 1:colcon.colcon_core.environment:checking '/home/hussein/Documents/kal_ws/install/diffdrive_arduino' for CMake config files
[10.551s] Level 1:colcon.colcon_core.shell:create_environment_hook('diffdrive_arduino', 'cmake_prefix_path')
[10.661s] INFO:colcon.colcon_core.shell:Creating environment hook '/home/hussein/Documents/kal_ws/install/diffdrive_arduino/share/diffdrive_arduino/hook/cmake_prefix_path.ps1'
[10.663s] INFO:colcon.colcon_core.shell:Creating environment descriptor '/home/hussein/Documents/kal_ws/install/diffdrive_arduino/share/diffdrive_arduino/hook/cmake_prefix_path.dsv'
[10.665s] INFO:colcon.colcon_core.shell:Creating environment hook '/home/hussein/Documents/kal_ws/install/diffdrive_arduino/share/diffdrive_arduino/hook/cmake_prefix_path.sh'
[10.668s] Level 1:colcon.colcon_core.environment:checking '/home/hussein/Documents/kal_ws/install/diffdrive_arduino/lib'
[10.669s] Level 1:colcon.colcon_core.shell:create_environment_hook('diffdrive_arduino', 'ld_library_path_lib')
[10.753s] INFO:colcon.colcon_core.shell:Creating environment hook '/home/hussein/Documents/kal_ws/install/diffdrive_arduino/share/diffdrive_arduino/hook/ld_library_path_lib.ps1'
[10.755s] INFO:colcon.colcon_core.shell:Creating environment descriptor '/home/hussein/Documents/kal_ws/install/diffdrive_arduino/share/diffdrive_arduino/hook/ld_library_path_lib.dsv'
[10.758s] INFO:colcon.colcon_core.shell:Creating environment hook '/home/hussein/Documents/kal_ws/install/diffdrive_arduino/share/diffdrive_arduino/hook/ld_library_path_lib.sh'
[10.760s] Level 1:colcon.colcon_core.environment:checking '/home/hussein/Documents/kal_ws/install/diffdrive_arduino/bin'
[10.760s] Level 1:colcon.colcon_core.environment:checking '/home/hussein/Documents/kal_ws/install/diffdrive_arduino/lib/pkgconfig/diffdrive_arduino.pc'
[10.762s] Level 1:colcon.colcon_core.environment:checking '/home/hussein/Documents/kal_ws/install/diffdrive_arduino/lib/python3.10/site-packages'
[10.763s] Level 1:colcon.colcon_core.environment:checking '/home/hussein/Documents/kal_ws/install/diffdrive_arduino/bin'
[10.849s] INFO:colcon.colcon_core.shell:Creating package script '/home/hussein/Documents/kal_ws/install/diffdrive_arduino/share/diffdrive_arduino/package.ps1'
[10.852s] INFO:colcon.colcon_core.shell:Creating package descriptor '/home/hussein/Documents/kal_ws/install/diffdrive_arduino/share/diffdrive_arduino/package.dsv'
[10.854s] INFO:colcon.colcon_core.shell:Creating package script '/home/hussein/Documents/kal_ws/install/diffdrive_arduino/share/diffdrive_arduino/package.sh'
[10.857s] INFO:colcon.colcon_core.shell:Creating package script '/home/hussein/Documents/kal_ws/install/diffdrive_arduino/share/diffdrive_arduino/package.bash'
[10.859s] INFO:colcon.colcon_core.shell:Creating package script '/home/hussein/Documents/kal_ws/install/diffdrive_arduino/share/diffdrive_arduino/package.zsh'
[10.861s] Level 1:colcon.colcon_core.environment:create_file_with_runtime_dependencies(/home/hussein/Documents/kal_ws/install/diffdrive_arduino/share/colcon-core/packages/diffdrive_arduino)
[10.881s] DEBUG:colcon.colcon_core.event_handler.log_command:Invoking command in '/home/hussein/Documents/kal_ws/build/serial': CMAKE_PREFIX_PATH=${CMAKE_PREFIX_PATH}:/home/hussein/Documents/kal_ws/install/serial_motor_demo:/opt/ros/humble /usr/bin/cmake --install /home/hussein/Documents/kal_ws/build/serial
[11.002s] Level 1:colcon.colcon_core.environment:create_environment_scripts_only(kal_package)
[11.095s] Level 1:colcon.colcon_core.environment:checking '/home/hussein/Documents/kal_ws/install/kal_package' for CMake module files
[11.101s] Level 1:colcon.colcon_core.environment:checking '/home/hussein/Documents/kal_ws/install/kal_package' for CMake config files
[11.103s] Level 1:colcon.colcon_core.shell:create_environment_hook('kal_package', 'cmake_prefix_path')
[11.187s] INFO:colcon.colcon_core.shell:Creating environment hook '/home/hussein/Documents/kal_ws/install/kal_package/share/kal_package/hook/cmake_prefix_path.ps1'
[11.189s] INFO:colcon.colcon_core.shell:Creating environment descriptor '/home/hussein/Documents/kal_ws/install/kal_package/share/kal_package/hook/cmake_prefix_path.dsv'
[11.191s] INFO:colcon.colcon_core.shell:Creating environment hook '/home/hussein/Documents/kal_ws/install/kal_package/share/kal_package/hook/cmake_prefix_path.sh'
[11.194s] Level 1:colcon.colcon_core.environment:checking '/home/hussein/Documents/kal_ws/install/kal_package/bin'
[11.195s] Level 1:colcon.colcon_core.environment:checking '/home/hussein/Documents/kal_ws/install/kal_package/lib/pkgconfig/kal_package.pc'
[11.196s] Level 1:colcon.colcon_core.environment:checking '/home/hussein/Documents/kal_ws/install/kal_package/lib/python3.10/site-packages'
[11.197s] Level 1:colcon.colcon_core.environment:checking '/home/hussein/Documents/kal_ws/install/kal_package/bin'
[11.281s] INFO:colcon.colcon_core.shell:Creating package script '/home/hussein/Documents/kal_ws/install/kal_package/share/kal_package/package.ps1'
[11.284s] INFO:colcon.colcon_core.shell:Creating package descriptor '/home/hussein/Documents/kal_ws/install/kal_package/share/kal_package/package.dsv'
[11.287s] INFO:colcon.colcon_core.shell:Creating package script '/home/hussein/Documents/kal_ws/install/kal_package/share/kal_package/package.sh'
[11.289s] INFO:colcon.colcon_core.shell:Creating package script '/home/hussein/Documents/kal_ws/install/kal_package/share/kal_package/package.bash'
[11.291s] INFO:colcon.colcon_core.shell:Creating package script '/home/hussein/Documents/kal_ws/install/kal_package/share/kal_package/package.zsh'
[11.294s] Level 1:colcon.colcon_core.environment:create_file_with_runtime_dependencies(/home/hussein/Documents/kal_ws/install/kal_package/share/colcon-core/packages/kal_package)
[11.311s] DEBUG:colcon.colcon_core.event_handler.log_command:Invoking command in '/home/hussein/Documents/kal_ws/build/rplidar_ros': CMAKE_PREFIX_PATH=${CMAKE_PREFIX_PATH}:/home/hussein/Documents/kal_ws/install/serial_motor_demo:/opt/ros/humble /usr/bin/cmake --install /home/hussein/Documents/kal_ws/build/rplidar_ros
[11.505s] Level 1:colcon.colcon_core.environment:create_environment_scripts_only(diffdrive_arduino)
[11.602s] Level 1:colcon.colcon_core.environment:checking '/home/hussein/Documents/kal_ws/install/diffdrive_arduino' for CMake module files
[11.606s] Level 1:colcon.colcon_core.environment:checking '/home/hussein/Documents/kal_ws/install/diffdrive_arduino' for CMake config files
[11.611s] Level 1:colcon.colcon_core.shell:create_environment_hook('diffdrive_arduino', 'cmake_prefix_path')
[11.705s] INFO:colcon.colcon_core.shell:Creating environment hook '/home/hussein/Documents/kal_ws/install/diffdrive_arduino/share/diffdrive_arduino/hook/cmake_prefix_path.ps1'
[11.712s] INFO:colcon.colcon_core.shell:Creating environment descriptor '/home/hussein/Documents/kal_ws/install/diffdrive_arduino/share/diffdrive_arduino/hook/cmake_prefix_path.dsv'
[11.716s] INFO:colcon.colcon_core.shell:Creating environment hook '/home/hussein/Documents/kal_ws/install/diffdrive_arduino/share/diffdrive_arduino/hook/cmake_prefix_path.sh'
[11.721s] Level 1:colcon.colcon_core.environment:checking '/home/hussein/Documents/kal_ws/install/diffdrive_arduino/lib'
[11.722s] Level 1:colcon.colcon_core.shell:create_environment_hook('diffdrive_arduino', 'ld_library_path_lib')
[11.810s] INFO:colcon.colcon_core.shell:Creating environment hook '/home/hussein/Documents/kal_ws/install/diffdrive_arduino/share/diffdrive_arduino/hook/ld_library_path_lib.ps1'
[11.816s] INFO:colcon.colcon_core.shell:Creating environment descriptor '/home/hussein/Documents/kal_ws/install/diffdrive_arduino/share/diffdrive_arduino/hook/ld_library_path_lib.dsv'
[11.818s] INFO:colcon.colcon_core.shell:Creating environment hook '/home/hussein/Documents/kal_ws/install/diffdrive_arduino/share/diffdrive_arduino/hook/ld_library_path_lib.sh'
[11.821s] Level 1:colcon.colcon_core.environment:checking '/home/hussein/Documents/kal_ws/install/diffdrive_arduino/bin'
[11.821s] Level 1:colcon.colcon_core.environment:checking '/home/hussein/Documents/kal_ws/install/diffdrive_arduino/lib/pkgconfig/diffdrive_arduino.pc'
[11.823s] Level 1:colcon.colcon_core.environment:checking '/home/hussein/Documents/kal_ws/install/diffdrive_arduino/lib/python3.10/site-packages'
[11.826s] Level 1:colcon.colcon_core.environment:checking '/home/hussein/Documents/kal_ws/install/diffdrive_arduino/bin'
[11.912s] INFO:colcon.colcon_core.shell:Creating package script '/home/hussein/Documents/kal_ws/install/diffdrive_arduino/share/diffdrive_arduino/package.ps1'
[11.916s] INFO:colcon.colcon_core.shell:Creating package descriptor '/home/hussein/Documents/kal_ws/install/diffdrive_arduino/share/diffdrive_arduino/package.dsv'
[11.919s] INFO:colcon.colcon_core.shell:Creating package script '/home/hussein/Documents/kal_ws/install/diffdrive_arduino/share/diffdrive_arduino/package.sh'
[11.922s] INFO:colcon.colcon_core.shell:Creating package script '/home/hussein/Documents/kal_ws/install/diffdrive_arduino/share/diffdrive_arduino/package.bash'
[11.924s] INFO:colcon.colcon_core.shell:Creating package script '/home/hussein/Documents/kal_ws/install/diffdrive_arduino/share/diffdrive_arduino/package.zsh'
[11.926s] Level 1:colcon.colcon_core.environment:create_file_with_runtime_dependencies(/home/hussein/Documents/kal_ws/install/diffdrive_arduino/share/colcon-core/packages/diffdrive_arduino)
[11.929s] Level 1:colcon.colcon_core.environment:create_environment_scripts_only(serial)
[11.934s] DEBUG:colcon.colcon_core.event_handler.log_command:Invoked command in '/home/hussein/Documents/kal_ws/build/serial' returned '0': CMAKE_PREFIX_PATH=${CMAKE_PREFIX_PATH}:/home/hussein/Documents/kal_ws/install/serial_motor_demo:/opt/ros/humble /usr/bin/cmake --install /home/hussein/Documents/kal_ws/build/serial
[12.020s] Level 1:colcon.colcon_core.environment:checking '/home/hussein/Documents/kal_ws/install/serial' for CMake module files
[12.023s] Level 1:colcon.colcon_core.environment:checking '/home/hussein/Documents/kal_ws/install/serial' for CMake config files
[12.025s] Level 1:colcon.colcon_core.shell:create_environment_hook('serial', 'cmake_prefix_path')
[12.129s] INFO:colcon.colcon_core.shell:Creating environment hook '/home/hussein/Documents/kal_ws/install/serial/share/serial/hook/cmake_prefix_path.ps1'
[12.132s] INFO:colcon.colcon_core.shell:Creating environment descriptor '/home/hussein/Documents/kal_ws/install/serial/share/serial/hook/cmake_prefix_path.dsv'
[12.134s] INFO:colcon.colcon_core.shell:Creating environment hook '/home/hussein/Documents/kal_ws/install/serial/share/serial/hook/cmake_prefix_path.sh'
[12.137s] Level 1:colcon.colcon_core.environment:checking '/home/hussein/Documents/kal_ws/install/serial/lib'
[12.138s] Level 1:colcon.colcon_core.environment:checking '/home/hussein/Documents/kal_ws/install/serial/bin'
[12.138s] Level 1:colcon.colcon_core.environment:checking '/home/hussein/Documents/kal_ws/install/serial/lib/pkgconfig/serial.pc'
[12.139s] Level 1:colcon.colcon_core.environment:checking '/home/hussein/Documents/kal_ws/install/serial/lib/python3.10/site-packages'
[12.140s] Level 1:colcon.colcon_core.environment:checking '/home/hussein/Documents/kal_ws/install/serial/bin'
[12.237s] INFO:colcon.colcon_core.shell:Creating package script '/home/hussein/Documents/kal_ws/install/serial/share/serial/package.ps1'
[12.239s] INFO:colcon.colcon_core.shell:Creating package descriptor '/home/hussein/Documents/kal_ws/install/serial/share/serial/package.dsv'
[12.242s] INFO:colcon.colcon_core.shell:Creating package script '/home/hussein/Documents/kal_ws/install/serial/share/serial/package.sh'
[12.244s] INFO:colcon.colcon_core.shell:Creating package script '/home/hussein/Documents/kal_ws/install/serial/share/serial/package.bash'
[12.246s] INFO:colcon.colcon_core.shell:Creating package script '/home/hussein/Documents/kal_ws/install/serial/share/serial/package.zsh'
[12.248s] Level 1:colcon.colcon_core.environment:create_file_with_runtime_dependencies(/home/hussein/Documents/kal_ws/install/serial/share/colcon-core/packages/serial)
[12.255s] Level 1:colcon.colcon_core.environment:create_environment_scripts_only(rplidar_ros)
[12.258s] DEBUG:colcon.colcon_core.event_handler.log_command:Invoked command in '/home/hussein/Documents/kal_ws/build/rplidar_ros' returned '0': CMAKE_PREFIX_PATH=${CMAKE_PREFIX_PATH}:/home/hussein/Documents/kal_ws/install/serial_motor_demo:/opt/ros/humble /usr/bin/cmake --install /home/hussein/Documents/kal_ws/build/rplidar_ros
[12.369s] Level 1:colcon.colcon_core.environment:checking '/home/hussein/Documents/kal_ws/install/rplidar_ros' for CMake module files
[12.373s] Level 1:colcon.colcon_core.environment:checking '/home/hussein/Documents/kal_ws/install/rplidar_ros' for CMake config files
[12.376s] Level 1:colcon.colcon_core.shell:create_environment_hook('rplidar_ros', 'cmake_prefix_path')
[12.473s] INFO:colcon.colcon_core.shell:Creating environment hook '/home/hussein/Documents/kal_ws/install/rplidar_ros/share/rplidar_ros/hook/cmake_prefix_path.ps1'
[12.476s] INFO:colcon.colcon_core.shell:Creating environment descriptor '/home/hussein/Documents/kal_ws/install/rplidar_ros/share/rplidar_ros/hook/cmake_prefix_path.dsv'
[12.478s] INFO:colcon.colcon_core.shell:Creating environment hook '/home/hussein/Documents/kal_ws/install/rplidar_ros/share/rplidar_ros/hook/cmake_prefix_path.sh'
[12.481s] Level 1:colcon.colcon_core.environment:checking '/home/hussein/Documents/kal_ws/install/rplidar_ros/lib'
[12.482s] Level 1:colcon.colcon_core.shell:create_environment_hook('rplidar_ros', 'ld_library_path_lib')
[12.573s] INFO:colcon.colcon_core.shell:Creating environment hook '/home/hussein/Documents/kal_ws/install/rplidar_ros/share/rplidar_ros/hook/ld_library_path_lib.ps1'
[12.575s] INFO:colcon.colcon_core.shell:Creating environment descriptor '/home/hussein/Documents/kal_ws/install/rplidar_ros/share/rplidar_ros/hook/ld_library_path_lib.dsv'
[12.577s] INFO:colcon.colcon_core.shell:Creating environment hook '/home/hussein/Documents/kal_ws/install/rplidar_ros/share/rplidar_ros/hook/ld_library_path_lib.sh'
[12.579s] Level 1:colcon.colcon_core.environment:checking '/home/hussein/Documents/kal_ws/install/rplidar_ros/bin'
[12.580s] Level 1:colcon.colcon_core.environment:checking '/home/hussein/Documents/kal_ws/install/rplidar_ros/lib/pkgconfig/rplidar_ros.pc'
[12.581s] Level 1:colcon.colcon_core.environment:checking '/home/hussein/Documents/kal_ws/install/rplidar_ros/lib/python3.10/site-packages'
[12.582s] Level 1:colcon.colcon_core.environment:checking '/home/hussein/Documents/kal_ws/install/rplidar_ros/bin'
[12.665s] INFO:colcon.colcon_core.shell:Creating package script '/home/hussein/Documents/kal_ws/install/rplidar_ros/share/rplidar_ros/package.ps1'
[12.669s] INFO:colcon.colcon_core.shell:Creating package descriptor '/home/hussein/Documents/kal_ws/install/rplidar_ros/share/rplidar_ros/package.dsv'
[12.672s] INFO:colcon.colcon_core.shell:Creating package script '/home/hussein/Documents/kal_ws/install/rplidar_ros/share/rplidar_ros/package.sh'
[12.674s] INFO:colcon.colcon_core.shell:Creating package script '/home/hussein/Documents/kal_ws/install/rplidar_ros/share/rplidar_ros/package.bash'
[12.676s] INFO:colcon.colcon_core.shell:Creating package script '/home/hussein/Documents/kal_ws/install/rplidar_ros/share/rplidar_ros/package.zsh'
[12.678s] Level 1:colcon.colcon_core.environment:create_file_with_runtime_dependencies(/home/hussein/Documents/kal_ws/install/rplidar_ros/share/colcon-core/packages/rplidar_ros)
[12.788s] Level 1:colcon.colcon_core.environment:create_environment_scripts_only(serial)
[12.885s] Level 1:colcon.colcon_core.environment:checking '/home/hussein/Documents/kal_ws/install/serial' for CMake module files
[12.888s] Level 1:colcon.colcon_core.environment:checking '/home/hussein/Documents/kal_ws/install/serial' for CMake config files
[12.891s] Level 1:colcon.colcon_core.shell:create_environment_hook('serial', 'cmake_prefix_path')
[12.992s] INFO:colcon.colcon_core.shell:Creating environment hook '/home/hussein/Documents/kal_ws/install/serial/share/serial/hook/cmake_prefix_path.ps1'
[12.995s] INFO:colcon.colcon_core.shell:Creating environment descriptor '/home/hussein/Documents/kal_ws/install/serial/share/serial/hook/cmake_prefix_path.dsv'
[12.996s] INFO:colcon.colcon_core.shell:Creating environment hook '/home/hussein/Documents/kal_ws/install/serial/share/serial/hook/cmake_prefix_path.sh'
[12.999s] Level 1:colcon.colcon_core.environment:checking '/home/hussein/Documents/kal_ws/install/serial/lib'
[13.000s] Level 1:colcon.colcon_core.environment:checking '/home/hussein/Documents/kal_ws/install/serial/bin'
[13.000s] Level 1:colcon.colcon_core.environment:checking '/home/hussein/Documents/kal_ws/install/serial/lib/pkgconfig/serial.pc'
[13.001s] Level 1:colcon.colcon_core.environment:checking '/home/hussein/Documents/kal_ws/install/serial/lib/python3.10/site-packages'
[13.002s] Level 1:colcon.colcon_core.environment:checking '/home/hussein/Documents/kal_ws/install/serial/bin'
[13.086s] INFO:colcon.colcon_core.shell:Creating package script '/home/hussein/Documents/kal_ws/install/serial/share/serial/package.ps1'
[13.089s] INFO:colcon.colcon_core.shell:Creating package descriptor '/home/hussein/Documents/kal_ws/install/serial/share/serial/package.dsv'
[13.092s] INFO:colcon.colcon_core.shell:Creating package script '/home/hussein/Documents/kal_ws/install/serial/share/serial/package.sh'
[13.094s] INFO:colcon.colcon_core.shell:Creating package script '/home/hussein/Documents/kal_ws/install/serial/share/serial/package.bash'
[13.096s] INFO:colcon.colcon_core.shell:Creating package script '/home/hussein/Documents/kal_ws/install/serial/share/serial/package.zsh'
[13.098s] Level 1:colcon.colcon_core.environment:create_file_with_runtime_dependencies(/home/hussein/Documents/kal_ws/install/serial/share/colcon-core/packages/serial)
[13.213s] Level 1:colcon.colcon_core.environment:create_environment_scripts_only(rplidar_ros)
[13.303s] Level 1:colcon.colcon_core.environment:checking '/home/hussein/Documents/kal_ws/install/rplidar_ros' for CMake module files
[13.306s] Level 1:colcon.colcon_core.environment:checking '/home/hussein/Documents/kal_ws/install/rplidar_ros' for CMake config files
[13.310s] Level 1:colcon.colcon_core.shell:create_environment_hook('rplidar_ros', 'cmake_prefix_path')
[13.398s] INFO:colcon.colcon_core.shell:Creating environment hook '/home/hussein/Documents/kal_ws/install/rplidar_ros/share/rplidar_ros/hook/cmake_prefix_path.ps1'
[13.401s] INFO:colcon.colcon_core.shell:Creating environment descriptor '/home/hussein/Documents/kal_ws/install/rplidar_ros/share/rplidar_ros/hook/cmake_prefix_path.dsv'
[13.403s] INFO:colcon.colcon_core.shell:Creating environment hook '/home/hussein/Documents/kal_ws/install/rplidar_ros/share/rplidar_ros/hook/cmake_prefix_path.sh'
[13.405s] Level 1:colcon.colcon_core.environment:checking '/home/hussein/Documents/kal_ws/install/rplidar_ros/lib'
[13.406s] Level 1:colcon.colcon_core.shell:create_environment_hook('rplidar_ros', 'ld_library_path_lib')
[13.491s] INFO:colcon.colcon_core.shell:Creating environment hook '/home/hussein/Documents/kal_ws/install/rplidar_ros/share/rplidar_ros/hook/ld_library_path_lib.ps1'
[13.493s] INFO:colcon.colcon_core.shell:Creating environment descriptor '/home/hussein/Documents/kal_ws/install/rplidar_ros/share/rplidar_ros/hook/ld_library_path_lib.dsv'
[13.495s] INFO:colcon.colcon_core.shell:Creating environment hook '/home/hussein/Documents/kal_ws/install/rplidar_ros/share/rplidar_ros/hook/ld_library_path_lib.sh'
[13.498s] Level 1:colcon.colcon_core.environment:checking '/home/hussein/Documents/kal_ws/install/rplidar_ros/bin'
[13.498s] Level 1:colcon.colcon_core.environment:checking '/home/hussein/Documents/kal_ws/install/rplidar_ros/lib/pkgconfig/rplidar_ros.pc'
[13.500s] Level 1:colcon.colcon_core.environment:checking '/home/hussein/Documents/kal_ws/install/rplidar_ros/lib/python3.10/site-packages'
[13.502s] Level 1:colcon.colcon_core.environment:checking '/home/hussein/Documents/kal_ws/install/rplidar_ros/bin'
[13.630s] INFO:colcon.colcon_core.shell:Creating package script '/home/hussein/Documents/kal_ws/install/rplidar_ros/share/rplidar_ros/package.ps1'
[13.633s] INFO:colcon.colcon_core.shell:Creating package descriptor '/home/hussein/Documents/kal_ws/install/rplidar_ros/share/rplidar_ros/package.dsv'
[13.635s] INFO:colcon.colcon_core.shell:Creating package script '/home/hussein/Documents/kal_ws/install/rplidar_ros/share/rplidar_ros/package.sh'
[13.638s] INFO:colcon.colcon_core.shell:Creating package script '/home/hussein/Documents/kal_ws/install/rplidar_ros/share/rplidar_ros/package.bash'
[13.641s] INFO:colcon.colcon_core.shell:Creating package script '/home/hussein/Documents/kal_ws/install/rplidar_ros/share/rplidar_ros/package.zsh'
[13.643s] Level 1:colcon.colcon_core.environment:create_file_with_runtime_dependencies(/home/hussein/Documents/kal_ws/install/rplidar_ros/share/colcon-core/packages/rplidar_ros)
[13.644s] DEBUG:colcon.colcon_parallel_executor.executor.parallel:closing loop
[13.646s] DEBUG:colcon.colcon_parallel_executor.executor.parallel:loop closed
[13.646s] DEBUG:colcon.colcon_parallel_executor.executor.parallel:run_until_complete finished with '0'
[13.647s] DEBUG:colcon.colcon_core.event_reactor:joining thread
[13.786s] INFO:colcon.colcon_core.plugin_system:Skipping extension 'colcon_notification.desktop_notification.terminal_notifier': Not used on non-Darwin systems
[13.787s] INFO:colcon.colcon_core.plugin_system:Skipping extension 'colcon_notification.desktop_notification.win32': Not used on non-Windows systems
[13.787s] INFO:colcon.colcon_notification.desktop_notification:Sending desktop notification using 'notify2'
[13.857s] DEBUG:colcon.colcon_core.event_reactor:joined thread
[13.964s] INFO:colcon.colcon_core.shell:Creating prefix script '/home/hussein/Documents/kal_ws/install/local_setup.ps1'
[13.971s] INFO:colcon.colcon_core.shell:Creating prefix util module '/home/hussein/Documents/kal_ws/install/_local_setup_util_ps1.py'
[13.979s] INFO:colcon.colcon_core.shell:Creating prefix chain script '/home/hussein/Documents/kal_ws/install/setup.ps1'
[14.081s] INFO:colcon.colcon_core.shell:Creating prefix script '/home/hussein/Documents/kal_ws/install/local_setup.sh'
[14.087s] INFO:colcon.colcon_core.shell:Creating prefix util module '/home/hussein/Documents/kal_ws/install/_local_setup_util_sh.py'
[14.091s] INFO:colcon.colcon_core.shell:Creating prefix chain script '/home/hussein/Documents/kal_ws/install/setup.sh'
[14.197s] INFO:colcon.colcon_core.shell:Creating prefix script '/home/hussein/Documents/kal_ws/install/local_setup.bash'
[14.200s] INFO:colcon.colcon_core.shell:Creating prefix chain script '/home/hussein/Documents/kal_ws/install/setup.bash'
[14.285s] INFO:colcon.colcon_core.shell:Creating prefix script '/home/hussein/Documents/kal_ws/install/local_setup.zsh'
[14.288s] INFO:colcon.colcon_core.shell:Creating prefix chain script '/home/hussein/Documents/kal_ws/install/setup.zsh'
