[0.057s] Invoking command in '/home/hussein/Documents/kal_ws/build/rplidar_ros': CMAKE_PREFIX_PATH=${CMAKE_PREFIX_PATH}:/opt/ros/humble /usr/bin/cmake --build /home/hussein/Documents/kal_ws/build/rplidar_ros -- -j12 -l12
[0.064s] gmake: Warning: File 'Makefile' has modification time 7019 s in the future
[0.080s] gmake[1]: Warning: File 'CMakeFiles/Makefile2' has modification time 7019 s in the future
[0.081s] gmake[2]: Warning: File 'CMakeFiles/rplidar_composition_node.dir/flags.make' has modification time 7019 s in the future
[0.088s] [35m[1mConsolidate compiler generated dependencies of target rplidar_composition_node[0m
[0.095s] gmake[2]: warning:  Clock skew detected.  Your build may be incomplete.
[0.098s] gmake[2]: Warning: File 'CMakeFiles/rplidar_composition_node.dir/flags.make' has modification time 7019 s in the future
[0.099s] gmake[2]: warning:  Clock skew detected.  Your build may be incomplete.
[0.104s] [ 77%] Built target rplidar_composition_node
[0.106s] gmake[2]: Warning: File 'CMakeFiles/rplidar_composition.dir/flags.make' has modification time 7019 s in the future
[0.115s] [35m[1mConsolidate compiler generated dependencies of target rplidar_composition[0m
[0.117s] gmake[2]: warning:  Clock skew detected.  Your build may be incomplete.
[0.120s] gmake[2]: Warning: File 'CMakeFiles/rplidar_composition.dir/flags.make' has modification time 7019 s in the future
[0.121s] gmake[2]: warning:  Clock skew detected.  Your build may be incomplete.
[0.126s] [100%] Built target rplidar_composition
[0.126s] gmake[1]: warning:  Clock skew detected.  Your build may be incomplete.
[0.132s] gmake: warning:  Clock skew detected.  Your build may be incomplete.
[0.159s] Invoked command in '/home/hussein/Documents/kal_ws/build/rplidar_ros' returned '0': CMAKE_PREFIX_PATH=${CMAKE_PREFIX_PATH}:/opt/ros/humble /usr/bin/cmake --build /home/hussein/Documents/kal_ws/build/rplidar_ros -- -j12 -l12
[0.225s] Invoking command in '/home/hussein/Documents/kal_ws/build/rplidar_ros': CMAKE_PREFIX_PATH=${CMAKE_PREFIX_PATH}:/opt/ros/humble /usr/bin/cmake --install /home/hussein/Documents/kal_ws/build/rplidar_ros
[0.230s] -- Install configuration: ""
[0.230s] -- Up-to-date: /home/hussein/Documents/kal_ws/install/rplidar_ros/lib/rplidar_ros/rplidar_composition
[0.231s] -- Up-to-date: /home/hussein/Documents/kal_ws/install/rplidar_ros/share/rplidar_ros/launch
[0.231s] -- Installing: /home/hussein/Documents/kal_ws/install/rplidar_ros/share/rplidar_ros/launch/view_rplidar_s1.launch.py
[0.231s] -- Installing: /home/hussein/Documents/kal_ws/install/rplidar_ros/share/rplidar_ros/launch/rplidar_s1.launch.py
[0.231s] -- Installing: /home/hussein/Documents/kal_ws/install/rplidar_ros/share/rplidar_ros/launch/test_rplidar_a3.launch.py
[0.231s] -- Installing: /home/hussein/Documents/kal_ws/install/rplidar_ros/share/rplidar_ros/launch/view_rplidar.launch.py
[0.231s] -- Installing: /home/hussein/Documents/kal_ws/install/rplidar_ros/share/rplidar_ros/launch/rplidar_a3.launch.py
[0.231s] -- Installing: /home/hussein/Documents/kal_ws/install/rplidar_ros/share/rplidar_ros/launch/view_rplidar_s1_tcp.launch.py
[0.231s] -- Installing: /home/hussein/Documents/kal_ws/install/rplidar_ros/share/rplidar_ros/launch/view_rplidar_a3.launch.py
[0.232s] -- Installing: /home/hussein/Documents/kal_ws/install/rplidar_ros/share/rplidar_ros/launch/rplidar_s1_tcp.launch.py
[0.232s] -- Installing: /home/hussein/Documents/kal_ws/install/rplidar_ros/share/rplidar_ros/launch/rplidar.launch.py
[0.232s] -- Up-to-date: /home/hussein/Documents/kal_ws/install/rplidar_ros/share/rplidar_ros/rviz
[0.232s] -- Installing: /home/hussein/Documents/kal_ws/install/rplidar_ros/share/rplidar_ros/rviz/rplidar.rviz
[0.232s] -- Up-to-date: /home/hussein/Documents/kal_ws/install/rplidar_ros/lib/librplidar_composition_node.so
[0.232s] -- Up-to-date: /home/hussein/Documents/kal_ws/install/rplidar_ros/include
[0.232s] -- Installing: /home/hussein/Documents/kal_ws/install/rplidar_ros/include/visibility.h
[0.232s] -- Installing: /home/hussein/Documents/kal_ws/install/rplidar_ros/include/rplidar_node.hpp
[0.232s] -- Up-to-date: /home/hussein/Documents/kal_ws/install/rplidar_ros/lib/rplidar_ros/rplidar_composition
[0.232s] -- Up-to-date: /home/hussein/Documents/kal_ws/install/rplidar_ros/share/ament_index/resource_index/package_run_dependencies/rplidar_ros
[0.232s] -- Up-to-date: /home/hussein/Documents/kal_ws/install/rplidar_ros/share/ament_index/resource_index/parent_prefix_path/rplidar_ros
[0.232s] -- Up-to-date: /home/hussein/Documents/kal_ws/install/rplidar_ros/share/rplidar_ros/environment/ament_prefix_path.sh
[0.233s] -- Up-to-date: /home/hussein/Documents/kal_ws/install/rplidar_ros/share/rplidar_ros/environment/ament_prefix_path.dsv
[0.233s] -- Up-to-date: /home/hussein/Documents/kal_ws/install/rplidar_ros/share/rplidar_ros/environment/path.sh
[0.233s] -- Up-to-date: /home/hussein/Documents/kal_ws/install/rplidar_ros/share/rplidar_ros/environment/path.dsv
[0.233s] -- Up-to-date: /home/hussein/Documents/kal_ws/install/rplidar_ros/share/rplidar_ros/local_setup.bash
[0.233s] -- Up-to-date: /home/hussein/Documents/kal_ws/install/rplidar_ros/share/rplidar_ros/local_setup.sh
[0.233s] -- Up-to-date: /home/hussein/Documents/kal_ws/install/rplidar_ros/share/rplidar_ros/local_setup.zsh
[0.233s] -- Up-to-date: /home/hussein/Documents/kal_ws/install/rplidar_ros/share/rplidar_ros/local_setup.dsv
[0.233s] -- Installing: /home/hussein/Documents/kal_ws/install/rplidar_ros/share/rplidar_ros/package.dsv
[0.233s] -- Up-to-date: /home/hussein/Documents/kal_ws/install/rplidar_ros/share/ament_index/resource_index/packages/rplidar_ros
[0.233s] -- Up-to-date: /home/hussein/Documents/kal_ws/install/rplidar_ros/share/ament_index/resource_index/rclcpp_components/rplidar_ros
[0.233s] -- Up-to-date: /home/hussein/Documents/kal_ws/install/rplidar_ros/share/rplidar_ros/cmake/ament_cmake_export_dependencies-extras.cmake
[0.233s] -- Up-to-date: /home/hussein/Documents/kal_ws/install/rplidar_ros/share/rplidar_ros/cmake/ament_cmake_export_include_directories-extras.cmake
[0.233s] -- Up-to-date: /home/hussein/Documents/kal_ws/install/rplidar_ros/share/rplidar_ros/cmake/rplidar_rosConfig.cmake
[0.233s] -- Up-to-date: /home/hussein/Documents/kal_ws/install/rplidar_ros/share/rplidar_ros/cmake/rplidar_rosConfig-version.cmake
[0.233s] -- Installing: /home/hussein/Documents/kal_ws/install/rplidar_ros/share/rplidar_ros/package.xml
[0.234s] Invoked command in '/home/hussein/Documents/kal_ws/build/rplidar_ros' returned '0': CMAKE_PREFIX_PATH=${CMAKE_PREFIX_PATH}:/opt/ros/humble /usr/bin/cmake --install /home/hussein/Documents/kal_ws/build/rplidar_ros
