[6.617s] DEBUG:colcon:Command line arguments: ['/usr/bin/colcon', 'build']
[6.617s] DEBUG:colcon:Parsed command line arguments: Namespace(log_base=None, log_level=None, verb_name='build', build_base='build', install_base='install', merge_install=False, symlink_install=False, test_result_base=None, continue_on_error=False, executor='parallel', parallel_workers=4, event_handlers=None, ignore_user_meta=False, metas=['./colcon.meta'], base_paths=['.'], packages_ignore=None, packages_ignore_regex=None, paths=None, packages_up_to=None, packages_up_to_regex=None, packages_above=None, packages_above_and_dependencies=None, packages_above_depth=None, packages_select_by_dep=None, packages_skip_by_dep=None, packages_skip_up_to=None, packages_select_build_failed=False, packages_skip_build_finished=False, packages_select_test_failures=False, packages_skip_test_passed=False, packages_select=None, packages_skip=None, packages_select_regex=None, packages_skip_regex=None, packages_start=None, packages_end=None, allow_overriding=[], cmake_args=None, cmake_target=None, cmake_target_skip_unavailable=False, cmake_clean_cache=False, cmake_clean_first=False, cmake_force_configure=False, ament_cmake_args=None, catkin_cmake_args=None, catkin_skip_building_tests=False, verb_parser=<colcon_defaults.argument_parser.defaults.DefaultArgumentsDecorator object at 0xffff9162a830>, verb_extension=<colcon_core.verb.build.BuildVerb object at 0xffff918f1a50>, main=<bound method BuildVerb.main of <colcon_core.verb.build.BuildVerb object at 0xffff918f1a50>>)
[7.007s] Level 1:colcon.colcon_core.package_discovery:discover_packages(colcon_meta) check parameters
[7.007s] Level 1:colcon.colcon_core.package_discovery:discover_packages(recursive) check parameters
[7.008s] Level 1:colcon.colcon_core.package_discovery:discover_packages(ignore) check parameters
[7.008s] Level 1:colcon.colcon_core.package_discovery:discover_packages(path) check parameters
[7.008s] Level 1:colcon.colcon_core.package_discovery:discover_packages(colcon_meta) discover
[7.008s] Level 1:colcon.colcon_core.package_discovery:discover_packages(recursive) discover
[7.008s] INFO:colcon.colcon_core.package_discovery:Crawling recursively for packages in '/home/hussein/Documents/robotWs'
[7.009s] Level 1:colcon.colcon_core.package_identification:_identify(.) by extensions ['ignore', 'ignore_ament_install']
[7.009s] Level 1:colcon.colcon_core.package_identification:_identify(.) by extension 'ignore'
[7.010s] Level 1:colcon.colcon_core.package_identification:_identify(.) by extension 'ignore_ament_install'
[7.010s] Level 1:colcon.colcon_core.package_identification:_identify(.) by extensions ['colcon_pkg']
[7.010s] Level 1:colcon.colcon_core.package_identification:_identify(.) by extension 'colcon_pkg'
[7.010s] Level 1:colcon.colcon_core.package_identification:_identify(.) by extensions ['colcon_meta']
[7.010s] Level 1:colcon.colcon_core.package_identification:_identify(.) by extension 'colcon_meta'
[7.011s] Level 1:colcon.colcon_core.package_identification:_identify(.) by extensions ['ros']
[7.011s] Level 1:colcon.colcon_core.package_identification:_identify(.) by extension 'ros'
[7.066s] Level 1:colcon.colcon_core.package_identification:_identify(.) by extensions ['cmake', 'python']
[7.066s] Level 1:colcon.colcon_core.package_identification:_identify(.) by extension 'cmake'
[7.067s] Level 1:colcon.colcon_core.package_identification:_identify(.) by extension 'python'
[7.067s] Level 1:colcon.colcon_core.package_identification:_identify(.) by extensions ['python_setup_py']
[7.067s] Level 1:colcon.colcon_core.package_identification:_identify(.) by extension 'python_setup_py'
[7.068s] Level 1:colcon.colcon_core.package_identification:_identify(build) by extensions ['ignore', 'ignore_ament_install']
[7.068s] Level 1:colcon.colcon_core.package_identification:_identify(build) by extension 'ignore'
[7.068s] Level 1:colcon.colcon_core.package_identification:_identify(build) ignored
[7.069s] Level 1:colcon.colcon_core.package_identification:_identify(install) by extensions ['ignore', 'ignore_ament_install']
[7.069s] Level 1:colcon.colcon_core.package_identification:_identify(install) by extension 'ignore'
[7.070s] Level 1:colcon.colcon_core.package_identification:_identify(install) ignored
[7.071s] Level 1:colcon.colcon_core.package_identification:_identify(log) by extensions ['ignore', 'ignore_ament_install']
[7.072s] Level 1:colcon.colcon_core.package_identification:_identify(log) by extension 'ignore'
[7.072s] Level 1:colcon.colcon_core.package_identification:_identify(log) ignored
[7.072s] Level 1:colcon.colcon_core.package_identification:_identify(src) by extensions ['ignore', 'ignore_ament_install']
[7.073s] Level 1:colcon.colcon_core.package_identification:_identify(src) by extension 'ignore'
[7.073s] Level 1:colcon.colcon_core.package_identification:_identify(src) by extension 'ignore_ament_install'
[7.073s] Level 1:colcon.colcon_core.package_identification:_identify(src) by extensions ['colcon_pkg']
[7.073s] Level 1:colcon.colcon_core.package_identification:_identify(src) by extension 'colcon_pkg'
[7.074s] Level 1:colcon.colcon_core.package_identification:_identify(src) by extensions ['colcon_meta']
[7.074s] Level 1:colcon.colcon_core.package_identification:_identify(src) by extension 'colcon_meta'
[7.074s] Level 1:colcon.colcon_core.package_identification:_identify(src) by extensions ['ros']
[7.074s] Level 1:colcon.colcon_core.package_identification:_identify(src) by extension 'ros'
[7.075s] Level 1:colcon.colcon_core.package_identification:_identify(src) by extensions ['cmake', 'python']
[7.075s] Level 1:colcon.colcon_core.package_identification:_identify(src) by extension 'cmake'
[7.075s] Level 1:colcon.colcon_core.package_identification:_identify(src) by extension 'python'
[7.075s] Level 1:colcon.colcon_core.package_identification:_identify(src) by extensions ['python_setup_py']
[7.075s] Level 1:colcon.colcon_core.package_identification:_identify(src) by extension 'python_setup_py'
[7.076s] Level 1:colcon.colcon_core.package_identification:_identify(src/diffdrive_arduino) by extensions ['ignore', 'ignore_ament_install']
[7.076s] Level 1:colcon.colcon_core.package_identification:_identify(src/diffdrive_arduino) by extension 'ignore'
[7.076s] Level 1:colcon.colcon_core.package_identification:_identify(src/diffdrive_arduino) by extension 'ignore_ament_install'
[7.077s] Level 1:colcon.colcon_core.package_identification:_identify(src/diffdrive_arduino) by extensions ['colcon_pkg']
[7.077s] Level 1:colcon.colcon_core.package_identification:_identify(src/diffdrive_arduino) by extension 'colcon_pkg'
[7.077s] Level 1:colcon.colcon_core.package_identification:_identify(src/diffdrive_arduino) by extensions ['colcon_meta']
[7.077s] Level 1:colcon.colcon_core.package_identification:_identify(src/diffdrive_arduino) by extension 'colcon_meta'
[7.077s] Level 1:colcon.colcon_core.package_identification:_identify(src/diffdrive_arduino) by extensions ['ros']
[7.078s] Level 1:colcon.colcon_core.package_identification:_identify(src/diffdrive_arduino) by extension 'ros'
[7.094s] DEBUG:colcon.colcon_core.package_identification:Package 'src/diffdrive_arduino' with type 'ros.ament_cmake' and name 'diffdrive_arduino'
[7.095s] Level 1:colcon.colcon_core.package_identification:_identify(src/kal_package) by extensions ['ignore', 'ignore_ament_install']
[7.096s] Level 1:colcon.colcon_core.package_identification:_identify(src/kal_package) by extension 'ignore'
[7.096s] Level 1:colcon.colcon_core.package_identification:_identify(src/kal_package) by extension 'ignore_ament_install'
[7.096s] Level 1:colcon.colcon_core.package_identification:_identify(src/kal_package) by extensions ['colcon_pkg']
[7.096s] Level 1:colcon.colcon_core.package_identification:_identify(src/kal_package) by extension 'colcon_pkg'
[7.097s] Level 1:colcon.colcon_core.package_identification:_identify(src/kal_package) by extensions ['colcon_meta']
[7.097s] Level 1:colcon.colcon_core.package_identification:_identify(src/kal_package) by extension 'colcon_meta'
[7.097s] Level 1:colcon.colcon_core.package_identification:_identify(src/kal_package) by extensions ['ros']
[7.097s] Level 1:colcon.colcon_core.package_identification:_identify(src/kal_package) by extension 'ros'
[7.100s] DEBUG:colcon.colcon_core.package_identification:Package 'src/kal_package' with type 'ros.ament_cmake' and name 'kal_package'
[7.101s] Level 1:colcon.colcon_core.package_identification:_identify(src/rplidar_ros2) by extensions ['ignore', 'ignore_ament_install']
[7.101s] Level 1:colcon.colcon_core.package_identification:_identify(src/rplidar_ros2) by extension 'ignore'
[7.101s] Level 1:colcon.colcon_core.package_identification:_identify(src/rplidar_ros2) by extension 'ignore_ament_install'
[7.102s] Level 1:colcon.colcon_core.package_identification:_identify(src/rplidar_ros2) by extensions ['colcon_pkg']
[7.102s] Level 1:colcon.colcon_core.package_identification:_identify(src/rplidar_ros2) by extension 'colcon_pkg'
[7.102s] Level 1:colcon.colcon_core.package_identification:_identify(src/rplidar_ros2) by extensions ['colcon_meta']
[7.102s] Level 1:colcon.colcon_core.package_identification:_identify(src/rplidar_ros2) by extension 'colcon_meta'
[7.103s] Level 1:colcon.colcon_core.package_identification:_identify(src/rplidar_ros2) by extensions ['ros']
[7.103s] Level 1:colcon.colcon_core.package_identification:_identify(src/rplidar_ros2) by extension 'ros'
[7.105s] DEBUG:colcon.colcon_core.package_identification:Package 'src/rplidar_ros2' with type 'ros.ament_cmake' and name 'rplidar_ros'
[7.106s] Level 1:colcon.colcon_core.package_identification:_identify(src/serial) by extensions ['ignore', 'ignore_ament_install']
[7.107s] Level 1:colcon.colcon_core.package_identification:_identify(src/serial) by extension 'ignore'
[7.107s] Level 1:colcon.colcon_core.package_identification:_identify(src/serial) by extension 'ignore_ament_install'
[7.108s] Level 1:colcon.colcon_core.package_identification:_identify(src/serial) by extensions ['colcon_pkg']
[7.108s] Level 1:colcon.colcon_core.package_identification:_identify(src/serial) by extension 'colcon_pkg'
[7.108s] Level 1:colcon.colcon_core.package_identification:_identify(src/serial) by extensions ['colcon_meta']
[7.108s] Level 1:colcon.colcon_core.package_identification:_identify(src/serial) by extension 'colcon_meta'
[7.108s] Level 1:colcon.colcon_core.package_identification:_identify(src/serial) by extensions ['ros']
[7.109s] Level 1:colcon.colcon_core.package_identification:_identify(src/serial) by extension 'ros'
[7.111s] DEBUG:colcon.colcon_core.package_identification:Package 'src/serial' with type 'ros.ament_cmake' and name 'serial'
[7.112s] Level 1:colcon.colcon_core.package_identification:_identify(src/serial_motor_demo) by extensions ['ignore', 'ignore_ament_install']
[7.112s] Level 1:colcon.colcon_core.package_identification:_identify(src/serial_motor_demo) by extension 'ignore'
[7.112s] Level 1:colcon.colcon_core.package_identification:_identify(src/serial_motor_demo) by extension 'ignore_ament_install'
[7.113s] Level 1:colcon.colcon_core.package_identification:_identify(src/serial_motor_demo) by extensions ['colcon_pkg']
[7.113s] Level 1:colcon.colcon_core.package_identification:_identify(src/serial_motor_demo) by extension 'colcon_pkg'
[7.113s] Level 1:colcon.colcon_core.package_identification:_identify(src/serial_motor_demo) by extensions ['colcon_meta']
[7.113s] Level 1:colcon.colcon_core.package_identification:_identify(src/serial_motor_demo) by extension 'colcon_meta'
[7.113s] Level 1:colcon.colcon_core.package_identification:_identify(src/serial_motor_demo) by extensions ['ros']
[7.114s] Level 1:colcon.colcon_core.package_identification:_identify(src/serial_motor_demo) by extension 'ros'
[7.114s] Level 1:colcon.colcon_core.package_identification:_identify(src/serial_motor_demo) by extensions ['cmake', 'python']
[7.114s] Level 1:colcon.colcon_core.package_identification:_identify(src/serial_motor_demo) by extension 'cmake'
[7.114s] Level 1:colcon.colcon_core.package_identification:_identify(src/serial_motor_demo) by extension 'python'
[7.115s] Level 1:colcon.colcon_core.package_identification:_identify(src/serial_motor_demo) by extensions ['python_setup_py']
[7.115s] Level 1:colcon.colcon_core.package_identification:_identify(src/serial_motor_demo) by extension 'python_setup_py'
[7.115s] Level 1:colcon.colcon_core.package_identification:_identify(src/serial_motor_demo/serial_motor_demo) by extensions ['ignore', 'ignore_ament_install']
[7.116s] Level 1:colcon.colcon_core.package_identification:_identify(src/serial_motor_demo/serial_motor_demo) by extension 'ignore'
[7.116s] Level 1:colcon.colcon_core.package_identification:_identify(src/serial_motor_demo/serial_motor_demo) by extension 'ignore_ament_install'
[7.116s] Level 1:colcon.colcon_core.package_identification:_identify(src/serial_motor_demo/serial_motor_demo) by extensions ['colcon_pkg']
[7.117s] Level 1:colcon.colcon_core.package_identification:_identify(src/serial_motor_demo/serial_motor_demo) by extension 'colcon_pkg'
[7.117s] Level 1:colcon.colcon_core.package_identification:_identify(src/serial_motor_demo/serial_motor_demo) by extensions ['colcon_meta']
[7.117s] Level 1:colcon.colcon_core.package_identification:_identify(src/serial_motor_demo/serial_motor_demo) by extension 'colcon_meta'
[7.117s] Level 1:colcon.colcon_core.package_identification:_identify(src/serial_motor_demo/serial_motor_demo) by extensions ['ros']
[7.117s] Level 1:colcon.colcon_core.package_identification:_identify(src/serial_motor_demo/serial_motor_demo) by extension 'ros'
[7.124s] DEBUG:colcon.colcon_core.package_identification:Package 'src/serial_motor_demo/serial_motor_demo' with type 'ros.ament_python' and name 'serial_motor_demo'
[7.125s] Level 1:colcon.colcon_core.package_identification:_identify(src/serial_motor_demo/serial_motor_demo_msgs) by extensions ['ignore', 'ignore_ament_install']
[7.125s] Level 1:colcon.colcon_core.package_identification:_identify(src/serial_motor_demo/serial_motor_demo_msgs) by extension 'ignore'
[7.126s] Level 1:colcon.colcon_core.package_identification:_identify(src/serial_motor_demo/serial_motor_demo_msgs) by extension 'ignore_ament_install'
[7.126s] Level 1:colcon.colcon_core.package_identification:_identify(src/serial_motor_demo/serial_motor_demo_msgs) by extensions ['colcon_pkg']
[7.126s] Level 1:colcon.colcon_core.package_identification:_identify(src/serial_motor_demo/serial_motor_demo_msgs) by extension 'colcon_pkg'
[7.126s] Level 1:colcon.colcon_core.package_identification:_identify(src/serial_motor_demo/serial_motor_demo_msgs) by extensions ['colcon_meta']
[7.127s] Level 1:colcon.colcon_core.package_identification:_identify(src/serial_motor_demo/serial_motor_demo_msgs) by extension 'colcon_meta'
[7.127s] Level 1:colcon.colcon_core.package_identification:_identify(src/serial_motor_demo/serial_motor_demo_msgs) by extensions ['ros']
[7.127s] Level 1:colcon.colcon_core.package_identification:_identify(src/serial_motor_demo/serial_motor_demo_msgs) by extension 'ros'
[7.129s] DEBUG:colcon.colcon_core.package_identification:Package 'src/serial_motor_demo/serial_motor_demo_msgs' with type 'ros.ament_cmake' and name 'serial_motor_demo_msgs'
[7.130s] Level 1:colcon.colcon_core.package_discovery:discover_packages(recursive) using defaults
[7.130s] Level 1:colcon.colcon_core.package_discovery:discover_packages(ignore) discover
[7.130s] Level 1:colcon.colcon_core.package_discovery:discover_packages(ignore) using defaults
[7.130s] Level 1:colcon.colcon_core.package_discovery:discover_packages(path) discover
[7.130s] Level 1:colcon.colcon_core.package_discovery:discover_packages(path) using defaults
[7.666s] Level 1:colcon.colcon_core.package_discovery:discover_packages(prefix_path) check parameters
[7.666s] Level 1:colcon.colcon_core.package_discovery:discover_packages(prefix_path) discover
[7.840s] DEBUG:colcon.colcon_installed_package_information.package_discovery:Found 271 installed packages in /opt/ros/humble
[7.848s] Level 1:colcon.colcon_core.package_discovery:discover_packages(prefix_path) using defaults
[8.521s] Level 5:colcon.colcon_core.verb:set package 'diffdrive_arduino' build argument 'cmake_args' from command line to 'None'
[8.521s] Level 5:colcon.colcon_core.verb:set package 'diffdrive_arduino' build argument 'cmake_target' from command line to 'None'
[8.521s] Level 5:colcon.colcon_core.verb:set package 'diffdrive_arduino' build argument 'cmake_target_skip_unavailable' from command line to 'False'
[8.521s] Level 5:colcon.colcon_core.verb:set package 'diffdrive_arduino' build argument 'cmake_clean_cache' from command line to 'False'
[8.521s] Level 5:colcon.colcon_core.verb:set package 'diffdrive_arduino' build argument 'cmake_clean_first' from command line to 'False'
[8.522s] Level 5:colcon.colcon_core.verb:set package 'diffdrive_arduino' build argument 'cmake_force_configure' from command line to 'False'
[8.522s] Level 5:colcon.colcon_core.verb:set package 'diffdrive_arduino' build argument 'ament_cmake_args' from command line to 'None'
[8.522s] Level 5:colcon.colcon_core.verb:set package 'diffdrive_arduino' build argument 'catkin_cmake_args' from command line to 'None'
[8.522s] Level 5:colcon.colcon_core.verb:set package 'diffdrive_arduino' build argument 'catkin_skip_building_tests' from command line to 'False'
[8.522s] DEBUG:colcon.colcon_core.verb:Building package 'diffdrive_arduino' with the following arguments: {'ament_cmake_args': None, 'build_base': '/home/hussein/Documents/robotWs/build/diffdrive_arduino', 'catkin_cmake_args': None, 'catkin_skip_building_tests': False, 'cmake_args': None, 'cmake_clean_cache': False, 'cmake_clean_first': False, 'cmake_force_configure': False, 'cmake_target': None, 'cmake_target_skip_unavailable': False, 'install_base': '/home/hussein/Documents/robotWs/install/diffdrive_arduino', 'merge_install': False, 'path': '/home/hussein/Documents/robotWs/src/diffdrive_arduino', 'symlink_install': False, 'test_result_base': None}
[8.596s] Level 5:colcon.colcon_core.verb:set package 'kal_package' build argument 'cmake_args' from command line to 'None'
[8.596s] Level 5:colcon.colcon_core.verb:set package 'kal_package' build argument 'cmake_target' from command line to 'None'
[8.596s] Level 5:colcon.colcon_core.verb:set package 'kal_package' build argument 'cmake_target_skip_unavailable' from command line to 'False'
[8.596s] Level 5:colcon.colcon_core.verb:set package 'kal_package' build argument 'cmake_clean_cache' from command line to 'False'
[8.596s] Level 5:colcon.colcon_core.verb:set package 'kal_package' build argument 'cmake_clean_first' from command line to 'False'
[8.597s] Level 5:colcon.colcon_core.verb:set package 'kal_package' build argument 'cmake_force_configure' from command line to 'False'
[8.597s] Level 5:colcon.colcon_core.verb:set package 'kal_package' build argument 'ament_cmake_args' from command line to 'None'
[8.597s] Level 5:colcon.colcon_core.verb:set package 'kal_package' build argument 'catkin_cmake_args' from command line to 'None'
[8.597s] Level 5:colcon.colcon_core.verb:set package 'kal_package' build argument 'catkin_skip_building_tests' from command line to 'False'
[8.597s] DEBUG:colcon.colcon_core.verb:Building package 'kal_package' with the following arguments: {'ament_cmake_args': None, 'build_base': '/home/hussein/Documents/robotWs/build/kal_package', 'catkin_cmake_args': None, 'catkin_skip_building_tests': False, 'cmake_args': None, 'cmake_clean_cache': False, 'cmake_clean_first': False, 'cmake_force_configure': False, 'cmake_target': None, 'cmake_target_skip_unavailable': False, 'install_base': '/home/hussein/Documents/robotWs/install/kal_package', 'merge_install': False, 'path': '/home/hussein/Documents/robotWs/src/kal_package', 'symlink_install': False, 'test_result_base': None}
[8.675s] Level 5:colcon.colcon_core.verb:set package 'rplidar_ros' build argument 'cmake_args' from command line to 'None'
[8.675s] Level 5:colcon.colcon_core.verb:set package 'rplidar_ros' build argument 'cmake_target' from command line to 'None'
[8.675s] Level 5:colcon.colcon_core.verb:set package 'rplidar_ros' build argument 'cmake_target_skip_unavailable' from command line to 'False'
[8.676s] Level 5:colcon.colcon_core.verb:set package 'rplidar_ros' build argument 'cmake_clean_cache' from command line to 'False'
[8.676s] Level 5:colcon.colcon_core.verb:set package 'rplidar_ros' build argument 'cmake_clean_first' from command line to 'False'
[8.676s] Level 5:colcon.colcon_core.verb:set package 'rplidar_ros' build argument 'cmake_force_configure' from command line to 'False'
[8.676s] Level 5:colcon.colcon_core.verb:set package 'rplidar_ros' build argument 'ament_cmake_args' from command line to 'None'
[8.676s] Level 5:colcon.colcon_core.verb:set package 'rplidar_ros' build argument 'catkin_cmake_args' from command line to 'None'
[8.676s] Level 5:colcon.colcon_core.verb:set package 'rplidar_ros' build argument 'catkin_skip_building_tests' from command line to 'False'
[8.676s] DEBUG:colcon.colcon_core.verb:Building package 'rplidar_ros' with the following arguments: {'ament_cmake_args': None, 'build_base': '/home/hussein/Documents/robotWs/build/rplidar_ros', 'catkin_cmake_args': None, 'catkin_skip_building_tests': False, 'cmake_args': None, 'cmake_clean_cache': False, 'cmake_clean_first': False, 'cmake_force_configure': False, 'cmake_target': None, 'cmake_target_skip_unavailable': False, 'install_base': '/home/hussein/Documents/robotWs/install/rplidar_ros', 'merge_install': False, 'path': '/home/hussein/Documents/robotWs/src/rplidar_ros2', 'symlink_install': False, 'test_result_base': None}
[8.754s] Level 5:colcon.colcon_core.verb:set package 'serial' build argument 'cmake_args' from command line to 'None'
[8.754s] Level 5:colcon.colcon_core.verb:set package 'serial' build argument 'cmake_target' from command line to 'None'
[8.754s] Level 5:colcon.colcon_core.verb:set package 'serial' build argument 'cmake_target_skip_unavailable' from command line to 'False'
[8.754s] Level 5:colcon.colcon_core.verb:set package 'serial' build argument 'cmake_clean_cache' from command line to 'False'
[8.754s] Level 5:colcon.colcon_core.verb:set package 'serial' build argument 'cmake_clean_first' from command line to 'False'
[8.754s] Level 5:colcon.colcon_core.verb:set package 'serial' build argument 'cmake_force_configure' from command line to 'False'
[8.755s] Level 5:colcon.colcon_core.verb:set package 'serial' build argument 'ament_cmake_args' from command line to 'None'
[8.755s] Level 5:colcon.colcon_core.verb:set package 'serial' build argument 'catkin_cmake_args' from command line to 'None'
[8.755s] Level 5:colcon.colcon_core.verb:set package 'serial' build argument 'catkin_skip_building_tests' from command line to 'False'
[8.755s] DEBUG:colcon.colcon_core.verb:Building package 'serial' with the following arguments: {'ament_cmake_args': None, 'build_base': '/home/hussein/Documents/robotWs/build/serial', 'catkin_cmake_args': None, 'catkin_skip_building_tests': False, 'cmake_args': None, 'cmake_clean_cache': False, 'cmake_clean_first': False, 'cmake_force_configure': False, 'cmake_target': None, 'cmake_target_skip_unavailable': False, 'install_base': '/home/hussein/Documents/robotWs/install/serial', 'merge_install': False, 'path': '/home/hussein/Documents/robotWs/src/serial', 'symlink_install': False, 'test_result_base': None}
[8.830s] Level 5:colcon.colcon_core.verb:set package 'serial_motor_demo_msgs' build argument 'cmake_args' from command line to 'None'
[8.831s] Level 5:colcon.colcon_core.verb:set package 'serial_motor_demo_msgs' build argument 'cmake_target' from command line to 'None'
[8.831s] Level 5:colcon.colcon_core.verb:set package 'serial_motor_demo_msgs' build argument 'cmake_target_skip_unavailable' from command line to 'False'
[8.831s] Level 5:colcon.colcon_core.verb:set package 'serial_motor_demo_msgs' build argument 'cmake_clean_cache' from command line to 'False'
[8.831s] Level 5:colcon.colcon_core.verb:set package 'serial_motor_demo_msgs' build argument 'cmake_clean_first' from command line to 'False'
[8.831s] Level 5:colcon.colcon_core.verb:set package 'serial_motor_demo_msgs' build argument 'cmake_force_configure' from command line to 'False'
[8.831s] Level 5:colcon.colcon_core.verb:set package 'serial_motor_demo_msgs' build argument 'ament_cmake_args' from command line to 'None'
[8.831s] Level 5:colcon.colcon_core.verb:set package 'serial_motor_demo_msgs' build argument 'catkin_cmake_args' from command line to 'None'
[8.832s] Level 5:colcon.colcon_core.verb:set package 'serial_motor_demo_msgs' build argument 'catkin_skip_building_tests' from command line to 'False'
[8.832s] DEBUG:colcon.colcon_core.verb:Building package 'serial_motor_demo_msgs' with the following arguments: {'ament_cmake_args': None, 'build_base': '/home/hussein/Documents/robotWs/build/serial_motor_demo_msgs', 'catkin_cmake_args': None, 'catkin_skip_building_tests': False, 'cmake_args': None, 'cmake_clean_cache': False, 'cmake_clean_first': False, 'cmake_force_configure': False, 'cmake_target': None, 'cmake_target_skip_unavailable': False, 'install_base': '/home/hussein/Documents/robotWs/install/serial_motor_demo_msgs', 'merge_install': False, 'path': '/home/hussein/Documents/robotWs/src/serial_motor_demo/serial_motor_demo_msgs', 'symlink_install': False, 'test_result_base': None}
[8.907s] Level 5:colcon.colcon_core.verb:set package 'serial_motor_demo' build argument 'cmake_args' from command line to 'None'
[8.907s] Level 5:colcon.colcon_core.verb:set package 'serial_motor_demo' build argument 'cmake_target' from command line to 'None'
[8.908s] Level 5:colcon.colcon_core.verb:set package 'serial_motor_demo' build argument 'cmake_target_skip_unavailable' from command line to 'False'
[8.908s] Level 5:colcon.colcon_core.verb:set package 'serial_motor_demo' build argument 'cmake_clean_cache' from command line to 'False'
[8.908s] Level 5:colcon.colcon_core.verb:set package 'serial_motor_demo' build argument 'cmake_clean_first' from command line to 'False'
[8.908s] Level 5:colcon.colcon_core.verb:set package 'serial_motor_demo' build argument 'cmake_force_configure' from command line to 'False'
[8.908s] Level 5:colcon.colcon_core.verb:set package 'serial_motor_demo' build argument 'ament_cmake_args' from command line to 'None'
[8.908s] Level 5:colcon.colcon_core.verb:set package 'serial_motor_demo' build argument 'catkin_cmake_args' from command line to 'None'
[8.908s] Level 5:colcon.colcon_core.verb:set package 'serial_motor_demo' build argument 'catkin_skip_building_tests' from command line to 'False'
[8.908s] DEBUG:colcon.colcon_core.verb:Building package 'serial_motor_demo' with the following arguments: {'ament_cmake_args': None, 'build_base': '/home/hussein/Documents/robotWs/build/serial_motor_demo', 'catkin_cmake_args': None, 'catkin_skip_building_tests': False, 'cmake_args': None, 'cmake_clean_cache': False, 'cmake_clean_first': False, 'cmake_force_configure': False, 'cmake_target': None, 'cmake_target_skip_unavailable': False, 'install_base': '/home/hussein/Documents/robotWs/install/serial_motor_demo', 'merge_install': False, 'path': '/home/hussein/Documents/robotWs/src/serial_motor_demo/serial_motor_demo', 'symlink_install': False, 'test_result_base': None}
[8.981s] INFO:colcon.colcon_core.executor:Executing jobs using 'parallel' executor
[9.057s] DEBUG:colcon.colcon_parallel_executor.executor.parallel:run_until_complete
[9.058s] INFO:colcon.colcon_ros.task.ament_cmake.build:Building ROS package in '/home/hussein/Documents/robotWs/src/serial_motor_demo/serial_motor_demo_msgs' with build type 'ament_cmake'
[9.059s] INFO:colcon.colcon_cmake.task.cmake.build:Building CMake package in '/home/hussein/Documents/robotWs/src/serial_motor_demo/serial_motor_demo_msgs'
[9.211s] INFO:colcon.colcon_core.plugin_system:Skipping extension 'colcon_core.shell.bat': Not used on non-Windows systems
[9.212s] INFO:colcon.colcon_core.shell:Skip shell extension 'powershell' for command environment: Not usable outside of PowerShell
[9.213s] DEBUG:colcon.colcon_core.shell:Skip shell extension 'dsv' for command environment
[9.440s] INFO:colcon.colcon_ros.task.ament_cmake.build:Building ROS package in '/home/hussein/Documents/robotWs/src/diffdrive_arduino' with build type 'ament_cmake'
[9.441s] INFO:colcon.colcon_cmake.task.cmake.build:Building CMake package in '/home/hussein/Documents/robotWs/src/diffdrive_arduino'
[9.559s] INFO:colcon.colcon_core.shell:Skip shell extension 'powershell' for command environment: Not usable outside of PowerShell
[9.559s] DEBUG:colcon.colcon_core.shell:Skip shell extension 'dsv' for command environment
[9.848s] INFO:colcon.colcon_ros.task.ament_cmake.build:Building ROS package in '/home/hussein/Documents/robotWs/src/kal_package' with build type 'ament_cmake'
[9.850s] INFO:colcon.colcon_cmake.task.cmake.build:Building CMake package in '/home/hussein/Documents/robotWs/src/kal_package'
[9.957s] INFO:colcon.colcon_core.shell:Skip shell extension 'powershell' for command environment: Not usable outside of PowerShell
[9.958s] DEBUG:colcon.colcon_core.shell:Skip shell extension 'dsv' for command environment
[10.169s] INFO:colcon.colcon_ros.task.ament_cmake.build:Building ROS package in '/home/hussein/Documents/robotWs/src/rplidar_ros2' with build type 'ament_cmake'
[10.170s] INFO:colcon.colcon_cmake.task.cmake.build:Building CMake package in '/home/hussein/Documents/robotWs/src/rplidar_ros2'
[10.271s] INFO:colcon.colcon_core.shell:Skip shell extension 'powershell' for command environment: Not usable outside of PowerShell
[10.272s] DEBUG:colcon.colcon_core.shell:Skip shell extension 'dsv' for command environment
[10.489s] DEBUG:colcon.colcon_core.event_handler.log_command:Invoking command in '/home/hussein/Documents/robotWs/build/serial_motor_demo_msgs': CMAKE_PREFIX_PATH=/opt/ros/humble /usr/bin/cmake --build /home/hussein/Documents/robotWs/build/serial_motor_demo_msgs -- -j4 -l4
[10.542s] DEBUG:colcon.colcon_core.event_handler.log_command:Invoking command in '/home/hussein/Documents/robotWs/build/diffdrive_arduino': CMAKE_PREFIX_PATH=/opt/ros/humble /usr/bin/cmake --build /home/hussein/Documents/robotWs/build/diffdrive_arduino -- -j4 -l4
[10.574s] DEBUG:colcon.colcon_core.event_handler.log_command:Invoking command in '/home/hussein/Documents/robotWs/build/kal_package': CMAKE_PREFIX_PATH=/opt/ros/humble /usr/bin/cmake --build /home/hussein/Documents/robotWs/build/kal_package -- -j4 -l4
[10.621s] DEBUG:colcon.colcon_core.event_handler.log_command:Invoking command in '/home/hussein/Documents/robotWs/build/rplidar_ros': CMAKE_PREFIX_PATH=/opt/ros/humble /usr/bin/cmake --build /home/hussein/Documents/robotWs/build/rplidar_ros -- -j4 -l4
[10.885s] DEBUG:colcon.colcon_core.event_handler.log_command:Invoked command in '/home/hussein/Documents/robotWs/build/kal_package' returned '2': CMAKE_PREFIX_PATH=/opt/ros/humble /usr/bin/cmake --build /home/hussein/Documents/robotWs/build/kal_package -- -j4 -l4
[10.893s] DEBUG:colcon.colcon_core.event_handler.log_command:Invoked command in '/home/hussein/Documents/robotWs/build/serial_motor_demo_msgs' returned '2': CMAKE_PREFIX_PATH=/opt/ros/humble /usr/bin/cmake --build /home/hussein/Documents/robotWs/build/serial_motor_demo_msgs -- -j4 -l4
[10.935s] DEBUG:colcon.colcon_core.event_handler.log_command:Invoked command in '/home/hussein/Documents/robotWs/build/rplidar_ros' returned '2': CMAKE_PREFIX_PATH=/opt/ros/humble /usr/bin/cmake --build /home/hussein/Documents/robotWs/build/rplidar_ros -- -j4 -l4
[10.940s] DEBUG:colcon.colcon_core.event_handler.log_command:Invoked command in '/home/hussein/Documents/robotWs/build/diffdrive_arduino' returned '2': CMAKE_PREFIX_PATH=/opt/ros/humble /usr/bin/cmake --build /home/hussein/Documents/robotWs/build/diffdrive_arduino -- -j4 -l4
[11.158s] Level 1:colcon.colcon_core.environment:create_environment_scripts_only(kal_package)
[11.298s] Level 1:colcon.colcon_core.environment:checking '/home/hussein/Documents/robotWs/install/kal_package' for CMake module files
[11.301s] Level 1:colcon.colcon_core.environment:checking '/home/hussein/Documents/robotWs/install/kal_package' for CMake config files
[11.304s] Level 1:colcon.colcon_core.shell:create_environment_hook('kal_package', 'cmake_prefix_path')
[11.399s] INFO:colcon.colcon_core.shell:Creating environment hook '/home/hussein/Documents/robotWs/install/kal_package/share/kal_package/hook/cmake_prefix_path.ps1'
[11.404s] INFO:colcon.colcon_core.shell:Creating environment descriptor '/home/hussein/Documents/robotWs/install/kal_package/share/kal_package/hook/cmake_prefix_path.dsv'
[11.410s] INFO:colcon.colcon_core.shell:Creating environment hook '/home/hussein/Documents/robotWs/install/kal_package/share/kal_package/hook/cmake_prefix_path.sh'
[11.416s] Level 1:colcon.colcon_core.environment:checking '/home/hussein/Documents/robotWs/install/kal_package/bin'
[11.417s] Level 1:colcon.colcon_core.environment:checking '/home/hussein/Documents/robotWs/install/kal_package/lib/pkgconfig/kal_package.pc'
[11.418s] Level 1:colcon.colcon_core.environment:checking '/home/hussein/Documents/robotWs/install/kal_package/lib/python3.10/site-packages'
[11.420s] Level 1:colcon.colcon_core.environment:checking '/home/hussein/Documents/robotWs/install/kal_package/bin'
[11.516s] INFO:colcon.colcon_core.shell:Creating package script '/home/hussein/Documents/robotWs/install/kal_package/share/kal_package/package.ps1'
[11.521s] INFO:colcon.colcon_core.shell:Creating package descriptor '/home/hussein/Documents/robotWs/install/kal_package/share/kal_package/package.dsv'
[11.526s] INFO:colcon.colcon_core.shell:Creating package script '/home/hussein/Documents/robotWs/install/kal_package/share/kal_package/package.sh'
[11.532s] INFO:colcon.colcon_core.shell:Creating package script '/home/hussein/Documents/robotWs/install/kal_package/share/kal_package/package.bash'
[11.541s] INFO:colcon.colcon_core.shell:Creating package script '/home/hussein/Documents/robotWs/install/kal_package/share/kal_package/package.zsh'
[11.547s] Level 1:colcon.colcon_core.environment:create_file_with_runtime_dependencies(/home/hussein/Documents/robotWs/install/kal_package/share/colcon-core/packages/kal_package)
[11.610s] DEBUG:colcon.colcon_parallel_executor.executor.parallel:closing loop
[11.613s] DEBUG:colcon.colcon_parallel_executor.executor.parallel:loop closed
[11.614s] DEBUG:colcon.colcon_parallel_executor.executor.parallel:run_until_complete finished with '2'
[11.615s] DEBUG:colcon.colcon_core.event_reactor:joining thread
[11.777s] INFO:colcon.colcon_core.plugin_system:Skipping extension 'colcon_notification.desktop_notification.terminal_notifier': Not used on non-Darwin systems
[11.778s] INFO:colcon.colcon_core.plugin_system:Skipping extension 'colcon_notification.desktop_notification.win32': Not used on non-Windows systems
[11.778s] INFO:colcon.colcon_notification.desktop_notification:Sending desktop notification using 'notify2'
[11.964s] DEBUG:colcon.colcon_core.event_reactor:joined thread
[12.076s] INFO:colcon.colcon_core.shell:Creating prefix script '/home/hussein/Documents/robotWs/install/local_setup.ps1'
[12.083s] INFO:colcon.colcon_core.shell:Creating prefix util module '/home/hussein/Documents/robotWs/install/_local_setup_util_ps1.py'
[12.096s] INFO:colcon.colcon_core.shell:Creating prefix chain script '/home/hussein/Documents/robotWs/install/setup.ps1'
[12.223s] INFO:colcon.colcon_core.shell:Creating prefix script '/home/hussein/Documents/robotWs/install/local_setup.sh'
[12.230s] INFO:colcon.colcon_core.shell:Creating prefix util module '/home/hussein/Documents/robotWs/install/_local_setup_util_sh.py'
[12.234s] INFO:colcon.colcon_core.shell:Creating prefix chain script '/home/hussein/Documents/robotWs/install/setup.sh'
[12.383s] INFO:colcon.colcon_core.shell:Creating prefix script '/home/hussein/Documents/robotWs/install/local_setup.bash'
[12.388s] INFO:colcon.colcon_core.shell:Creating prefix chain script '/home/hussein/Documents/robotWs/install/setup.bash'
[12.484s] INFO:colcon.colcon_core.shell:Creating prefix script '/home/hussein/Documents/robotWs/install/local_setup.zsh'
[12.490s] INFO:colcon.colcon_core.shell:Creating prefix chain script '/home/hussein/Documents/robotWs/install/setup.zsh'
