[0.429s] Invoking command in '/home/hussein/Documents/kal_ws/build/serial': CMAKE_PREFIX_PATH=${CMAKE_PREFIX_PATH}:/home/hussein/Documents/kal_ws/install/serial_motor_demo:/opt/ros/humble /usr/bin/cmake --build /home/hussein/Documents/kal_ws/build/serial -- -j4 -l4
[0.762s] [ 28%] Built target serial
[0.764s] [ 42%] Built target gtest
[0.780s] [ 57%] Built target gtest_main
[0.925s] [ 71%] Built target serial_example
[0.980s] [ 85%] Built target serial-test-timer
[0.985s] [100%] Built target serial-test
[1.334s] Invoked command in '/home/hussein/Documents/kal_ws/build/serial' returned '0': CMAKE_PREFIX_PATH=${CMAKE_PREFIX_PATH}:/home/hussein/Documents/kal_ws/install/serial_motor_demo:/opt/ros/humble /usr/bin/cmake --build /home/hussein/Documents/kal_ws/build/serial -- -j4 -l4
[1.843s] Invoking command in '/home/hussein/Documents/kal_ws/build/serial': CMAKE_PREFIX_PATH=${CMAKE_PREFIX_PATH}:/home/hussein/Documents/kal_ws/install/serial_motor_demo:/opt/ros/humble /usr/bin/cmake --install /home/hussein/Documents/kal_ws/build/serial
[2.239s] -- Install configuration: ""
[2.240s] -- Up-to-date: /home/hussein/Documents/kal_ws/install/serial/lib/libserial.a
[2.241s] -- Up-to-date: /home/hussein/Documents/kal_ws/install/serial/include/serial/serial.h
[2.242s] -- Up-to-date: /home/hussein/Documents/kal_ws/install/serial/include/serial/v8stdint.h
[2.243s] -- Up-to-date: /home/hussein/Documents/kal_ws/install/serial/share/serial/environment/library_path.sh
[2.244s] -- Up-to-date: /home/hussein/Documents/kal_ws/install/serial/share/serial/environment/library_path.dsv
[2.245s] -- Up-to-date: /home/hussein/Documents/kal_ws/install/serial/share/ament_index/resource_index/package_run_dependencies/serial
[2.246s] -- Up-to-date: /home/hussein/Documents/kal_ws/install/serial/share/ament_index/resource_index/parent_prefix_path/serial
[2.247s] -- Up-to-date: /home/hussein/Documents/kal_ws/install/serial/share/serial/environment/ament_prefix_path.sh
[2.248s] -- Up-to-date: /home/hussein/Documents/kal_ws/install/serial/share/serial/environment/ament_prefix_path.dsv
[2.249s] -- Up-to-date: /home/hussein/Documents/kal_ws/install/serial/share/serial/environment/path.sh
[2.250s] -- Up-to-date: /home/hussein/Documents/kal_ws/install/serial/share/serial/environment/path.dsv
[2.251s] -- Up-to-date: /home/hussein/Documents/kal_ws/install/serial/share/serial/local_setup.bash
[2.252s] -- Up-to-date: /home/hussein/Documents/kal_ws/install/serial/share/serial/local_setup.sh
[2.252s] -- Up-to-date: /home/hussein/Documents/kal_ws/install/serial/share/serial/local_setup.zsh
[2.253s] -- Up-to-date: /home/hussein/Documents/kal_ws/install/serial/share/serial/local_setup.dsv
[2.254s] -- Installing: /home/hussein/Documents/kal_ws/install/serial/share/serial/package.dsv
[2.255s] -- Up-to-date: /home/hussein/Documents/kal_ws/install/serial/share/ament_index/resource_index/packages/serial
[2.256s] -- Up-to-date: /home/hussein/Documents/kal_ws/install/serial/share/serial/cmake/ament_cmake_export_include_directories-extras.cmake
[2.257s] -- Up-to-date: /home/hussein/Documents/kal_ws/install/serial/share/serial/cmake/ament_cmake_export_libraries-extras.cmake
[2.258s] -- Up-to-date: /home/hussein/Documents/kal_ws/install/serial/share/serial/cmake/serialConfig.cmake
[2.259s] -- Up-to-date: /home/hussein/Documents/kal_ws/install/serial/share/serial/cmake/serialConfig-version.cmake
[2.260s] -- Up-to-date: /home/hussein/Documents/kal_ws/install/serial/share/serial/package.xml
[2.719s] Invoked command in '/home/hussein/Documents/kal_ws/build/serial' returned '0': CMAKE_PREFIX_PATH=${CMAKE_PREFIX_PATH}:/home/hussein/Documents/kal_ws/install/serial_motor_demo:/opt/ros/humble /usr/bin/cmake --install /home/hussein/Documents/kal_ws/build/serial
