[0.808s] DEBUG:colcon:Command line arguments: ['/usr/bin/colcon', 'build']
[0.808s] DEBUG:colcon:Parsed command line arguments: Namespace(log_base=None, log_level=None, verb_name='build', build_base='build', install_base='install', merge_install=False, symlink_install=False, test_result_base=None, continue_on_error=False, executor='parallel', parallel_workers=12, event_handlers=None, ignore_user_meta=False, metas=['./colcon.meta'], base_paths=['.'], packages_ignore=None, packages_ignore_regex=None, paths=None, packages_up_to=None, packages_up_to_regex=None, packages_above=None, packages_above_and_dependencies=None, packages_above_depth=None, packages_select_by_dep=None, packages_skip_by_dep=None, packages_skip_up_to=None, packages_select_build_failed=False, packages_skip_build_finished=False, packages_select_test_failures=False, packages_skip_test_passed=False, packages_select=None, packages_skip=None, packages_select_regex=None, packages_skip_regex=None, packages_start=None, packages_end=None, allow_overriding=[], cmake_args=None, cmake_target=None, cmake_target_skip_unavailable=False, cmake_clean_cache=False, cmake_clean_first=False, cmake_force_configure=False, ament_cmake_args=None, catkin_cmake_args=None, catkin_skip_building_tests=False, verb_parser=<colcon_defaults.argument_parser.defaults.DefaultArgumentsDecorator object at 0x7f65b2b7eef0>, verb_extension=<colcon_core.verb.build.BuildVerb object at 0x7f65b2b7e830>, main=<bound method BuildVerb.main of <colcon_core.verb.build.BuildVerb object at 0x7f65b2b7e830>>)
[0.845s] Level 1:colcon.colcon_core.package_discovery:discover_packages(colcon_meta) check parameters
[0.846s] Level 1:colcon.colcon_core.package_discovery:discover_packages(recursive) check parameters
[0.846s] Level 1:colcon.colcon_core.package_discovery:discover_packages(ignore) check parameters
[0.846s] Level 1:colcon.colcon_core.package_discovery:discover_packages(path) check parameters
[0.846s] Level 1:colcon.colcon_core.package_discovery:discover_packages(colcon_meta) discover
[0.846s] Level 1:colcon.colcon_core.package_discovery:discover_packages(recursive) discover
[0.846s] INFO:colcon.colcon_core.package_discovery:Crawling recursively for packages in '/home/hussein/Documents/kal_ws'
[0.846s] Level 1:colcon.colcon_core.package_identification:_identify(.) by extensions ['ignore', 'ignore_ament_install']
[0.846s] Level 1:colcon.colcon_core.package_identification:_identify(.) by extension 'ignore'
[0.846s] Level 1:colcon.colcon_core.package_identification:_identify(.) by extension 'ignore_ament_install'
[0.846s] Level 1:colcon.colcon_core.package_identification:_identify(.) by extensions ['colcon_pkg']
[0.846s] Level 1:colcon.colcon_core.package_identification:_identify(.) by extension 'colcon_pkg'
[0.846s] Level 1:colcon.colcon_core.package_identification:_identify(.) by extensions ['colcon_meta']
[0.846s] Level 1:colcon.colcon_core.package_identification:_identify(.) by extension 'colcon_meta'
[0.846s] Level 1:colcon.colcon_core.package_identification:_identify(.) by extensions ['ros']
[0.846s] Level 1:colcon.colcon_core.package_identification:_identify(.) by extension 'ros'
[0.854s] Level 1:colcon.colcon_core.package_identification:_identify(.) by extensions ['cmake', 'python']
[0.854s] Level 1:colcon.colcon_core.package_identification:_identify(.) by extension 'cmake'
[0.854s] Level 1:colcon.colcon_core.package_identification:_identify(.) by extension 'python'
[0.854s] Level 1:colcon.colcon_core.package_identification:_identify(.) by extensions ['python_setup_py']
[0.854s] Level 1:colcon.colcon_core.package_identification:_identify(.) by extension 'python_setup_py'
[0.854s] Level 1:colcon.colcon_core.package_identification:_identify(build) by extensions ['ignore', 'ignore_ament_install']
[0.854s] Level 1:colcon.colcon_core.package_identification:_identify(build) by extension 'ignore'
[0.854s] Level 1:colcon.colcon_core.package_identification:_identify(build) ignored
[0.854s] Level 1:colcon.colcon_core.package_identification:_identify(install) by extensions ['ignore', 'ignore_ament_install']
[0.854s] Level 1:colcon.colcon_core.package_identification:_identify(install) by extension 'ignore'
[0.854s] Level 1:colcon.colcon_core.package_identification:_identify(install) ignored
[0.854s] Level 1:colcon.colcon_core.package_identification:_identify(log) by extensions ['ignore', 'ignore_ament_install']
[0.854s] Level 1:colcon.colcon_core.package_identification:_identify(log) by extension 'ignore'
[0.854s] Level 1:colcon.colcon_core.package_identification:_identify(log) ignored
[0.855s] Level 1:colcon.colcon_core.package_identification:_identify(src) by extensions ['ignore', 'ignore_ament_install']
[0.855s] Level 1:colcon.colcon_core.package_identification:_identify(src) by extension 'ignore'
[0.855s] Level 1:colcon.colcon_core.package_identification:_identify(src) by extension 'ignore_ament_install'
[0.855s] Level 1:colcon.colcon_core.package_identification:_identify(src) by extensions ['colcon_pkg']
[0.855s] Level 1:colcon.colcon_core.package_identification:_identify(src) by extension 'colcon_pkg'
[0.855s] Level 1:colcon.colcon_core.package_identification:_identify(src) by extensions ['colcon_meta']
[0.855s] Level 1:colcon.colcon_core.package_identification:_identify(src) by extension 'colcon_meta'
[0.855s] Level 1:colcon.colcon_core.package_identification:_identify(src) by extensions ['ros']
[0.855s] Level 1:colcon.colcon_core.package_identification:_identify(src) by extension 'ros'
[0.855s] Level 1:colcon.colcon_core.package_identification:_identify(src) by extensions ['cmake', 'python']
[0.855s] Level 1:colcon.colcon_core.package_identification:_identify(src) by extension 'cmake'
[0.855s] Level 1:colcon.colcon_core.package_identification:_identify(src) by extension 'python'
[0.855s] Level 1:colcon.colcon_core.package_identification:_identify(src) by extensions ['python_setup_py']
[0.855s] Level 1:colcon.colcon_core.package_identification:_identify(src) by extension 'python_setup_py'
[0.855s] Level 1:colcon.colcon_core.package_identification:_identify(src/diffdrive_arduino) by extensions ['ignore', 'ignore_ament_install']
[0.855s] Level 1:colcon.colcon_core.package_identification:_identify(src/diffdrive_arduino) by extension 'ignore'
[0.855s] Level 1:colcon.colcon_core.package_identification:_identify(src/diffdrive_arduino) by extension 'ignore_ament_install'
[0.855s] Level 1:colcon.colcon_core.package_identification:_identify(src/diffdrive_arduino) by extensions ['colcon_pkg']
[0.855s] Level 1:colcon.colcon_core.package_identification:_identify(src/diffdrive_arduino) by extension 'colcon_pkg'
[0.855s] Level 1:colcon.colcon_core.package_identification:_identify(src/diffdrive_arduino) by extensions ['colcon_meta']
[0.855s] Level 1:colcon.colcon_core.package_identification:_identify(src/diffdrive_arduino) by extension 'colcon_meta'
[0.855s] Level 1:colcon.colcon_core.package_identification:_identify(src/diffdrive_arduino) by extensions ['ros']
[0.855s] Level 1:colcon.colcon_core.package_identification:_identify(src/diffdrive_arduino) by extension 'ros'
[0.857s] DEBUG:colcon.colcon_core.package_identification:Package 'src/diffdrive_arduino' with type 'ros.ament_cmake' and name 'diffdrive_arduino'
[0.857s] Level 1:colcon.colcon_core.package_identification:_identify(src/kal_package) by extensions ['ignore', 'ignore_ament_install']
[0.858s] Level 1:colcon.colcon_core.package_identification:_identify(src/kal_package) by extension 'ignore'
[0.858s] Level 1:colcon.colcon_core.package_identification:_identify(src/kal_package) by extension 'ignore_ament_install'
[0.858s] Level 1:colcon.colcon_core.package_identification:_identify(src/kal_package) by extensions ['colcon_pkg']
[0.858s] Level 1:colcon.colcon_core.package_identification:_identify(src/kal_package) by extension 'colcon_pkg'
[0.858s] Level 1:colcon.colcon_core.package_identification:_identify(src/kal_package) by extensions ['colcon_meta']
[0.858s] Level 1:colcon.colcon_core.package_identification:_identify(src/kal_package) by extension 'colcon_meta'
[0.858s] Level 1:colcon.colcon_core.package_identification:_identify(src/kal_package) by extensions ['ros']
[0.858s] Level 1:colcon.colcon_core.package_identification:_identify(src/kal_package) by extension 'ros'
[0.858s] DEBUG:colcon.colcon_core.package_identification:Package 'src/kal_package' with type 'ros.ament_cmake' and name 'kal_package'
[0.858s] Level 1:colcon.colcon_core.package_identification:_identify(src/rplidar_ros2) by extensions ['ignore', 'ignore_ament_install']
[0.858s] Level 1:colcon.colcon_core.package_identification:_identify(src/rplidar_ros2) by extension 'ignore'
[0.858s] Level 1:colcon.colcon_core.package_identification:_identify(src/rplidar_ros2) by extension 'ignore_ament_install'
[0.858s] Level 1:colcon.colcon_core.package_identification:_identify(src/rplidar_ros2) by extensions ['colcon_pkg']
[0.858s] Level 1:colcon.colcon_core.package_identification:_identify(src/rplidar_ros2) by extension 'colcon_pkg'
[0.859s] Level 1:colcon.colcon_core.package_identification:_identify(src/rplidar_ros2) by extensions ['colcon_meta']
[0.859s] Level 1:colcon.colcon_core.package_identification:_identify(src/rplidar_ros2) by extension 'colcon_meta'
[0.859s] Level 1:colcon.colcon_core.package_identification:_identify(src/rplidar_ros2) by extensions ['ros']
[0.859s] Level 1:colcon.colcon_core.package_identification:_identify(src/rplidar_ros2) by extension 'ros'
[0.859s] DEBUG:colcon.colcon_core.package_identification:Package 'src/rplidar_ros2' with type 'ros.ament_cmake' and name 'rplidar_ros'
[0.859s] Level 1:colcon.colcon_core.package_identification:_identify(src/serial) by extensions ['ignore', 'ignore_ament_install']
[0.859s] Level 1:colcon.colcon_core.package_identification:_identify(src/serial) by extension 'ignore'
[0.859s] Level 1:colcon.colcon_core.package_identification:_identify(src/serial) by extension 'ignore_ament_install'
[0.859s] Level 1:colcon.colcon_core.package_identification:_identify(src/serial) by extensions ['colcon_pkg']
[0.859s] Level 1:colcon.colcon_core.package_identification:_identify(src/serial) by extension 'colcon_pkg'
[0.859s] Level 1:colcon.colcon_core.package_identification:_identify(src/serial) by extensions ['colcon_meta']
[0.859s] Level 1:colcon.colcon_core.package_identification:_identify(src/serial) by extension 'colcon_meta'
[0.859s] Level 1:colcon.colcon_core.package_identification:_identify(src/serial) by extensions ['ros']
[0.859s] Level 1:colcon.colcon_core.package_identification:_identify(src/serial) by extension 'ros'
[0.860s] DEBUG:colcon.colcon_core.package_identification:Package 'src/serial' with type 'ros.ament_cmake' and name 'serial'
[0.860s] Level 1:colcon.colcon_core.package_identification:_identify(src/serial_motor_demo) by extensions ['ignore', 'ignore_ament_install']
[0.860s] Level 1:colcon.colcon_core.package_identification:_identify(src/serial_motor_demo) by extension 'ignore'
[0.860s] Level 1:colcon.colcon_core.package_identification:_identify(src/serial_motor_demo) by extension 'ignore_ament_install'
[0.860s] Level 1:colcon.colcon_core.package_identification:_identify(src/serial_motor_demo) by extensions ['colcon_pkg']
[0.860s] Level 1:colcon.colcon_core.package_identification:_identify(src/serial_motor_demo) by extension 'colcon_pkg'
[0.860s] Level 1:colcon.colcon_core.package_identification:_identify(src/serial_motor_demo) by extensions ['colcon_meta']
[0.860s] Level 1:colcon.colcon_core.package_identification:_identify(src/serial_motor_demo) by extension 'colcon_meta'
[0.860s] Level 1:colcon.colcon_core.package_identification:_identify(src/serial_motor_demo) by extensions ['ros']
[0.860s] Level 1:colcon.colcon_core.package_identification:_identify(src/serial_motor_demo) by extension 'ros'
[0.860s] Level 1:colcon.colcon_core.package_identification:_identify(src/serial_motor_demo) by extensions ['cmake', 'python']
[0.860s] Level 1:colcon.colcon_core.package_identification:_identify(src/serial_motor_demo) by extension 'cmake'
[0.860s] Level 1:colcon.colcon_core.package_identification:_identify(src/serial_motor_demo) by extension 'python'
[0.860s] Level 1:colcon.colcon_core.package_identification:_identify(src/serial_motor_demo) by extensions ['python_setup_py']
[0.860s] Level 1:colcon.colcon_core.package_identification:_identify(src/serial_motor_demo) by extension 'python_setup_py'
[0.860s] Level 1:colcon.colcon_core.package_identification:_identify(src/serial_motor_demo/serial_motor_demo) by extensions ['ignore', 'ignore_ament_install']
[0.861s] Level 1:colcon.colcon_core.package_identification:_identify(src/serial_motor_demo/serial_motor_demo) by extension 'ignore'
[0.861s] Level 1:colcon.colcon_core.package_identification:_identify(src/serial_motor_demo/serial_motor_demo) by extension 'ignore_ament_install'
[0.861s] Level 1:colcon.colcon_core.package_identification:_identify(src/serial_motor_demo/serial_motor_demo) by extensions ['colcon_pkg']
[0.861s] Level 1:colcon.colcon_core.package_identification:_identify(src/serial_motor_demo/serial_motor_demo) by extension 'colcon_pkg'
[0.861s] Level 1:colcon.colcon_core.package_identification:_identify(src/serial_motor_demo/serial_motor_demo) by extensions ['colcon_meta']
[0.861s] Level 1:colcon.colcon_core.package_identification:_identify(src/serial_motor_demo/serial_motor_demo) by extension 'colcon_meta'
[0.861s] Level 1:colcon.colcon_core.package_identification:_identify(src/serial_motor_demo/serial_motor_demo) by extensions ['ros']
[0.861s] Level 1:colcon.colcon_core.package_identification:_identify(src/serial_motor_demo/serial_motor_demo) by extension 'ros'
[0.861s] DEBUG:colcon.colcon_core.package_identification:Package 'src/serial_motor_demo/serial_motor_demo' with type 'ros.ament_python' and name 'serial_motor_demo'
[0.861s] Level 1:colcon.colcon_core.package_identification:_identify(src/serial_motor_demo/serial_motor_demo_msgs) by extensions ['ignore', 'ignore_ament_install']
[0.861s] Level 1:colcon.colcon_core.package_identification:_identify(src/serial_motor_demo/serial_motor_demo_msgs) by extension 'ignore'
[0.861s] Level 1:colcon.colcon_core.package_identification:_identify(src/serial_motor_demo/serial_motor_demo_msgs) by extension 'ignore_ament_install'
[0.861s] Level 1:colcon.colcon_core.package_identification:_identify(src/serial_motor_demo/serial_motor_demo_msgs) by extensions ['colcon_pkg']
[0.861s] Level 1:colcon.colcon_core.package_identification:_identify(src/serial_motor_demo/serial_motor_demo_msgs) by extension 'colcon_pkg'
[0.861s] Level 1:colcon.colcon_core.package_identification:_identify(src/serial_motor_demo/serial_motor_demo_msgs) by extensions ['colcon_meta']
[0.862s] Level 1:colcon.colcon_core.package_identification:_identify(src/serial_motor_demo/serial_motor_demo_msgs) by extension 'colcon_meta'
[0.862s] Level 1:colcon.colcon_core.package_identification:_identify(src/serial_motor_demo/serial_motor_demo_msgs) by extensions ['ros']
[0.862s] Level 1:colcon.colcon_core.package_identification:_identify(src/serial_motor_demo/serial_motor_demo_msgs) by extension 'ros'
[0.862s] DEBUG:colcon.colcon_core.package_identification:Package 'src/serial_motor_demo/serial_motor_demo_msgs' with type 'ros.ament_cmake' and name 'serial_motor_demo_msgs'
[0.862s] Level 1:colcon.colcon_core.package_discovery:discover_packages(recursive) using defaults
[0.862s] Level 1:colcon.colcon_core.package_discovery:discover_packages(ignore) discover
[0.862s] Level 1:colcon.colcon_core.package_discovery:discover_packages(ignore) using defaults
[0.862s] Level 1:colcon.colcon_core.package_discovery:discover_packages(path) discover
[0.862s] Level 1:colcon.colcon_core.package_discovery:discover_packages(path) using defaults
[0.938s] Level 1:colcon.colcon_core.package_discovery:discover_packages(prefix_path) check parameters
[0.938s] Level 1:colcon.colcon_core.package_discovery:discover_packages(prefix_path) discover
[0.963s] DEBUG:colcon.colcon_installed_package_information.package_discovery:Found 6 installed packages in /home/hussein/Documents/kal_ws/install
[0.976s] DEBUG:colcon.colcon_installed_package_information.package_discovery:Found 377 installed packages in /opt/ros/humble
[0.977s] Level 1:colcon.colcon_core.package_discovery:discover_packages(prefix_path) using defaults
[1.068s] Level 5:colcon.colcon_core.verb:set package 'diffdrive_arduino' build argument 'cmake_args' from command line to 'None'
[1.068s] Level 5:colcon.colcon_core.verb:set package 'diffdrive_arduino' build argument 'cmake_target' from command line to 'None'
[1.068s] Level 5:colcon.colcon_core.verb:set package 'diffdrive_arduino' build argument 'cmake_target_skip_unavailable' from command line to 'False'
[1.068s] Level 5:colcon.colcon_core.verb:set package 'diffdrive_arduino' build argument 'cmake_clean_cache' from command line to 'False'
[1.068s] Level 5:colcon.colcon_core.verb:set package 'diffdrive_arduino' build argument 'cmake_clean_first' from command line to 'False'
[1.068s] Level 5:colcon.colcon_core.verb:set package 'diffdrive_arduino' build argument 'cmake_force_configure' from command line to 'False'
[1.068s] Level 5:colcon.colcon_core.verb:set package 'diffdrive_arduino' build argument 'ament_cmake_args' from command line to 'None'
[1.068s] Level 5:colcon.colcon_core.verb:set package 'diffdrive_arduino' build argument 'catkin_cmake_args' from command line to 'None'
[1.068s] Level 5:colcon.colcon_core.verb:set package 'diffdrive_arduino' build argument 'catkin_skip_building_tests' from command line to 'False'
[1.068s] DEBUG:colcon.colcon_core.verb:Building package 'diffdrive_arduino' with the following arguments: {'ament_cmake_args': None, 'build_base': '/home/hussein/Documents/kal_ws/build/diffdrive_arduino', 'catkin_cmake_args': None, 'catkin_skip_building_tests': False, 'cmake_args': None, 'cmake_clean_cache': False, 'cmake_clean_first': False, 'cmake_force_configure': False, 'cmake_target': None, 'cmake_target_skip_unavailable': False, 'install_base': '/home/hussein/Documents/kal_ws/install/diffdrive_arduino', 'merge_install': False, 'path': '/home/hussein/Documents/kal_ws/src/diffdrive_arduino', 'symlink_install': False, 'test_result_base': None}
[1.080s] Level 5:colcon.colcon_core.verb:set package 'kal_package' build argument 'cmake_args' from command line to 'None'
[1.080s] Level 5:colcon.colcon_core.verb:set package 'kal_package' build argument 'cmake_target' from command line to 'None'
[1.080s] Level 5:colcon.colcon_core.verb:set package 'kal_package' build argument 'cmake_target_skip_unavailable' from command line to 'False'
[1.080s] Level 5:colcon.colcon_core.verb:set package 'kal_package' build argument 'cmake_clean_cache' from command line to 'False'
[1.080s] Level 5:colcon.colcon_core.verb:set package 'kal_package' build argument 'cmake_clean_first' from command line to 'False'
[1.080s] Level 5:colcon.colcon_core.verb:set package 'kal_package' build argument 'cmake_force_configure' from command line to 'False'
[1.080s] Level 5:colcon.colcon_core.verb:set package 'kal_package' build argument 'ament_cmake_args' from command line to 'None'
[1.080s] Level 5:colcon.colcon_core.verb:set package 'kal_package' build argument 'catkin_cmake_args' from command line to 'None'
[1.080s] Level 5:colcon.colcon_core.verb:set package 'kal_package' build argument 'catkin_skip_building_tests' from command line to 'False'
[1.080s] DEBUG:colcon.colcon_core.verb:Building package 'kal_package' with the following arguments: {'ament_cmake_args': None, 'build_base': '/home/hussein/Documents/kal_ws/build/kal_package', 'catkin_cmake_args': None, 'catkin_skip_building_tests': False, 'cmake_args': None, 'cmake_clean_cache': False, 'cmake_clean_first': False, 'cmake_force_configure': False, 'cmake_target': None, 'cmake_target_skip_unavailable': False, 'install_base': '/home/hussein/Documents/kal_ws/install/kal_package', 'merge_install': False, 'path': '/home/hussein/Documents/kal_ws/src/kal_package', 'symlink_install': False, 'test_result_base': None}
[1.093s] Level 5:colcon.colcon_core.verb:set package 'rplidar_ros' build argument 'cmake_args' from command line to 'None'
[1.093s] Level 5:colcon.colcon_core.verb:set package 'rplidar_ros' build argument 'cmake_target' from command line to 'None'
[1.093s] Level 5:colcon.colcon_core.verb:set package 'rplidar_ros' build argument 'cmake_target_skip_unavailable' from command line to 'False'
[1.093s] Level 5:colcon.colcon_core.verb:set package 'rplidar_ros' build argument 'cmake_clean_cache' from command line to 'False'
[1.093s] Level 5:colcon.colcon_core.verb:set package 'rplidar_ros' build argument 'cmake_clean_first' from command line to 'False'
[1.093s] Level 5:colcon.colcon_core.verb:set package 'rplidar_ros' build argument 'cmake_force_configure' from command line to 'False'
[1.093s] Level 5:colcon.colcon_core.verb:set package 'rplidar_ros' build argument 'ament_cmake_args' from command line to 'None'
[1.093s] Level 5:colcon.colcon_core.verb:set package 'rplidar_ros' build argument 'catkin_cmake_args' from command line to 'None'
[1.093s] Level 5:colcon.colcon_core.verb:set package 'rplidar_ros' build argument 'catkin_skip_building_tests' from command line to 'False'
[1.093s] DEBUG:colcon.colcon_core.verb:Building package 'rplidar_ros' with the following arguments: {'ament_cmake_args': None, 'build_base': '/home/hussein/Documents/kal_ws/build/rplidar_ros', 'catkin_cmake_args': None, 'catkin_skip_building_tests': False, 'cmake_args': None, 'cmake_clean_cache': False, 'cmake_clean_first': False, 'cmake_force_configure': False, 'cmake_target': None, 'cmake_target_skip_unavailable': False, 'install_base': '/home/hussein/Documents/kal_ws/install/rplidar_ros', 'merge_install': False, 'path': '/home/hussein/Documents/kal_ws/src/rplidar_ros2', 'symlink_install': False, 'test_result_base': None}
[1.105s] Level 5:colcon.colcon_core.verb:set package 'serial' build argument 'cmake_args' from command line to 'None'
[1.105s] Level 5:colcon.colcon_core.verb:set package 'serial' build argument 'cmake_target' from command line to 'None'
[1.106s] Level 5:colcon.colcon_core.verb:set package 'serial' build argument 'cmake_target_skip_unavailable' from command line to 'False'
[1.106s] Level 5:colcon.colcon_core.verb:set package 'serial' build argument 'cmake_clean_cache' from command line to 'False'
[1.106s] Level 5:colcon.colcon_core.verb:set package 'serial' build argument 'cmake_clean_first' from command line to 'False'
[1.106s] Level 5:colcon.colcon_core.verb:set package 'serial' build argument 'cmake_force_configure' from command line to 'False'
[1.106s] Level 5:colcon.colcon_core.verb:set package 'serial' build argument 'ament_cmake_args' from command line to 'None'
[1.106s] Level 5:colcon.colcon_core.verb:set package 'serial' build argument 'catkin_cmake_args' from command line to 'None'
[1.106s] Level 5:colcon.colcon_core.verb:set package 'serial' build argument 'catkin_skip_building_tests' from command line to 'False'
[1.106s] DEBUG:colcon.colcon_core.verb:Building package 'serial' with the following arguments: {'ament_cmake_args': None, 'build_base': '/home/hussein/Documents/kal_ws/build/serial', 'catkin_cmake_args': None, 'catkin_skip_building_tests': False, 'cmake_args': None, 'cmake_clean_cache': False, 'cmake_clean_first': False, 'cmake_force_configure': False, 'cmake_target': None, 'cmake_target_skip_unavailable': False, 'install_base': '/home/hussein/Documents/kal_ws/install/serial', 'merge_install': False, 'path': '/home/hussein/Documents/kal_ws/src/serial', 'symlink_install': False, 'test_result_base': None}
[1.118s] Level 5:colcon.colcon_core.verb:set package 'serial_motor_demo_msgs' build argument 'cmake_args' from command line to 'None'
[1.118s] Level 5:colcon.colcon_core.verb:set package 'serial_motor_demo_msgs' build argument 'cmake_target' from command line to 'None'
[1.118s] Level 5:colcon.colcon_core.verb:set package 'serial_motor_demo_msgs' build argument 'cmake_target_skip_unavailable' from command line to 'False'
[1.118s] Level 5:colcon.colcon_core.verb:set package 'serial_motor_demo_msgs' build argument 'cmake_clean_cache' from command line to 'False'
[1.118s] Level 5:colcon.colcon_core.verb:set package 'serial_motor_demo_msgs' build argument 'cmake_clean_first' from command line to 'False'
[1.118s] Level 5:colcon.colcon_core.verb:set package 'serial_motor_demo_msgs' build argument 'cmake_force_configure' from command line to 'False'
[1.118s] Level 5:colcon.colcon_core.verb:set package 'serial_motor_demo_msgs' build argument 'ament_cmake_args' from command line to 'None'
[1.118s] Level 5:colcon.colcon_core.verb:set package 'serial_motor_demo_msgs' build argument 'catkin_cmake_args' from command line to 'None'
[1.118s] Level 5:colcon.colcon_core.verb:set package 'serial_motor_demo_msgs' build argument 'catkin_skip_building_tests' from command line to 'False'
[1.118s] DEBUG:colcon.colcon_core.verb:Building package 'serial_motor_demo_msgs' with the following arguments: {'ament_cmake_args': None, 'build_base': '/home/hussein/Documents/kal_ws/build/serial_motor_demo_msgs', 'catkin_cmake_args': None, 'catkin_skip_building_tests': False, 'cmake_args': None, 'cmake_clean_cache': False, 'cmake_clean_first': False, 'cmake_force_configure': False, 'cmake_target': None, 'cmake_target_skip_unavailable': False, 'install_base': '/home/hussein/Documents/kal_ws/install/serial_motor_demo_msgs', 'merge_install': False, 'path': '/home/hussein/Documents/kal_ws/src/serial_motor_demo/serial_motor_demo_msgs', 'symlink_install': False, 'test_result_base': None}
[1.130s] Level 5:colcon.colcon_core.verb:set package 'serial_motor_demo' build argument 'cmake_args' from command line to 'None'
[1.130s] Level 5:colcon.colcon_core.verb:set package 'serial_motor_demo' build argument 'cmake_target' from command line to 'None'
[1.130s] Level 5:colcon.colcon_core.verb:set package 'serial_motor_demo' build argument 'cmake_target_skip_unavailable' from command line to 'False'
[1.130s] Level 5:colcon.colcon_core.verb:set package 'serial_motor_demo' build argument 'cmake_clean_cache' from command line to 'False'
[1.130s] Level 5:colcon.colcon_core.verb:set package 'serial_motor_demo' build argument 'cmake_clean_first' from command line to 'False'
[1.130s] Level 5:colcon.colcon_core.verb:set package 'serial_motor_demo' build argument 'cmake_force_configure' from command line to 'False'
[1.130s] Level 5:colcon.colcon_core.verb:set package 'serial_motor_demo' build argument 'ament_cmake_args' from command line to 'None'
[1.130s] Level 5:colcon.colcon_core.verb:set package 'serial_motor_demo' build argument 'catkin_cmake_args' from command line to 'None'
[1.130s] Level 5:colcon.colcon_core.verb:set package 'serial_motor_demo' build argument 'catkin_skip_building_tests' from command line to 'False'
[1.130s] DEBUG:colcon.colcon_core.verb:Building package 'serial_motor_demo' with the following arguments: {'ament_cmake_args': None, 'build_base': '/home/hussein/Documents/kal_ws/build/serial_motor_demo', 'catkin_cmake_args': None, 'catkin_skip_building_tests': False, 'cmake_args': None, 'cmake_clean_cache': False, 'cmake_clean_first': False, 'cmake_force_configure': False, 'cmake_target': None, 'cmake_target_skip_unavailable': False, 'install_base': '/home/hussein/Documents/kal_ws/install/serial_motor_demo', 'merge_install': False, 'path': '/home/hussein/Documents/kal_ws/src/serial_motor_demo/serial_motor_demo', 'symlink_install': False, 'test_result_base': None}
[1.142s] INFO:colcon.colcon_core.executor:Executing jobs using 'parallel' executor
[1.155s] DEBUG:colcon.colcon_parallel_executor.executor.parallel:run_until_complete
[1.155s] INFO:colcon.colcon_ros.task.ament_cmake.build:Building ROS package in '/home/hussein/Documents/kal_ws/src/serial_motor_demo/serial_motor_demo_msgs' with build type 'ament_cmake'
[1.155s] INFO:colcon.colcon_cmake.task.cmake.build:Building CMake package in '/home/hussein/Documents/kal_ws/src/serial_motor_demo/serial_motor_demo_msgs'
[1.170s] INFO:colcon.colcon_core.plugin_system:Skipping extension 'colcon_core.shell.bat': Not used on non-Windows systems
[1.170s] INFO:colcon.colcon_core.shell:Skip shell extension 'powershell' for command environment: Not usable outside of PowerShell
[1.170s] DEBUG:colcon.colcon_core.shell:Skip shell extension 'dsv' for command environment
[1.209s] INFO:colcon.colcon_ros.task.ament_cmake.build:Building ROS package in '/home/hussein/Documents/kal_ws/src/diffdrive_arduino' with build type 'ament_cmake'
[1.209s] INFO:colcon.colcon_cmake.task.cmake.build:Building CMake package in '/home/hussein/Documents/kal_ws/src/diffdrive_arduino'
[1.222s] INFO:colcon.colcon_core.shell:Skip shell extension 'powershell' for command environment: Not usable outside of PowerShell
[1.222s] DEBUG:colcon.colcon_core.shell:Skip shell extension 'dsv' for command environment
[1.262s] INFO:colcon.colcon_ros.task.ament_cmake.build:Building ROS package in '/home/hussein/Documents/kal_ws/src/kal_package' with build type 'ament_cmake'
[1.262s] INFO:colcon.colcon_cmake.task.cmake.build:Building CMake package in '/home/hussein/Documents/kal_ws/src/kal_package'
[1.275s] INFO:colcon.colcon_core.shell:Skip shell extension 'powershell' for command environment: Not usable outside of PowerShell
[1.275s] DEBUG:colcon.colcon_core.shell:Skip shell extension 'dsv' for command environment
[1.314s] INFO:colcon.colcon_ros.task.ament_cmake.build:Building ROS package in '/home/hussein/Documents/kal_ws/src/rplidar_ros2' with build type 'ament_cmake'
[1.315s] INFO:colcon.colcon_cmake.task.cmake.build:Building CMake package in '/home/hussein/Documents/kal_ws/src/rplidar_ros2'
[1.327s] INFO:colcon.colcon_core.shell:Skip shell extension 'powershell' for command environment: Not usable outside of PowerShell
[1.327s] DEBUG:colcon.colcon_core.shell:Skip shell extension 'dsv' for command environment
[1.367s] INFO:colcon.colcon_ros.task.ament_cmake.build:Building ROS package in '/home/hussein/Documents/kal_ws/src/serial' with build type 'ament_cmake'
[1.367s] INFO:colcon.colcon_cmake.task.cmake.build:Building CMake package in '/home/hussein/Documents/kal_ws/src/serial'
[1.380s] INFO:colcon.colcon_core.shell:Skip shell extension 'powershell' for command environment: Not usable outside of PowerShell
[1.380s] DEBUG:colcon.colcon_core.shell:Skip shell extension 'dsv' for command environment
[1.428s] DEBUG:colcon.colcon_core.event_handler.log_command:Invoking command in '/home/hussein/Documents/kal_ws/build/serial_motor_demo_msgs': CMAKE_PREFIX_PATH=${CMAKE_PREFIX_PATH}:/home/hussein/Documents/kal_ws/install/serial_motor_demo:/opt/ros/humble /usr/bin/cmake --build /home/hussein/Documents/kal_ws/build/serial_motor_demo_msgs -- -j12 -l12
[1.431s] DEBUG:colcon.colcon_core.event_handler.log_command:Invoking command in '/home/hussein/Documents/kal_ws/build/diffdrive_arduino': CMAKE_PREFIX_PATH=${CMAKE_PREFIX_PATH}:/home/hussein/Documents/kal_ws/install/serial_motor_demo:/opt/ros/humble /usr/bin/cmake --build /home/hussein/Documents/kal_ws/build/diffdrive_arduino -- -j12 -l12
[1.433s] DEBUG:colcon.colcon_core.event_handler.log_command:Invoking command in '/home/hussein/Documents/kal_ws/build/kal_package': CMAKE_PREFIX_PATH=${CMAKE_PREFIX_PATH}:/home/hussein/Documents/kal_ws/install/serial_motor_demo:/opt/ros/humble /usr/bin/cmake --build /home/hussein/Documents/kal_ws/build/kal_package -- -j12 -l12
[1.435s] DEBUG:colcon.colcon_core.event_handler.log_command:Invoking command in '/home/hussein/Documents/kal_ws/build/rplidar_ros': CMAKE_PREFIX_PATH=${CMAKE_PREFIX_PATH}:/home/hussein/Documents/kal_ws/install/serial_motor_demo:/opt/ros/humble /usr/bin/cmake --build /home/hussein/Documents/kal_ws/build/rplidar_ros -- -j12 -l12
[1.439s] DEBUG:colcon.colcon_core.event_handler.log_command:Invoking command in '/home/hussein/Documents/kal_ws/build/serial': CMAKE_PREFIX_PATH=${CMAKE_PREFIX_PATH}:/home/hussein/Documents/kal_ws/install/serial_motor_demo:/opt/ros/humble /usr/bin/cmake --build /home/hussein/Documents/kal_ws/build/serial -- -j12 -l12
[1.464s] DEBUG:colcon.colcon_core.event_handler.log_command:Invoked command in '/home/hussein/Documents/kal_ws/build/kal_package' returned '0': CMAKE_PREFIX_PATH=${CMAKE_PREFIX_PATH}:/home/hussein/Documents/kal_ws/install/serial_motor_demo:/opt/ros/humble /usr/bin/cmake --build /home/hussein/Documents/kal_ws/build/kal_package -- -j12 -l12
[1.504s] DEBUG:colcon.colcon_core.event_handler.log_command:Invoking command in '/home/hussein/Documents/kal_ws/build/kal_package': CMAKE_PREFIX_PATH=${CMAKE_PREFIX_PATH}:/home/hussein/Documents/kal_ws/install/serial_motor_demo:/opt/ros/humble /usr/bin/cmake --install /home/hussein/Documents/kal_ws/build/kal_package
[1.505s] DEBUG:colcon.colcon_core.event_handler.log_command:Invoked command in '/home/hussein/Documents/kal_ws/build/diffdrive_arduino' returned '0': CMAKE_PREFIX_PATH=${CMAKE_PREFIX_PATH}:/home/hussein/Documents/kal_ws/install/serial_motor_demo:/opt/ros/humble /usr/bin/cmake --build /home/hussein/Documents/kal_ws/build/diffdrive_arduino -- -j12 -l12
[1.515s] Level 1:colcon.colcon_core.environment:create_environment_scripts_only(kal_package)
[1.515s] DEBUG:colcon.colcon_core.event_handler.log_command:Invoked command in '/home/hussein/Documents/kal_ws/build/kal_package' returned '0': CMAKE_PREFIX_PATH=${CMAKE_PREFIX_PATH}:/home/hussein/Documents/kal_ws/install/serial_motor_demo:/opt/ros/humble /usr/bin/cmake --install /home/hussein/Documents/kal_ws/build/kal_package
[1.533s] Level 1:colcon.colcon_core.environment:checking '/home/hussein/Documents/kal_ws/install/kal_package' for CMake module files
[1.533s] Level 1:colcon.colcon_core.environment:checking '/home/hussein/Documents/kal_ws/install/kal_package' for CMake config files
[1.533s] Level 1:colcon.colcon_core.shell:create_environment_hook('kal_package', 'cmake_prefix_path')
[1.547s] INFO:colcon.colcon_core.shell:Creating environment hook '/home/hussein/Documents/kal_ws/install/kal_package/share/kal_package/hook/cmake_prefix_path.ps1'
[1.547s] INFO:colcon.colcon_core.shell:Creating environment descriptor '/home/hussein/Documents/kal_ws/install/kal_package/share/kal_package/hook/cmake_prefix_path.dsv'
[1.548s] INFO:colcon.colcon_core.shell:Creating environment hook '/home/hussein/Documents/kal_ws/install/kal_package/share/kal_package/hook/cmake_prefix_path.sh'
[1.549s] Level 1:colcon.colcon_core.environment:checking '/home/hussein/Documents/kal_ws/install/kal_package/bin'
[1.549s] Level 1:colcon.colcon_core.environment:checking '/home/hussein/Documents/kal_ws/install/kal_package/lib/pkgconfig/kal_package.pc'
[1.549s] Level 1:colcon.colcon_core.environment:checking '/home/hussein/Documents/kal_ws/install/kal_package/lib/python3.10/site-packages'
[1.549s] Level 1:colcon.colcon_core.environment:checking '/home/hussein/Documents/kal_ws/install/kal_package/bin'
[1.563s] INFO:colcon.colcon_core.shell:Creating package script '/home/hussein/Documents/kal_ws/install/kal_package/share/kal_package/package.ps1'
[1.564s] INFO:colcon.colcon_core.shell:Creating package descriptor '/home/hussein/Documents/kal_ws/install/kal_package/share/kal_package/package.dsv'
[1.565s] INFO:colcon.colcon_core.shell:Creating package script '/home/hussein/Documents/kal_ws/install/kal_package/share/kal_package/package.sh'
[1.565s] INFO:colcon.colcon_core.shell:Creating package script '/home/hussein/Documents/kal_ws/install/kal_package/share/kal_package/package.bash'
[1.566s] INFO:colcon.colcon_core.shell:Creating package script '/home/hussein/Documents/kal_ws/install/kal_package/share/kal_package/package.zsh'
[1.566s] Level 1:colcon.colcon_core.environment:create_file_with_runtime_dependencies(/home/hussein/Documents/kal_ws/install/kal_package/share/colcon-core/packages/kal_package)
[1.568s] DEBUG:colcon.colcon_core.event_handler.log_command:Invoked command in '/home/hussein/Documents/kal_ws/build/rplidar_ros' returned '0': CMAKE_PREFIX_PATH=${CMAKE_PREFIX_PATH}:/home/hussein/Documents/kal_ws/install/serial_motor_demo:/opt/ros/humble /usr/bin/cmake --build /home/hussein/Documents/kal_ws/build/rplidar_ros -- -j12 -l12
[1.570s] DEBUG:colcon.colcon_core.event_handler.log_command:Invoking command in '/home/hussein/Documents/kal_ws/build/diffdrive_arduino': CMAKE_PREFIX_PATH=${CMAKE_PREFIX_PATH}:/home/hussein/Documents/kal_ws/install/serial_motor_demo:/opt/ros/humble /usr/bin/cmake --install /home/hussein/Documents/kal_ws/build/diffdrive_arduino
[1.570s] DEBUG:colcon.colcon_core.event_handler.log_command:Invoked command in '/home/hussein/Documents/kal_ws/build/serial' returned '0': CMAKE_PREFIX_PATH=${CMAKE_PREFIX_PATH}:/home/hussein/Documents/kal_ws/install/serial_motor_demo:/opt/ros/humble /usr/bin/cmake --build /home/hussein/Documents/kal_ws/build/serial -- -j12 -l12
[1.578s] Level 1:colcon.colcon_core.environment:create_environment_scripts_only(diffdrive_arduino)
[1.582s] DEBUG:colcon.colcon_core.event_handler.log_command:Invoked command in '/home/hussein/Documents/kal_ws/build/diffdrive_arduino' returned '0': CMAKE_PREFIX_PATH=${CMAKE_PREFIX_PATH}:/home/hussein/Documents/kal_ws/install/serial_motor_demo:/opt/ros/humble /usr/bin/cmake --install /home/hussein/Documents/kal_ws/build/diffdrive_arduino
[1.597s] Level 1:colcon.colcon_core.environment:checking '/home/hussein/Documents/kal_ws/install/diffdrive_arduino' for CMake module files
[1.597s] Level 1:colcon.colcon_core.environment:checking '/home/hussein/Documents/kal_ws/install/diffdrive_arduino' for CMake config files
[1.598s] Level 1:colcon.colcon_core.shell:create_environment_hook('diffdrive_arduino', 'cmake_prefix_path')
[1.611s] INFO:colcon.colcon_core.shell:Creating environment hook '/home/hussein/Documents/kal_ws/install/diffdrive_arduino/share/diffdrive_arduino/hook/cmake_prefix_path.ps1'
[1.611s] INFO:colcon.colcon_core.shell:Creating environment descriptor '/home/hussein/Documents/kal_ws/install/diffdrive_arduino/share/diffdrive_arduino/hook/cmake_prefix_path.dsv'
[1.612s] INFO:colcon.colcon_core.shell:Creating environment hook '/home/hussein/Documents/kal_ws/install/diffdrive_arduino/share/diffdrive_arduino/hook/cmake_prefix_path.sh'
[1.612s] Level 1:colcon.colcon_core.environment:checking '/home/hussein/Documents/kal_ws/install/diffdrive_arduino/lib'
[1.612s] Level 1:colcon.colcon_core.shell:create_environment_hook('diffdrive_arduino', 'ld_library_path_lib')
[1.626s] INFO:colcon.colcon_core.shell:Creating environment hook '/home/hussein/Documents/kal_ws/install/diffdrive_arduino/share/diffdrive_arduino/hook/ld_library_path_lib.ps1'
[1.627s] INFO:colcon.colcon_core.shell:Creating environment descriptor '/home/hussein/Documents/kal_ws/install/diffdrive_arduino/share/diffdrive_arduino/hook/ld_library_path_lib.dsv'
[1.627s] INFO:colcon.colcon_core.shell:Creating environment hook '/home/hussein/Documents/kal_ws/install/diffdrive_arduino/share/diffdrive_arduino/hook/ld_library_path_lib.sh'
[1.627s] Level 1:colcon.colcon_core.environment:checking '/home/hussein/Documents/kal_ws/install/diffdrive_arduino/bin'
[1.628s] Level 1:colcon.colcon_core.environment:checking '/home/hussein/Documents/kal_ws/install/diffdrive_arduino/lib/pkgconfig/diffdrive_arduino.pc'
[1.628s] Level 1:colcon.colcon_core.environment:checking '/home/hussein/Documents/kal_ws/install/diffdrive_arduino/lib/python3.10/site-packages'
[1.628s] Level 1:colcon.colcon_core.environment:checking '/home/hussein/Documents/kal_ws/install/diffdrive_arduino/bin'
[1.641s] INFO:colcon.colcon_core.shell:Creating package script '/home/hussein/Documents/kal_ws/install/diffdrive_arduino/share/diffdrive_arduino/package.ps1'
[1.642s] INFO:colcon.colcon_core.shell:Creating package descriptor '/home/hussein/Documents/kal_ws/install/diffdrive_arduino/share/diffdrive_arduino/package.dsv'
[1.642s] INFO:colcon.colcon_core.shell:Creating package script '/home/hussein/Documents/kal_ws/install/diffdrive_arduino/share/diffdrive_arduino/package.sh'
[1.642s] INFO:colcon.colcon_core.shell:Creating package script '/home/hussein/Documents/kal_ws/install/diffdrive_arduino/share/diffdrive_arduino/package.bash'
[1.643s] INFO:colcon.colcon_core.shell:Creating package script '/home/hussein/Documents/kal_ws/install/diffdrive_arduino/share/diffdrive_arduino/package.zsh'
[1.643s] Level 1:colcon.colcon_core.environment:create_file_with_runtime_dependencies(/home/hussein/Documents/kal_ws/install/diffdrive_arduino/share/colcon-core/packages/diffdrive_arduino)
[1.645s] DEBUG:colcon.colcon_core.event_handler.log_command:Invoking command in '/home/hussein/Documents/kal_ws/build/rplidar_ros': CMAKE_PREFIX_PATH=${CMAKE_PREFIX_PATH}:/home/hussein/Documents/kal_ws/install/serial_motor_demo:/opt/ros/humble /usr/bin/cmake --install /home/hussein/Documents/kal_ws/build/rplidar_ros
[1.660s] Level 1:colcon.colcon_core.environment:create_environment_scripts_only(kal_package)
[1.673s] Level 1:colcon.colcon_core.environment:checking '/home/hussein/Documents/kal_ws/install/kal_package' for CMake module files
[1.673s] Level 1:colcon.colcon_core.environment:checking '/home/hussein/Documents/kal_ws/install/kal_package' for CMake config files
[1.674s] Level 1:colcon.colcon_core.shell:create_environment_hook('kal_package', 'cmake_prefix_path')
[1.687s] INFO:colcon.colcon_core.shell:Creating environment hook '/home/hussein/Documents/kal_ws/install/kal_package/share/kal_package/hook/cmake_prefix_path.ps1'
[1.687s] INFO:colcon.colcon_core.shell:Creating environment descriptor '/home/hussein/Documents/kal_ws/install/kal_package/share/kal_package/hook/cmake_prefix_path.dsv'
[1.688s] INFO:colcon.colcon_core.shell:Creating environment hook '/home/hussein/Documents/kal_ws/install/kal_package/share/kal_package/hook/cmake_prefix_path.sh'
[1.688s] Level 1:colcon.colcon_core.environment:checking '/home/hussein/Documents/kal_ws/install/kal_package/bin'
[1.688s] Level 1:colcon.colcon_core.environment:checking '/home/hussein/Documents/kal_ws/install/kal_package/lib/pkgconfig/kal_package.pc'
[1.688s] Level 1:colcon.colcon_core.environment:checking '/home/hussein/Documents/kal_ws/install/kal_package/lib/python3.10/site-packages'
[1.689s] Level 1:colcon.colcon_core.environment:checking '/home/hussein/Documents/kal_ws/install/kal_package/bin'
[1.702s] INFO:colcon.colcon_core.shell:Creating package script '/home/hussein/Documents/kal_ws/install/kal_package/share/kal_package/package.ps1'
[1.702s] INFO:colcon.colcon_core.shell:Creating package descriptor '/home/hussein/Documents/kal_ws/install/kal_package/share/kal_package/package.dsv'
[1.703s] INFO:colcon.colcon_core.shell:Creating package script '/home/hussein/Documents/kal_ws/install/kal_package/share/kal_package/package.sh'
[1.703s] INFO:colcon.colcon_core.shell:Creating package script '/home/hussein/Documents/kal_ws/install/kal_package/share/kal_package/package.bash'
[1.703s] INFO:colcon.colcon_core.shell:Creating package script '/home/hussein/Documents/kal_ws/install/kal_package/share/kal_package/package.zsh'
[1.704s] Level 1:colcon.colcon_core.environment:create_file_with_runtime_dependencies(/home/hussein/Documents/kal_ws/install/kal_package/share/colcon-core/packages/kal_package)
[1.706s] DEBUG:colcon.colcon_core.event_handler.log_command:Invoking command in '/home/hussein/Documents/kal_ws/build/serial': CMAKE_PREFIX_PATH=${CMAKE_PREFIX_PATH}:/home/hussein/Documents/kal_ws/install/serial_motor_demo:/opt/ros/humble /usr/bin/cmake --install /home/hussein/Documents/kal_ws/build/serial
[1.725s] Level 1:colcon.colcon_core.environment:create_environment_scripts_only(diffdrive_arduino)
[1.738s] Level 1:colcon.colcon_core.environment:checking '/home/hussein/Documents/kal_ws/install/diffdrive_arduino' for CMake module files
[1.738s] Level 1:colcon.colcon_core.environment:checking '/home/hussein/Documents/kal_ws/install/diffdrive_arduino' for CMake config files
[1.739s] Level 1:colcon.colcon_core.shell:create_environment_hook('diffdrive_arduino', 'cmake_prefix_path')
[1.753s] INFO:colcon.colcon_core.shell:Creating environment hook '/home/hussein/Documents/kal_ws/install/diffdrive_arduino/share/diffdrive_arduino/hook/cmake_prefix_path.ps1'
[1.753s] INFO:colcon.colcon_core.shell:Creating environment descriptor '/home/hussein/Documents/kal_ws/install/diffdrive_arduino/share/diffdrive_arduino/hook/cmake_prefix_path.dsv'
[1.753s] INFO:colcon.colcon_core.shell:Creating environment hook '/home/hussein/Documents/kal_ws/install/diffdrive_arduino/share/diffdrive_arduino/hook/cmake_prefix_path.sh'
[1.754s] Level 1:colcon.colcon_core.environment:checking '/home/hussein/Documents/kal_ws/install/diffdrive_arduino/lib'
[1.754s] Level 1:colcon.colcon_core.shell:create_environment_hook('diffdrive_arduino', 'ld_library_path_lib')
[1.768s] INFO:colcon.colcon_core.shell:Creating environment hook '/home/hussein/Documents/kal_ws/install/diffdrive_arduino/share/diffdrive_arduino/hook/ld_library_path_lib.ps1'
[1.768s] INFO:colcon.colcon_core.shell:Creating environment descriptor '/home/hussein/Documents/kal_ws/install/diffdrive_arduino/share/diffdrive_arduino/hook/ld_library_path_lib.dsv'
[1.768s] INFO:colcon.colcon_core.shell:Creating environment hook '/home/hussein/Documents/kal_ws/install/diffdrive_arduino/share/diffdrive_arduino/hook/ld_library_path_lib.sh'
[1.769s] Level 1:colcon.colcon_core.environment:checking '/home/hussein/Documents/kal_ws/install/diffdrive_arduino/bin'
[1.769s] Level 1:colcon.colcon_core.environment:checking '/home/hussein/Documents/kal_ws/install/diffdrive_arduino/lib/pkgconfig/diffdrive_arduino.pc'
[1.769s] Level 1:colcon.colcon_core.environment:checking '/home/hussein/Documents/kal_ws/install/diffdrive_arduino/lib/python3.10/site-packages'
[1.769s] Level 1:colcon.colcon_core.environment:checking '/home/hussein/Documents/kal_ws/install/diffdrive_arduino/bin'
[1.783s] INFO:colcon.colcon_core.shell:Creating package script '/home/hussein/Documents/kal_ws/install/diffdrive_arduino/share/diffdrive_arduino/package.ps1'
[1.783s] INFO:colcon.colcon_core.shell:Creating package descriptor '/home/hussein/Documents/kal_ws/install/diffdrive_arduino/share/diffdrive_arduino/package.dsv'
[1.783s] INFO:colcon.colcon_core.shell:Creating package script '/home/hussein/Documents/kal_ws/install/diffdrive_arduino/share/diffdrive_arduino/package.sh'
[1.784s] INFO:colcon.colcon_core.shell:Creating package script '/home/hussein/Documents/kal_ws/install/diffdrive_arduino/share/diffdrive_arduino/package.bash'
[1.784s] INFO:colcon.colcon_core.shell:Creating package script '/home/hussein/Documents/kal_ws/install/diffdrive_arduino/share/diffdrive_arduino/package.zsh'
[1.784s] Level 1:colcon.colcon_core.environment:create_file_with_runtime_dependencies(/home/hussein/Documents/kal_ws/install/diffdrive_arduino/share/colcon-core/packages/diffdrive_arduino)
[1.785s] Level 1:colcon.colcon_core.environment:create_environment_scripts_only(rplidar_ros)
[1.786s] DEBUG:colcon.colcon_core.event_handler.log_command:Invoked command in '/home/hussein/Documents/kal_ws/build/rplidar_ros' returned '0': CMAKE_PREFIX_PATH=${CMAKE_PREFIX_PATH}:/home/hussein/Documents/kal_ws/install/serial_motor_demo:/opt/ros/humble /usr/bin/cmake --install /home/hussein/Documents/kal_ws/build/rplidar_ros
[1.799s] Level 1:colcon.colcon_core.environment:checking '/home/hussein/Documents/kal_ws/install/rplidar_ros' for CMake module files
[1.799s] Level 1:colcon.colcon_core.environment:checking '/home/hussein/Documents/kal_ws/install/rplidar_ros' for CMake config files
[1.799s] Level 1:colcon.colcon_core.shell:create_environment_hook('rplidar_ros', 'cmake_prefix_path')
[1.813s] INFO:colcon.colcon_core.shell:Creating environment hook '/home/hussein/Documents/kal_ws/install/rplidar_ros/share/rplidar_ros/hook/cmake_prefix_path.ps1'
[1.813s] INFO:colcon.colcon_core.shell:Creating environment descriptor '/home/hussein/Documents/kal_ws/install/rplidar_ros/share/rplidar_ros/hook/cmake_prefix_path.dsv'
[1.814s] INFO:colcon.colcon_core.shell:Creating environment hook '/home/hussein/Documents/kal_ws/install/rplidar_ros/share/rplidar_ros/hook/cmake_prefix_path.sh'
[1.814s] Level 1:colcon.colcon_core.environment:checking '/home/hussein/Documents/kal_ws/install/rplidar_ros/lib'
[1.814s] Level 1:colcon.colcon_core.shell:create_environment_hook('rplidar_ros', 'ld_library_path_lib')
[1.827s] INFO:colcon.colcon_core.shell:Creating environment hook '/home/hussein/Documents/kal_ws/install/rplidar_ros/share/rplidar_ros/hook/ld_library_path_lib.ps1'
[1.828s] INFO:colcon.colcon_core.shell:Creating environment descriptor '/home/hussein/Documents/kal_ws/install/rplidar_ros/share/rplidar_ros/hook/ld_library_path_lib.dsv'
[1.828s] INFO:colcon.colcon_core.shell:Creating environment hook '/home/hussein/Documents/kal_ws/install/rplidar_ros/share/rplidar_ros/hook/ld_library_path_lib.sh'
[1.828s] Level 1:colcon.colcon_core.environment:checking '/home/hussein/Documents/kal_ws/install/rplidar_ros/bin'
[1.828s] Level 1:colcon.colcon_core.environment:checking '/home/hussein/Documents/kal_ws/install/rplidar_ros/lib/pkgconfig/rplidar_ros.pc'
[1.828s] Level 1:colcon.colcon_core.environment:checking '/home/hussein/Documents/kal_ws/install/rplidar_ros/lib/python3.10/site-packages'
[1.828s] Level 1:colcon.colcon_core.environment:checking '/home/hussein/Documents/kal_ws/install/rplidar_ros/bin'
[1.841s] INFO:colcon.colcon_core.shell:Creating package script '/home/hussein/Documents/kal_ws/install/rplidar_ros/share/rplidar_ros/package.ps1'
[1.842s] INFO:colcon.colcon_core.shell:Creating package descriptor '/home/hussein/Documents/kal_ws/install/rplidar_ros/share/rplidar_ros/package.dsv'
[1.842s] INFO:colcon.colcon_core.shell:Creating package script '/home/hussein/Documents/kal_ws/install/rplidar_ros/share/rplidar_ros/package.sh'
[1.842s] INFO:colcon.colcon_core.shell:Creating package script '/home/hussein/Documents/kal_ws/install/rplidar_ros/share/rplidar_ros/package.bash'
[1.842s] INFO:colcon.colcon_core.shell:Creating package script '/home/hussein/Documents/kal_ws/install/rplidar_ros/share/rplidar_ros/package.zsh'
[1.843s] Level 1:colcon.colcon_core.environment:create_file_with_runtime_dependencies(/home/hussein/Documents/kal_ws/install/rplidar_ros/share/colcon-core/packages/rplidar_ros)
[1.844s] Level 1:colcon.colcon_core.environment:create_environment_scripts_only(serial)
[1.845s] DEBUG:colcon.colcon_core.event_handler.log_command:Invoked command in '/home/hussein/Documents/kal_ws/build/serial' returned '0': CMAKE_PREFIX_PATH=${CMAKE_PREFIX_PATH}:/home/hussein/Documents/kal_ws/install/serial_motor_demo:/opt/ros/humble /usr/bin/cmake --install /home/hussein/Documents/kal_ws/build/serial
[1.858s] Level 1:colcon.colcon_core.environment:checking '/home/hussein/Documents/kal_ws/install/serial' for CMake module files
[1.858s] Level 1:colcon.colcon_core.environment:checking '/home/hussein/Documents/kal_ws/install/serial' for CMake config files
[1.859s] Level 1:colcon.colcon_core.shell:create_environment_hook('serial', 'cmake_prefix_path')
[1.883s] INFO:colcon.colcon_core.shell:Creating environment hook '/home/hussein/Documents/kal_ws/install/serial/share/serial/hook/cmake_prefix_path.ps1'
[1.883s] INFO:colcon.colcon_core.shell:Creating environment descriptor '/home/hussein/Documents/kal_ws/install/serial/share/serial/hook/cmake_prefix_path.dsv'
[1.884s] INFO:colcon.colcon_core.shell:Creating environment hook '/home/hussein/Documents/kal_ws/install/serial/share/serial/hook/cmake_prefix_path.sh'
[1.884s] Level 1:colcon.colcon_core.environment:checking '/home/hussein/Documents/kal_ws/install/serial/lib'
[1.884s] Level 1:colcon.colcon_core.environment:checking '/home/hussein/Documents/kal_ws/install/serial/bin'
[1.884s] Level 1:colcon.colcon_core.environment:checking '/home/hussein/Documents/kal_ws/install/serial/lib/pkgconfig/serial.pc'
[1.885s] Level 1:colcon.colcon_core.environment:checking '/home/hussein/Documents/kal_ws/install/serial/lib/python3.10/site-packages'
[1.885s] Level 1:colcon.colcon_core.environment:checking '/home/hussein/Documents/kal_ws/install/serial/bin'
[1.899s] INFO:colcon.colcon_core.shell:Creating package script '/home/hussein/Documents/kal_ws/install/serial/share/serial/package.ps1'
[1.899s] INFO:colcon.colcon_core.shell:Creating package descriptor '/home/hussein/Documents/kal_ws/install/serial/share/serial/package.dsv'
[1.900s] INFO:colcon.colcon_core.shell:Creating package script '/home/hussein/Documents/kal_ws/install/serial/share/serial/package.sh'
[1.900s] INFO:colcon.colcon_core.shell:Creating package script '/home/hussein/Documents/kal_ws/install/serial/share/serial/package.bash'
[1.900s] INFO:colcon.colcon_core.shell:Creating package script '/home/hussein/Documents/kal_ws/install/serial/share/serial/package.zsh'
[1.901s] Level 1:colcon.colcon_core.environment:create_file_with_runtime_dependencies(/home/hussein/Documents/kal_ws/install/serial/share/colcon-core/packages/serial)
[1.902s] DEBUG:colcon.colcon_core.event_handler.log_command:Invoked command in '/home/hussein/Documents/kal_ws/build/serial_motor_demo_msgs' returned '0': CMAKE_PREFIX_PATH=${CMAKE_PREFIX_PATH}:/home/hussein/Documents/kal_ws/install/serial_motor_demo:/opt/ros/humble /usr/bin/cmake --build /home/hussein/Documents/kal_ws/build/serial_motor_demo_msgs -- -j12 -l12
[1.917s] Level 1:colcon.colcon_core.environment:create_environment_scripts_only(rplidar_ros)
[1.931s] Level 1:colcon.colcon_core.environment:checking '/home/hussein/Documents/kal_ws/install/rplidar_ros' for CMake module files
[1.931s] Level 1:colcon.colcon_core.environment:checking '/home/hussein/Documents/kal_ws/install/rplidar_ros' for CMake config files
[1.932s] Level 1:colcon.colcon_core.shell:create_environment_hook('rplidar_ros', 'cmake_prefix_path')
[1.945s] INFO:colcon.colcon_core.shell:Creating environment hook '/home/hussein/Documents/kal_ws/install/rplidar_ros/share/rplidar_ros/hook/cmake_prefix_path.ps1'
[1.946s] INFO:colcon.colcon_core.shell:Creating environment descriptor '/home/hussein/Documents/kal_ws/install/rplidar_ros/share/rplidar_ros/hook/cmake_prefix_path.dsv'
[1.946s] INFO:colcon.colcon_core.shell:Creating environment hook '/home/hussein/Documents/kal_ws/install/rplidar_ros/share/rplidar_ros/hook/cmake_prefix_path.sh'
[1.947s] Level 1:colcon.colcon_core.environment:checking '/home/hussein/Documents/kal_ws/install/rplidar_ros/lib'
[1.947s] Level 1:colcon.colcon_core.shell:create_environment_hook('rplidar_ros', 'ld_library_path_lib')
[1.961s] INFO:colcon.colcon_core.shell:Creating environment hook '/home/hussein/Documents/kal_ws/install/rplidar_ros/share/rplidar_ros/hook/ld_library_path_lib.ps1'
[1.962s] INFO:colcon.colcon_core.shell:Creating environment descriptor '/home/hussein/Documents/kal_ws/install/rplidar_ros/share/rplidar_ros/hook/ld_library_path_lib.dsv'
[1.962s] INFO:colcon.colcon_core.shell:Creating environment hook '/home/hussein/Documents/kal_ws/install/rplidar_ros/share/rplidar_ros/hook/ld_library_path_lib.sh'
[1.962s] Level 1:colcon.colcon_core.environment:checking '/home/hussein/Documents/kal_ws/install/rplidar_ros/bin'
[1.962s] Level 1:colcon.colcon_core.environment:checking '/home/hussein/Documents/kal_ws/install/rplidar_ros/lib/pkgconfig/rplidar_ros.pc'
[1.963s] Level 1:colcon.colcon_core.environment:checking '/home/hussein/Documents/kal_ws/install/rplidar_ros/lib/python3.10/site-packages'
[1.963s] Level 1:colcon.colcon_core.environment:checking '/home/hussein/Documents/kal_ws/install/rplidar_ros/bin'
[1.977s] INFO:colcon.colcon_core.shell:Creating package script '/home/hussein/Documents/kal_ws/install/rplidar_ros/share/rplidar_ros/package.ps1'
[1.977s] INFO:colcon.colcon_core.shell:Creating package descriptor '/home/hussein/Documents/kal_ws/install/rplidar_ros/share/rplidar_ros/package.dsv'
[1.978s] INFO:colcon.colcon_core.shell:Creating package script '/home/hussein/Documents/kal_ws/install/rplidar_ros/share/rplidar_ros/package.sh'
[1.978s] INFO:colcon.colcon_core.shell:Creating package script '/home/hussein/Documents/kal_ws/install/rplidar_ros/share/rplidar_ros/package.bash'
[1.978s] INFO:colcon.colcon_core.shell:Creating package script '/home/hussein/Documents/kal_ws/install/rplidar_ros/share/rplidar_ros/package.zsh'
[1.979s] Level 1:colcon.colcon_core.environment:create_file_with_runtime_dependencies(/home/hussein/Documents/kal_ws/install/rplidar_ros/share/colcon-core/packages/rplidar_ros)
[1.994s] Level 1:colcon.colcon_core.environment:create_environment_scripts_only(serial)
[2.008s] Level 1:colcon.colcon_core.environment:checking '/home/hussein/Documents/kal_ws/install/serial' for CMake module files
[2.008s] Level 1:colcon.colcon_core.environment:checking '/home/hussein/Documents/kal_ws/install/serial' for CMake config files
[2.008s] Level 1:colcon.colcon_core.shell:create_environment_hook('serial', 'cmake_prefix_path')
[2.022s] INFO:colcon.colcon_core.shell:Creating environment hook '/home/hussein/Documents/kal_ws/install/serial/share/serial/hook/cmake_prefix_path.ps1'
[2.023s] INFO:colcon.colcon_core.shell:Creating environment descriptor '/home/hussein/Documents/kal_ws/install/serial/share/serial/hook/cmake_prefix_path.dsv'
[2.023s] INFO:colcon.colcon_core.shell:Creating environment hook '/home/hussein/Documents/kal_ws/install/serial/share/serial/hook/cmake_prefix_path.sh'
[2.023s] Level 1:colcon.colcon_core.environment:checking '/home/hussein/Documents/kal_ws/install/serial/lib'
[2.023s] Level 1:colcon.colcon_core.environment:checking '/home/hussein/Documents/kal_ws/install/serial/bin'
[2.023s] Level 1:colcon.colcon_core.environment:checking '/home/hussein/Documents/kal_ws/install/serial/lib/pkgconfig/serial.pc'
[2.024s] Level 1:colcon.colcon_core.environment:checking '/home/hussein/Documents/kal_ws/install/serial/lib/python3.10/site-packages'
[2.024s] Level 1:colcon.colcon_core.environment:checking '/home/hussein/Documents/kal_ws/install/serial/bin'
[2.037s] INFO:colcon.colcon_core.shell:Creating package script '/home/hussein/Documents/kal_ws/install/serial/share/serial/package.ps1'
[2.038s] INFO:colcon.colcon_core.shell:Creating package descriptor '/home/hussein/Documents/kal_ws/install/serial/share/serial/package.dsv'
[2.038s] INFO:colcon.colcon_core.shell:Creating package script '/home/hussein/Documents/kal_ws/install/serial/share/serial/package.sh'
[2.039s] INFO:colcon.colcon_core.shell:Creating package script '/home/hussein/Documents/kal_ws/install/serial/share/serial/package.bash'
[2.039s] INFO:colcon.colcon_core.shell:Creating package script '/home/hussein/Documents/kal_ws/install/serial/share/serial/package.zsh'
[2.039s] Level 1:colcon.colcon_core.environment:create_file_with_runtime_dependencies(/home/hussein/Documents/kal_ws/install/serial/share/colcon-core/packages/serial)
[2.041s] DEBUG:colcon.colcon_core.event_handler.log_command:Invoking command in '/home/hussein/Documents/kal_ws/build/serial_motor_demo_msgs': CMAKE_PREFIX_PATH=${CMAKE_PREFIX_PATH}:/home/hussein/Documents/kal_ws/install/serial_motor_demo:/opt/ros/humble /usr/bin/cmake --install /home/hussein/Documents/kal_ws/build/serial_motor_demo_msgs
[2.096s] Level 1:colcon.colcon_core.environment:create_environment_scripts_only(serial_motor_demo_msgs)
[2.097s] DEBUG:colcon.colcon_core.event_handler.log_command:Invoked command in '/home/hussein/Documents/kal_ws/build/serial_motor_demo_msgs' returned '0': CMAKE_PREFIX_PATH=${CMAKE_PREFIX_PATH}:/home/hussein/Documents/kal_ws/install/serial_motor_demo:/opt/ros/humble /usr/bin/cmake --install /home/hussein/Documents/kal_ws/build/serial_motor_demo_msgs
[2.120s] Level 1:colcon.colcon_core.environment:checking '/home/hussein/Documents/kal_ws/install/serial_motor_demo_msgs' for CMake module files
[2.121s] Level 1:colcon.colcon_core.environment:checking '/home/hussein/Documents/kal_ws/install/serial_motor_demo_msgs' for CMake config files
[2.121s] Level 1:colcon.colcon_core.shell:create_environment_hook('serial_motor_demo_msgs', 'cmake_prefix_path')
[2.144s] INFO:colcon.colcon_core.shell:Creating environment hook '/home/hussein/Documents/kal_ws/install/serial_motor_demo_msgs/share/serial_motor_demo_msgs/hook/cmake_prefix_path.ps1'
[2.144s] INFO:colcon.colcon_core.shell:Creating environment descriptor '/home/hussein/Documents/kal_ws/install/serial_motor_demo_msgs/share/serial_motor_demo_msgs/hook/cmake_prefix_path.dsv'
[2.145s] INFO:colcon.colcon_core.shell:Creating environment hook '/home/hussein/Documents/kal_ws/install/serial_motor_demo_msgs/share/serial_motor_demo_msgs/hook/cmake_prefix_path.sh'
[2.145s] Level 1:colcon.colcon_core.environment:checking '/home/hussein/Documents/kal_ws/install/serial_motor_demo_msgs/lib'
[2.145s] Level 1:colcon.colcon_core.shell:create_environment_hook('serial_motor_demo_msgs', 'ld_library_path_lib')
[2.166s] INFO:colcon.colcon_core.shell:Creating environment hook '/home/hussein/Documents/kal_ws/install/serial_motor_demo_msgs/share/serial_motor_demo_msgs/hook/ld_library_path_lib.ps1'
[2.166s] INFO:colcon.colcon_core.shell:Creating environment descriptor '/home/hussein/Documents/kal_ws/install/serial_motor_demo_msgs/share/serial_motor_demo_msgs/hook/ld_library_path_lib.dsv'
[2.167s] INFO:colcon.colcon_core.shell:Creating environment hook '/home/hussein/Documents/kal_ws/install/serial_motor_demo_msgs/share/serial_motor_demo_msgs/hook/ld_library_path_lib.sh'
[2.167s] Level 1:colcon.colcon_core.environment:checking '/home/hussein/Documents/kal_ws/install/serial_motor_demo_msgs/bin'
[2.167s] Level 1:colcon.colcon_core.environment:checking '/home/hussein/Documents/kal_ws/install/serial_motor_demo_msgs/lib/pkgconfig/serial_motor_demo_msgs.pc'
[2.167s] Level 1:colcon.colcon_core.environment:checking '/home/hussein/Documents/kal_ws/install/serial_motor_demo_msgs/lib/python3.10/site-packages'
[2.167s] Level 1:colcon.colcon_core.environment:checking '/home/hussein/Documents/kal_ws/install/serial_motor_demo_msgs/bin'
[2.186s] INFO:colcon.colcon_core.shell:Creating package script '/home/hussein/Documents/kal_ws/install/serial_motor_demo_msgs/share/serial_motor_demo_msgs/package.ps1'
[2.187s] INFO:colcon.colcon_core.shell:Creating package descriptor '/home/hussein/Documents/kal_ws/install/serial_motor_demo_msgs/share/serial_motor_demo_msgs/package.dsv'
[2.187s] INFO:colcon.colcon_core.shell:Creating package script '/home/hussein/Documents/kal_ws/install/serial_motor_demo_msgs/share/serial_motor_demo_msgs/package.sh'
[2.188s] INFO:colcon.colcon_core.shell:Creating package script '/home/hussein/Documents/kal_ws/install/serial_motor_demo_msgs/share/serial_motor_demo_msgs/package.bash'
[2.188s] INFO:colcon.colcon_core.shell:Creating package script '/home/hussein/Documents/kal_ws/install/serial_motor_demo_msgs/share/serial_motor_demo_msgs/package.zsh'
[2.188s] Level 1:colcon.colcon_core.environment:create_file_with_runtime_dependencies(/home/hussein/Documents/kal_ws/install/serial_motor_demo_msgs/share/colcon-core/packages/serial_motor_demo_msgs)
[2.276s] Level 1:colcon.colcon_core.environment:create_environment_scripts_only(serial_motor_demo_msgs)
[2.299s] Level 1:colcon.colcon_core.environment:checking '/home/hussein/Documents/kal_ws/install/serial_motor_demo_msgs' for CMake module files
[2.300s] Level 1:colcon.colcon_core.environment:checking '/home/hussein/Documents/kal_ws/install/serial_motor_demo_msgs' for CMake config files
[2.300s] Level 1:colcon.colcon_core.shell:create_environment_hook('serial_motor_demo_msgs', 'cmake_prefix_path')
[2.324s] INFO:colcon.colcon_core.shell:Creating environment hook '/home/hussein/Documents/kal_ws/install/serial_motor_demo_msgs/share/serial_motor_demo_msgs/hook/cmake_prefix_path.ps1'
[2.325s] INFO:colcon.colcon_core.shell:Creating environment descriptor '/home/hussein/Documents/kal_ws/install/serial_motor_demo_msgs/share/serial_motor_demo_msgs/hook/cmake_prefix_path.dsv'
[2.325s] INFO:colcon.colcon_core.shell:Creating environment hook '/home/hussein/Documents/kal_ws/install/serial_motor_demo_msgs/share/serial_motor_demo_msgs/hook/cmake_prefix_path.sh'
[2.326s] Level 1:colcon.colcon_core.environment:checking '/home/hussein/Documents/kal_ws/install/serial_motor_demo_msgs/lib'
[2.326s] Level 1:colcon.colcon_core.shell:create_environment_hook('serial_motor_demo_msgs', 'ld_library_path_lib')
[2.349s] INFO:colcon.colcon_core.shell:Creating environment hook '/home/hussein/Documents/kal_ws/install/serial_motor_demo_msgs/share/serial_motor_demo_msgs/hook/ld_library_path_lib.ps1'
[2.350s] INFO:colcon.colcon_core.shell:Creating environment descriptor '/home/hussein/Documents/kal_ws/install/serial_motor_demo_msgs/share/serial_motor_demo_msgs/hook/ld_library_path_lib.dsv'
[2.351s] INFO:colcon.colcon_core.shell:Creating environment hook '/home/hussein/Documents/kal_ws/install/serial_motor_demo_msgs/share/serial_motor_demo_msgs/hook/ld_library_path_lib.sh'
[2.351s] Level 1:colcon.colcon_core.environment:checking '/home/hussein/Documents/kal_ws/install/serial_motor_demo_msgs/bin'
[2.351s] Level 1:colcon.colcon_core.environment:checking '/home/hussein/Documents/kal_ws/install/serial_motor_demo_msgs/lib/pkgconfig/serial_motor_demo_msgs.pc'
[2.351s] Level 1:colcon.colcon_core.environment:checking '/home/hussein/Documents/kal_ws/install/serial_motor_demo_msgs/lib/python3.10/site-packages'
[2.352s] Level 1:colcon.colcon_core.environment:checking '/home/hussein/Documents/kal_ws/install/serial_motor_demo_msgs/bin'
[2.376s] INFO:colcon.colcon_core.shell:Creating package script '/home/hussein/Documents/kal_ws/install/serial_motor_demo_msgs/share/serial_motor_demo_msgs/package.ps1'
[2.377s] INFO:colcon.colcon_core.shell:Creating package descriptor '/home/hussein/Documents/kal_ws/install/serial_motor_demo_msgs/share/serial_motor_demo_msgs/package.dsv'
[2.378s] INFO:colcon.colcon_core.shell:Creating package script '/home/hussein/Documents/kal_ws/install/serial_motor_demo_msgs/share/serial_motor_demo_msgs/package.sh'
[2.379s] INFO:colcon.colcon_core.shell:Creating package script '/home/hussein/Documents/kal_ws/install/serial_motor_demo_msgs/share/serial_motor_demo_msgs/package.bash'
[2.379s] INFO:colcon.colcon_core.shell:Creating package script '/home/hussein/Documents/kal_ws/install/serial_motor_demo_msgs/share/serial_motor_demo_msgs/package.zsh'
[2.380s] Level 1:colcon.colcon_core.environment:create_file_with_runtime_dependencies(/home/hussein/Documents/kal_ws/install/serial_motor_demo_msgs/share/colcon-core/packages/serial_motor_demo_msgs)
[2.381s] INFO:colcon.colcon_ros.task.ament_python.build:Building ROS package in '/home/hussein/Documents/kal_ws/src/serial_motor_demo/serial_motor_demo' with build type 'ament_python'
[2.381s] Level 1:colcon.colcon_core.shell:create_environment_hook('serial_motor_demo', 'ament_prefix_path')
[2.397s] INFO:colcon.colcon_core.shell:Creating environment hook '/home/hussein/Documents/kal_ws/install/serial_motor_demo/share/serial_motor_demo/hook/ament_prefix_path.ps1'
[2.397s] INFO:colcon.colcon_core.shell:Creating environment descriptor '/home/hussein/Documents/kal_ws/install/serial_motor_demo/share/serial_motor_demo/hook/ament_prefix_path.dsv'
[2.397s] INFO:colcon.colcon_core.shell:Creating environment hook '/home/hussein/Documents/kal_ws/install/serial_motor_demo/share/serial_motor_demo/hook/ament_prefix_path.sh'
[2.413s] INFO:colcon.colcon_core.shell:Skip shell extension 'powershell' for command environment: Not usable outside of PowerShell
[2.413s] DEBUG:colcon.colcon_core.shell:Skip shell extension 'dsv' for command environment
[2.672s] INFO:colcon.colcon_core.task.python.build:Building Python package in '/home/hussein/Documents/kal_ws/src/serial_motor_demo/serial_motor_demo'
[2.687s] INFO:colcon.colcon_core.shell:Skip shell extension 'powershell' for command environment: Not usable outside of PowerShell
[2.687s] DEBUG:colcon.colcon_core.shell:Skip shell extension 'dsv' for command environment
[3.045s] DEBUG:colcon.colcon_core.event_handler.log_command:Invoking command in '/home/hussein/Documents/kal_ws/src/serial_motor_demo/serial_motor_demo': PYTHONPATH=/home/hussein/Documents/kal_ws/build/serial_motor_demo/prefix_override:/home/hussein/Documents/kal_ws/install/serial_motor_demo/lib/python3.10/site-packages:${PYTHONPATH} /usr/bin/python3 setup.py egg_info --egg-base ../../../build/serial_motor_demo build --build-base /home/hussein/Documents/kal_ws/build/serial_motor_demo/build install --record /home/hussein/Documents/kal_ws/build/serial_motor_demo/install.log --install-scripts $base/lib/serial_motor_demo --single-version-externally-managed
[3.292s] DEBUG:colcon.colcon_core.event_handler.log_command:Invoked command in '/home/hussein/Documents/kal_ws/src/serial_motor_demo/serial_motor_demo' returned '0': PYTHONPATH=/home/hussein/Documents/kal_ws/build/serial_motor_demo/prefix_override:/home/hussein/Documents/kal_ws/install/serial_motor_demo/lib/python3.10/site-packages:${PYTHONPATH} /usr/bin/python3 setup.py egg_info --egg-base ../../../build/serial_motor_demo build --build-base /home/hussein/Documents/kal_ws/build/serial_motor_demo/build install --record /home/hussein/Documents/kal_ws/build/serial_motor_demo/install.log --install-scripts $base/lib/serial_motor_demo --single-version-externally-managed
[3.305s] Level 1:colcon.colcon_core.environment:checking '/home/hussein/Documents/kal_ws/install/serial_motor_demo' for CMake module files
[3.306s] Level 1:colcon.colcon_core.environment:checking '/home/hussein/Documents/kal_ws/install/serial_motor_demo' for CMake config files
[3.306s] Level 1:colcon.colcon_core.environment:checking '/home/hussein/Documents/kal_ws/install/serial_motor_demo/lib'
[3.306s] Level 1:colcon.colcon_core.environment:checking '/home/hussein/Documents/kal_ws/install/serial_motor_demo/bin'
[3.306s] Level 1:colcon.colcon_core.environment:checking '/home/hussein/Documents/kal_ws/install/serial_motor_demo/lib/pkgconfig/serial_motor_demo.pc'
[3.306s] Level 1:colcon.colcon_core.environment:checking '/home/hussein/Documents/kal_ws/install/serial_motor_demo/lib/python3.10/site-packages'
[3.306s] Level 1:colcon.colcon_core.shell:create_environment_hook('serial_motor_demo', 'pythonpath')
[3.319s] INFO:colcon.colcon_core.shell:Creating environment hook '/home/hussein/Documents/kal_ws/install/serial_motor_demo/share/serial_motor_demo/hook/pythonpath.ps1'
[3.319s] INFO:colcon.colcon_core.shell:Creating environment descriptor '/home/hussein/Documents/kal_ws/install/serial_motor_demo/share/serial_motor_demo/hook/pythonpath.dsv'
[3.319s] INFO:colcon.colcon_core.shell:Creating environment hook '/home/hussein/Documents/kal_ws/install/serial_motor_demo/share/serial_motor_demo/hook/pythonpath.sh'
[3.320s] Level 1:colcon.colcon_core.environment:checking '/home/hussein/Documents/kal_ws/install/serial_motor_demo/bin'
[3.320s] Level 1:colcon.colcon_core.environment:create_environment_scripts_only(serial_motor_demo)
[3.332s] INFO:colcon.colcon_core.shell:Creating package script '/home/hussein/Documents/kal_ws/install/serial_motor_demo/share/serial_motor_demo/package.ps1'
[3.332s] INFO:colcon.colcon_core.shell:Creating package descriptor '/home/hussein/Documents/kal_ws/install/serial_motor_demo/share/serial_motor_demo/package.dsv'
[3.333s] INFO:colcon.colcon_core.shell:Creating package script '/home/hussein/Documents/kal_ws/install/serial_motor_demo/share/serial_motor_demo/package.sh'
[3.333s] INFO:colcon.colcon_core.shell:Creating package script '/home/hussein/Documents/kal_ws/install/serial_motor_demo/share/serial_motor_demo/package.bash'
[3.333s] INFO:colcon.colcon_core.shell:Creating package script '/home/hussein/Documents/kal_ws/install/serial_motor_demo/share/serial_motor_demo/package.zsh'
[3.334s] Level 1:colcon.colcon_core.environment:create_file_with_runtime_dependencies(/home/hussein/Documents/kal_ws/install/serial_motor_demo/share/colcon-core/packages/serial_motor_demo)
[3.334s] DEBUG:colcon.colcon_parallel_executor.executor.parallel:closing loop
[3.334s] DEBUG:colcon.colcon_parallel_executor.executor.parallel:loop closed
[3.334s] DEBUG:colcon.colcon_parallel_executor.executor.parallel:run_until_complete finished with '0'
[3.335s] DEBUG:colcon.colcon_core.event_reactor:joining thread
[3.351s] INFO:colcon.colcon_core.plugin_system:Skipping extension 'colcon_notification.desktop_notification.terminal_notifier': Not used on non-Darwin systems
[3.351s] INFO:colcon.colcon_core.plugin_system:Skipping extension 'colcon_notification.desktop_notification.win32': Not used on non-Windows systems
[3.351s] INFO:colcon.colcon_notification.desktop_notification:Sending desktop notification using 'notify2'
[3.359s] DEBUG:colcon.colcon_core.event_reactor:joined thread
[3.374s] INFO:colcon.colcon_core.shell:Creating prefix script '/home/hussein/Documents/kal_ws/install/local_setup.ps1'
[3.375s] INFO:colcon.colcon_core.shell:Creating prefix util module '/home/hussein/Documents/kal_ws/install/_local_setup_util_ps1.py'
[3.376s] INFO:colcon.colcon_core.shell:Creating prefix chain script '/home/hussein/Documents/kal_ws/install/setup.ps1'
[3.390s] INFO:colcon.colcon_core.shell:Creating prefix script '/home/hussein/Documents/kal_ws/install/local_setup.sh'
[3.390s] INFO:colcon.colcon_core.shell:Creating prefix util module '/home/hussein/Documents/kal_ws/install/_local_setup_util_sh.py'
[3.391s] INFO:colcon.colcon_core.shell:Creating prefix chain script '/home/hussein/Documents/kal_ws/install/setup.sh'
[3.405s] INFO:colcon.colcon_core.shell:Creating prefix script '/home/hussein/Documents/kal_ws/install/local_setup.bash'
[3.405s] INFO:colcon.colcon_core.shell:Creating prefix chain script '/home/hussein/Documents/kal_ws/install/setup.bash'
[3.419s] INFO:colcon.colcon_core.shell:Creating prefix script '/home/hussein/Documents/kal_ws/install/local_setup.zsh'
[3.419s] INFO:colcon.colcon_core.shell:Creating prefix chain script '/home/hussein/Documents/kal_ws/install/setup.zsh'
