[0.512s] Invoking command in '/home/hussein/Documents/kal_ws/build/serial': CMAKE_PREFIX_PATH=${CMAKE_PREFIX_PATH}:/home/hussein/Documents/kal_ws/install/serial_motor_demo:/opt/ros/humble /usr/bin/cmake --build /home/hussein/Documents/kal_ws/build/serial -- -j4 -l4
[0.888s] [ 28%] Built target serial
[0.921s] [ 42%] Built target gtest_main
[0.977s] [ 57%] Built target gtest
[1.053s] [ 71%] Built target serial_example
[1.188s] [ 85%] Built target serial-test
[1.251s] [100%] Built target serial-test-timer
[2.102s] Invoked command in '/home/hussein/Documents/kal_ws/build/serial' returned '0': CMAKE_PREFIX_PATH=${CMAKE_PREFIX_PATH}:/home/hussein/Documents/kal_ws/install/serial_motor_demo:/opt/ros/humble /usr/bin/cmake --build /home/hussein/Documents/kal_ws/build/serial -- -j4 -l4
[3.126s] Invoking command in '/home/hussein/Documents/kal_ws/build/serial': CMAKE_PREFIX_PATH=${CMAKE_PREFIX_PATH}:/home/hussein/Documents/kal_ws/install/serial_motor_demo:/opt/ros/humble /usr/bin/cmake --install /home/hussein/Documents/kal_ws/build/serial
[3.167s] -- Install configuration: ""
[3.171s] -- Up-to-date: /home/hussein/Documents/kal_ws/install/serial/lib/libserial.a
[3.172s] -- Up-to-date: /home/hussein/Documents/kal_ws/install/serial/include/serial/serial.h
[3.173s] -- Up-to-date: /home/hussein/Documents/kal_ws/install/serial/include/serial/v8stdint.h
[3.174s] -- Up-to-date: /home/hussein/Documents/kal_ws/install/serial/share/serial/environment/library_path.sh
[3.175s] -- Up-to-date: /home/hussein/Documents/kal_ws/install/serial/share/serial/environment/library_path.dsv
[3.176s] -- Up-to-date: /home/hussein/Documents/kal_ws/install/serial/share/ament_index/resource_index/package_run_dependencies/serial
[3.177s] -- Up-to-date: /home/hussein/Documents/kal_ws/install/serial/share/ament_index/resource_index/parent_prefix_path/serial
[3.178s] -- Up-to-date: /home/hussein/Documents/kal_ws/install/serial/share/serial/environment/ament_prefix_path.sh
[3.179s] -- Up-to-date: /home/hussein/Documents/kal_ws/install/serial/share/serial/environment/ament_prefix_path.dsv
[3.180s] -- Up-to-date: /home/hussein/Documents/kal_ws/install/serial/share/serial/environment/path.sh
[3.181s] -- Up-to-date: /home/hussein/Documents/kal_ws/install/serial/share/serial/environment/path.dsv
[3.182s] -- Up-to-date: /home/hussein/Documents/kal_ws/install/serial/share/serial/local_setup.bash
[3.184s] -- Up-to-date: /home/hussein/Documents/kal_ws/install/serial/share/serial/local_setup.sh
[3.185s] -- Up-to-date: /home/hussein/Documents/kal_ws/install/serial/share/serial/local_setup.zsh
[3.186s] -- Up-to-date: /home/hussein/Documents/kal_ws/install/serial/share/serial/local_setup.dsv
[3.187s] -- Installing: /home/hussein/Documents/kal_ws/install/serial/share/serial/package.dsv
[3.188s] -- Up-to-date: /home/hussein/Documents/kal_ws/install/serial/share/ament_index/resource_index/packages/serial
[3.189s] -- Up-to-date: /home/hussein/Documents/kal_ws/install/serial/share/serial/cmake/ament_cmake_export_include_directories-extras.cmake
[3.191s] -- Up-to-date: /home/hussein/Documents/kal_ws/install/serial/share/serial/cmake/ament_cmake_export_libraries-extras.cmake
[3.192s] -- Up-to-date: /home/hussein/Documents/kal_ws/install/serial/share/serial/cmake/serialConfig.cmake
[3.193s] -- Up-to-date: /home/hussein/Documents/kal_ws/install/serial/share/serial/cmake/serialConfig-version.cmake
[3.194s] -- Up-to-date: /home/hussein/Documents/kal_ws/install/serial/share/serial/package.xml
[3.636s] Invoked command in '/home/hussein/Documents/kal_ws/build/serial' returned '0': CMAKE_PREFIX_PATH=${CMAKE_PREFIX_PATH}:/home/hussein/Documents/kal_ws/install/serial_motor_demo:/opt/ros/humble /usr/bin/cmake --install /home/hussein/Documents/kal_ws/build/serial
