[0.441s] Invoking command in '/home/hussein/Documents/kal_ws/build/rplidar_ros': CMAKE_PREFIX_PATH=/opt/ros/humble /usr/bin/cmake /home/hussein/Documents/kal_ws/src/rplidar_ros2 -DCMAKE_INSTALL_PREFIX=/home/hussein/Documents/kal_ws/install/rplidar_ros
[1.134s] -- The C compiler identification is GNU 11.4.0
[1.717s] -- The CXX compiler identification is GNU 11.4.0
[1.792s] -- Detecting C compiler ABI info
[2.340s] -- Detecting C compiler ABI info - done
[2.364s] -- Check for working C compiler: /usr/bin/cc - skipped
[2.366s] -- Detecting C compile features
[2.367s] -- Detecting C compile features - done
[2.390s] -- Detecting CXX compiler ABI info
[2.945s] -- Detecting CXX compiler ABI info - done
[3.003s] -- Check for working CXX compiler: /usr/bin/c++ - skipped
[3.004s] -- Detecting CXX compile features
[3.004s] -- Detecting CXX compile features - done
[3.037s] -- Found ament_cmake_auto: 1.3.6 (/opt/ros/humble/share/ament_cmake_auto/cmake)
[4.196s] -- Found Python3: /usr/bin/python3.10 (found version "3.10.12") found components: Interpreter 
[4.835s] -- Found ament_cmake_ros: 0.10.0 (/opt/ros/humble/share/ament_cmake_ros/cmake)
[5.836s] -- Found rosidl_generator_c: 3.1.5 (/opt/ros/humble/share/rosidl_generator_c/cmake)
[5.884s] -- Found rosidl_adapter: 3.1.5 (/opt/ros/humble/share/rosidl_adapter/cmake)
[5.952s] -- Found rosidl_generator_cpp: 3.1.5 (/opt/ros/humble/share/rosidl_generator_cpp/cmake)
[6.047s] -- Using all available rosidl_typesupport_c: rosidl_typesupport_fastrtps_c;rosidl_typesupport_introspection_c
[6.179s] -- Using all available rosidl_typesupport_cpp: rosidl_typesupport_fastrtps_cpp;rosidl_typesupport_introspection_cpp
[6.628s] -- Found rmw_implementation_cmake: 6.1.1 (/opt/ros/humble/share/rmw_implementation_cmake/cmake)
[6.653s] -- Found rmw_fastrtps_cpp: 6.2.5 (/opt/ros/humble/share/rmw_fastrtps_cpp/cmake)
[7.384s] -- Found OpenSSL: /usr/lib/aarch64-linux-gnu/libcrypto.so (found version "3.0.2")  
[7.692s] -- Found FastRTPS: /opt/ros/humble/include  
[8.219s] -- Using RMW implementation 'rmw_fastrtps_cpp' as default
[8.306s] -- Looking for pthread.h
[8.700s] -- Looking for pthread.h - found
[8.701s] -- Performing Test CMAKE_HAVE_LIBC_PTHREAD
[9.093s] -- Performing Test CMAKE_HAVE_LIBC_PTHREAD - Success
[9.099s] -- Found Threads: TRUE  
[11.063s] -- Configuring done
[11.197s] -- Generating done
[11.212s] -- Build files have been written to: /home/hussein/Documents/kal_ws/build/rplidar_ros
