[0.439s] Invoking command in '/home/hussein/Documents/kal_ws/build/serial': CMAKE_PREFIX_PATH=${CMAKE_PREFIX_PATH}:/home/hussein/Documents/kal_ws/install/serial_motor_demo:/opt/ros/humble /usr/bin/cmake --build /home/hussein/Documents/kal_ws/build/serial -- -j4 -l4
[0.769s] [ 14%] Built target gtest_main
[0.782s] [ 28%] Built target gtest
[0.804s] [ 57%] Built target serial
[0.958s] [ 71%] Built target serial-test
[1.003s] [ 85%] Built target serial-test-timer
[1.003s] [100%] Built target serial_example
[1.327s] Invoked command in '/home/hussein/Documents/kal_ws/build/serial' returned '0': CMAKE_PREFIX_PATH=${CMAKE_PREFIX_PATH}:/home/hussein/Documents/kal_ws/install/serial_motor_demo:/opt/ros/humble /usr/bin/cmake --build /home/hussein/Documents/kal_ws/build/serial -- -j4 -l4
[2.217s] Invoking command in '/home/hussein/Documents/kal_ws/build/serial': CMAKE_PREFIX_PATH=${CMAKE_PREFIX_PATH}:/home/hussein/Documents/kal_ws/install/serial_motor_demo:/opt/ros/humble /usr/bin/cmake --install /home/hussein/Documents/kal_ws/build/serial
[2.248s] -- Install configuration: ""
[2.251s] -- Up-to-date: /home/hussein/Documents/kal_ws/install/serial/lib/libserial.a
[2.254s] -- Up-to-date: /home/hussein/Documents/kal_ws/install/serial/include/serial/serial.h
[2.255s] -- Up-to-date: /home/hussein/Documents/kal_ws/install/serial/include/serial/v8stdint.h
[2.257s] -- Up-to-date: /home/hussein/Documents/kal_ws/install/serial/share/serial/environment/library_path.sh
[2.258s] -- Up-to-date: /home/hussein/Documents/kal_ws/install/serial/share/serial/environment/library_path.dsv
[2.260s] -- Up-to-date: /home/hussein/Documents/kal_ws/install/serial/share/ament_index/resource_index/package_run_dependencies/serial
[2.261s] -- Up-to-date: /home/hussein/Documents/kal_ws/install/serial/share/ament_index/resource_index/parent_prefix_path/serial
[2.263s] -- Up-to-date: /home/hussein/Documents/kal_ws/install/serial/share/serial/environment/ament_prefix_path.sh
[2.265s] -- Up-to-date: /home/hussein/Documents/kal_ws/install/serial/share/serial/environment/ament_prefix_path.dsv
[2.266s] -- Up-to-date: /home/hussein/Documents/kal_ws/install/serial/share/serial/environment/path.sh
[2.267s] -- Up-to-date: /home/hussein/Documents/kal_ws/install/serial/share/serial/environment/path.dsv
[2.268s] -- Up-to-date: /home/hussein/Documents/kal_ws/install/serial/share/serial/local_setup.bash
[2.269s] -- Up-to-date: /home/hussein/Documents/kal_ws/install/serial/share/serial/local_setup.sh
[2.270s] -- Up-to-date: /home/hussein/Documents/kal_ws/install/serial/share/serial/local_setup.zsh
[2.271s] -- Up-to-date: /home/hussein/Documents/kal_ws/install/serial/share/serial/local_setup.dsv
[2.272s] -- Installing: /home/hussein/Documents/kal_ws/install/serial/share/serial/package.dsv
[2.273s] -- Up-to-date: /home/hussein/Documents/kal_ws/install/serial/share/ament_index/resource_index/packages/serial
[2.276s] -- Up-to-date: /home/hussein/Documents/kal_ws/install/serial/share/serial/cmake/ament_cmake_export_include_directories-extras.cmake
[2.276s] -- Up-to-date: /home/hussein/Documents/kal_ws/install/serial/share/serial/cmake/ament_cmake_export_libraries-extras.cmake
[2.278s] -- Up-to-date: /home/hussein/Documents/kal_ws/install/serial/share/serial/cmake/serialConfig.cmake
[2.280s] -- Up-to-date: /home/hussein/Documents/kal_ws/install/serial/share/serial/cmake/serialConfig-version.cmake
[2.282s] -- Up-to-date: /home/hussein/Documents/kal_ws/install/serial/share/serial/package.xml
[2.716s] Invoked command in '/home/hussein/Documents/kal_ws/build/serial' returned '0': CMAKE_PREFIX_PATH=${CMAKE_PREFIX_PATH}:/home/hussein/Documents/kal_ws/install/serial_motor_demo:/opt/ros/humble /usr/bin/cmake --install /home/hussein/Documents/kal_ws/build/serial
