[0.807s] DEBUG:colcon:Command line arguments: ['/usr/bin/colcon', 'build']
[0.807s] DEBUG:colcon:Parsed command line arguments: Namespace(log_base=None, log_level=None, verb_name='build', build_base='build', install_base='install', merge_install=False, symlink_install=False, test_result_base=None, continue_on_error=False, executor='parallel', parallel_workers=12, event_handlers=None, ignore_user_meta=False, metas=['./colcon.meta'], base_paths=['.'], packages_ignore=None, packages_ignore_regex=None, paths=None, packages_up_to=None, packages_up_to_regex=None, packages_above=None, packages_above_and_dependencies=None, packages_above_depth=None, packages_select_by_dep=None, packages_skip_by_dep=None, packages_skip_up_to=None, packages_select_build_failed=False, packages_skip_build_finished=False, packages_select_test_failures=False, packages_skip_test_passed=False, packages_select=None, packages_skip=None, packages_select_regex=None, packages_skip_regex=None, packages_start=None, packages_end=None, allow_overriding=[], cmake_args=None, cmake_target=None, cmake_target_skip_unavailable=False, cmake_clean_cache=False, cmake_clean_first=False, cmake_force_configure=False, ament_cmake_args=None, catkin_cmake_args=None, catkin_skip_building_tests=False, verb_parser=<colcon_defaults.argument_parser.defaults.DefaultArgumentsDecorator object at 0x7faafdf6d330>, verb_extension=<colcon_core.verb.build.BuildVerb object at 0x7faafdf6f610>, main=<bound method BuildVerb.main of <colcon_core.verb.build.BuildVerb object at 0x7faafdf6f610>>)
[0.843s] Level 1:colcon.colcon_core.package_discovery:discover_packages(colcon_meta) check parameters
[0.843s] Level 1:colcon.colcon_core.package_discovery:discover_packages(recursive) check parameters
[0.843s] Level 1:colcon.colcon_core.package_discovery:discover_packages(ignore) check parameters
[0.843s] Level 1:colcon.colcon_core.package_discovery:discover_packages(path) check parameters
[0.843s] Level 1:colcon.colcon_core.package_discovery:discover_packages(colcon_meta) discover
[0.843s] Level 1:colcon.colcon_core.package_discovery:discover_packages(recursive) discover
[0.843s] INFO:colcon.colcon_core.package_discovery:Crawling recursively for packages in '/home/hussein/Documents/kal_ws'
[0.843s] Level 1:colcon.colcon_core.package_identification:_identify(.) by extensions ['ignore', 'ignore_ament_install']
[0.843s] Level 1:colcon.colcon_core.package_identification:_identify(.) by extension 'ignore'
[0.843s] Level 1:colcon.colcon_core.package_identification:_identify(.) by extension 'ignore_ament_install'
[0.843s] Level 1:colcon.colcon_core.package_identification:_identify(.) by extensions ['colcon_pkg']
[0.844s] Level 1:colcon.colcon_core.package_identification:_identify(.) by extension 'colcon_pkg'
[0.844s] Level 1:colcon.colcon_core.package_identification:_identify(.) by extensions ['colcon_meta']
[0.844s] Level 1:colcon.colcon_core.package_identification:_identify(.) by extension 'colcon_meta'
[0.844s] Level 1:colcon.colcon_core.package_identification:_identify(.) by extensions ['ros']
[0.844s] Level 1:colcon.colcon_core.package_identification:_identify(.) by extension 'ros'
[0.851s] Level 1:colcon.colcon_core.package_identification:_identify(.) by extensions ['cmake', 'python']
[0.851s] Level 1:colcon.colcon_core.package_identification:_identify(.) by extension 'cmake'
[0.851s] Level 1:colcon.colcon_core.package_identification:_identify(.) by extension 'python'
[0.851s] Level 1:colcon.colcon_core.package_identification:_identify(.) by extensions ['python_setup_py']
[0.851s] Level 1:colcon.colcon_core.package_identification:_identify(.) by extension 'python_setup_py'
[0.851s] Level 1:colcon.colcon_core.package_identification:_identify(build) by extensions ['ignore', 'ignore_ament_install']
[0.851s] Level 1:colcon.colcon_core.package_identification:_identify(build) by extension 'ignore'
[0.852s] Level 1:colcon.colcon_core.package_identification:_identify(build) ignored
[0.852s] Level 1:colcon.colcon_core.package_identification:_identify(install) by extensions ['ignore', 'ignore_ament_install']
[0.852s] Level 1:colcon.colcon_core.package_identification:_identify(install) by extension 'ignore'
[0.852s] Level 1:colcon.colcon_core.package_identification:_identify(install) ignored
[0.852s] Level 1:colcon.colcon_core.package_identification:_identify(log) by extensions ['ignore', 'ignore_ament_install']
[0.852s] Level 1:colcon.colcon_core.package_identification:_identify(log) by extension 'ignore'
[0.852s] Level 1:colcon.colcon_core.package_identification:_identify(log) ignored
[0.852s] Level 1:colcon.colcon_core.package_identification:_identify(src) by extensions ['ignore', 'ignore_ament_install']
[0.852s] Level 1:colcon.colcon_core.package_identification:_identify(src) by extension 'ignore'
[0.852s] Level 1:colcon.colcon_core.package_identification:_identify(src) by extension 'ignore_ament_install'
[0.852s] Level 1:colcon.colcon_core.package_identification:_identify(src) by extensions ['colcon_pkg']
[0.852s] Level 1:colcon.colcon_core.package_identification:_identify(src) by extension 'colcon_pkg'
[0.852s] Level 1:colcon.colcon_core.package_identification:_identify(src) by extensions ['colcon_meta']
[0.852s] Level 1:colcon.colcon_core.package_identification:_identify(src) by extension 'colcon_meta'
[0.852s] Level 1:colcon.colcon_core.package_identification:_identify(src) by extensions ['ros']
[0.852s] Level 1:colcon.colcon_core.package_identification:_identify(src) by extension 'ros'
[0.853s] Level 1:colcon.colcon_core.package_identification:_identify(src) by extensions ['cmake', 'python']
[0.853s] Level 1:colcon.colcon_core.package_identification:_identify(src) by extension 'cmake'
[0.853s] Level 1:colcon.colcon_core.package_identification:_identify(src) by extension 'python'
[0.853s] Level 1:colcon.colcon_core.package_identification:_identify(src) by extensions ['python_setup_py']
[0.853s] Level 1:colcon.colcon_core.package_identification:_identify(src) by extension 'python_setup_py'
[0.853s] Level 1:colcon.colcon_core.package_identification:_identify(src/diffdrive_arduino) by extensions ['ignore', 'ignore_ament_install']
[0.853s] Level 1:colcon.colcon_core.package_identification:_identify(src/diffdrive_arduino) by extension 'ignore'
[0.853s] Level 1:colcon.colcon_core.package_identification:_identify(src/diffdrive_arduino) by extension 'ignore_ament_install'
[0.853s] Level 1:colcon.colcon_core.package_identification:_identify(src/diffdrive_arduino) by extensions ['colcon_pkg']
[0.853s] Level 1:colcon.colcon_core.package_identification:_identify(src/diffdrive_arduino) by extension 'colcon_pkg'
[0.853s] Level 1:colcon.colcon_core.package_identification:_identify(src/diffdrive_arduino) by extensions ['colcon_meta']
[0.853s] Level 1:colcon.colcon_core.package_identification:_identify(src/diffdrive_arduino) by extension 'colcon_meta'
[0.853s] Level 1:colcon.colcon_core.package_identification:_identify(src/diffdrive_arduino) by extensions ['ros']
[0.853s] Level 1:colcon.colcon_core.package_identification:_identify(src/diffdrive_arduino) by extension 'ros'
[0.855s] DEBUG:colcon.colcon_core.package_identification:Package 'src/diffdrive_arduino' with type 'ros.ament_cmake' and name 'diffdrive_arduino'
[0.855s] Level 1:colcon.colcon_core.package_identification:_identify(src/kal_package) by extensions ['ignore', 'ignore_ament_install']
[0.855s] Level 1:colcon.colcon_core.package_identification:_identify(src/kal_package) by extension 'ignore'
[0.855s] Level 1:colcon.colcon_core.package_identification:_identify(src/kal_package) by extension 'ignore_ament_install'
[0.855s] Level 1:colcon.colcon_core.package_identification:_identify(src/kal_package) by extensions ['colcon_pkg']
[0.855s] Level 1:colcon.colcon_core.package_identification:_identify(src/kal_package) by extension 'colcon_pkg'
[0.855s] Level 1:colcon.colcon_core.package_identification:_identify(src/kal_package) by extensions ['colcon_meta']
[0.855s] Level 1:colcon.colcon_core.package_identification:_identify(src/kal_package) by extension 'colcon_meta'
[0.855s] Level 1:colcon.colcon_core.package_identification:_identify(src/kal_package) by extensions ['ros']
[0.855s] Level 1:colcon.colcon_core.package_identification:_identify(src/kal_package) by extension 'ros'
[0.856s] DEBUG:colcon.colcon_core.package_identification:Package 'src/kal_package' with type 'ros.ament_cmake' and name 'kal_package'
[0.856s] Level 1:colcon.colcon_core.package_identification:_identify(src/rplidar_ros2) by extensions ['ignore', 'ignore_ament_install']
[0.856s] Level 1:colcon.colcon_core.package_identification:_identify(src/rplidar_ros2) by extension 'ignore'
[0.856s] Level 1:colcon.colcon_core.package_identification:_identify(src/rplidar_ros2) by extension 'ignore_ament_install'
[0.856s] Level 1:colcon.colcon_core.package_identification:_identify(src/rplidar_ros2) by extensions ['colcon_pkg']
[0.856s] Level 1:colcon.colcon_core.package_identification:_identify(src/rplidar_ros2) by extension 'colcon_pkg'
[0.856s] Level 1:colcon.colcon_core.package_identification:_identify(src/rplidar_ros2) by extensions ['colcon_meta']
[0.856s] Level 1:colcon.colcon_core.package_identification:_identify(src/rplidar_ros2) by extension 'colcon_meta'
[0.856s] Level 1:colcon.colcon_core.package_identification:_identify(src/rplidar_ros2) by extensions ['ros']
[0.856s] Level 1:colcon.colcon_core.package_identification:_identify(src/rplidar_ros2) by extension 'ros'
[0.857s] DEBUG:colcon.colcon_core.package_identification:Package 'src/rplidar_ros2' with type 'ros.ament_cmake' and name 'rplidar_ros'
[0.857s] Level 1:colcon.colcon_core.package_identification:_identify(src/serial) by extensions ['ignore', 'ignore_ament_install']
[0.857s] Level 1:colcon.colcon_core.package_identification:_identify(src/serial) by extension 'ignore'
[0.857s] Level 1:colcon.colcon_core.package_identification:_identify(src/serial) by extension 'ignore_ament_install'
[0.857s] Level 1:colcon.colcon_core.package_identification:_identify(src/serial) by extensions ['colcon_pkg']
[0.857s] Level 1:colcon.colcon_core.package_identification:_identify(src/serial) by extension 'colcon_pkg'
[0.857s] Level 1:colcon.colcon_core.package_identification:_identify(src/serial) by extensions ['colcon_meta']
[0.857s] Level 1:colcon.colcon_core.package_identification:_identify(src/serial) by extension 'colcon_meta'
[0.857s] Level 1:colcon.colcon_core.package_identification:_identify(src/serial) by extensions ['ros']
[0.857s] Level 1:colcon.colcon_core.package_identification:_identify(src/serial) by extension 'ros'
[0.858s] DEBUG:colcon.colcon_core.package_identification:Package 'src/serial' with type 'ros.ament_cmake' and name 'serial'
[0.858s] Level 1:colcon.colcon_core.package_identification:_identify(src/serial_motor_demo) by extensions ['ignore', 'ignore_ament_install']
[0.858s] Level 1:colcon.colcon_core.package_identification:_identify(src/serial_motor_demo) by extension 'ignore'
[0.858s] Level 1:colcon.colcon_core.package_identification:_identify(src/serial_motor_demo) by extension 'ignore_ament_install'
[0.858s] Level 1:colcon.colcon_core.package_identification:_identify(src/serial_motor_demo) by extensions ['colcon_pkg']
[0.858s] Level 1:colcon.colcon_core.package_identification:_identify(src/serial_motor_demo) by extension 'colcon_pkg'
[0.858s] Level 1:colcon.colcon_core.package_identification:_identify(src/serial_motor_demo) by extensions ['colcon_meta']
[0.858s] Level 1:colcon.colcon_core.package_identification:_identify(src/serial_motor_demo) by extension 'colcon_meta'
[0.858s] Level 1:colcon.colcon_core.package_identification:_identify(src/serial_motor_demo) by extensions ['ros']
[0.858s] Level 1:colcon.colcon_core.package_identification:_identify(src/serial_motor_demo) by extension 'ros'
[0.858s] Level 1:colcon.colcon_core.package_identification:_identify(src/serial_motor_demo) by extensions ['cmake', 'python']
[0.858s] Level 1:colcon.colcon_core.package_identification:_identify(src/serial_motor_demo) by extension 'cmake'
[0.858s] Level 1:colcon.colcon_core.package_identification:_identify(src/serial_motor_demo) by extension 'python'
[0.858s] Level 1:colcon.colcon_core.package_identification:_identify(src/serial_motor_demo) by extensions ['python_setup_py']
[0.858s] Level 1:colcon.colcon_core.package_identification:_identify(src/serial_motor_demo) by extension 'python_setup_py'
[0.859s] Level 1:colcon.colcon_core.package_identification:_identify(src/serial_motor_demo/serial_motor_demo) by extensions ['ignore', 'ignore_ament_install']
[0.859s] Level 1:colcon.colcon_core.package_identification:_identify(src/serial_motor_demo/serial_motor_demo) by extension 'ignore'
[0.859s] Level 1:colcon.colcon_core.package_identification:_identify(src/serial_motor_demo/serial_motor_demo) by extension 'ignore_ament_install'
[0.859s] Level 1:colcon.colcon_core.package_identification:_identify(src/serial_motor_demo/serial_motor_demo) by extensions ['colcon_pkg']
[0.859s] Level 1:colcon.colcon_core.package_identification:_identify(src/serial_motor_demo/serial_motor_demo) by extension 'colcon_pkg'
[0.859s] Level 1:colcon.colcon_core.package_identification:_identify(src/serial_motor_demo/serial_motor_demo) by extensions ['colcon_meta']
[0.859s] Level 1:colcon.colcon_core.package_identification:_identify(src/serial_motor_demo/serial_motor_demo) by extension 'colcon_meta'
[0.859s] Level 1:colcon.colcon_core.package_identification:_identify(src/serial_motor_demo/serial_motor_demo) by extensions ['ros']
[0.859s] Level 1:colcon.colcon_core.package_identification:_identify(src/serial_motor_demo/serial_motor_demo) by extension 'ros'
[0.859s] DEBUG:colcon.colcon_core.package_identification:Package 'src/serial_motor_demo/serial_motor_demo' with type 'ros.ament_python' and name 'serial_motor_demo'
[0.859s] Level 1:colcon.colcon_core.package_identification:_identify(src/serial_motor_demo/serial_motor_demo_msgs) by extensions ['ignore', 'ignore_ament_install']
[0.860s] Level 1:colcon.colcon_core.package_identification:_identify(src/serial_motor_demo/serial_motor_demo_msgs) by extension 'ignore'
[0.860s] Level 1:colcon.colcon_core.package_identification:_identify(src/serial_motor_demo/serial_motor_demo_msgs) by extension 'ignore_ament_install'
[0.860s] Level 1:colcon.colcon_core.package_identification:_identify(src/serial_motor_demo/serial_motor_demo_msgs) by extensions ['colcon_pkg']
[0.860s] Level 1:colcon.colcon_core.package_identification:_identify(src/serial_motor_demo/serial_motor_demo_msgs) by extension 'colcon_pkg'
[0.860s] Level 1:colcon.colcon_core.package_identification:_identify(src/serial_motor_demo/serial_motor_demo_msgs) by extensions ['colcon_meta']
[0.860s] Level 1:colcon.colcon_core.package_identification:_identify(src/serial_motor_demo/serial_motor_demo_msgs) by extension 'colcon_meta'
[0.860s] Level 1:colcon.colcon_core.package_identification:_identify(src/serial_motor_demo/serial_motor_demo_msgs) by extensions ['ros']
[0.860s] Level 1:colcon.colcon_core.package_identification:_identify(src/serial_motor_demo/serial_motor_demo_msgs) by extension 'ros'
[0.860s] DEBUG:colcon.colcon_core.package_identification:Package 'src/serial_motor_demo/serial_motor_demo_msgs' with type 'ros.ament_cmake' and name 'serial_motor_demo_msgs'
[0.860s] Level 1:colcon.colcon_core.package_discovery:discover_packages(recursive) using defaults
[0.860s] Level 1:colcon.colcon_core.package_discovery:discover_packages(ignore) discover
[0.860s] Level 1:colcon.colcon_core.package_discovery:discover_packages(ignore) using defaults
[0.860s] Level 1:colcon.colcon_core.package_discovery:discover_packages(path) discover
[0.860s] Level 1:colcon.colcon_core.package_discovery:discover_packages(path) using defaults
[0.934s] Level 1:colcon.colcon_core.package_discovery:discover_packages(prefix_path) check parameters
[0.934s] Level 1:colcon.colcon_core.package_discovery:discover_packages(prefix_path) discover
[0.958s] DEBUG:colcon.colcon_installed_package_information.package_discovery:Found 6 installed packages in /home/hussein/Documents/kal_ws/install
[0.971s] DEBUG:colcon.colcon_installed_package_information.package_discovery:Found 377 installed packages in /opt/ros/humble
[0.972s] Level 1:colcon.colcon_core.package_discovery:discover_packages(prefix_path) using defaults
[1.059s] Level 5:colcon.colcon_core.verb:set package 'diffdrive_arduino' build argument 'cmake_args' from command line to 'None'
[1.059s] Level 5:colcon.colcon_core.verb:set package 'diffdrive_arduino' build argument 'cmake_target' from command line to 'None'
[1.059s] Level 5:colcon.colcon_core.verb:set package 'diffdrive_arduino' build argument 'cmake_target_skip_unavailable' from command line to 'False'
[1.059s] Level 5:colcon.colcon_core.verb:set package 'diffdrive_arduino' build argument 'cmake_clean_cache' from command line to 'False'
[1.059s] Level 5:colcon.colcon_core.verb:set package 'diffdrive_arduino' build argument 'cmake_clean_first' from command line to 'False'
[1.059s] Level 5:colcon.colcon_core.verb:set package 'diffdrive_arduino' build argument 'cmake_force_configure' from command line to 'False'
[1.059s] Level 5:colcon.colcon_core.verb:set package 'diffdrive_arduino' build argument 'ament_cmake_args' from command line to 'None'
[1.059s] Level 5:colcon.colcon_core.verb:set package 'diffdrive_arduino' build argument 'catkin_cmake_args' from command line to 'None'
[1.059s] Level 5:colcon.colcon_core.verb:set package 'diffdrive_arduino' build argument 'catkin_skip_building_tests' from command line to 'False'
[1.059s] DEBUG:colcon.colcon_core.verb:Building package 'diffdrive_arduino' with the following arguments: {'ament_cmake_args': None, 'build_base': '/home/hussein/Documents/kal_ws/build/diffdrive_arduino', 'catkin_cmake_args': None, 'catkin_skip_building_tests': False, 'cmake_args': None, 'cmake_clean_cache': False, 'cmake_clean_first': False, 'cmake_force_configure': False, 'cmake_target': None, 'cmake_target_skip_unavailable': False, 'install_base': '/home/hussein/Documents/kal_ws/install/diffdrive_arduino', 'merge_install': False, 'path': '/home/hussein/Documents/kal_ws/src/diffdrive_arduino', 'symlink_install': False, 'test_result_base': None}
[1.071s] Level 5:colcon.colcon_core.verb:set package 'kal_package' build argument 'cmake_args' from command line to 'None'
[1.071s] Level 5:colcon.colcon_core.verb:set package 'kal_package' build argument 'cmake_target' from command line to 'None'
[1.071s] Level 5:colcon.colcon_core.verb:set package 'kal_package' build argument 'cmake_target_skip_unavailable' from command line to 'False'
[1.071s] Level 5:colcon.colcon_core.verb:set package 'kal_package' build argument 'cmake_clean_cache' from command line to 'False'
[1.071s] Level 5:colcon.colcon_core.verb:set package 'kal_package' build argument 'cmake_clean_first' from command line to 'False'
[1.071s] Level 5:colcon.colcon_core.verb:set package 'kal_package' build argument 'cmake_force_configure' from command line to 'False'
[1.071s] Level 5:colcon.colcon_core.verb:set package 'kal_package' build argument 'ament_cmake_args' from command line to 'None'
[1.071s] Level 5:colcon.colcon_core.verb:set package 'kal_package' build argument 'catkin_cmake_args' from command line to 'None'
[1.071s] Level 5:colcon.colcon_core.verb:set package 'kal_package' build argument 'catkin_skip_building_tests' from command line to 'False'
[1.071s] DEBUG:colcon.colcon_core.verb:Building package 'kal_package' with the following arguments: {'ament_cmake_args': None, 'build_base': '/home/hussein/Documents/kal_ws/build/kal_package', 'catkin_cmake_args': None, 'catkin_skip_building_tests': False, 'cmake_args': None, 'cmake_clean_cache': False, 'cmake_clean_first': False, 'cmake_force_configure': False, 'cmake_target': None, 'cmake_target_skip_unavailable': False, 'install_base': '/home/hussein/Documents/kal_ws/install/kal_package', 'merge_install': False, 'path': '/home/hussein/Documents/kal_ws/src/kal_package', 'symlink_install': False, 'test_result_base': None}
[1.083s] Level 5:colcon.colcon_core.verb:set package 'rplidar_ros' build argument 'cmake_args' from command line to 'None'
[1.083s] Level 5:colcon.colcon_core.verb:set package 'rplidar_ros' build argument 'cmake_target' from command line to 'None'
[1.083s] Level 5:colcon.colcon_core.verb:set package 'rplidar_ros' build argument 'cmake_target_skip_unavailable' from command line to 'False'
[1.083s] Level 5:colcon.colcon_core.verb:set package 'rplidar_ros' build argument 'cmake_clean_cache' from command line to 'False'
[1.083s] Level 5:colcon.colcon_core.verb:set package 'rplidar_ros' build argument 'cmake_clean_first' from command line to 'False'
[1.083s] Level 5:colcon.colcon_core.verb:set package 'rplidar_ros' build argument 'cmake_force_configure' from command line to 'False'
[1.083s] Level 5:colcon.colcon_core.verb:set package 'rplidar_ros' build argument 'ament_cmake_args' from command line to 'None'
[1.083s] Level 5:colcon.colcon_core.verb:set package 'rplidar_ros' build argument 'catkin_cmake_args' from command line to 'None'
[1.083s] Level 5:colcon.colcon_core.verb:set package 'rplidar_ros' build argument 'catkin_skip_building_tests' from command line to 'False'
[1.083s] DEBUG:colcon.colcon_core.verb:Building package 'rplidar_ros' with the following arguments: {'ament_cmake_args': None, 'build_base': '/home/hussein/Documents/kal_ws/build/rplidar_ros', 'catkin_cmake_args': None, 'catkin_skip_building_tests': False, 'cmake_args': None, 'cmake_clean_cache': False, 'cmake_clean_first': False, 'cmake_force_configure': False, 'cmake_target': None, 'cmake_target_skip_unavailable': False, 'install_base': '/home/hussein/Documents/kal_ws/install/rplidar_ros', 'merge_install': False, 'path': '/home/hussein/Documents/kal_ws/src/rplidar_ros2', 'symlink_install': False, 'test_result_base': None}
[1.095s] Level 5:colcon.colcon_core.verb:set package 'serial' build argument 'cmake_args' from command line to 'None'
[1.095s] Level 5:colcon.colcon_core.verb:set package 'serial' build argument 'cmake_target' from command line to 'None'
[1.095s] Level 5:colcon.colcon_core.verb:set package 'serial' build argument 'cmake_target_skip_unavailable' from command line to 'False'
[1.095s] Level 5:colcon.colcon_core.verb:set package 'serial' build argument 'cmake_clean_cache' from command line to 'False'
[1.095s] Level 5:colcon.colcon_core.verb:set package 'serial' build argument 'cmake_clean_first' from command line to 'False'
[1.095s] Level 5:colcon.colcon_core.verb:set package 'serial' build argument 'cmake_force_configure' from command line to 'False'
[1.095s] Level 5:colcon.colcon_core.verb:set package 'serial' build argument 'ament_cmake_args' from command line to 'None'
[1.095s] Level 5:colcon.colcon_core.verb:set package 'serial' build argument 'catkin_cmake_args' from command line to 'None'
[1.095s] Level 5:colcon.colcon_core.verb:set package 'serial' build argument 'catkin_skip_building_tests' from command line to 'False'
[1.095s] DEBUG:colcon.colcon_core.verb:Building package 'serial' with the following arguments: {'ament_cmake_args': None, 'build_base': '/home/hussein/Documents/kal_ws/build/serial', 'catkin_cmake_args': None, 'catkin_skip_building_tests': False, 'cmake_args': None, 'cmake_clean_cache': False, 'cmake_clean_first': False, 'cmake_force_configure': False, 'cmake_target': None, 'cmake_target_skip_unavailable': False, 'install_base': '/home/hussein/Documents/kal_ws/install/serial', 'merge_install': False, 'path': '/home/hussein/Documents/kal_ws/src/serial', 'symlink_install': False, 'test_result_base': None}
[1.107s] Level 5:colcon.colcon_core.verb:set package 'serial_motor_demo_msgs' build argument 'cmake_args' from command line to 'None'
[1.107s] Level 5:colcon.colcon_core.verb:set package 'serial_motor_demo_msgs' build argument 'cmake_target' from command line to 'None'
[1.107s] Level 5:colcon.colcon_core.verb:set package 'serial_motor_demo_msgs' build argument 'cmake_target_skip_unavailable' from command line to 'False'
[1.107s] Level 5:colcon.colcon_core.verb:set package 'serial_motor_demo_msgs' build argument 'cmake_clean_cache' from command line to 'False'
[1.107s] Level 5:colcon.colcon_core.verb:set package 'serial_motor_demo_msgs' build argument 'cmake_clean_first' from command line to 'False'
[1.107s] Level 5:colcon.colcon_core.verb:set package 'serial_motor_demo_msgs' build argument 'cmake_force_configure' from command line to 'False'
[1.107s] Level 5:colcon.colcon_core.verb:set package 'serial_motor_demo_msgs' build argument 'ament_cmake_args' from command line to 'None'
[1.107s] Level 5:colcon.colcon_core.verb:set package 'serial_motor_demo_msgs' build argument 'catkin_cmake_args' from command line to 'None'
[1.107s] Level 5:colcon.colcon_core.verb:set package 'serial_motor_demo_msgs' build argument 'catkin_skip_building_tests' from command line to 'False'
[1.107s] DEBUG:colcon.colcon_core.verb:Building package 'serial_motor_demo_msgs' with the following arguments: {'ament_cmake_args': None, 'build_base': '/home/hussein/Documents/kal_ws/build/serial_motor_demo_msgs', 'catkin_cmake_args': None, 'catkin_skip_building_tests': False, 'cmake_args': None, 'cmake_clean_cache': False, 'cmake_clean_first': False, 'cmake_force_configure': False, 'cmake_target': None, 'cmake_target_skip_unavailable': False, 'install_base': '/home/hussein/Documents/kal_ws/install/serial_motor_demo_msgs', 'merge_install': False, 'path': '/home/hussein/Documents/kal_ws/src/serial_motor_demo/serial_motor_demo_msgs', 'symlink_install': False, 'test_result_base': None}
[1.120s] Level 5:colcon.colcon_core.verb:set package 'serial_motor_demo' build argument 'cmake_args' from command line to 'None'
[1.120s] Level 5:colcon.colcon_core.verb:set package 'serial_motor_demo' build argument 'cmake_target' from command line to 'None'
[1.120s] Level 5:colcon.colcon_core.verb:set package 'serial_motor_demo' build argument 'cmake_target_skip_unavailable' from command line to 'False'
[1.120s] Level 5:colcon.colcon_core.verb:set package 'serial_motor_demo' build argument 'cmake_clean_cache' from command line to 'False'
[1.120s] Level 5:colcon.colcon_core.verb:set package 'serial_motor_demo' build argument 'cmake_clean_first' from command line to 'False'
[1.120s] Level 5:colcon.colcon_core.verb:set package 'serial_motor_demo' build argument 'cmake_force_configure' from command line to 'False'
[1.120s] Level 5:colcon.colcon_core.verb:set package 'serial_motor_demo' build argument 'ament_cmake_args' from command line to 'None'
[1.120s] Level 5:colcon.colcon_core.verb:set package 'serial_motor_demo' build argument 'catkin_cmake_args' from command line to 'None'
[1.120s] Level 5:colcon.colcon_core.verb:set package 'serial_motor_demo' build argument 'catkin_skip_building_tests' from command line to 'False'
[1.120s] DEBUG:colcon.colcon_core.verb:Building package 'serial_motor_demo' with the following arguments: {'ament_cmake_args': None, 'build_base': '/home/hussein/Documents/kal_ws/build/serial_motor_demo', 'catkin_cmake_args': None, 'catkin_skip_building_tests': False, 'cmake_args': None, 'cmake_clean_cache': False, 'cmake_clean_first': False, 'cmake_force_configure': False, 'cmake_target': None, 'cmake_target_skip_unavailable': False, 'install_base': '/home/hussein/Documents/kal_ws/install/serial_motor_demo', 'merge_install': False, 'path': '/home/hussein/Documents/kal_ws/src/serial_motor_demo/serial_motor_demo', 'symlink_install': False, 'test_result_base': None}
[1.131s] INFO:colcon.colcon_core.executor:Executing jobs using 'parallel' executor
[1.144s] DEBUG:colcon.colcon_parallel_executor.executor.parallel:run_until_complete
[1.144s] INFO:colcon.colcon_ros.task.ament_cmake.build:Building ROS package in '/home/hussein/Documents/kal_ws/src/serial_motor_demo/serial_motor_demo_msgs' with build type 'ament_cmake'
[1.144s] INFO:colcon.colcon_cmake.task.cmake.build:Building CMake package in '/home/hussein/Documents/kal_ws/src/serial_motor_demo/serial_motor_demo_msgs'
[1.158s] INFO:colcon.colcon_core.plugin_system:Skipping extension 'colcon_core.shell.bat': Not used on non-Windows systems
[1.159s] INFO:colcon.colcon_core.shell:Skip shell extension 'powershell' for command environment: Not usable outside of PowerShell
[1.159s] DEBUG:colcon.colcon_core.shell:Skip shell extension 'dsv' for command environment
[1.198s] INFO:colcon.colcon_ros.task.ament_cmake.build:Building ROS package in '/home/hussein/Documents/kal_ws/src/diffdrive_arduino' with build type 'ament_cmake'
[1.198s] INFO:colcon.colcon_cmake.task.cmake.build:Building CMake package in '/home/hussein/Documents/kal_ws/src/diffdrive_arduino'
[1.212s] INFO:colcon.colcon_core.shell:Skip shell extension 'powershell' for command environment: Not usable outside of PowerShell
[1.212s] DEBUG:colcon.colcon_core.shell:Skip shell extension 'dsv' for command environment
[1.252s] INFO:colcon.colcon_ros.task.ament_cmake.build:Building ROS package in '/home/hussein/Documents/kal_ws/src/kal_package' with build type 'ament_cmake'
[1.252s] INFO:colcon.colcon_cmake.task.cmake.build:Building CMake package in '/home/hussein/Documents/kal_ws/src/kal_package'
[1.265s] INFO:colcon.colcon_core.shell:Skip shell extension 'powershell' for command environment: Not usable outside of PowerShell
[1.265s] DEBUG:colcon.colcon_core.shell:Skip shell extension 'dsv' for command environment
[1.305s] INFO:colcon.colcon_ros.task.ament_cmake.build:Building ROS package in '/home/hussein/Documents/kal_ws/src/rplidar_ros2' with build type 'ament_cmake'
[1.305s] INFO:colcon.colcon_cmake.task.cmake.build:Building CMake package in '/home/hussein/Documents/kal_ws/src/rplidar_ros2'
[1.317s] INFO:colcon.colcon_core.shell:Skip shell extension 'powershell' for command environment: Not usable outside of PowerShell
[1.317s] DEBUG:colcon.colcon_core.shell:Skip shell extension 'dsv' for command environment
[1.357s] INFO:colcon.colcon_ros.task.ament_cmake.build:Building ROS package in '/home/hussein/Documents/kal_ws/src/serial' with build type 'ament_cmake'
[1.358s] INFO:colcon.colcon_cmake.task.cmake.build:Building CMake package in '/home/hussein/Documents/kal_ws/src/serial'
[1.371s] INFO:colcon.colcon_core.shell:Skip shell extension 'powershell' for command environment: Not usable outside of PowerShell
[1.371s] DEBUG:colcon.colcon_core.shell:Skip shell extension 'dsv' for command environment
[1.424s] DEBUG:colcon.colcon_core.event_handler.log_command:Invoking command in '/home/hussein/Documents/kal_ws/build/serial_motor_demo_msgs': CMAKE_PREFIX_PATH=${CMAKE_PREFIX_PATH}:/home/hussein/Documents/kal_ws/install/serial_motor_demo:/opt/ros/humble /usr/bin/cmake --build /home/hussein/Documents/kal_ws/build/serial_motor_demo_msgs -- -j12 -l12
[1.426s] DEBUG:colcon.colcon_core.event_handler.log_command:Invoking command in '/home/hussein/Documents/kal_ws/build/diffdrive_arduino': CMAKE_PREFIX_PATH=${CMAKE_PREFIX_PATH}:/home/hussein/Documents/kal_ws/install/serial_motor_demo:/opt/ros/humble /usr/bin/cmake --build /home/hussein/Documents/kal_ws/build/diffdrive_arduino -- -j12 -l12
[1.428s] DEBUG:colcon.colcon_core.event_handler.log_command:Invoking command in '/home/hussein/Documents/kal_ws/build/kal_package': CMAKE_PREFIX_PATH=${CMAKE_PREFIX_PATH}:/home/hussein/Documents/kal_ws/install/serial_motor_demo:/opt/ros/humble /usr/bin/cmake --build /home/hussein/Documents/kal_ws/build/kal_package -- -j12 -l12
[1.431s] DEBUG:colcon.colcon_core.event_handler.log_command:Invoking command in '/home/hussein/Documents/kal_ws/build/rplidar_ros': CMAKE_PREFIX_PATH=${CMAKE_PREFIX_PATH}:/home/hussein/Documents/kal_ws/install/serial_motor_demo:/opt/ros/humble /usr/bin/cmake --build /home/hussein/Documents/kal_ws/build/rplidar_ros -- -j12 -l12
[1.434s] DEBUG:colcon.colcon_core.event_handler.log_command:Invoking command in '/home/hussein/Documents/kal_ws/build/serial': CMAKE_PREFIX_PATH=${CMAKE_PREFIX_PATH}:/home/hussein/Documents/kal_ws/install/serial_motor_demo:/opt/ros/humble /usr/bin/cmake --build /home/hussein/Documents/kal_ws/build/serial -- -j12 -l12
[1.455s] DEBUG:colcon.colcon_core.event_handler.log_command:Invoked command in '/home/hussein/Documents/kal_ws/build/kal_package' returned '0': CMAKE_PREFIX_PATH=${CMAKE_PREFIX_PATH}:/home/hussein/Documents/kal_ws/install/serial_motor_demo:/opt/ros/humble /usr/bin/cmake --build /home/hussein/Documents/kal_ws/build/kal_package -- -j12 -l12
[1.503s] DEBUG:colcon.colcon_core.event_handler.log_command:Invoking command in '/home/hussein/Documents/kal_ws/build/kal_package': CMAKE_PREFIX_PATH=${CMAKE_PREFIX_PATH}:/home/hussein/Documents/kal_ws/install/serial_motor_demo:/opt/ros/humble /usr/bin/cmake --install /home/hussein/Documents/kal_ws/build/kal_package
[1.505s] DEBUG:colcon.colcon_core.event_handler.log_command:Invoked command in '/home/hussein/Documents/kal_ws/build/diffdrive_arduino' returned '0': CMAKE_PREFIX_PATH=${CMAKE_PREFIX_PATH}:/home/hussein/Documents/kal_ws/install/serial_motor_demo:/opt/ros/humble /usr/bin/cmake --build /home/hussein/Documents/kal_ws/build/diffdrive_arduino -- -j12 -l12
[1.512s] Level 1:colcon.colcon_core.environment:create_environment_scripts_only(kal_package)
[1.513s] DEBUG:colcon.colcon_core.event_handler.log_command:Invoked command in '/home/hussein/Documents/kal_ws/build/kal_package' returned '0': CMAKE_PREFIX_PATH=${CMAKE_PREFIX_PATH}:/home/hussein/Documents/kal_ws/install/serial_motor_demo:/opt/ros/humble /usr/bin/cmake --install /home/hussein/Documents/kal_ws/build/kal_package
[1.530s] Level 1:colcon.colcon_core.environment:checking '/home/hussein/Documents/kal_ws/install/kal_package' for CMake module files
[1.531s] Level 1:colcon.colcon_core.environment:checking '/home/hussein/Documents/kal_ws/install/kal_package' for CMake config files
[1.531s] Level 1:colcon.colcon_core.shell:create_environment_hook('kal_package', 'cmake_prefix_path')
[1.544s] INFO:colcon.colcon_core.shell:Creating environment hook '/home/hussein/Documents/kal_ws/install/kal_package/share/kal_package/hook/cmake_prefix_path.ps1'
[1.545s] INFO:colcon.colcon_core.shell:Creating environment descriptor '/home/hussein/Documents/kal_ws/install/kal_package/share/kal_package/hook/cmake_prefix_path.dsv'
[1.546s] INFO:colcon.colcon_core.shell:Creating environment hook '/home/hussein/Documents/kal_ws/install/kal_package/share/kal_package/hook/cmake_prefix_path.sh'
[1.546s] Level 1:colcon.colcon_core.environment:checking '/home/hussein/Documents/kal_ws/install/kal_package/bin'
[1.546s] Level 1:colcon.colcon_core.environment:checking '/home/hussein/Documents/kal_ws/install/kal_package/lib/pkgconfig/kal_package.pc'
[1.547s] Level 1:colcon.colcon_core.environment:checking '/home/hussein/Documents/kal_ws/install/kal_package/lib/python3.10/site-packages'
[1.547s] Level 1:colcon.colcon_core.environment:checking '/home/hussein/Documents/kal_ws/install/kal_package/bin'
[1.561s] INFO:colcon.colcon_core.shell:Creating package script '/home/hussein/Documents/kal_ws/install/kal_package/share/kal_package/package.ps1'
[1.561s] INFO:colcon.colcon_core.shell:Creating package descriptor '/home/hussein/Documents/kal_ws/install/kal_package/share/kal_package/package.dsv'
[1.562s] INFO:colcon.colcon_core.shell:Creating package script '/home/hussein/Documents/kal_ws/install/kal_package/share/kal_package/package.sh'
[1.562s] INFO:colcon.colcon_core.shell:Creating package script '/home/hussein/Documents/kal_ws/install/kal_package/share/kal_package/package.bash'
[1.563s] INFO:colcon.colcon_core.shell:Creating package script '/home/hussein/Documents/kal_ws/install/kal_package/share/kal_package/package.zsh'
[1.564s] Level 1:colcon.colcon_core.environment:create_file_with_runtime_dependencies(/home/hussein/Documents/kal_ws/install/kal_package/share/colcon-core/packages/kal_package)
[1.567s] DEBUG:colcon.colcon_core.event_handler.log_command:Invoking command in '/home/hussein/Documents/kal_ws/build/diffdrive_arduino': CMAKE_PREFIX_PATH=${CMAKE_PREFIX_PATH}:/home/hussein/Documents/kal_ws/install/serial_motor_demo:/opt/ros/humble /usr/bin/cmake --install /home/hussein/Documents/kal_ws/build/diffdrive_arduino
[1.567s] DEBUG:colcon.colcon_core.event_handler.log_command:Invoked command in '/home/hussein/Documents/kal_ws/build/serial' returned '0': CMAKE_PREFIX_PATH=${CMAKE_PREFIX_PATH}:/home/hussein/Documents/kal_ws/install/serial_motor_demo:/opt/ros/humble /usr/bin/cmake --build /home/hussein/Documents/kal_ws/build/serial -- -j12 -l12
[1.568s] DEBUG:colcon.colcon_core.event_handler.log_command:Invoked command in '/home/hussein/Documents/kal_ws/build/rplidar_ros' returned '0': CMAKE_PREFIX_PATH=${CMAKE_PREFIX_PATH}:/home/hussein/Documents/kal_ws/install/serial_motor_demo:/opt/ros/humble /usr/bin/cmake --build /home/hussein/Documents/kal_ws/build/rplidar_ros -- -j12 -l12
[1.576s] Level 1:colcon.colcon_core.environment:create_environment_scripts_only(diffdrive_arduino)
[1.581s] DEBUG:colcon.colcon_core.event_handler.log_command:Invoked command in '/home/hussein/Documents/kal_ws/build/diffdrive_arduino' returned '0': CMAKE_PREFIX_PATH=${CMAKE_PREFIX_PATH}:/home/hussein/Documents/kal_ws/install/serial_motor_demo:/opt/ros/humble /usr/bin/cmake --install /home/hussein/Documents/kal_ws/build/diffdrive_arduino
[1.593s] Level 1:colcon.colcon_core.environment:checking '/home/hussein/Documents/kal_ws/install/diffdrive_arduino' for CMake module files
[1.594s] Level 1:colcon.colcon_core.environment:checking '/home/hussein/Documents/kal_ws/install/diffdrive_arduino' for CMake config files
[1.594s] Level 1:colcon.colcon_core.shell:create_environment_hook('diffdrive_arduino', 'cmake_prefix_path')
[1.608s] INFO:colcon.colcon_core.shell:Creating environment hook '/home/hussein/Documents/kal_ws/install/diffdrive_arduino/share/diffdrive_arduino/hook/cmake_prefix_path.ps1'
[1.608s] INFO:colcon.colcon_core.shell:Creating environment descriptor '/home/hussein/Documents/kal_ws/install/diffdrive_arduino/share/diffdrive_arduino/hook/cmake_prefix_path.dsv'
[1.608s] INFO:colcon.colcon_core.shell:Creating environment hook '/home/hussein/Documents/kal_ws/install/diffdrive_arduino/share/diffdrive_arduino/hook/cmake_prefix_path.sh'
[1.609s] Level 1:colcon.colcon_core.environment:checking '/home/hussein/Documents/kal_ws/install/diffdrive_arduino/lib'
[1.609s] Level 1:colcon.colcon_core.shell:create_environment_hook('diffdrive_arduino', 'ld_library_path_lib')
[1.622s] INFO:colcon.colcon_core.shell:Creating environment hook '/home/hussein/Documents/kal_ws/install/diffdrive_arduino/share/diffdrive_arduino/hook/ld_library_path_lib.ps1'
[1.623s] INFO:colcon.colcon_core.shell:Creating environment descriptor '/home/hussein/Documents/kal_ws/install/diffdrive_arduino/share/diffdrive_arduino/hook/ld_library_path_lib.dsv'
[1.623s] INFO:colcon.colcon_core.shell:Creating environment hook '/home/hussein/Documents/kal_ws/install/diffdrive_arduino/share/diffdrive_arduino/hook/ld_library_path_lib.sh'
[1.623s] Level 1:colcon.colcon_core.environment:checking '/home/hussein/Documents/kal_ws/install/diffdrive_arduino/bin'
[1.623s] Level 1:colcon.colcon_core.environment:checking '/home/hussein/Documents/kal_ws/install/diffdrive_arduino/lib/pkgconfig/diffdrive_arduino.pc'
[1.623s] Level 1:colcon.colcon_core.environment:checking '/home/hussein/Documents/kal_ws/install/diffdrive_arduino/lib/python3.10/site-packages'
[1.624s] Level 1:colcon.colcon_core.environment:checking '/home/hussein/Documents/kal_ws/install/diffdrive_arduino/bin'
[1.636s] INFO:colcon.colcon_core.shell:Creating package script '/home/hussein/Documents/kal_ws/install/diffdrive_arduino/share/diffdrive_arduino/package.ps1'
[1.636s] INFO:colcon.colcon_core.shell:Creating package descriptor '/home/hussein/Documents/kal_ws/install/diffdrive_arduino/share/diffdrive_arduino/package.dsv'
[1.637s] INFO:colcon.colcon_core.shell:Creating package script '/home/hussein/Documents/kal_ws/install/diffdrive_arduino/share/diffdrive_arduino/package.sh'
[1.637s] INFO:colcon.colcon_core.shell:Creating package script '/home/hussein/Documents/kal_ws/install/diffdrive_arduino/share/diffdrive_arduino/package.bash'
[1.637s] INFO:colcon.colcon_core.shell:Creating package script '/home/hussein/Documents/kal_ws/install/diffdrive_arduino/share/diffdrive_arduino/package.zsh'
[1.637s] Level 1:colcon.colcon_core.environment:create_file_with_runtime_dependencies(/home/hussein/Documents/kal_ws/install/diffdrive_arduino/share/colcon-core/packages/diffdrive_arduino)
[1.652s] Level 1:colcon.colcon_core.environment:create_environment_scripts_only(kal_package)
[1.664s] Level 1:colcon.colcon_core.environment:checking '/home/hussein/Documents/kal_ws/install/kal_package' for CMake module files
[1.665s] Level 1:colcon.colcon_core.environment:checking '/home/hussein/Documents/kal_ws/install/kal_package' for CMake config files
[1.665s] Level 1:colcon.colcon_core.shell:create_environment_hook('kal_package', 'cmake_prefix_path')
[1.678s] INFO:colcon.colcon_core.shell:Creating environment hook '/home/hussein/Documents/kal_ws/install/kal_package/share/kal_package/hook/cmake_prefix_path.ps1'
[1.678s] INFO:colcon.colcon_core.shell:Creating environment descriptor '/home/hussein/Documents/kal_ws/install/kal_package/share/kal_package/hook/cmake_prefix_path.dsv'
[1.679s] INFO:colcon.colcon_core.shell:Creating environment hook '/home/hussein/Documents/kal_ws/install/kal_package/share/kal_package/hook/cmake_prefix_path.sh'
[1.679s] Level 1:colcon.colcon_core.environment:checking '/home/hussein/Documents/kal_ws/install/kal_package/bin'
[1.679s] Level 1:colcon.colcon_core.environment:checking '/home/hussein/Documents/kal_ws/install/kal_package/lib/pkgconfig/kal_package.pc'
[1.679s] Level 1:colcon.colcon_core.environment:checking '/home/hussein/Documents/kal_ws/install/kal_package/lib/python3.10/site-packages'
[1.679s] Level 1:colcon.colcon_core.environment:checking '/home/hussein/Documents/kal_ws/install/kal_package/bin'
[1.692s] INFO:colcon.colcon_core.shell:Creating package script '/home/hussein/Documents/kal_ws/install/kal_package/share/kal_package/package.ps1'
[1.693s] INFO:colcon.colcon_core.shell:Creating package descriptor '/home/hussein/Documents/kal_ws/install/kal_package/share/kal_package/package.dsv'
[1.693s] INFO:colcon.colcon_core.shell:Creating package script '/home/hussein/Documents/kal_ws/install/kal_package/share/kal_package/package.sh'
[1.693s] INFO:colcon.colcon_core.shell:Creating package script '/home/hussein/Documents/kal_ws/install/kal_package/share/kal_package/package.bash'
[1.694s] INFO:colcon.colcon_core.shell:Creating package script '/home/hussein/Documents/kal_ws/install/kal_package/share/kal_package/package.zsh'
[1.694s] Level 1:colcon.colcon_core.environment:create_file_with_runtime_dependencies(/home/hussein/Documents/kal_ws/install/kal_package/share/colcon-core/packages/kal_package)
[1.697s] DEBUG:colcon.colcon_core.event_handler.log_command:Invoking command in '/home/hussein/Documents/kal_ws/build/serial': CMAKE_PREFIX_PATH=${CMAKE_PREFIX_PATH}:/home/hussein/Documents/kal_ws/install/serial_motor_demo:/opt/ros/humble /usr/bin/cmake --install /home/hussein/Documents/kal_ws/build/serial
[1.697s] DEBUG:colcon.colcon_core.event_handler.log_command:Invoking command in '/home/hussein/Documents/kal_ws/build/rplidar_ros': CMAKE_PREFIX_PATH=${CMAKE_PREFIX_PATH}:/home/hussein/Documents/kal_ws/install/serial_motor_demo:/opt/ros/humble /usr/bin/cmake --install /home/hussein/Documents/kal_ws/build/rplidar_ros
[1.724s] Level 1:colcon.colcon_core.environment:create_environment_scripts_only(diffdrive_arduino)
[1.741s] Level 1:colcon.colcon_core.environment:checking '/home/hussein/Documents/kal_ws/install/diffdrive_arduino' for CMake module files
[1.741s] Level 1:colcon.colcon_core.environment:checking '/home/hussein/Documents/kal_ws/install/diffdrive_arduino' for CMake config files
[1.741s] Level 1:colcon.colcon_core.shell:create_environment_hook('diffdrive_arduino', 'cmake_prefix_path')
[1.754s] INFO:colcon.colcon_core.shell:Creating environment hook '/home/hussein/Documents/kal_ws/install/diffdrive_arduino/share/diffdrive_arduino/hook/cmake_prefix_path.ps1'
[1.755s] INFO:colcon.colcon_core.shell:Creating environment descriptor '/home/hussein/Documents/kal_ws/install/diffdrive_arduino/share/diffdrive_arduino/hook/cmake_prefix_path.dsv'
[1.755s] INFO:colcon.colcon_core.shell:Creating environment hook '/home/hussein/Documents/kal_ws/install/diffdrive_arduino/share/diffdrive_arduino/hook/cmake_prefix_path.sh'
[1.755s] Level 1:colcon.colcon_core.environment:checking '/home/hussein/Documents/kal_ws/install/diffdrive_arduino/lib'
[1.755s] Level 1:colcon.colcon_core.shell:create_environment_hook('diffdrive_arduino', 'ld_library_path_lib')
[1.768s] INFO:colcon.colcon_core.shell:Creating environment hook '/home/hussein/Documents/kal_ws/install/diffdrive_arduino/share/diffdrive_arduino/hook/ld_library_path_lib.ps1'
[1.768s] INFO:colcon.colcon_core.shell:Creating environment descriptor '/home/hussein/Documents/kal_ws/install/diffdrive_arduino/share/diffdrive_arduino/hook/ld_library_path_lib.dsv'
[1.768s] INFO:colcon.colcon_core.shell:Creating environment hook '/home/hussein/Documents/kal_ws/install/diffdrive_arduino/share/diffdrive_arduino/hook/ld_library_path_lib.sh'
[1.769s] Level 1:colcon.colcon_core.environment:checking '/home/hussein/Documents/kal_ws/install/diffdrive_arduino/bin'
[1.769s] Level 1:colcon.colcon_core.environment:checking '/home/hussein/Documents/kal_ws/install/diffdrive_arduino/lib/pkgconfig/diffdrive_arduino.pc'
[1.769s] Level 1:colcon.colcon_core.environment:checking '/home/hussein/Documents/kal_ws/install/diffdrive_arduino/lib/python3.10/site-packages'
[1.769s] Level 1:colcon.colcon_core.environment:checking '/home/hussein/Documents/kal_ws/install/diffdrive_arduino/bin'
[1.782s] INFO:colcon.colcon_core.shell:Creating package script '/home/hussein/Documents/kal_ws/install/diffdrive_arduino/share/diffdrive_arduino/package.ps1'
[1.783s] INFO:colcon.colcon_core.shell:Creating package descriptor '/home/hussein/Documents/kal_ws/install/diffdrive_arduino/share/diffdrive_arduino/package.dsv'
[1.783s] INFO:colcon.colcon_core.shell:Creating package script '/home/hussein/Documents/kal_ws/install/diffdrive_arduino/share/diffdrive_arduino/package.sh'
[1.783s] INFO:colcon.colcon_core.shell:Creating package script '/home/hussein/Documents/kal_ws/install/diffdrive_arduino/share/diffdrive_arduino/package.bash'
[1.784s] INFO:colcon.colcon_core.shell:Creating package script '/home/hussein/Documents/kal_ws/install/diffdrive_arduino/share/diffdrive_arduino/package.zsh'
[1.784s] Level 1:colcon.colcon_core.environment:create_file_with_runtime_dependencies(/home/hussein/Documents/kal_ws/install/diffdrive_arduino/share/colcon-core/packages/diffdrive_arduino)
[1.785s] Level 1:colcon.colcon_core.environment:create_environment_scripts_only(serial)
[1.786s] DEBUG:colcon.colcon_core.event_handler.log_command:Invoked command in '/home/hussein/Documents/kal_ws/build/serial' returned '0': CMAKE_PREFIX_PATH=${CMAKE_PREFIX_PATH}:/home/hussein/Documents/kal_ws/install/serial_motor_demo:/opt/ros/humble /usr/bin/cmake --install /home/hussein/Documents/kal_ws/build/serial
[1.799s] Level 1:colcon.colcon_core.environment:checking '/home/hussein/Documents/kal_ws/install/serial' for CMake module files
[1.799s] Level 1:colcon.colcon_core.environment:checking '/home/hussein/Documents/kal_ws/install/serial' for CMake config files
[1.799s] Level 1:colcon.colcon_core.shell:create_environment_hook('serial', 'cmake_prefix_path')
[1.812s] INFO:colcon.colcon_core.shell:Creating environment hook '/home/hussein/Documents/kal_ws/install/serial/share/serial/hook/cmake_prefix_path.ps1'
[1.812s] INFO:colcon.colcon_core.shell:Creating environment descriptor '/home/hussein/Documents/kal_ws/install/serial/share/serial/hook/cmake_prefix_path.dsv'
[1.813s] INFO:colcon.colcon_core.shell:Creating environment hook '/home/hussein/Documents/kal_ws/install/serial/share/serial/hook/cmake_prefix_path.sh'
[1.813s] Level 1:colcon.colcon_core.environment:checking '/home/hussein/Documents/kal_ws/install/serial/lib'
[1.813s] Level 1:colcon.colcon_core.environment:checking '/home/hussein/Documents/kal_ws/install/serial/bin'
[1.813s] Level 1:colcon.colcon_core.environment:checking '/home/hussein/Documents/kal_ws/install/serial/lib/pkgconfig/serial.pc'
[1.813s] Level 1:colcon.colcon_core.environment:checking '/home/hussein/Documents/kal_ws/install/serial/lib/python3.10/site-packages'
[1.813s] Level 1:colcon.colcon_core.environment:checking '/home/hussein/Documents/kal_ws/install/serial/bin'
[1.826s] INFO:colcon.colcon_core.shell:Creating package script '/home/hussein/Documents/kal_ws/install/serial/share/serial/package.ps1'
[1.826s] INFO:colcon.colcon_core.shell:Creating package descriptor '/home/hussein/Documents/kal_ws/install/serial/share/serial/package.dsv'
[1.827s] INFO:colcon.colcon_core.shell:Creating package script '/home/hussein/Documents/kal_ws/install/serial/share/serial/package.sh'
[1.827s] INFO:colcon.colcon_core.shell:Creating package script '/home/hussein/Documents/kal_ws/install/serial/share/serial/package.bash'
[1.827s] INFO:colcon.colcon_core.shell:Creating package script '/home/hussein/Documents/kal_ws/install/serial/share/serial/package.zsh'
[1.827s] Level 1:colcon.colcon_core.environment:create_file_with_runtime_dependencies(/home/hussein/Documents/kal_ws/install/serial/share/colcon-core/packages/serial)
[1.829s] DEBUG:colcon.colcon_core.event_handler.log_command:Invoked command in '/home/hussein/Documents/kal_ws/build/serial_motor_demo_msgs' returned '0': CMAKE_PREFIX_PATH=${CMAKE_PREFIX_PATH}:/home/hussein/Documents/kal_ws/install/serial_motor_demo:/opt/ros/humble /usr/bin/cmake --build /home/hussein/Documents/kal_ws/build/serial_motor_demo_msgs -- -j12 -l12
[1.829s] Level 1:colcon.colcon_core.environment:create_environment_scripts_only(rplidar_ros)
[1.830s] DEBUG:colcon.colcon_core.event_handler.log_command:Invoked command in '/home/hussein/Documents/kal_ws/build/rplidar_ros' returned '0': CMAKE_PREFIX_PATH=${CMAKE_PREFIX_PATH}:/home/hussein/Documents/kal_ws/install/serial_motor_demo:/opt/ros/humble /usr/bin/cmake --install /home/hussein/Documents/kal_ws/build/rplidar_ros
[1.844s] Level 1:colcon.colcon_core.environment:checking '/home/hussein/Documents/kal_ws/install/rplidar_ros' for CMake module files
[1.844s] Level 1:colcon.colcon_core.environment:checking '/home/hussein/Documents/kal_ws/install/rplidar_ros' for CMake config files
[1.845s] Level 1:colcon.colcon_core.shell:create_environment_hook('rplidar_ros', 'cmake_prefix_path')
[1.859s] INFO:colcon.colcon_core.shell:Creating environment hook '/home/hussein/Documents/kal_ws/install/rplidar_ros/share/rplidar_ros/hook/cmake_prefix_path.ps1'
[1.859s] INFO:colcon.colcon_core.shell:Creating environment descriptor '/home/hussein/Documents/kal_ws/install/rplidar_ros/share/rplidar_ros/hook/cmake_prefix_path.dsv'
[1.860s] INFO:colcon.colcon_core.shell:Creating environment hook '/home/hussein/Documents/kal_ws/install/rplidar_ros/share/rplidar_ros/hook/cmake_prefix_path.sh'
[1.860s] Level 1:colcon.colcon_core.environment:checking '/home/hussein/Documents/kal_ws/install/rplidar_ros/lib'
[1.860s] Level 1:colcon.colcon_core.shell:create_environment_hook('rplidar_ros', 'ld_library_path_lib')
[1.887s] INFO:colcon.colcon_core.shell:Creating environment hook '/home/hussein/Documents/kal_ws/install/rplidar_ros/share/rplidar_ros/hook/ld_library_path_lib.ps1'
[1.887s] INFO:colcon.colcon_core.shell:Creating environment descriptor '/home/hussein/Documents/kal_ws/install/rplidar_ros/share/rplidar_ros/hook/ld_library_path_lib.dsv'
[1.888s] INFO:colcon.colcon_core.shell:Creating environment hook '/home/hussein/Documents/kal_ws/install/rplidar_ros/share/rplidar_ros/hook/ld_library_path_lib.sh'
[1.888s] Level 1:colcon.colcon_core.environment:checking '/home/hussein/Documents/kal_ws/install/rplidar_ros/bin'
[1.888s] Level 1:colcon.colcon_core.environment:checking '/home/hussein/Documents/kal_ws/install/rplidar_ros/lib/pkgconfig/rplidar_ros.pc'
[1.888s] Level 1:colcon.colcon_core.environment:checking '/home/hussein/Documents/kal_ws/install/rplidar_ros/lib/python3.10/site-packages'
[1.888s] Level 1:colcon.colcon_core.environment:checking '/home/hussein/Documents/kal_ws/install/rplidar_ros/bin'
[1.902s] INFO:colcon.colcon_core.shell:Creating package script '/home/hussein/Documents/kal_ws/install/rplidar_ros/share/rplidar_ros/package.ps1'
[1.902s] INFO:colcon.colcon_core.shell:Creating package descriptor '/home/hussein/Documents/kal_ws/install/rplidar_ros/share/rplidar_ros/package.dsv'
[1.903s] INFO:colcon.colcon_core.shell:Creating package script '/home/hussein/Documents/kal_ws/install/rplidar_ros/share/rplidar_ros/package.sh'
[1.903s] INFO:colcon.colcon_core.shell:Creating package script '/home/hussein/Documents/kal_ws/install/rplidar_ros/share/rplidar_ros/package.bash'
[1.903s] INFO:colcon.colcon_core.shell:Creating package script '/home/hussein/Documents/kal_ws/install/rplidar_ros/share/rplidar_ros/package.zsh'
[1.904s] Level 1:colcon.colcon_core.environment:create_file_with_runtime_dependencies(/home/hussein/Documents/kal_ws/install/rplidar_ros/share/colcon-core/packages/rplidar_ros)
[1.906s] DEBUG:colcon.colcon_core.event_handler.log_command:Invoking command in '/home/hussein/Documents/kal_ws/build/serial_motor_demo_msgs': CMAKE_PREFIX_PATH=${CMAKE_PREFIX_PATH}:/home/hussein/Documents/kal_ws/install/serial_motor_demo:/opt/ros/humble /usr/bin/cmake --install /home/hussein/Documents/kal_ws/build/serial_motor_demo_msgs
[1.920s] Level 1:colcon.colcon_core.environment:create_environment_scripts_only(serial)
[1.934s] Level 1:colcon.colcon_core.environment:checking '/home/hussein/Documents/kal_ws/install/serial' for CMake module files
[1.935s] Level 1:colcon.colcon_core.environment:checking '/home/hussein/Documents/kal_ws/install/serial' for CMake config files
[1.935s] Level 1:colcon.colcon_core.shell:create_environment_hook('serial', 'cmake_prefix_path')
[1.948s] INFO:colcon.colcon_core.shell:Creating environment hook '/home/hussein/Documents/kal_ws/install/serial/share/serial/hook/cmake_prefix_path.ps1'
[1.949s] INFO:colcon.colcon_core.shell:Creating environment descriptor '/home/hussein/Documents/kal_ws/install/serial/share/serial/hook/cmake_prefix_path.dsv'
[1.949s] INFO:colcon.colcon_core.shell:Creating environment hook '/home/hussein/Documents/kal_ws/install/serial/share/serial/hook/cmake_prefix_path.sh'
[1.950s] Level 1:colcon.colcon_core.environment:checking '/home/hussein/Documents/kal_ws/install/serial/lib'
[1.950s] Level 1:colcon.colcon_core.environment:checking '/home/hussein/Documents/kal_ws/install/serial/bin'
[1.950s] Level 1:colcon.colcon_core.environment:checking '/home/hussein/Documents/kal_ws/install/serial/lib/pkgconfig/serial.pc'
[1.950s] Level 1:colcon.colcon_core.environment:checking '/home/hussein/Documents/kal_ws/install/serial/lib/python3.10/site-packages'
[1.950s] Level 1:colcon.colcon_core.environment:checking '/home/hussein/Documents/kal_ws/install/serial/bin'
[1.964s] INFO:colcon.colcon_core.shell:Creating package script '/home/hussein/Documents/kal_ws/install/serial/share/serial/package.ps1'
[1.965s] INFO:colcon.colcon_core.shell:Creating package descriptor '/home/hussein/Documents/kal_ws/install/serial/share/serial/package.dsv'
[1.965s] INFO:colcon.colcon_core.shell:Creating package script '/home/hussein/Documents/kal_ws/install/serial/share/serial/package.sh'
[1.965s] INFO:colcon.colcon_core.shell:Creating package script '/home/hussein/Documents/kal_ws/install/serial/share/serial/package.bash'
[1.966s] INFO:colcon.colcon_core.shell:Creating package script '/home/hussein/Documents/kal_ws/install/serial/share/serial/package.zsh'
[1.966s] Level 1:colcon.colcon_core.environment:create_file_with_runtime_dependencies(/home/hussein/Documents/kal_ws/install/serial/share/colcon-core/packages/serial)
[1.998s] Level 1:colcon.colcon_core.environment:create_environment_scripts_only(rplidar_ros)
[2.019s] Level 1:colcon.colcon_core.environment:checking '/home/hussein/Documents/kal_ws/install/rplidar_ros' for CMake module files
[2.019s] Level 1:colcon.colcon_core.environment:checking '/home/hussein/Documents/kal_ws/install/rplidar_ros' for CMake config files
[2.019s] Level 1:colcon.colcon_core.shell:create_environment_hook('rplidar_ros', 'cmake_prefix_path')
[2.033s] INFO:colcon.colcon_core.shell:Creating environment hook '/home/hussein/Documents/kal_ws/install/rplidar_ros/share/rplidar_ros/hook/cmake_prefix_path.ps1'
[2.033s] INFO:colcon.colcon_core.shell:Creating environment descriptor '/home/hussein/Documents/kal_ws/install/rplidar_ros/share/rplidar_ros/hook/cmake_prefix_path.dsv'
[2.033s] INFO:colcon.colcon_core.shell:Creating environment hook '/home/hussein/Documents/kal_ws/install/rplidar_ros/share/rplidar_ros/hook/cmake_prefix_path.sh'
[2.034s] Level 1:colcon.colcon_core.environment:checking '/home/hussein/Documents/kal_ws/install/rplidar_ros/lib'
[2.034s] Level 1:colcon.colcon_core.shell:create_environment_hook('rplidar_ros', 'ld_library_path_lib')
[2.047s] INFO:colcon.colcon_core.shell:Creating environment hook '/home/hussein/Documents/kal_ws/install/rplidar_ros/share/rplidar_ros/hook/ld_library_path_lib.ps1'
[2.048s] INFO:colcon.colcon_core.shell:Creating environment descriptor '/home/hussein/Documents/kal_ws/install/rplidar_ros/share/rplidar_ros/hook/ld_library_path_lib.dsv'
[2.048s] INFO:colcon.colcon_core.shell:Creating environment hook '/home/hussein/Documents/kal_ws/install/rplidar_ros/share/rplidar_ros/hook/ld_library_path_lib.sh'
[2.048s] Level 1:colcon.colcon_core.environment:checking '/home/hussein/Documents/kal_ws/install/rplidar_ros/bin'
[2.048s] Level 1:colcon.colcon_core.environment:checking '/home/hussein/Documents/kal_ws/install/rplidar_ros/lib/pkgconfig/rplidar_ros.pc'
[2.048s] Level 1:colcon.colcon_core.environment:checking '/home/hussein/Documents/kal_ws/install/rplidar_ros/lib/python3.10/site-packages'
[2.048s] Level 1:colcon.colcon_core.environment:checking '/home/hussein/Documents/kal_ws/install/rplidar_ros/bin'
[2.062s] INFO:colcon.colcon_core.shell:Creating package script '/home/hussein/Documents/kal_ws/install/rplidar_ros/share/rplidar_ros/package.ps1'
[2.062s] INFO:colcon.colcon_core.shell:Creating package descriptor '/home/hussein/Documents/kal_ws/install/rplidar_ros/share/rplidar_ros/package.dsv'
[2.063s] INFO:colcon.colcon_core.shell:Creating package script '/home/hussein/Documents/kal_ws/install/rplidar_ros/share/rplidar_ros/package.sh'
[2.063s] INFO:colcon.colcon_core.shell:Creating package script '/home/hussein/Documents/kal_ws/install/rplidar_ros/share/rplidar_ros/package.bash'
[2.063s] INFO:colcon.colcon_core.shell:Creating package script '/home/hussein/Documents/kal_ws/install/rplidar_ros/share/rplidar_ros/package.zsh'
[2.064s] Level 1:colcon.colcon_core.environment:create_file_with_runtime_dependencies(/home/hussein/Documents/kal_ws/install/rplidar_ros/share/colcon-core/packages/rplidar_ros)
[2.065s] Level 1:colcon.colcon_core.environment:create_environment_scripts_only(serial_motor_demo_msgs)
[2.066s] DEBUG:colcon.colcon_core.event_handler.log_command:Invoked command in '/home/hussein/Documents/kal_ws/build/serial_motor_demo_msgs' returned '0': CMAKE_PREFIX_PATH=${CMAKE_PREFIX_PATH}:/home/hussein/Documents/kal_ws/install/serial_motor_demo:/opt/ros/humble /usr/bin/cmake --install /home/hussein/Documents/kal_ws/build/serial_motor_demo_msgs
[2.079s] Level 1:colcon.colcon_core.environment:checking '/home/hussein/Documents/kal_ws/install/serial_motor_demo_msgs' for CMake module files
[2.080s] Level 1:colcon.colcon_core.environment:checking '/home/hussein/Documents/kal_ws/install/serial_motor_demo_msgs' for CMake config files
[2.080s] Level 1:colcon.colcon_core.shell:create_environment_hook('serial_motor_demo_msgs', 'cmake_prefix_path')
[2.094s] INFO:colcon.colcon_core.shell:Creating environment hook '/home/hussein/Documents/kal_ws/install/serial_motor_demo_msgs/share/serial_motor_demo_msgs/hook/cmake_prefix_path.ps1'
[2.095s] INFO:colcon.colcon_core.shell:Creating environment descriptor '/home/hussein/Documents/kal_ws/install/serial_motor_demo_msgs/share/serial_motor_demo_msgs/hook/cmake_prefix_path.dsv'
[2.095s] INFO:colcon.colcon_core.shell:Creating environment hook '/home/hussein/Documents/kal_ws/install/serial_motor_demo_msgs/share/serial_motor_demo_msgs/hook/cmake_prefix_path.sh'
[2.096s] Level 1:colcon.colcon_core.environment:checking '/home/hussein/Documents/kal_ws/install/serial_motor_demo_msgs/lib'
[2.096s] Level 1:colcon.colcon_core.shell:create_environment_hook('serial_motor_demo_msgs', 'ld_library_path_lib')
[2.110s] INFO:colcon.colcon_core.shell:Creating environment hook '/home/hussein/Documents/kal_ws/install/serial_motor_demo_msgs/share/serial_motor_demo_msgs/hook/ld_library_path_lib.ps1'
[2.110s] INFO:colcon.colcon_core.shell:Creating environment descriptor '/home/hussein/Documents/kal_ws/install/serial_motor_demo_msgs/share/serial_motor_demo_msgs/hook/ld_library_path_lib.dsv'
[2.111s] INFO:colcon.colcon_core.shell:Creating environment hook '/home/hussein/Documents/kal_ws/install/serial_motor_demo_msgs/share/serial_motor_demo_msgs/hook/ld_library_path_lib.sh'
[2.111s] Level 1:colcon.colcon_core.environment:checking '/home/hussein/Documents/kal_ws/install/serial_motor_demo_msgs/bin'
[2.111s] Level 1:colcon.colcon_core.environment:checking '/home/hussein/Documents/kal_ws/install/serial_motor_demo_msgs/lib/pkgconfig/serial_motor_demo_msgs.pc'
[2.111s] Level 1:colcon.colcon_core.environment:checking '/home/hussein/Documents/kal_ws/install/serial_motor_demo_msgs/lib/python3.10/site-packages'
[2.111s] Level 1:colcon.colcon_core.environment:checking '/home/hussein/Documents/kal_ws/install/serial_motor_demo_msgs/bin'
[2.125s] INFO:colcon.colcon_core.shell:Creating package script '/home/hussein/Documents/kal_ws/install/serial_motor_demo_msgs/share/serial_motor_demo_msgs/package.ps1'
[2.126s] INFO:colcon.colcon_core.shell:Creating package descriptor '/home/hussein/Documents/kal_ws/install/serial_motor_demo_msgs/share/serial_motor_demo_msgs/package.dsv'
[2.126s] INFO:colcon.colcon_core.shell:Creating package script '/home/hussein/Documents/kal_ws/install/serial_motor_demo_msgs/share/serial_motor_demo_msgs/package.sh'
[2.127s] INFO:colcon.colcon_core.shell:Creating package script '/home/hussein/Documents/kal_ws/install/serial_motor_demo_msgs/share/serial_motor_demo_msgs/package.bash'
[2.127s] INFO:colcon.colcon_core.shell:Creating package script '/home/hussein/Documents/kal_ws/install/serial_motor_demo_msgs/share/serial_motor_demo_msgs/package.zsh'
[2.127s] Level 1:colcon.colcon_core.environment:create_file_with_runtime_dependencies(/home/hussein/Documents/kal_ws/install/serial_motor_demo_msgs/share/colcon-core/packages/serial_motor_demo_msgs)
[2.215s] Level 1:colcon.colcon_core.environment:create_environment_scripts_only(serial_motor_demo_msgs)
[2.236s] Level 1:colcon.colcon_core.environment:checking '/home/hussein/Documents/kal_ws/install/serial_motor_demo_msgs' for CMake module files
[2.237s] Level 1:colcon.colcon_core.environment:checking '/home/hussein/Documents/kal_ws/install/serial_motor_demo_msgs' for CMake config files
[2.238s] Level 1:colcon.colcon_core.shell:create_environment_hook('serial_motor_demo_msgs', 'cmake_prefix_path')
[2.256s] INFO:colcon.colcon_core.shell:Creating environment hook '/home/hussein/Documents/kal_ws/install/serial_motor_demo_msgs/share/serial_motor_demo_msgs/hook/cmake_prefix_path.ps1'
[2.257s] INFO:colcon.colcon_core.shell:Creating environment descriptor '/home/hussein/Documents/kal_ws/install/serial_motor_demo_msgs/share/serial_motor_demo_msgs/hook/cmake_prefix_path.dsv'
[2.257s] INFO:colcon.colcon_core.shell:Creating environment hook '/home/hussein/Documents/kal_ws/install/serial_motor_demo_msgs/share/serial_motor_demo_msgs/hook/cmake_prefix_path.sh'
[2.258s] Level 1:colcon.colcon_core.environment:checking '/home/hussein/Documents/kal_ws/install/serial_motor_demo_msgs/lib'
[2.258s] Level 1:colcon.colcon_core.shell:create_environment_hook('serial_motor_demo_msgs', 'ld_library_path_lib')
[2.274s] INFO:colcon.colcon_core.shell:Creating environment hook '/home/hussein/Documents/kal_ws/install/serial_motor_demo_msgs/share/serial_motor_demo_msgs/hook/ld_library_path_lib.ps1'
[2.275s] INFO:colcon.colcon_core.shell:Creating environment descriptor '/home/hussein/Documents/kal_ws/install/serial_motor_demo_msgs/share/serial_motor_demo_msgs/hook/ld_library_path_lib.dsv'
[2.275s] INFO:colcon.colcon_core.shell:Creating environment hook '/home/hussein/Documents/kal_ws/install/serial_motor_demo_msgs/share/serial_motor_demo_msgs/hook/ld_library_path_lib.sh'
[2.275s] Level 1:colcon.colcon_core.environment:checking '/home/hussein/Documents/kal_ws/install/serial_motor_demo_msgs/bin'
[2.275s] Level 1:colcon.colcon_core.environment:checking '/home/hussein/Documents/kal_ws/install/serial_motor_demo_msgs/lib/pkgconfig/serial_motor_demo_msgs.pc'
[2.276s] Level 1:colcon.colcon_core.environment:checking '/home/hussein/Documents/kal_ws/install/serial_motor_demo_msgs/lib/python3.10/site-packages'
[2.276s] Level 1:colcon.colcon_core.environment:checking '/home/hussein/Documents/kal_ws/install/serial_motor_demo_msgs/bin'
[2.290s] INFO:colcon.colcon_core.shell:Creating package script '/home/hussein/Documents/kal_ws/install/serial_motor_demo_msgs/share/serial_motor_demo_msgs/package.ps1'
[2.291s] INFO:colcon.colcon_core.shell:Creating package descriptor '/home/hussein/Documents/kal_ws/install/serial_motor_demo_msgs/share/serial_motor_demo_msgs/package.dsv'
[2.291s] INFO:colcon.colcon_core.shell:Creating package script '/home/hussein/Documents/kal_ws/install/serial_motor_demo_msgs/share/serial_motor_demo_msgs/package.sh'
[2.292s] INFO:colcon.colcon_core.shell:Creating package script '/home/hussein/Documents/kal_ws/install/serial_motor_demo_msgs/share/serial_motor_demo_msgs/package.bash'
[2.292s] INFO:colcon.colcon_core.shell:Creating package script '/home/hussein/Documents/kal_ws/install/serial_motor_demo_msgs/share/serial_motor_demo_msgs/package.zsh'
[2.292s] Level 1:colcon.colcon_core.environment:create_file_with_runtime_dependencies(/home/hussein/Documents/kal_ws/install/serial_motor_demo_msgs/share/colcon-core/packages/serial_motor_demo_msgs)
[2.293s] INFO:colcon.colcon_ros.task.ament_python.build:Building ROS package in '/home/hussein/Documents/kal_ws/src/serial_motor_demo/serial_motor_demo' with build type 'ament_python'
[2.293s] Level 1:colcon.colcon_core.shell:create_environment_hook('serial_motor_demo', 'ament_prefix_path')
[2.307s] INFO:colcon.colcon_core.shell:Creating environment hook '/home/hussein/Documents/kal_ws/install/serial_motor_demo/share/serial_motor_demo/hook/ament_prefix_path.ps1'
[2.307s] INFO:colcon.colcon_core.shell:Creating environment descriptor '/home/hussein/Documents/kal_ws/install/serial_motor_demo/share/serial_motor_demo/hook/ament_prefix_path.dsv'
[2.308s] INFO:colcon.colcon_core.shell:Creating environment hook '/home/hussein/Documents/kal_ws/install/serial_motor_demo/share/serial_motor_demo/hook/ament_prefix_path.sh'
[2.323s] INFO:colcon.colcon_core.shell:Skip shell extension 'powershell' for command environment: Not usable outside of PowerShell
[2.323s] DEBUG:colcon.colcon_core.shell:Skip shell extension 'dsv' for command environment
[2.595s] INFO:colcon.colcon_core.task.python.build:Building Python package in '/home/hussein/Documents/kal_ws/src/serial_motor_demo/serial_motor_demo'
[2.608s] INFO:colcon.colcon_core.shell:Skip shell extension 'powershell' for command environment: Not usable outside of PowerShell
[2.608s] DEBUG:colcon.colcon_core.shell:Skip shell extension 'dsv' for command environment
[2.906s] DEBUG:colcon.colcon_core.event_handler.log_command:Invoking command in '/home/hussein/Documents/kal_ws/src/serial_motor_demo/serial_motor_demo': CMAKE_PREFIX_PATH=/home/hussein/Documents/kal_ws/install/serial_motor_demo_msgs:/home/hussein/Documents/kal_ws/install/serial:/home/hussein/Documents/kal_ws/install/diffdrive_arduino:/home/hussein/Documents/kal_ws/install/rplidar_ros:/home/hussein/Documents/kal_ws/install/kal_package LD_LIBRARY_PATH=/home/hussein/Documents/kal_ws/install/serial_motor_demo_msgs/lib:/home/hussein/Documents/kal_ws/install/serial/lib:/home/hussein/Documents/kal_ws/install/diffdrive_arduino/lib:/home/hussein/Documents/kal_ws/install/rplidar_ros/lib:/usr/lib/x86_64-linux-gnu/gazebo-11/plugins:/opt/ros/humble/opt/rviz_ogre_vendor/lib:/opt/ros/humble/lib/x86_64-linux-gnu:/opt/ros/humble/lib PYTHONPATH=/home/hussein/Documents/kal_ws/build/serial_motor_demo/prefix_override:/home/hussein/Documents/kal_ws/install/serial_motor_demo/lib/python3.10/site-packages:${PYTHONPATH} /usr/bin/python3 setup.py egg_info --egg-base ../../../build/serial_motor_demo build --build-base /home/hussein/Documents/kal_ws/build/serial_motor_demo/build install --record /home/hussein/Documents/kal_ws/build/serial_motor_demo/install.log --install-scripts $base/lib/serial_motor_demo --single-version-externally-managed
[3.119s] DEBUG:colcon.colcon_core.event_handler.log_command:Invoked command in '/home/hussein/Documents/kal_ws/src/serial_motor_demo/serial_motor_demo' returned '0': CMAKE_PREFIX_PATH=/home/hussein/Documents/kal_ws/install/serial_motor_demo_msgs:/home/hussein/Documents/kal_ws/install/serial:/home/hussein/Documents/kal_ws/install/diffdrive_arduino:/home/hussein/Documents/kal_ws/install/rplidar_ros:/home/hussein/Documents/kal_ws/install/kal_package LD_LIBRARY_PATH=/home/hussein/Documents/kal_ws/install/serial_motor_demo_msgs/lib:/home/hussein/Documents/kal_ws/install/serial/lib:/home/hussein/Documents/kal_ws/install/diffdrive_arduino/lib:/home/hussein/Documents/kal_ws/install/rplidar_ros/lib:/usr/lib/x86_64-linux-gnu/gazebo-11/plugins:/opt/ros/humble/opt/rviz_ogre_vendor/lib:/opt/ros/humble/lib/x86_64-linux-gnu:/opt/ros/humble/lib PYTHONPATH=/home/hussein/Documents/kal_ws/build/serial_motor_demo/prefix_override:/home/hussein/Documents/kal_ws/install/serial_motor_demo/lib/python3.10/site-packages:${PYTHONPATH} /usr/bin/python3 setup.py egg_info --egg-base ../../../build/serial_motor_demo build --build-base /home/hussein/Documents/kal_ws/build/serial_motor_demo/build install --record /home/hussein/Documents/kal_ws/build/serial_motor_demo/install.log --install-scripts $base/lib/serial_motor_demo --single-version-externally-managed
[3.131s] Level 1:colcon.colcon_core.environment:checking '/home/hussein/Documents/kal_ws/install/serial_motor_demo' for CMake module files
[3.131s] Level 1:colcon.colcon_core.environment:checking '/home/hussein/Documents/kal_ws/install/serial_motor_demo' for CMake config files
[3.132s] Level 1:colcon.colcon_core.environment:checking '/home/hussein/Documents/kal_ws/install/serial_motor_demo/lib'
[3.132s] Level 1:colcon.colcon_core.environment:checking '/home/hussein/Documents/kal_ws/install/serial_motor_demo/bin'
[3.132s] Level 1:colcon.colcon_core.environment:checking '/home/hussein/Documents/kal_ws/install/serial_motor_demo/lib/pkgconfig/serial_motor_demo.pc'
[3.132s] Level 1:colcon.colcon_core.environment:checking '/home/hussein/Documents/kal_ws/install/serial_motor_demo/lib/python3.10/site-packages'
[3.132s] Level 1:colcon.colcon_core.shell:create_environment_hook('serial_motor_demo', 'pythonpath')
[3.144s] INFO:colcon.colcon_core.shell:Creating environment hook '/home/hussein/Documents/kal_ws/install/serial_motor_demo/share/serial_motor_demo/hook/pythonpath.ps1'
[3.145s] INFO:colcon.colcon_core.shell:Creating environment descriptor '/home/hussein/Documents/kal_ws/install/serial_motor_demo/share/serial_motor_demo/hook/pythonpath.dsv'
[3.145s] INFO:colcon.colcon_core.shell:Creating environment hook '/home/hussein/Documents/kal_ws/install/serial_motor_demo/share/serial_motor_demo/hook/pythonpath.sh'
[3.146s] Level 1:colcon.colcon_core.environment:checking '/home/hussein/Documents/kal_ws/install/serial_motor_demo/bin'
[3.146s] Level 1:colcon.colcon_core.environment:create_environment_scripts_only(serial_motor_demo)
[3.158s] INFO:colcon.colcon_core.shell:Creating package script '/home/hussein/Documents/kal_ws/install/serial_motor_demo/share/serial_motor_demo/package.ps1'
[3.158s] INFO:colcon.colcon_core.shell:Creating package descriptor '/home/hussein/Documents/kal_ws/install/serial_motor_demo/share/serial_motor_demo/package.dsv'
[3.159s] INFO:colcon.colcon_core.shell:Creating package script '/home/hussein/Documents/kal_ws/install/serial_motor_demo/share/serial_motor_demo/package.sh'
[3.159s] INFO:colcon.colcon_core.shell:Creating package script '/home/hussein/Documents/kal_ws/install/serial_motor_demo/share/serial_motor_demo/package.bash'
[3.159s] INFO:colcon.colcon_core.shell:Creating package script '/home/hussein/Documents/kal_ws/install/serial_motor_demo/share/serial_motor_demo/package.zsh'
[3.160s] Level 1:colcon.colcon_core.environment:create_file_with_runtime_dependencies(/home/hussein/Documents/kal_ws/install/serial_motor_demo/share/colcon-core/packages/serial_motor_demo)
[3.160s] DEBUG:colcon.colcon_parallel_executor.executor.parallel:closing loop
[3.160s] DEBUG:colcon.colcon_parallel_executor.executor.parallel:loop closed
[3.160s] DEBUG:colcon.colcon_parallel_executor.executor.parallel:run_until_complete finished with '0'
[3.160s] DEBUG:colcon.colcon_core.event_reactor:joining thread
[3.177s] INFO:colcon.colcon_core.plugin_system:Skipping extension 'colcon_notification.desktop_notification.terminal_notifier': Not used on non-Darwin systems
[3.177s] INFO:colcon.colcon_core.plugin_system:Skipping extension 'colcon_notification.desktop_notification.win32': Not used on non-Windows systems
[3.177s] INFO:colcon.colcon_notification.desktop_notification:Sending desktop notification using 'notify2'
[3.186s] DEBUG:colcon.colcon_core.event_reactor:joined thread
[3.199s] INFO:colcon.colcon_core.shell:Creating prefix script '/home/hussein/Documents/kal_ws/install/local_setup.ps1'
[3.200s] INFO:colcon.colcon_core.shell:Creating prefix util module '/home/hussein/Documents/kal_ws/install/_local_setup_util_ps1.py'
[3.202s] INFO:colcon.colcon_core.shell:Creating prefix chain script '/home/hussein/Documents/kal_ws/install/setup.ps1'
[3.219s] INFO:colcon.colcon_core.shell:Creating prefix script '/home/hussein/Documents/kal_ws/install/local_setup.sh'
[3.219s] INFO:colcon.colcon_core.shell:Creating prefix util module '/home/hussein/Documents/kal_ws/install/_local_setup_util_sh.py'
[3.220s] INFO:colcon.colcon_core.shell:Creating prefix chain script '/home/hussein/Documents/kal_ws/install/setup.sh'
[3.233s] INFO:colcon.colcon_core.shell:Creating prefix script '/home/hussein/Documents/kal_ws/install/local_setup.bash'
[3.233s] INFO:colcon.colcon_core.shell:Creating prefix chain script '/home/hussein/Documents/kal_ws/install/setup.bash'
[3.247s] INFO:colcon.colcon_core.shell:Creating prefix script '/home/hussein/Documents/kal_ws/install/local_setup.zsh'
[3.248s] INFO:colcon.colcon_core.shell:Creating prefix chain script '/home/hussein/Documents/kal_ws/install/setup.zsh'
