-- Found ament_cmake: 1.3.7 (/opt/ros/humble/share/ament_cmake/cmake)
-- Found ament_cmake_gtest: 1.3.7 (/opt/ros/humble/share/ament_cmake_gtest/cmake)
-- Found gtest sources under '/opt/ros/humble/src/gtest_vendor': C++ tests using 'Google Test' will be built
-- Configuring done
-- Generating done
-- Build files have been written to: /home/hussein/Documents/kal_ws/build/serial
[35m[1mConsolidate compiler generated dependencies of target serial[0m
[35m[1mConsolidate compiler generated dependencies of target gtest_main[0m
[35m[1mConsolidate compiler generated dependencies of target gtest[0m
[  7%] [32mBuilding CXX object gtest/CMakeFiles/gtest_main.dir/src/gtest_main.cc.o[0m
[ 35%] Built target serial
[ 42%] [32mBuilding CXX object gtest/CMakeFiles/gtest.dir/src/gtest-all.cc.o[0m
[35m[1mConsolidate compiler generated dependencies of target serial_example[0m
[ 57%] Built target serial_example
[ 64%] [32m[1mLinking CXX static library libgtest_main.a[0m
[ 64%] Built target gtest_main
[ 71%] [32m[1mLinking CXX static library libgtest.a[0m
[ 71%] Built target gtest
[35m[1mConsolidate compiler generated dependencies of target serial-test-timer[0m
[35m[1mConsolidate compiler generated dependencies of target serial-test[0m
[ 78%] [32mBuilding CXX object tests/CMakeFiles/serial-test-timer.dir/unit/unix_timer_tests.cc.o[0m
[ 85%] [32mBuilding CXX object tests/CMakeFiles/serial-test.dir/unix_serial_tests.cc.o[0m
In file included from [01m[K/usr/include/boost/bind.hpp:30[m[K,
                 from [01m[K/home/hussein/Documents/kal_ws/src/serial/tests/unix_serial_tests.cc:23[m[K:
[01m[K/usr/include/boost/bind.hpp:36:1:[m[K [01;36m[Knote: [m[K‘[01m[K#pragma message: The practice of declaring the Bind placeholders (_1, _2, ...) in the global namespace is deprecated. Please use <boost/bind/bind.hpp> + using namespace boost::placeholders, or define BOOST_BIND_GLOBAL_PLACEHOLDERS to retain the current behavior.[m[K’
   36 | [01;36m[KBOOST_PRAGMA_MESSAGE[m[K(
      | [01;36m[K^~~~~~~~~~~~~~~~~~~~[m[K
[ 92%] [32m[1mLinking CXX executable serial-test-timer[0m
[ 92%] Built target serial-test-timer
[100%] [32m[1mLinking CXX executable serial-test[0m
[100%] Built target serial-test
-- Install configuration: ""
-- Up-to-date: /home/hussein/Documents/kal_ws/install/serial/lib/libserial.a
-- Up-to-date: /home/hussein/Documents/kal_ws/install/serial/include/serial/serial.h
-- Up-to-date: /home/hussein/Documents/kal_ws/install/serial/include/serial/v8stdint.h
-- Up-to-date: /home/hussein/Documents/kal_ws/install/serial/share/serial/environment/library_path.sh
-- Installing: /home/hussein/Documents/kal_ws/install/serial/share/serial/environment/library_path.dsv
-- Up-to-date: /home/hussein/Documents/kal_ws/install/serial/share/ament_index/resource_index/package_run_dependencies/serial
-- Installing: /home/hussein/Documents/kal_ws/install/serial/share/ament_index/resource_index/parent_prefix_path/serial
-- Installing: /home/hussein/Documents/kal_ws/install/serial/share/serial/environment/ament_prefix_path.sh
-- Installing: /home/hussein/Documents/kal_ws/install/serial/share/serial/environment/ament_prefix_path.dsv
-- Installing: /home/hussein/Documents/kal_ws/install/serial/share/serial/environment/path.sh
-- Installing: /home/hussein/Documents/kal_ws/install/serial/share/serial/environment/path.dsv
-- Up-to-date: /home/hussein/Documents/kal_ws/install/serial/share/serial/local_setup.bash
-- Up-to-date: /home/hussein/Documents/kal_ws/install/serial/share/serial/local_setup.sh
-- Up-to-date: /home/hussein/Documents/kal_ws/install/serial/share/serial/local_setup.zsh
-- Installing: /home/hussein/Documents/kal_ws/install/serial/share/serial/local_setup.dsv
-- Installing: /home/hussein/Documents/kal_ws/install/serial/share/serial/package.dsv
-- Up-to-date: /home/hussein/Documents/kal_ws/install/serial/share/ament_index/resource_index/packages/serial
-- Up-to-date: /home/hussein/Documents/kal_ws/install/serial/share/serial/cmake/ament_cmake_export_include_directories-extras.cmake
-- Up-to-date: /home/hussein/Documents/kal_ws/install/serial/share/serial/cmake/ament_cmake_export_libraries-extras.cmake
-- Up-to-date: /home/hussein/Documents/kal_ws/install/serial/share/serial/cmake/serialConfig.cmake
-- Up-to-date: /home/hussein/Documents/kal_ws/install/serial/share/serial/cmake/serialConfig-version.cmake
-- Up-to-date: /home/hussein/Documents/kal_ws/install/serial/share/serial/package.xml
