[0.512s] Invoking command in '/home/hussein/Documents/kal_ws/build/serial': CMAKE_PREFIX_PATH=${CMAKE_PREFIX_PATH}:/home/hussein/Documents/kal_ws/install/serial_motor_demo:/opt/ros/humble /usr/bin/cmake --build /home/hussein/Documents/kal_ws/build/serial -- -j4 -l4
[1.375s] -- Found ament_cmake: 1.3.7 (/opt/ros/humble/share/ament_cmake/cmake)
[2.896s] -- Found ament_cmake_gtest: 1.3.7 (/opt/ros/humble/share/ament_cmake_gtest/cmake)
[3.059s] -- Found gtest sources under '/opt/ros/humble/src/gtest_vendor': C++ tests using 'Google Test' will be built
[3.694s] -- Configuring done
[3.889s] -- Generating done
[3.907s] -- Build files have been written to: /home/hussein/Documents/kal_ws/build/serial
[4.108s] [35m[1mConsolidate compiler generated dependencies of target serial[0m
[4.135s] [35m[1mConsolidate compiler generated dependencies of target gtest_main[0m
[4.143s] [35m[1mConsolidate compiler generated dependencies of target gtest[0m
[4.463s] [  7%] [32mBuilding CXX object gtest/CMakeFiles/gtest_main.dir/src/gtest_main.cc.o[0m
[4.494s] [ 35%] Built target serial
[4.520s] [ 42%] [32mBuilding CXX object gtest/CMakeFiles/gtest.dir/src/gtest-all.cc.o[0m
[4.576s] [35m[1mConsolidate compiler generated dependencies of target serial_example[0m
[4.686s] [ 57%] Built target serial_example
[14.340s] [ 64%] [32m[1mLinking CXX static library libgtest_main.a[0m
[14.623s] [ 64%] Built target gtest_main
[29.589s] [ 71%] [32m[1mLinking CXX static library libgtest.a[0m
[30.006s] [ 71%] Built target gtest
[30.132s] [35m[1mConsolidate compiler generated dependencies of target serial-test-timer[0m
[30.139s] [35m[1mConsolidate compiler generated dependencies of target serial-test[0m
[30.235s] [ 78%] [32mBuilding CXX object tests/CMakeFiles/serial-test-timer.dir/unit/unix_timer_tests.cc.o[0m
[30.328s] [ 85%] [32mBuilding CXX object tests/CMakeFiles/serial-test.dir/unix_serial_tests.cc.o[0m
[41.152s] In file included from [01m[K/usr/include/boost/bind.hpp:30[m[K,
[41.153s]                  from [01m[K/home/hussein/Documents/kal_ws/src/serial/tests/unix_serial_tests.cc:23[m[K:
[41.154s] [01m[K/usr/include/boost/bind.hpp:36:1:[m[K [01;36m[Knote: [m[K‘[01m[K#pragma message: The practice of declaring the Bind placeholders (_1, _2, ...) in the global namespace is deprecated. Please use <boost/bind/bind.hpp> + using namespace boost::placeholders, or define BOOST_BIND_GLOBAL_PLACEHOLDERS to retain the current behavior.[m[K’
[41.155s]    36 | [01;36m[KBOOST_PRAGMA_MESSAGE[m[K(
[41.156s]       | [01;36m[K^~~~~~~~~~~~~~~~~~~~[m[K
[41.178s] [ 92%] [32m[1mLinking CXX executable serial-test-timer[0m
[42.311s] [ 92%] Built target serial-test-timer
[42.820s] [100%] [32m[1mLinking CXX executable serial-test[0m
[43.745s] [100%] Built target serial-test
[43.823s] Invoked command in '/home/hussein/Documents/kal_ws/build/serial' returned '0': CMAKE_PREFIX_PATH=${CMAKE_PREFIX_PATH}:/home/hussein/Documents/kal_ws/install/serial_motor_demo:/opt/ros/humble /usr/bin/cmake --build /home/hussein/Documents/kal_ws/build/serial -- -j4 -l4
[44.172s] Invoking command in '/home/hussein/Documents/kal_ws/build/serial': CMAKE_PREFIX_PATH=${CMAKE_PREFIX_PATH}:/home/hussein/Documents/kal_ws/install/serial_motor_demo:/opt/ros/humble /usr/bin/cmake --install /home/hussein/Documents/kal_ws/build/serial
[44.215s] -- Install configuration: ""
[44.216s] -- Up-to-date: /home/hussein/Documents/kal_ws/install/serial/lib/libserial.a
[44.217s] -- Up-to-date: /home/hussein/Documents/kal_ws/install/serial/include/serial/serial.h
[44.218s] -- Up-to-date: /home/hussein/Documents/kal_ws/install/serial/include/serial/v8stdint.h
[44.219s] -- Up-to-date: /home/hussein/Documents/kal_ws/install/serial/share/serial/environment/library_path.sh
[44.220s] -- Installing: /home/hussein/Documents/kal_ws/install/serial/share/serial/environment/library_path.dsv
[44.221s] -- Up-to-date: /home/hussein/Documents/kal_ws/install/serial/share/ament_index/resource_index/package_run_dependencies/serial
[44.222s] -- Installing: /home/hussein/Documents/kal_ws/install/serial/share/ament_index/resource_index/parent_prefix_path/serial
[44.227s] -- Installing: /home/hussein/Documents/kal_ws/install/serial/share/serial/environment/ament_prefix_path.sh
[44.229s] -- Installing: /home/hussein/Documents/kal_ws/install/serial/share/serial/environment/ament_prefix_path.dsv
[44.229s] -- Installing: /home/hussein/Documents/kal_ws/install/serial/share/serial/environment/path.sh
[44.231s] -- Installing: /home/hussein/Documents/kal_ws/install/serial/share/serial/environment/path.dsv
[44.235s] -- Up-to-date: /home/hussein/Documents/kal_ws/install/serial/share/serial/local_setup.bash
[44.237s] -- Up-to-date: /home/hussein/Documents/kal_ws/install/serial/share/serial/local_setup.sh
[44.239s] -- Up-to-date: /home/hussein/Documents/kal_ws/install/serial/share/serial/local_setup.zsh
[44.240s] -- Installing: /home/hussein/Documents/kal_ws/install/serial/share/serial/local_setup.dsv
[44.243s] -- Installing: /home/hussein/Documents/kal_ws/install/serial/share/serial/package.dsv
[44.244s] -- Up-to-date: /home/hussein/Documents/kal_ws/install/serial/share/ament_index/resource_index/packages/serial
[44.245s] -- Up-to-date: /home/hussein/Documents/kal_ws/install/serial/share/serial/cmake/ament_cmake_export_include_directories-extras.cmake
[44.246s] -- Up-to-date: /home/hussein/Documents/kal_ws/install/serial/share/serial/cmake/ament_cmake_export_libraries-extras.cmake
[44.247s] -- Up-to-date: /home/hussein/Documents/kal_ws/install/serial/share/serial/cmake/serialConfig.cmake
[44.248s] -- Up-to-date: /home/hussein/Documents/kal_ws/install/serial/share/serial/cmake/serialConfig-version.cmake
[44.249s] -- Up-to-date: /home/hussein/Documents/kal_ws/install/serial/share/serial/package.xml
[44.260s] Invoked command in '/home/hussein/Documents/kal_ws/build/serial' returned '0': CMAKE_PREFIX_PATH=${CMAKE_PREFIX_PATH}:/home/hussein/Documents/kal_ws/install/serial_motor_demo:/opt/ros/humble /usr/bin/cmake --install /home/hussein/Documents/kal_ws/build/serial
