[0.112s] Invoking command in '/home/hussein/Documents/kal_ws/build/serial': CMAKE_PREFIX_PATH=${CMAKE_PREFIX_PATH}:/home/hussein/Documents/kal_ws/install/serial_motor_demo:/opt/ros/humble /usr/bin/cmake --build /home/hussein/Documents/kal_ws/build/serial -- -j12 -l12
[0.180s] -- Found ament_cmake: 1.3.6 (/opt/ros/humble/share/ament_cmake/cmake)
[0.576s] -- Found ament_cmake_gtest: 1.3.6 (/opt/ros/humble/share/ament_cmake_gtest/cmake)
[0.586s] -- Found gtest sources under '/opt/ros/humble/src/gtest_vendor': C++ tests using 'Google Test' will be built
[0.674s] -- Configuring done
[0.687s] -- Generating done
[0.688s] -- Build files have been written to: /home/hussein/Documents/kal_ws/build/serial
[0.728s] [35m[1mConsolidate compiler generated dependencies of target serial[0m
[0.729s] [35m[1mConsolidate compiler generated dependencies of target gtest_main[0m
[0.732s] [35m[1mConsolidate compiler generated dependencies of target gtest[0m
[0.760s] [  7%] [32mBuilding CXX object CMakeFiles/serial.dir/src/serial.cc.o[0m
[0.761s] [ 14%] [32mBuilding CXX object CMakeFiles/serial.dir/src/impl/unix.cc.o[0m
[0.761s] [ 28%] Built target gtest_main
[0.762s] [ 42%] Built target gtest
[0.766s] [ 50%] [32mBuilding CXX object CMakeFiles/serial.dir/src/impl/list_ports/list_ports_linux.cc.o[0m
[1.560s] [ 57%] [32m[1mLinking CXX static library libserial.a[0m
[1.589s] [ 57%] Built target serial
[1.600s] [35m[1mConsolidate compiler generated dependencies of target serial_example[0m
[1.600s] [35m[1mConsolidate compiler generated dependencies of target serial-test-timer[0m
[1.600s] [35m[1mConsolidate compiler generated dependencies of target serial-test[0m
[1.614s] [ 64%] [32mBuilding CXX object CMakeFiles/serial_example.dir/examples/serial_example.cc.o[0m
[1.616s] [ 71%] [32mBuilding CXX object tests/CMakeFiles/serial-test-timer.dir/unit/unix_timer_tests.cc.o[0m
[1.616s] [ 78%] [32mBuilding CXX object tests/CMakeFiles/serial-test.dir/unix_serial_tests.cc.o[0m
[2.238s] [ 85%] [32m[1mLinking CXX executable serial_example[0m
[2.373s] [ 85%] Built target serial_example
[2.999s] In file included from [01m[K/usr/include/boost/bind.hpp:30[m[K,
[2.999s]                  from [01m[K/home/hussein/Documents/kal_ws/src/serial/tests/unix_serial_tests.cc:23[m[K:
[2.999s] [01m[K/usr/include/boost/bind.hpp:36:1:[m[K [01;36m[Knote: [m[K‘[01m[K#pragma message: The practice of declaring the Bind placeholders (_1, _2, ...) in the global namespace is deprecated. Please use <boost/bind/bind.hpp> + using namespace boost::placeholders, or define BOOST_BIND_GLOBAL_PLACEHOLDERS to retain the current behavior.[m[K’
[2.999s]    36 | [01;36m[KBOOST_PRAGMA_MESSAGE[m[K(
[2.999s]       | [01;36m[K^~~~~~~~~~~~~~~~~~~~[m[K
[3.135s] [ 92%] [32m[1mLinking CXX executable serial-test-timer[0m
[3.311s] [100%] [32m[1mLinking CXX executable serial-test[0m
[3.329s] [100%] Built target serial-test-timer
[3.651s] [100%] Built target serial-test
