[1.008s] Invoking command in '/home/hussein/Documents/kal_ws/build/diffdrive_arduino': CMAKE_PREFIX_PATH=/opt/ros/humble /usr/bin/cmake --build /home/hussein/Documents/kal_ws/build/diffdrive_arduino -- -j4 -l4
[1.118s] -- Found ament_cmake: 1.3.6 (/opt/ros/humble/share/ament_cmake/cmake)
[2.500s] -- Found hardware_interface: 2.36.0 (/opt/ros/humble/share/hardware_interface/cmake)
[3.030s] -- Found rosidl_generator_c: 3.1.5 (/opt/ros/humble/share/rosidl_generator_c/cmake)
[3.089s] -- Found rosidl_adapter: 3.1.5 (/opt/ros/humble/share/rosidl_adapter/cmake)
[3.170s] -- Found rosidl_generator_cpp: 3.1.5 (/opt/ros/humble/share/rosidl_generator_cpp/cmake)
[3.287s] -- Using all available rosidl_typesupport_c: rosidl_typesupport_fastrtps_c;rosidl_typesupport_introspection_c
[3.488s] -- Using all available rosidl_typesupport_cpp: rosidl_typesupport_fastrtps_cpp;rosidl_typesupport_introspection_cpp
[9.556s] -- Found rmw_implementation_cmake: 6.1.1 (/opt/ros/humble/share/rmw_implementation_cmake/cmake)
[9.629s] -- Found rmw_fastrtps_cpp: 6.2.5 (/opt/ros/humble/share/rmw_fastrtps_cpp/cmake)
[10.114s] -- Found TinyXML2 via Config file: TinyXML2_DIR-NOTFOUND
[10.506s] -- Found OpenSSL: /usr/lib/aarch64-linux-gnu/libcrypto.so (found version "3.0.2")  
[10.563s] -- Found TinyXML2 via Config file: TinyXML2_DIR-NOTFOUND
[10.674s] -- Found FastRTPS: /opt/ros/humble/include  
[10.747s] -- Found TinyXML2 via Config file: TinyXML2_DIR-NOTFOUND
[10.809s] -- Found TinyXML2 via Config file: TinyXML2_DIR-NOTFOUND
[10.879s] -- Using RMW implementation 'rmw_fastrtps_cpp' as default
[11.018s] -- Looking for C++ include pthread.h
[11.739s] -- Looking for C++ include pthread.h - found
[11.746s] -- Performing Test CMAKE_HAVE_LIBC_PTHREAD
[12.743s] -- Performing Test CMAKE_HAVE_LIBC_PTHREAD - Success
[12.765s] -- Found Threads: TRUE  
[16.319s] -- Found ament_cmake_gtest: 1.3.6 (/opt/ros/humble/share/ament_cmake_gtest/cmake)
[17.079s] -- Configuring done
[17.538s] -- Generating done
[17.556s] -- Build files have been written to: /home/hussein/Documents/kal_ws/build/diffdrive_arduino
[17.774s] [35m[1mConsolidate compiler generated dependencies of target diffdrive_arduino[0m
[18.042s] [ 50%] [32mBuilding CXX object CMakeFiles/diffdrive_arduino.dir/hardware/diffbot_system.cpp.o[0m
[19.655s] In file included from [01m[K/home/hussein/Documents/kal_ws/src/diffdrive_arduino/hardware/include/diffdrive_arduino/diffbot_system.hpp:34[m[K,
[19.656s]                  from [01m[K/home/hussein/Documents/kal_ws/src/diffdrive_arduino/hardware/diffbot_system.cpp:15[m[K:
[19.657s] [01m[K/home/hussein/Documents/kal_ws/src/diffdrive_arduino/hardware/include/diffdrive_arduino/arduino_comms.hpp:7:10:[m[K [01;31m[Kfatal error: [m[Klibserial/SerialPort.h: No such file or directory
[19.657s]     7 | #include [01;31m[K<libserial/SerialPort.h>[m[K
[19.658s]       |          [01;31m[K^~~~~~~~~~~~~~~~~~~~~~~~[m[K
[19.659s] compilation terminated.
[19.668s] gmake[2]: *** [CMakeFiles/diffdrive_arduino.dir/build.make:76: CMakeFiles/diffdrive_arduino.dir/hardware/diffbot_system.cpp.o] Error 1
[19.669s] gmake[1]: *** [CMakeFiles/Makefile2:137: CMakeFiles/diffdrive_arduino.dir/all] Error 2
[19.670s] gmake: *** [Makefile:146: all] Error 2
