[1.016s] Invoking command in '/home/hussein/Documents/kal_ws/build/diffdrive_arduino': CMAKE_PREFIX_PATH=/opt/ros/humble /usr/bin/cmake --build /home/hussein/Documents/kal_ws/build/diffdrive_arduino -- -j4 -l4
[1.328s] [100%] Built target diffdrive_arduino
[1.394s] Invoked command in '/home/hussein/Documents/kal_ws/build/diffdrive_arduino' returned '0': CMAKE_PREFIX_PATH=/opt/ros/humble /usr/bin/cmake --build /home/hussein/Documents/kal_ws/build/diffdrive_arduino -- -j4 -l4
[1.909s] Invoking command in '/home/hussein/Documents/kal_ws/build/diffdrive_arduino': CMAKE_PREFIX_PATH=/opt/ros/humble /usr/bin/cmake --install /home/hussein/Documents/kal_ws/build/diffdrive_arduino
[1.942s] -- Install configuration: ""
[1.943s] -- Up-to-date: /home/hussein/Documents/kal_ws/install/diffdrive_arduino/share/diffdrive_arduino/diffdrive_arduino.xml
[1.944s] -- Up-to-date: /home/hussein/Documents/kal_ws/install/diffdrive_arduino/include/diffdrive_arduino
[1.946s] -- Up-to-date: /home/hussein/Documents/kal_ws/install/diffdrive_arduino/include/diffdrive_arduino/diffdrive_arduino
[1.948s] -- Up-to-date: /home/hussein/Documents/kal_ws/install/diffdrive_arduino/include/diffdrive_arduino/diffdrive_arduino/diffbot_system.hpp
[1.950s] -- Up-to-date: /home/hussein/Documents/kal_ws/install/diffdrive_arduino/include/diffdrive_arduino/diffdrive_arduino/arduino_comms.hpp
[1.952s] -- Up-to-date: /home/hussein/Documents/kal_ws/install/diffdrive_arduino/include/diffdrive_arduino/diffdrive_arduino/visibility_control.h
[1.954s] -- Up-to-date: /home/hussein/Documents/kal_ws/install/diffdrive_arduino/include/diffdrive_arduino/diffdrive_arduino/wheel.hpp
[1.955s] -- Up-to-date: /home/hussein/Documents/kal_ws/install/diffdrive_arduino/share/diffdrive_arduino/launch
[1.957s] -- Up-to-date: /home/hussein/Documents/kal_ws/install/diffdrive_arduino/share/diffdrive_arduino/launch/view_robot.launch.py
[1.959s] -- Up-to-date: /home/hussein/Documents/kal_ws/install/diffdrive_arduino/share/diffdrive_arduino/ros2_control
[1.960s] -- Up-to-date: /home/hussein/Documents/kal_ws/install/diffdrive_arduino/share/diffdrive_arduino/ros2_control/diffbot.ros2_control.xacro
[1.962s] -- Up-to-date: /home/hussein/Documents/kal_ws/install/diffdrive_arduino/share/diffdrive_arduino/urdf
[1.964s] -- Up-to-date: /home/hussein/Documents/kal_ws/install/diffdrive_arduino/share/diffdrive_arduino/urdf/diffbot.materials.xacro
[1.965s] -- Up-to-date: /home/hussein/Documents/kal_ws/install/diffdrive_arduino/share/diffdrive_arduino/urdf/diffbot.urdf.xacro
[1.967s] -- Up-to-date: /home/hussein/Documents/kal_ws/install/diffdrive_arduino/share/diffdrive_arduino/urdf/diffbot_description.urdf.xacro
[1.969s] -- Up-to-date: /home/hussein/Documents/kal_ws/install/diffdrive_arduino/share/diffdrive_arduino/rviz
[1.970s] -- Up-to-date: /home/hussein/Documents/kal_ws/install/diffdrive_arduino/share/diffdrive_arduino/rviz/diffbot.rviz
[1.971s] -- Up-to-date: /home/hussein/Documents/kal_ws/install/diffdrive_arduino/share/diffdrive_arduino/rviz/diffbot_view.rviz
[1.972s] -- Up-to-date: /home/hussein/Documents/kal_ws/install/diffdrive_arduino/share/diffdrive_arduino/launch
[1.972s] -- Up-to-date: /home/hussein/Documents/kal_ws/install/diffdrive_arduino/share/diffdrive_arduino/launch/diffbot.launch.py
[1.974s] -- Up-to-date: /home/hussein/Documents/kal_ws/install/diffdrive_arduino/share/diffdrive_arduino/config
[1.974s] -- Up-to-date: /home/hussein/Documents/kal_ws/install/diffdrive_arduino/share/diffdrive_arduino/config/diffbot_controllers.yaml
[1.976s] -- Up-to-date: /home/hussein/Documents/kal_ws/install/diffdrive_arduino/lib/libdiffdrive_arduino.so
[1.978s] -- Up-to-date: /home/hussein/Documents/kal_ws/install/diffdrive_arduino/share/diffdrive_arduino/environment/library_path.sh
[1.979s] -- Up-to-date: /home/hussein/Documents/kal_ws/install/diffdrive_arduino/share/diffdrive_arduino/environment/library_path.dsv
[1.980s] -- Up-to-date: /home/hussein/Documents/kal_ws/install/diffdrive_arduino/share/ament_index/resource_index/package_run_dependencies/diffdrive_arduino
[1.981s] -- Up-to-date: /home/hussein/Documents/kal_ws/install/diffdrive_arduino/share/ament_index/resource_index/parent_prefix_path/diffdrive_arduino
[1.982s] -- Up-to-date: /home/hussein/Documents/kal_ws/install/diffdrive_arduino/share/diffdrive_arduino/environment/ament_prefix_path.sh
[1.983s] -- Up-to-date: /home/hussein/Documents/kal_ws/install/diffdrive_arduino/share/diffdrive_arduino/environment/ament_prefix_path.dsv
[1.984s] -- Up-to-date: /home/hussein/Documents/kal_ws/install/diffdrive_arduino/share/diffdrive_arduino/environment/path.sh
[1.984s] -- Up-to-date: /home/hussein/Documents/kal_ws/install/diffdrive_arduino/share/diffdrive_arduino/environment/path.dsv
[1.986s] -- Up-to-date: /home/hussein/Documents/kal_ws/install/diffdrive_arduino/share/diffdrive_arduino/local_setup.bash
[1.988s] -- Up-to-date: /home/hussein/Documents/kal_ws/install/diffdrive_arduino/share/diffdrive_arduino/local_setup.sh
[1.988s] -- Up-to-date: /home/hussein/Documents/kal_ws/install/diffdrive_arduino/share/diffdrive_arduino/local_setup.zsh
[1.989s] -- Up-to-date: /home/hussein/Documents/kal_ws/install/diffdrive_arduino/share/diffdrive_arduino/local_setup.dsv
[1.990s] -- Installing: /home/hussein/Documents/kal_ws/install/diffdrive_arduino/share/diffdrive_arduino/package.dsv
[1.992s] -- Up-to-date: /home/hussein/Documents/kal_ws/install/diffdrive_arduino/share/ament_index/resource_index/packages/diffdrive_arduino
[1.993s] -- Up-to-date: /home/hussein/Documents/kal_ws/install/diffdrive_arduino/share/ament_index/resource_index/hardware_interface__pluginlib__plugin/diffdrive_arduino
[1.994s] -- Up-to-date: /home/hussein/Documents/kal_ws/install/diffdrive_arduino/share/diffdrive_arduino/cmake/export_diffdrive_arduinoExport.cmake
[1.999s] -- Up-to-date: /home/hussein/Documents/kal_ws/install/diffdrive_arduino/share/diffdrive_arduino/cmake/export_diffdrive_arduinoExport-noconfig.cmake
[2.001s] -- Up-to-date: /home/hussein/Documents/kal_ws/install/diffdrive_arduino/share/diffdrive_arduino/cmake/ament_cmake_export_targets-extras.cmake
[2.006s] -- Up-to-date: /home/hussein/Documents/kal_ws/install/diffdrive_arduino/share/diffdrive_arduino/cmake/ament_cmake_export_dependencies-extras.cmake
[2.007s] -- Up-to-date: /home/hussein/Documents/kal_ws/install/diffdrive_arduino/share/diffdrive_arduino/cmake/diffdrive_arduinoConfig.cmake
[2.008s] -- Up-to-date: /home/hussein/Documents/kal_ws/install/diffdrive_arduino/share/diffdrive_arduino/cmake/diffdrive_arduinoConfig-version.cmake
[2.009s] -- Up-to-date: /home/hussein/Documents/kal_ws/install/diffdrive_arduino/share/diffdrive_arduino/package.xml
[2.011s] Invoked command in '/home/hussein/Documents/kal_ws/build/diffdrive_arduino' returned '0': CMAKE_PREFIX_PATH=/opt/ros/humble /usr/bin/cmake --install /home/hussein/Documents/kal_ws/build/diffdrive_arduino
