[1.373s] Invoking command in '/home/hussein/Documents/kal_ws/build/serial_motor_demo_msgs': CMAKE_PREFIX_PATH=/opt/ros/humble /usr/bin/cmake --build /home/hussein/Documents/kal_ws/build/serial_motor_demo_msgs -- -j4 -l4
[1.540s] -- Found ament_cmake: 1.3.6 (/opt/ros/humble/share/ament_cmake/cmake)
[2.434s] -- Found ament_lint_auto: 0.12.9 (/opt/ros/humble/share/ament_lint_auto/cmake)
[2.915s] -- Found rosidl_default_generators: 1.2.0 (/opt/ros/humble/share/rosidl_default_generators/cmake)
[2.929s] -- Using all available rosidl_typesupport_c: rosidl_typesupport_fastrtps_c;rosidl_typesupport_introspection_c
[2.950s] -- Found rosidl_adapter: 3.1.5 (/opt/ros/humble/share/rosidl_adapter/cmake)
[3.060s] [33mCMake Warning at /opt/ros/humble/share/rcutils/cmake/ament_cmake_export_libraries-extras.cmake:116 (message):
[3.061s]   Package 'rcutils' exports library 'dl' which couldn't be found
[3.061s] Call Stack (most recent call first):
[3.061s]   /opt/ros/humble/share/rcutils/cmake/rcutilsConfig.cmake:41 (include)
[3.062s]   /opt/ros/humble/share/rosidl_runtime_c/cmake/ament_cmake_export_dependencies-extras.cmake:21 (find_package)
[3.062s]   /opt/ros/humble/share/rosidl_runtime_c/cmake/rosidl_runtime_cConfig.cmake:41 (include)
[3.063s]   /opt/ros/humble/share/rosidl_typesupport_fastrtps_c/cmake/ament_cmake_export_dependencies-extras.cmake:21 (find_package)
[3.063s]   /opt/ros/humble/share/rosidl_typesupport_fastrtps_c/cmake/rosidl_typesupport_fastrtps_cConfig.cmake:41 (include)
[3.064s]   /opt/ros/humble/share/rosidl_typesupport_c/cmake/rosidl_typesupport_c-extras.cmake:13 (find_package)
[3.064s]   /opt/ros/humble/share/rosidl_typesupport_c/cmake/rosidl_typesupport_cConfig.cmake:41 (include)
[3.065s]   /opt/ros/humble/share/rosidl_default_generators/cmake/rosidl_default_generators-extras.cmake:21 (find_package)
[3.065s]   /opt/ros/humble/share/rosidl_default_generators/cmake/rosidl_default_generatorsConfig.cmake:41 (include)
[3.066s]   CMakeLists.txt:40 (find_package)
[3.066s] 
[3.067s] [0m
[3.140s] -- Using all available rosidl_typesupport_cpp: rosidl_typesupport_fastrtps_cpp;rosidl_typesupport_introspection_cpp
[4.317s] -- Found ament_cmake_ros: 0.10.0 (/opt/ros/humble/share/ament_cmake_ros/cmake)
[5.313s] -- Using all available rosidl_typesupport_c: rosidl_typesupport_fastrtps_c;rosidl_typesupport_introspection_c
[6.623s] -- Using all available rosidl_typesupport_cpp: rosidl_typesupport_fastrtps_cpp;rosidl_typesupport_introspection_cpp
[6.752s] -- Found python_cmake_module: 0.10.0 (/opt/ros/humble/share/python_cmake_module/cmake)
[6.896s] -- Using PYTHON_EXECUTABLE: /usr/bin/python3
[6.897s] -- Using PYTHON_INCLUDE_DIRS: /usr/include/python3.10
[6.898s] -- Using PYTHON_LIBRARIES: /usr/lib/x86_64-linux-gnu/libpython3.10.so
[6.971s] -- Added test 'copyright' to check source files copyright and LICENSE
[6.989s] -- Added test 'lint_cmake' to check CMake code style
[6.998s] -- Added test 'xmllint' to check XML markup files
[7.041s] -- Configuring done
[7.484s] -- Generating done
[7.530s] -- Build files have been written to: /home/hussein/Documents/kal_ws/build/serial_motor_demo_msgs
[8.018s] [  0%] Built target ament_cmake_python_copy_serial_motor_demo_msgs
[8.092s] [35m[1mConsolidate compiler generated dependencies of target serial_motor_demo_msgs__rosidl_generator_c[0m
[8.234s] [  2%] [32mBuilding C object CMakeFiles/serial_motor_demo_msgs__rosidl_generator_c.dir/rosidl_generator_c/serial_motor_demo_msgs/msg/detail/motor_vels__functions.c.o[0m
[8.238s] [  4%] [32mBuilding C object CMakeFiles/serial_motor_demo_msgs__rosidl_generator_c.dir/rosidl_generator_c/serial_motor_demo_msgs/msg/detail/motor_command__functions.c.o[0m
[8.265s] [  6%] Built target serial_motor_demo_msgs__cpp
[8.321s] [  8%] [32mBuilding C object CMakeFiles/serial_motor_demo_msgs__rosidl_generator_c.dir/rosidl_generator_c/serial_motor_demo_msgs/msg/detail/encoder_vals__functions.c.o[0m
[9.254s] [35m[1mConsolidate compiler generated dependencies of target serial_motor_demo_msgs__rosidl_typesupport_fastrtps_cpp[0m
[9.277s] [ 10%] [32m[1mLinking C shared library libserial_motor_demo_msgs__rosidl_generator_c.so[0m
[9.460s] [35m[1mConsolidate compiler generated dependencies of target serial_motor_demo_msgs__rosidl_typesupport_introspection_cpp[0m
[9.509s] [ 12%] [32mBuilding CXX object CMakeFiles/serial_motor_demo_msgs__rosidl_typesupport_fastrtps_cpp.dir/rosidl_typesupport_fastrtps_cpp/serial_motor_demo_msgs/msg/detail/dds_fastrtps/motor_command__type_support.cpp.o[0m
[9.592s] [ 14%] [32mBuilding CXX object CMakeFiles/serial_motor_demo_msgs__rosidl_typesupport_introspection_cpp.dir/rosidl_typesupport_introspection_cpp/serial_motor_demo_msgs/msg/detail/motor_command__type_support.cpp.o[0m
[9.653s] [ 17%] Built target serial_motor_demo_msgs__rosidl_generator_c
[9.711s] [ 19%] [32mBuilding CXX object CMakeFiles/serial_motor_demo_msgs__rosidl_typesupport_fastrtps_cpp.dir/rosidl_typesupport_fastrtps_cpp/serial_motor_demo_msgs/msg/detail/dds_fastrtps/motor_vels__type_support.cpp.o[0m
[10.940s] running egg_info
[10.948s] writing serial_motor_demo_msgs.egg-info/PKG-INFO
[10.951s] writing dependency_links to serial_motor_demo_msgs.egg-info/dependency_links.txt
[10.953s] writing top-level names to serial_motor_demo_msgs.egg-info/top_level.txt
[10.984s] reading manifest file 'serial_motor_demo_msgs.egg-info/SOURCES.txt'
[10.993s] writing manifest file 'serial_motor_demo_msgs.egg-info/SOURCES.txt'
[11.274s] [ 19%] Built target ament_cmake_python_build_serial_motor_demo_msgs_egg
[11.411s] [35m[1mConsolidate compiler generated dependencies of target serial_motor_demo_msgs__rosidl_typesupport_cpp[0m
[11.538s] [ 21%] [32mBuilding CXX object CMakeFiles/serial_motor_demo_msgs__rosidl_typesupport_cpp.dir/rosidl_typesupport_cpp/serial_motor_demo_msgs/msg/motor_command__type_support.cpp.o[0m
[13.111s] [ 23%] [32mBuilding CXX object CMakeFiles/serial_motor_demo_msgs__rosidl_typesupport_introspection_cpp.dir/rosidl_typesupport_introspection_cpp/serial_motor_demo_msgs/msg/detail/motor_vels__type_support.cpp.o[0m
[13.191s] [ 25%] [32mBuilding CXX object CMakeFiles/serial_motor_demo_msgs__rosidl_typesupport_fastrtps_cpp.dir/rosidl_typesupport_fastrtps_cpp/serial_motor_demo_msgs/msg/detail/dds_fastrtps/encoder_vals__type_support.cpp.o[0m
[13.275s] [ 27%] [32mBuilding CXX object CMakeFiles/serial_motor_demo_msgs__rosidl_typesupport_introspection_cpp.dir/rosidl_typesupport_introspection_cpp/serial_motor_demo_msgs/msg/detail/encoder_vals__type_support.cpp.o[0m
[13.847s] [ 29%] [32mBuilding CXX object CMakeFiles/serial_motor_demo_msgs__rosidl_typesupport_cpp.dir/rosidl_typesupport_cpp/serial_motor_demo_msgs/msg/motor_vels__type_support.cpp.o[0m
[16.961s] [ 31%] [32mBuilding CXX object CMakeFiles/serial_motor_demo_msgs__rosidl_typesupport_cpp.dir/rosidl_typesupport_cpp/serial_motor_demo_msgs/msg/encoder_vals__type_support.cpp.o[0m
[17.782s] [ 34%] [32m[1mLinking CXX shared library libserial_motor_demo_msgs__rosidl_typesupport_introspection_cpp.so[0m
[17.950s] [ 36%] [32m[1mLinking CXX shared library libserial_motor_demo_msgs__rosidl_typesupport_fastrtps_cpp.so[0m
[18.195s] [ 38%] Built target serial_motor_demo_msgs__rosidl_typesupport_introspection_cpp
[18.397s] [35m[1mConsolidate compiler generated dependencies of target serial_motor_demo_msgs__rosidl_typesupport_introspection_c[0m
[18.527s] [35m[1mConsolidate compiler generated dependencies of target serial_motor_demo_msgs__rosidl_typesupport_fastrtps_c[0m
[18.560s] [ 40%] [32mBuilding C object CMakeFiles/serial_motor_demo_msgs__rosidl_typesupport_introspection_c.dir/rosidl_typesupport_introspection_c/serial_motor_demo_msgs/msg/detail/motor_command__type_support.c.o[0m
[18.731s] [ 42%] [32mBuilding CXX object CMakeFiles/serial_motor_demo_msgs__rosidl_typesupport_fastrtps_c.dir/rosidl_typesupport_fastrtps_c/serial_motor_demo_msgs/msg/detail/motor_command__type_support_c.cpp.o[0m
[19.180s] [ 44%] Built target serial_motor_demo_msgs__rosidl_typesupport_fastrtps_cpp
[19.198s] [ 46%] [32mBuilding C object CMakeFiles/serial_motor_demo_msgs__rosidl_typesupport_introspection_c.dir/rosidl_typesupport_introspection_c/serial_motor_demo_msgs/msg/detail/motor_vels__type_support.c.o[0m
[19.248s] [35m[1mConsolidate compiler generated dependencies of target serial_motor_demo_msgs__rosidl_typesupport_c[0m
[19.460s] [ 48%] [32mBuilding CXX object CMakeFiles/serial_motor_demo_msgs__rosidl_typesupport_c.dir/rosidl_typesupport_c/serial_motor_demo_msgs/msg/motor_command__type_support.cpp.o[0m
[19.729s] [ 51%] [32mBuilding C object CMakeFiles/serial_motor_demo_msgs__rosidl_typesupport_introspection_c.dir/rosidl_typesupport_introspection_c/serial_motor_demo_msgs/msg/detail/encoder_vals__type_support.c.o[0m
[19.957s] [ 53%] [32mBuilding CXX object CMakeFiles/serial_motor_demo_msgs__rosidl_typesupport_c.dir/rosidl_typesupport_c/serial_motor_demo_msgs/msg/motor_vels__type_support.cpp.o[0m
[20.325s] [ 55%] [32m[1mLinking C shared library libserial_motor_demo_msgs__rosidl_typesupport_introspection_c.so[0m
[20.482s] [ 57%] [32mBuilding CXX object CMakeFiles/serial_motor_demo_msgs__rosidl_typesupport_c.dir/rosidl_typesupport_c/serial_motor_demo_msgs/msg/encoder_vals__type_support.cpp.o[0m
[20.624s] [ 59%] Built target serial_motor_demo_msgs__rosidl_typesupport_introspection_c
[20.697s] [ 61%] [32mBuilding CXX object CMakeFiles/serial_motor_demo_msgs__rosidl_typesupport_fastrtps_c.dir/rosidl_typesupport_fastrtps_c/serial_motor_demo_msgs/msg/detail/motor_vels__type_support_c.cpp.o[0m
[20.793s] [ 63%] [32m[1mLinking CXX shared library libserial_motor_demo_msgs__rosidl_typesupport_c.so[0m
[20.898s] [ 65%] [32m[1mLinking CXX shared library libserial_motor_demo_msgs__rosidl_typesupport_cpp.so[0m
[21.066s] [ 68%] Built target serial_motor_demo_msgs__rosidl_typesupport_c
[21.119s] [ 70%] [32mBuilding CXX object CMakeFiles/serial_motor_demo_msgs__rosidl_typesupport_fastrtps_c.dir/rosidl_typesupport_fastrtps_c/serial_motor_demo_msgs/msg/detail/encoder_vals__type_support_c.cpp.o[0m
[21.185s] [ 72%] Built target serial_motor_demo_msgs__rosidl_typesupport_cpp
[23.715s] [ 74%] [32m[1mLinking CXX shared library libserial_motor_demo_msgs__rosidl_typesupport_fastrtps_c.so[0m
[24.122s] [ 76%] Built target serial_motor_demo_msgs__rosidl_typesupport_fastrtps_c
[24.227s] [ 76%] Built target serial_motor_demo_msgs
[24.488s] [ 78%] Built target serial_motor_demo_msgs__py
[24.589s] [35m[1mConsolidate compiler generated dependencies of target serial_motor_demo_msgs__rosidl_generator_py[0m
[24.686s] gmake[2]: *** No rule to make target '/usr/lib/x86_64-linux-gnu/libpython3.10.so', needed by 'rosidl_generator_py/serial_motor_demo_msgs/libserial_motor_demo_msgs__rosidl_generator_py.so'.  Stop.
[24.688s] gmake[2]: *** Waiting for unfinished jobs....
[24.748s] [ 82%] [32mBuilding C object CMakeFiles/serial_motor_demo_msgs__rosidl_generator_py.dir/rosidl_generator_py/serial_motor_demo_msgs/msg/_motor_command_s.c.o[0m
[24.750s] [ 82%] [32mBuilding C object CMakeFiles/serial_motor_demo_msgs__rosidl_generator_py.dir/rosidl_generator_py/serial_motor_demo_msgs/msg/_motor_vels_s.c.o[0m
[24.781s] [ 85%] [32mBuilding C object CMakeFiles/serial_motor_demo_msgs__rosidl_generator_py.dir/rosidl_generator_py/serial_motor_demo_msgs/msg/_encoder_vals_s.c.o[0m
[25.896s] gmake[1]: *** [CMakeFiles/Makefile2:475: CMakeFiles/serial_motor_demo_msgs__rosidl_generator_py.dir/all] Error 2
[25.897s] gmake: *** [Makefile:146: all] Error 2
