[35m[1mConsolidate compiler generated dependencies of target diffdrive_arduino[0m
[ 50%] [32mBuilding CXX object CMakeFiles/diffdrive_arduino.dir/hardware/diffbot_system.cpp.o[0m
In file included from [01m[K/opt/ros/humble/include/rclcpp/rclcpp/logging.hpp:24[m[K,
                 from [01m[K/opt/ros/humble/include/rclcpp/rclcpp/client.hpp:40[m[K,
                 from [01m[K/opt/ros/humble/include/rclcpp/rclcpp/callback_group.hpp:24[m[K,
                 from [01m[K/opt/ros/humble/include/rclcpp/rclcpp/any_executable.hpp:20[m[K,
                 from [01m[K/opt/ros/humble/include/rclcpp/rclcpp/memory_strategy.hpp:25[m[K,
                 from [01m[K/opt/ros/humble/include/rclcpp/rclcpp/memory_strategies.hpp:18[m[K,
                 from [01m[K/opt/ros/humble/include/rclcpp/rclcpp/executor_options.hpp:20[m[K,
                 from [01m[K/opt/ros/humble/include/rclcpp/rclcpp/executor.hpp:37[m[K,
                 from [01m[K/opt/ros/humble/include/rclcpp/rclcpp/executors/multi_threaded_executor.hpp:25[m[K,
                 from [01m[K/opt/ros/humble/include/rclcpp/rclcpp/executors.hpp:21[m[K,
                 from [01m[K/opt/ros/humble/include/rclcpp/rclcpp/rclcpp.hpp:155[m[K,
                 from [01m[K/home/hussein/Documents/kal_ws/src/diffdrive_arduino/hardware/diffbot_system.cpp:24[m[K:
[01m[K/home/hussein/Documents/kal_ws/src/diffdrive_arduino/hardware/diffbot_system.cpp:[m[K In member function ‘[01m[Kvirtual hardware_interface::CallbackReturn diffdrive_arduino::DiffDriveArduinoHardware::on_init(const hardware_interface::HardwareInfo&)[m[K’:
[01m[K/home/hussein/Documents/kal_ws/src/diffdrive_arduino/hardware/diffbot_system.cpp:98:112:[m[K [01;31m[Kerror: [m[K‘[01m[Kconst value_type[m[K’ {aka ‘[01m[Kconst struct hardware_interface::InterfaceInfo[m[K’} has no member named ‘[01m[Kc_str[m[K’
   98 |       RCLCPP_INFO(rclcpp::get_logger("DiffDriveArduinoHardware"), "Device name: %s", joint.state_interfaces[0].[01;31m[Kc_str[m[K());
      |                                                                                                                [01;31m[K^~~~~[m[K
[01m[K/home/hussein/Documents/kal_ws/src/diffdrive_arduino/hardware/diffbot_system.cpp:99:112:[m[K [01;31m[Kerror: [m[K‘[01m[Kconst value_type[m[K’ {aka ‘[01m[Kconst struct hardware_interface::InterfaceInfo[m[K’} has no member named ‘[01m[Kc_str[m[K’
   99 |       RCLCPP_INFO(rclcpp::get_logger("DiffDriveArduinoHardware"), "Device name: %s", joint.state_interfaces[1].[01;31m[Kc_str[m[K());
      |                                                                                                                [01;31m[K^~~~~[m[K
gmake[2]: *** [CMakeFiles/diffdrive_arduino.dir/build.make:76: CMakeFiles/diffdrive_arduino.dir/hardware/diffbot_system.cpp.o] Error 1
gmake[1]: *** [CMakeFiles/Makefile2:137: CMakeFiles/diffdrive_arduino.dir/all] Error 2
gmake: *** [Makefile:146: all] Error 2
