[0.895s] Invoking command in '/home/hussein/Documents/kal_ws/build/rplidar_ros': CMAKE_PREFIX_PATH=${CMAKE_PREFIX_PATH}:/home/hussein/Documents/kal_ws/install/serial_motor_demo:/opt/ros/humble /usr/bin/cmake --build /home/hussein/Documents/kal_ws/build/rplidar_ros -- -j4 -l4
[1.432s] [ 77%] Built target rplidar_composition_node
[1.713s] [100%] Built target rplidar_composition
[2.075s] Invoked command in '/home/hussein/Documents/kal_ws/build/rplidar_ros' returned '0': CMAKE_PREFIX_PATH=${CMAKE_PREFIX_PATH}:/home/hussein/Documents/kal_ws/install/serial_motor_demo:/opt/ros/humble /usr/bin/cmake --build /home/hussein/Documents/kal_ws/build/rplidar_ros -- -j4 -l4
[3.433s] Invoking command in '/home/hussein/Documents/kal_ws/build/rplidar_ros': CMAKE_PREFIX_PATH=${CMAKE_PREFIX_PATH}:/home/hussein/Documents/kal_ws/install/serial_motor_demo:/opt/ros/humble /usr/bin/cmake --install /home/hussein/Documents/kal_ws/build/rplidar_ros
[3.508s] -- Install configuration: ""
[3.513s] -- Up-to-date: /home/hussein/Documents/kal_ws/install/rplidar_ros/lib/rplidar_ros/rplidar_composition
[3.548s] -- Up-to-date: /home/hussein/Documents/kal_ws/install/rplidar_ros/share/rplidar_ros/launch
[3.550s] -- Up-to-date: /home/hussein/Documents/kal_ws/install/rplidar_ros/share/rplidar_ros/launch/rplidar_a3.launch.py
[3.555s] -- Up-to-date: /home/hussein/Documents/kal_ws/install/rplidar_ros/share/rplidar_ros/launch/view_rplidar_s1.launch.py
[3.556s] -- Up-to-date: /home/hussein/Documents/kal_ws/install/rplidar_ros/share/rplidar_ros/launch/rplidar.launch.py
[3.571s] -- Up-to-date: /home/hussein/Documents/kal_ws/install/rplidar_ros/share/rplidar_ros/launch/rplidar_s1_tcp.launch.py
[3.572s] -- Up-to-date: /home/hussein/Documents/kal_ws/install/rplidar_ros/share/rplidar_ros/launch/test_rplidar_a3.launch.py
[3.572s] -- Up-to-date: /home/hussein/Documents/kal_ws/install/rplidar_ros/share/rplidar_ros/launch/view_rplidar_a3.launch.py
[3.574s] -- Up-to-date: /home/hussein/Documents/kal_ws/install/rplidar_ros/share/rplidar_ros/launch/view_rplidar_s1_tcp.launch.py
[3.579s] -- Up-to-date: /home/hussein/Documents/kal_ws/install/rplidar_ros/share/rplidar_ros/launch/rplidar_s1.launch.py
[3.581s] -- Up-to-date: /home/hussein/Documents/kal_ws/install/rplidar_ros/share/rplidar_ros/launch/view_rplidar.launch.py
[3.583s] -- Up-to-date: /home/hussein/Documents/kal_ws/install/rplidar_ros/share/rplidar_ros/rviz
[3.594s] -- Up-to-date: /home/hussein/Documents/kal_ws/install/rplidar_ros/share/rplidar_ros/rviz/rplidar.rviz
[3.617s] -- Up-to-date: /home/hussein/Documents/kal_ws/install/rplidar_ros/lib/librplidar_composition_node.so
[3.618s] -- Up-to-date: /home/hussein/Documents/kal_ws/install/rplidar_ros/include
[3.619s] -- Up-to-date: /home/hussein/Documents/kal_ws/install/rplidar_ros/include/visibility.h
[3.620s] -- Up-to-date: /home/hussein/Documents/kal_ws/install/rplidar_ros/include/rplidar_node.hpp
[3.621s] -- Up-to-date: /home/hussein/Documents/kal_ws/install/rplidar_ros/lib/rplidar_ros/rplidar_composition
[3.624s] -- Up-to-date: /home/hussein/Documents/kal_ws/install/rplidar_ros/share/ament_index/resource_index/package_run_dependencies/rplidar_ros
[3.625s] -- Up-to-date: /home/hussein/Documents/kal_ws/install/rplidar_ros/share/ament_index/resource_index/parent_prefix_path/rplidar_ros
[3.627s] -- Up-to-date: /home/hussein/Documents/kal_ws/install/rplidar_ros/share/rplidar_ros/environment/ament_prefix_path.sh
[3.628s] -- Up-to-date: /home/hussein/Documents/kal_ws/install/rplidar_ros/share/rplidar_ros/environment/ament_prefix_path.dsv
[3.630s] -- Up-to-date: /home/hussein/Documents/kal_ws/install/rplidar_ros/share/rplidar_ros/environment/path.sh
[3.633s] -- Up-to-date: /home/hussein/Documents/kal_ws/install/rplidar_ros/share/rplidar_ros/environment/path.dsv
[3.635s] -- Up-to-date: /home/hussein/Documents/kal_ws/install/rplidar_ros/share/rplidar_ros/local_setup.bash
[3.636s] -- Up-to-date: /home/hussein/Documents/kal_ws/install/rplidar_ros/share/rplidar_ros/local_setup.sh
[3.637s] -- Up-to-date: /home/hussein/Documents/kal_ws/install/rplidar_ros/share/rplidar_ros/local_setup.zsh
[3.639s] -- Up-to-date: /home/hussein/Documents/kal_ws/install/rplidar_ros/share/rplidar_ros/local_setup.dsv
[3.642s] -- Installing: /home/hussein/Documents/kal_ws/install/rplidar_ros/share/rplidar_ros/package.dsv
[3.644s] -- Up-to-date: /home/hussein/Documents/kal_ws/install/rplidar_ros/share/ament_index/resource_index/packages/rplidar_ros
[3.646s] -- Up-to-date: /home/hussein/Documents/kal_ws/install/rplidar_ros/share/ament_index/resource_index/rclcpp_components/rplidar_ros
[3.648s] -- Up-to-date: /home/hussein/Documents/kal_ws/install/rplidar_ros/share/rplidar_ros/cmake/ament_cmake_export_dependencies-extras.cmake
[3.649s] -- Up-to-date: /home/hussein/Documents/kal_ws/install/rplidar_ros/share/rplidar_ros/cmake/ament_cmake_export_include_directories-extras.cmake
[3.652s] -- Up-to-date: /home/hussein/Documents/kal_ws/install/rplidar_ros/share/rplidar_ros/cmake/rplidar_rosConfig.cmake
[3.655s] -- Up-to-date: /home/hussein/Documents/kal_ws/install/rplidar_ros/share/rplidar_ros/cmake/rplidar_rosConfig-version.cmake
[3.657s] -- Up-to-date: /home/hussein/Documents/kal_ws/install/rplidar_ros/share/rplidar_ros/package.xml
[4.664s] Invoked command in '/home/hussein/Documents/kal_ws/build/rplidar_ros' returned '0': CMAKE_PREFIX_PATH=${CMAKE_PREFIX_PATH}:/home/hussein/Documents/kal_ws/install/serial_motor_demo:/opt/ros/humble /usr/bin/cmake --install /home/hussein/Documents/kal_ws/build/rplidar_ros
