[0.752s] Invoking command in '/home/hussein/Documents/kal_ws/build/rplidar_ros': CMAKE_PREFIX_PATH=${CMAKE_PREFIX_PATH}:/home/hussein/Documents/kal_ws/install/serial_motor_demo:/opt/ros/humble /usr/bin/cmake --build /home/hussein/Documents/kal_ws/build/rplidar_ros -- -j4 -l4
[1.147s] [ 77%] Built target rplidar_composition_node
[1.339s] [100%] Built target rplidar_composition
[1.657s] Invoked command in '/home/hussein/Documents/kal_ws/build/rplidar_ros' returned '0': CMAKE_PREFIX_PATH=${CMAKE_PREFIX_PATH}:/home/hussein/Documents/kal_ws/install/serial_motor_demo:/opt/ros/humble /usr/bin/cmake --build /home/hussein/Documents/kal_ws/build/rplidar_ros -- -j4 -l4
[2.580s] Invoking command in '/home/hussein/Documents/kal_ws/build/rplidar_ros': CMAKE_PREFIX_PATH=${CMAKE_PREFIX_PATH}:/home/hussein/Documents/kal_ws/install/serial_motor_demo:/opt/ros/humble /usr/bin/cmake --install /home/hussein/Documents/kal_ws/build/rplidar_ros
[2.631s] -- Install configuration: ""
[2.635s] -- Up-to-date: /home/hussein/Documents/kal_ws/install/rplidar_ros/lib/rplidar_ros/rplidar_composition
[2.639s] -- Up-to-date: /home/hussein/Documents/kal_ws/install/rplidar_ros/share/rplidar_ros/launch
[2.642s] -- Up-to-date: /home/hussein/Documents/kal_ws/install/rplidar_ros/share/rplidar_ros/launch/rplidar_a3.launch.py
[2.642s] -- Up-to-date: /home/hussein/Documents/kal_ws/install/rplidar_ros/share/rplidar_ros/launch/view_rplidar_s1.launch.py
[2.643s] -- Up-to-date: /home/hussein/Documents/kal_ws/install/rplidar_ros/share/rplidar_ros/launch/rplidar.launch.py
[2.644s] -- Up-to-date: /home/hussein/Documents/kal_ws/install/rplidar_ros/share/rplidar_ros/launch/rplidar_s1_tcp.launch.py
[2.645s] -- Up-to-date: /home/hussein/Documents/kal_ws/install/rplidar_ros/share/rplidar_ros/launch/test_rplidar_a3.launch.py
[2.647s] -- Up-to-date: /home/hussein/Documents/kal_ws/install/rplidar_ros/share/rplidar_ros/launch/view_rplidar_a3.launch.py
[2.648s] -- Up-to-date: /home/hussein/Documents/kal_ws/install/rplidar_ros/share/rplidar_ros/launch/view_rplidar_s1_tcp.launch.py
[2.649s] -- Up-to-date: /home/hussein/Documents/kal_ws/install/rplidar_ros/share/rplidar_ros/launch/rplidar_s1.launch.py
[2.649s] -- Up-to-date: /home/hussein/Documents/kal_ws/install/rplidar_ros/share/rplidar_ros/launch/view_rplidar.launch.py
[2.650s] -- Up-to-date: /home/hussein/Documents/kal_ws/install/rplidar_ros/share/rplidar_ros/rviz
[2.651s] -- Up-to-date: /home/hussein/Documents/kal_ws/install/rplidar_ros/share/rplidar_ros/rviz/rplidar.rviz
[2.652s] -- Up-to-date: /home/hussein/Documents/kal_ws/install/rplidar_ros/lib/librplidar_composition_node.so
[2.652s] -- Up-to-date: /home/hussein/Documents/kal_ws/install/rplidar_ros/include
[2.654s] -- Up-to-date: /home/hussein/Documents/kal_ws/install/rplidar_ros/include/visibility.h
[2.655s] -- Up-to-date: /home/hussein/Documents/kal_ws/install/rplidar_ros/include/rplidar_node.hpp
[2.656s] -- Up-to-date: /home/hussein/Documents/kal_ws/install/rplidar_ros/lib/rplidar_ros/rplidar_composition
[2.657s] -- Up-to-date: /home/hussein/Documents/kal_ws/install/rplidar_ros/share/ament_index/resource_index/package_run_dependencies/rplidar_ros
[2.658s] -- Up-to-date: /home/hussein/Documents/kal_ws/install/rplidar_ros/share/ament_index/resource_index/parent_prefix_path/rplidar_ros
[2.659s] -- Up-to-date: /home/hussein/Documents/kal_ws/install/rplidar_ros/share/rplidar_ros/environment/ament_prefix_path.sh
[2.660s] -- Up-to-date: /home/hussein/Documents/kal_ws/install/rplidar_ros/share/rplidar_ros/environment/ament_prefix_path.dsv
[2.661s] -- Up-to-date: /home/hussein/Documents/kal_ws/install/rplidar_ros/share/rplidar_ros/environment/path.sh
[2.662s] -- Up-to-date: /home/hussein/Documents/kal_ws/install/rplidar_ros/share/rplidar_ros/environment/path.dsv
[2.663s] -- Up-to-date: /home/hussein/Documents/kal_ws/install/rplidar_ros/share/rplidar_ros/local_setup.bash
[2.664s] -- Up-to-date: /home/hussein/Documents/kal_ws/install/rplidar_ros/share/rplidar_ros/local_setup.sh
[2.664s] -- Up-to-date: /home/hussein/Documents/kal_ws/install/rplidar_ros/share/rplidar_ros/local_setup.zsh
[2.666s] -- Up-to-date: /home/hussein/Documents/kal_ws/install/rplidar_ros/share/rplidar_ros/local_setup.dsv
[2.667s] -- Installing: /home/hussein/Documents/kal_ws/install/rplidar_ros/share/rplidar_ros/package.dsv
[2.668s] -- Up-to-date: /home/hussein/Documents/kal_ws/install/rplidar_ros/share/ament_index/resource_index/packages/rplidar_ros
[2.669s] -- Up-to-date: /home/hussein/Documents/kal_ws/install/rplidar_ros/share/ament_index/resource_index/rclcpp_components/rplidar_ros
[2.670s] -- Up-to-date: /home/hussein/Documents/kal_ws/install/rplidar_ros/share/rplidar_ros/cmake/ament_cmake_export_dependencies-extras.cmake
[2.671s] -- Up-to-date: /home/hussein/Documents/kal_ws/install/rplidar_ros/share/rplidar_ros/cmake/ament_cmake_export_include_directories-extras.cmake
[2.672s] -- Up-to-date: /home/hussein/Documents/kal_ws/install/rplidar_ros/share/rplidar_ros/cmake/rplidar_rosConfig.cmake
[2.673s] -- Up-to-date: /home/hussein/Documents/kal_ws/install/rplidar_ros/share/rplidar_ros/cmake/rplidar_rosConfig-version.cmake
[2.673s] -- Up-to-date: /home/hussein/Documents/kal_ws/install/rplidar_ros/share/rplidar_ros/package.xml
[3.355s] Invoked command in '/home/hussein/Documents/kal_ws/build/rplidar_ros' returned '0': CMAKE_PREFIX_PATH=${CMAKE_PREFIX_PATH}:/home/hussein/Documents/kal_ws/install/serial_motor_demo:/opt/ros/humble /usr/bin/cmake --install /home/hussein/Documents/kal_ws/build/rplidar_ros
