[1.048s] Invoking command in '/home/hussein/Documents/kal_ws/build/diffdrive_arduino': CMAKE_PREFIX_PATH=/opt/ros/humble /usr/bin/cmake --build /home/hussein/Documents/kal_ws/build/diffdrive_arduino -- -j4 -l4
[2.081s] [100%] Built target diffdrive_arduino
[2.521s] Invoked command in '/home/hussein/Documents/kal_ws/build/diffdrive_arduino' returned '0': CMAKE_PREFIX_PATH=/opt/ros/humble /usr/bin/cmake --build /home/hussein/Documents/kal_ws/build/diffdrive_arduino -- -j4 -l4
[3.035s] Invoking command in '/home/hussein/Documents/kal_ws/build/diffdrive_arduino': CMAKE_PREFIX_PATH=/opt/ros/humble /usr/bin/cmake --install /home/hussein/Documents/kal_ws/build/diffdrive_arduino
[3.078s] -- Install configuration: ""
[3.107s] -- Up-to-date: /home/hussein/Documents/kal_ws/install/diffdrive_arduino/share/diffdrive_arduino/diffdrive_arduino.xml
[3.117s] -- Up-to-date: /home/hussein/Documents/kal_ws/install/diffdrive_arduino/include/diffdrive_arduino
[3.131s] -- Up-to-date: /home/hussein/Documents/kal_ws/install/diffdrive_arduino/include/diffdrive_arduino/diffdrive_arduino
[3.144s] -- Up-to-date: /home/hussein/Documents/kal_ws/install/diffdrive_arduino/include/diffdrive_arduino/diffdrive_arduino/diffbot_system.hpp
[3.146s] -- Up-to-date: /home/hussein/Documents/kal_ws/install/diffdrive_arduino/include/diffdrive_arduino/diffdrive_arduino/arduino_comms.hpp
[3.146s] -- Up-to-date: /home/hussein/Documents/kal_ws/install/diffdrive_arduino/include/diffdrive_arduino/diffdrive_arduino/visibility_control.h
[3.147s] -- Up-to-date: /home/hussein/Documents/kal_ws/install/diffdrive_arduino/include/diffdrive_arduino/diffdrive_arduino/wheel.hpp
[3.155s] -- Up-to-date: /home/hussein/Documents/kal_ws/install/diffdrive_arduino/share/diffdrive_arduino/launch
[3.172s] -- Up-to-date: /home/hussein/Documents/kal_ws/install/diffdrive_arduino/share/diffdrive_arduino/launch/view_robot.launch.py
[3.175s] -- Up-to-date: /home/hussein/Documents/kal_ws/install/diffdrive_arduino/share/diffdrive_arduino/ros2_control
[3.185s] -- Up-to-date: /home/hussein/Documents/kal_ws/install/diffdrive_arduino/share/diffdrive_arduino/ros2_control/diffbot.ros2_control.xacro
[3.187s] -- Up-to-date: /home/hussein/Documents/kal_ws/install/diffdrive_arduino/share/diffdrive_arduino/urdf
[3.190s] -- Up-to-date: /home/hussein/Documents/kal_ws/install/diffdrive_arduino/share/diffdrive_arduino/urdf/diffbot.materials.xacro
[3.191s] -- Up-to-date: /home/hussein/Documents/kal_ws/install/diffdrive_arduino/share/diffdrive_arduino/urdf/diffbot.urdf.xacro
[3.191s] -- Up-to-date: /home/hussein/Documents/kal_ws/install/diffdrive_arduino/share/diffdrive_arduino/urdf/diffbot_description.urdf.xacro
[3.192s] -- Up-to-date: /home/hussein/Documents/kal_ws/install/diffdrive_arduino/share/diffdrive_arduino/rviz
[3.193s] -- Up-to-date: /home/hussein/Documents/kal_ws/install/diffdrive_arduino/share/diffdrive_arduino/rviz/diffbot.rviz
[3.194s] -- Up-to-date: /home/hussein/Documents/kal_ws/install/diffdrive_arduino/share/diffdrive_arduino/rviz/diffbot_view.rviz
[3.195s] -- Up-to-date: /home/hussein/Documents/kal_ws/install/diffdrive_arduino/share/diffdrive_arduino/launch
[3.201s] -- Up-to-date: /home/hussein/Documents/kal_ws/install/diffdrive_arduino/share/diffdrive_arduino/launch/diffbot.launch.py
[3.203s] -- Up-to-date: /home/hussein/Documents/kal_ws/install/diffdrive_arduino/share/diffdrive_arduino/config
[3.218s] -- Up-to-date: /home/hussein/Documents/kal_ws/install/diffdrive_arduino/share/diffdrive_arduino/config/diffbot_controllers.yaml
[3.220s] -- Up-to-date: /home/hussein/Documents/kal_ws/install/diffdrive_arduino/lib/libdiffdrive_arduino.so
[3.226s] -- Up-to-date: /home/hussein/Documents/kal_ws/install/diffdrive_arduino/share/diffdrive_arduino/environment/library_path.sh
[3.227s] -- Up-to-date: /home/hussein/Documents/kal_ws/install/diffdrive_arduino/share/diffdrive_arduino/environment/library_path.dsv
[3.232s] -- Up-to-date: /home/hussein/Documents/kal_ws/install/diffdrive_arduino/share/ament_index/resource_index/package_run_dependencies/diffdrive_arduino
[3.238s] -- Up-to-date: /home/hussein/Documents/kal_ws/install/diffdrive_arduino/share/ament_index/resource_index/parent_prefix_path/diffdrive_arduino
[3.240s] -- Up-to-date: /home/hussein/Documents/kal_ws/install/diffdrive_arduino/share/diffdrive_arduino/environment/ament_prefix_path.sh
[3.242s] -- Up-to-date: /home/hussein/Documents/kal_ws/install/diffdrive_arduino/share/diffdrive_arduino/environment/ament_prefix_path.dsv
[3.243s] -- Up-to-date: /home/hussein/Documents/kal_ws/install/diffdrive_arduino/share/diffdrive_arduino/environment/path.sh
[3.244s] -- Up-to-date: /home/hussein/Documents/kal_ws/install/diffdrive_arduino/share/diffdrive_arduino/environment/path.dsv
[3.245s] -- Up-to-date: /home/hussein/Documents/kal_ws/install/diffdrive_arduino/share/diffdrive_arduino/local_setup.bash
[3.246s] -- Up-to-date: /home/hussein/Documents/kal_ws/install/diffdrive_arduino/share/diffdrive_arduino/local_setup.sh
[3.246s] -- Up-to-date: /home/hussein/Documents/kal_ws/install/diffdrive_arduino/share/diffdrive_arduino/local_setup.zsh
[3.249s] -- Up-to-date: /home/hussein/Documents/kal_ws/install/diffdrive_arduino/share/diffdrive_arduino/local_setup.dsv
[3.250s] -- Installing: /home/hussein/Documents/kal_ws/install/diffdrive_arduino/share/diffdrive_arduino/package.dsv
[3.256s] -- Up-to-date: /home/hussein/Documents/kal_ws/install/diffdrive_arduino/share/ament_index/resource_index/packages/diffdrive_arduino
[3.257s] -- Up-to-date: /home/hussein/Documents/kal_ws/install/diffdrive_arduino/share/ament_index/resource_index/hardware_interface__pluginlib__plugin/diffdrive_arduino
[3.257s] -- Up-to-date: /home/hussein/Documents/kal_ws/install/diffdrive_arduino/share/diffdrive_arduino/cmake/export_diffdrive_arduinoExport.cmake
[3.259s] -- Up-to-date: /home/hussein/Documents/kal_ws/install/diffdrive_arduino/share/diffdrive_arduino/cmake/export_diffdrive_arduinoExport-noconfig.cmake
[3.259s] -- Up-to-date: /home/hussein/Documents/kal_ws/install/diffdrive_arduino/share/diffdrive_arduino/cmake/ament_cmake_export_targets-extras.cmake
[3.260s] -- Up-to-date: /home/hussein/Documents/kal_ws/install/diffdrive_arduino/share/diffdrive_arduino/cmake/ament_cmake_export_dependencies-extras.cmake
[3.261s] -- Up-to-date: /home/hussein/Documents/kal_ws/install/diffdrive_arduino/share/diffdrive_arduino/cmake/diffdrive_arduinoConfig.cmake
[3.262s] -- Up-to-date: /home/hussein/Documents/kal_ws/install/diffdrive_arduino/share/diffdrive_arduino/cmake/diffdrive_arduinoConfig-version.cmake
[3.263s] -- Up-to-date: /home/hussein/Documents/kal_ws/install/diffdrive_arduino/share/diffdrive_arduino/package.xml
[3.897s] Invoked command in '/home/hussein/Documents/kal_ws/build/diffdrive_arduino' returned '0': CMAKE_PREFIX_PATH=/opt/ros/humble /usr/bin/cmake --install /home/hussein/Documents/kal_ws/build/diffdrive_arduino
