[0.804s] Invoking command in '/home/hussein/Documents/kal_ws/build/kal_package': CMAKE_PREFIX_PATH=/opt/ros/humble /usr/bin/cmake --build /home/hussein/Documents/kal_ws/build/kal_package -- -j4 -l4
[1.303s] Invoked command in '/home/hussein/Documents/kal_ws/build/kal_package' returned '0': CMAKE_PREFIX_PATH=/opt/ros/humble /usr/bin/cmake --build /home/hussein/Documents/kal_ws/build/kal_package -- -j4 -l4
[1.483s] Invoking command in '/home/hussein/Documents/kal_ws/build/kal_package': CMAKE_PREFIX_PATH=/opt/ros/humble /usr/bin/cmake --install /home/hussein/Documents/kal_ws/build/kal_package
[1.524s] -- Install configuration: ""
[1.526s] -- Up-to-date: /home/hussein/Documents/kal_ws/install/kal_package/share/kal_package/src
[1.526s] -- Up-to-date: /home/hussein/Documents/kal_ws/install/kal_package/share/kal_package/src/description
[1.528s] -- Up-to-date: /home/hussein/Documents/kal_ws/install/kal_package/share/kal_package/src/description/gazebo.xacro
[1.530s] -- Up-to-date: /home/hussein/Documents/kal_ws/install/kal_package/share/kal_package/src/description/wheels.xacro
[1.531s] -- Up-to-date: /home/hussein/Documents/kal_ws/install/kal_package/share/kal_package/src/description/ros2_control0.xacro
[1.533s] -- Up-to-date: /home/hussein/Documents/kal_ws/install/kal_package/share/kal_package/src/description/lidar.xacro
[1.533s] -- Up-to-date: /home/hussein/Documents/kal_ws/install/kal_package/share/kal_package/src/description/imu.xacro
[1.534s] -- Up-to-date: /home/hussein/Documents/kal_ws/install/kal_package/share/kal_package/src/description/sensors.xacro
[1.536s] -- Up-to-date: /home/hussein/Documents/kal_ws/install/kal_package/share/kal_package/src/description/inertial_fns.xacro
[1.536s] -- Installing: /home/hussein/Documents/kal_ws/install/kal_package/share/kal_package/src/description/ros2_control.xacro
[1.537s] -- Up-to-date: /home/hussein/Documents/kal_ws/install/kal_package/share/kal_package/src/description/main.urdf
[1.537s] -- Up-to-date: /home/hussein/Documents/kal_ws/install/kal_package/share/kal_package/src/description/base.xacro
[1.538s] -- Up-to-date: /home/hussein/Documents/kal_ws/install/kal_package/share/kal_package/launch
[1.543s] -- Up-to-date: /home/hussein/Documents/kal_ws/install/kal_package/share/kal_package/launch/rsp.launch.py
[1.544s] -- Up-to-date: /home/hussein/Documents/kal_ws/install/kal_package/share/kal_package/launch/navigation_launch.py
[1.545s] -- Up-to-date: /home/hussein/Documents/kal_ws/install/kal_package/share/kal_package/launch/launch_robot.launch.py
[1.545s] -- Up-to-date: /home/hussein/Documents/kal_ws/install/kal_package/share/kal_package/launch/localization_launch.py
[1.546s] -- Up-to-date: /home/hussein/Documents/kal_ws/install/kal_package/share/kal_package/launch/test_launch.py
[1.547s] -- Up-to-date: /home/hussein/Documents/kal_ws/install/kal_package/share/kal_package/launch/online_async_launch.py
[1.547s] -- Up-to-date: /home/hussein/Documents/kal_ws/install/kal_package/share/kal_package/rviz
[1.553s] -- Up-to-date: /home/hussein/Documents/kal_ws/install/kal_package/share/kal_package/config
[1.555s] -- Up-to-date: /home/hussein/Documents/kal_ws/install/kal_package/share/kal_package/config/gazebo_params.yaml
[1.556s] -- Up-to-date: /home/hussein/Documents/kal_ws/install/kal_package/share/kal_package/config/mapper_params_online_async.yaml
[1.557s] -- Up-to-date: /home/hussein/Documents/kal_ws/install/kal_package/share/kal_package/config/mapper_params_localization.yaml
[1.558s] -- Up-to-date: /home/hussein/Documents/kal_ws/install/kal_package/share/kal_package/config/twist_mux.yaml
[1.558s] -- Up-to-date: /home/hussein/Documents/kal_ws/install/kal_package/share/kal_package/config/my_controllers.yaml
[1.559s] -- Up-to-date: /home/hussein/Documents/kal_ws/install/kal_package/share/kal_package/config/nav2_params.yaml
[1.560s] -- Up-to-date: /home/hussein/Documents/kal_ws/install/kal_package/share/kal_package/world
[1.561s] -- Up-to-date: /home/hussein/Documents/kal_ws/install/kal_package/share/kal_package/world/waell.sdf
[1.561s] -- Up-to-date: /home/hussein/Documents/kal_ws/install/kal_package/share/ament_index/resource_index/package_run_dependencies/kal_package
[1.563s] -- Up-to-date: /home/hussein/Documents/kal_ws/install/kal_package/share/ament_index/resource_index/parent_prefix_path/kal_package
[1.564s] -- Up-to-date: /home/hussein/Documents/kal_ws/install/kal_package/share/kal_package/environment/ament_prefix_path.sh
[1.565s] -- Up-to-date: /home/hussein/Documents/kal_ws/install/kal_package/share/kal_package/environment/ament_prefix_path.dsv
[1.566s] -- Up-to-date: /home/hussein/Documents/kal_ws/install/kal_package/share/kal_package/environment/path.sh
[1.568s] -- Up-to-date: /home/hussein/Documents/kal_ws/install/kal_package/share/kal_package/environment/path.dsv
[1.569s] -- Up-to-date: /home/hussein/Documents/kal_ws/install/kal_package/share/kal_package/local_setup.bash
[1.571s] -- Up-to-date: /home/hussein/Documents/kal_ws/install/kal_package/share/kal_package/local_setup.sh
[1.572s] -- Up-to-date: /home/hussein/Documents/kal_ws/install/kal_package/share/kal_package/local_setup.zsh
[1.573s] -- Up-to-date: /home/hussein/Documents/kal_ws/install/kal_package/share/kal_package/local_setup.dsv
[1.575s] -- Installing: /home/hussein/Documents/kal_ws/install/kal_package/share/kal_package/package.dsv
[1.588s] -- Up-to-date: /home/hussein/Documents/kal_ws/install/kal_package/share/ament_index/resource_index/packages/kal_package
[1.589s] -- Up-to-date: /home/hussein/Documents/kal_ws/install/kal_package/share/kal_package/cmake/kal_packageConfig.cmake
[1.590s] -- Up-to-date: /home/hussein/Documents/kal_ws/install/kal_package/share/kal_package/cmake/kal_packageConfig-version.cmake
[1.590s] -- Up-to-date: /home/hussein/Documents/kal_ws/install/kal_package/share/kal_package/package.xml
[1.609s] Invoked command in '/home/hussein/Documents/kal_ws/build/kal_package' returned '0': CMAKE_PREFIX_PATH=/opt/ros/humble /usr/bin/cmake --install /home/hussein/Documents/kal_ws/build/kal_package
