[0.280s] Invoking command in '/home/hussein/Documents/kal_ws/build/diffdrive_arduino': CMAKE_PREFIX_PATH=${CMAKE_PREFIX_PATH}:/home/hussein/Documents/kal_ws/install/serial_motor_demo:/opt/ros/humble /usr/bin/cmake --build /home/hussein/Documents/kal_ws/build/diffdrive_arduino -- -j12 -l12
[0.347s] -- Found ament_cmake: 1.3.6 (/opt/ros/humble/share/ament_cmake/cmake)
[0.871s] -- Found hardware_interface: 2.36.0 (/opt/ros/humble/share/hardware_interface/cmake)
[0.916s] -- Found rosidl_generator_c: 3.1.5 (/opt/ros/humble/share/rosidl_generator_c/cmake)
[0.918s] -- Found rosidl_adapter: 3.1.5 (/opt/ros/humble/share/rosidl_adapter/cmake)
[0.925s] -- Found rosidl_generator_cpp: 3.1.5 (/opt/ros/humble/share/rosidl_generator_cpp/cmake)
[0.937s] -- Using all available rosidl_typesupport_c: rosidl_typesupport_fastrtps_c;rosidl_typesupport_introspection_c
[0.954s] -- Using all available rosidl_typesupport_cpp: rosidl_typesupport_fastrtps_cpp;rosidl_typesupport_introspection_cpp
[2.026s] -- Found rmw_implementation_cmake: 6.1.1 (/opt/ros/humble/share/rmw_implementation_cmake/cmake)
[2.028s] -- Found rmw_fastrtps_cpp: 6.2.5 (/opt/ros/humble/share/rmw_fastrtps_cpp/cmake)
[2.100s] -- Found TinyXML2 via Config file: TinyXML2_DIR-NOTFOUND
[2.111s] -- Found TinyXML2 via Config file: TinyXML2_DIR-NOTFOUND
[2.135s] -- Found TinyXML2 via Config file: TinyXML2_DIR-NOTFOUND
[2.142s] -- Found TinyXML2 via Config file: TinyXML2_DIR-NOTFOUND
[2.150s] -- Using RMW implementation 'rmw_fastrtps_cpp' as default
[2.516s] -- Found ament_cmake_gtest: 1.3.6 (/opt/ros/humble/share/ament_cmake_gtest/cmake)
[2.599s] -- Configuring done
[2.618s] -- Generating done
[2.619s] -- Build files have been written to: /home/hussein/Documents/kal_ws/build/diffdrive_arduino
[2.686s] [ 50%] [32mBuilding CXX object CMakeFiles/diffdrive_arduino.dir/hardware/diffbot_system.cpp.o[0m
[2.914s] In file included from [01m[K/home/hussein/Documents/kal_ws/src/diffdrive_arduino/hardware/include/diffdrive_arduino/diffbot_system.hpp:34[m[K,
[2.914s]                  from [01m[K/home/hussein/Documents/kal_ws/src/diffdrive_arduino/hardware/diffbot_system.cpp:15[m[K:
[2.914s] [01m[K/home/hussein/Documents/kal_ws/src/diffdrive_arduino/hardware/include/diffdrive_arduino/arduino_comms.hpp:7:10:[m[K [01;31m[Kfatal error: [m[Klibserial/SerialPort.h: No such file or directory
[2.914s]     7 | #include [01;31m[K<libserial/SerialPort.h>[m[K
[2.914s]       |          [01;31m[K^~~~~~~~~~~~~~~~~~~~~~~~[m[K
[2.914s] compilation terminated.
[2.915s] gmake[2]: *** [CMakeFiles/diffdrive_arduino.dir/build.make:76: CMakeFiles/diffdrive_arduino.dir/hardware/diffbot_system.cpp.o] Error 1
[2.915s] gmake[1]: *** [CMakeFiles/Makefile2:137: CMakeFiles/diffdrive_arduino.dir/all] Error 2
[2.916s] gmake: *** [Makefile:146: all] Error 2
[2.917s] Invoked command in '/home/hussein/Documents/kal_ws/build/diffdrive_arduino' returned '2': CMAKE_PREFIX_PATH=${CMAKE_PREFIX_PATH}:/home/hussein/Documents/kal_ws/install/serial_motor_demo:/opt/ros/humble /usr/bin/cmake --build /home/hussein/Documents/kal_ws/build/diffdrive_arduino -- -j12 -l12
