[0.642s] Invoking command in '/home/hussein/Documents/kal_ws/src/serial_motor_demo/serial_motor_demo': PYTHONPATH=/home/hussein/Documents/kal_ws/build/serial_motor_demo/prefix_override:/home/hussein/Documents/kal_ws/install/serial_motor_demo/lib/python3.10/site-packages:${PYTHONPATH} /usr/bin/python3 setup.py egg_info --egg-base ../../../build/serial_motor_demo build --build-base /home/hussein/Documents/kal_ws/build/serial_motor_demo/build install --record /home/hussein/Documents/kal_ws/build/serial_motor_demo/install.log --install-scripts $base/lib/serial_motor_demo --single-version-externally-managed
[0.834s] /usr/lib/python3/dist-packages/setuptools/dist.py:723: UserWarning: Usage of dash-separated 'script-dir' will not be supported in future versions. Please use the underscore name 'script_dir' instead
[0.834s]   warnings.warn(
[0.840s] running egg_info
[0.841s] writing ../../../build/serial_motor_demo/serial_motor_demo.egg-info/PKG-INFO
[0.841s] writing dependency_links to ../../../build/serial_motor_demo/serial_motor_demo.egg-info/dependency_links.txt
[0.842s] writing entry points to ../../../build/serial_motor_demo/serial_motor_demo.egg-info/entry_points.txt
[0.842s] writing requirements to ../../../build/serial_motor_demo/serial_motor_demo.egg-info/requires.txt
[0.842s] writing top-level names to ../../../build/serial_motor_demo/serial_motor_demo.egg-info/top_level.txt
[0.843s] reading manifest file '../../../build/serial_motor_demo/serial_motor_demo.egg-info/SOURCES.txt'
[0.844s] writing manifest file '../../../build/serial_motor_demo/serial_motor_demo.egg-info/SOURCES.txt'
[0.845s] running build
[0.845s] running build_py
[0.845s] running install
[0.845s] /usr/lib/python3/dist-packages/setuptools/command/install.py:34: SetuptoolsDeprecationWarning: setup.py install is deprecated. Use build and pip and other standards-based tools.
[0.845s]   warnings.warn(
[0.845s] running install_lib
[0.846s] running install_data
[0.846s] running install_egg_info
[0.848s] removing '/home/hussein/Documents/kal_ws/install/serial_motor_demo/lib/python3.10/site-packages/serial_motor_demo-0.0.0-py3.10.egg-info' (and everything under it)
[0.848s] Copying ../../../build/serial_motor_demo/serial_motor_demo.egg-info to /home/hussein/Documents/kal_ws/install/serial_motor_demo/lib/python3.10/site-packages/serial_motor_demo-0.0.0-py3.10.egg-info
[0.848s] running install_scripts
[0.868s] Installing driver script to /home/hussein/Documents/kal_ws/install/serial_motor_demo/lib/serial_motor_demo
[0.868s] Installing gui script to /home/hussein/Documents/kal_ws/install/serial_motor_demo/lib/serial_motor_demo
[0.868s] writing list of installed files to '/home/hussein/Documents/kal_ws/build/serial_motor_demo/install.log'
[0.888s] Invoked command in '/home/hussein/Documents/kal_ws/src/serial_motor_demo/serial_motor_demo' returned '0': PYTHONPATH=/home/hussein/Documents/kal_ws/build/serial_motor_demo/prefix_override:/home/hussein/Documents/kal_ws/install/serial_motor_demo/lib/python3.10/site-packages:${PYTHONPATH} /usr/bin/python3 setup.py egg_info --egg-base ../../../build/serial_motor_demo build --build-base /home/hussein/Documents/kal_ws/build/serial_motor_demo/build install --record /home/hussein/Documents/kal_ws/build/serial_motor_demo/install.log --install-scripts $base/lib/serial_motor_demo --single-version-externally-managed
