[0.797s] DEBUG:colcon:Command line arguments: ['/usr/bin/colcon', 'build']
[0.797s] DEBUG:colcon:Parsed command line arguments: Namespace(log_base=None, log_level=None, verb_name='build', build_base='build', install_base='install', merge_install=False, symlink_install=False, test_result_base=None, continue_on_error=False, executor='parallel', parallel_workers=12, event_handlers=None, ignore_user_meta=False, metas=['./colcon.meta'], base_paths=['.'], packages_ignore=None, packages_ignore_regex=None, paths=None, packages_up_to=None, packages_up_to_regex=None, packages_above=None, packages_above_and_dependencies=None, packages_above_depth=None, packages_select_by_dep=None, packages_skip_by_dep=None, packages_skip_up_to=None, packages_select_build_failed=False, packages_skip_build_finished=False, packages_select_test_failures=False, packages_skip_test_passed=False, packages_select=None, packages_skip=None, packages_select_regex=None, packages_skip_regex=None, packages_start=None, packages_end=None, allow_overriding=[], cmake_args=None, cmake_target=None, cmake_target_skip_unavailable=False, cmake_clean_cache=False, cmake_clean_first=False, cmake_force_configure=False, ament_cmake_args=None, catkin_cmake_args=None, catkin_skip_building_tests=False, verb_parser=<colcon_defaults.argument_parser.defaults.DefaultArgumentsDecorator object at 0x7efda476c250>, verb_extension=<colcon_core.verb.build.BuildVerb object at 0x7efda476f5b0>, main=<bound method BuildVerb.main of <colcon_core.verb.build.BuildVerb object at 0x7efda476f5b0>>)
[0.834s] Level 1:colcon.colcon_core.package_discovery:discover_packages(colcon_meta) check parameters
[0.834s] Level 1:colcon.colcon_core.package_discovery:discover_packages(recursive) check parameters
[0.834s] Level 1:colcon.colcon_core.package_discovery:discover_packages(ignore) check parameters
[0.834s] Level 1:colcon.colcon_core.package_discovery:discover_packages(path) check parameters
[0.834s] Level 1:colcon.colcon_core.package_discovery:discover_packages(colcon_meta) discover
[0.834s] Level 1:colcon.colcon_core.package_discovery:discover_packages(recursive) discover
[0.834s] INFO:colcon.colcon_core.package_discovery:Crawling recursively for packages in '/home/hussein/Documents/kal_ws'
[0.834s] Level 1:colcon.colcon_core.package_identification:_identify(.) by extensions ['ignore', 'ignore_ament_install']
[0.834s] Level 1:colcon.colcon_core.package_identification:_identify(.) by extension 'ignore'
[0.834s] Level 1:colcon.colcon_core.package_identification:_identify(.) by extension 'ignore_ament_install'
[0.834s] Level 1:colcon.colcon_core.package_identification:_identify(.) by extensions ['colcon_pkg']
[0.834s] Level 1:colcon.colcon_core.package_identification:_identify(.) by extension 'colcon_pkg'
[0.834s] Level 1:colcon.colcon_core.package_identification:_identify(.) by extensions ['colcon_meta']
[0.834s] Level 1:colcon.colcon_core.package_identification:_identify(.) by extension 'colcon_meta'
[0.834s] Level 1:colcon.colcon_core.package_identification:_identify(.) by extensions ['ros']
[0.834s] Level 1:colcon.colcon_core.package_identification:_identify(.) by extension 'ros'
[0.842s] Level 1:colcon.colcon_core.package_identification:_identify(.) by extensions ['cmake', 'python']
[0.842s] Level 1:colcon.colcon_core.package_identification:_identify(.) by extension 'cmake'
[0.842s] Level 1:colcon.colcon_core.package_identification:_identify(.) by extension 'python'
[0.842s] Level 1:colcon.colcon_core.package_identification:_identify(.) by extensions ['python_setup_py']
[0.842s] Level 1:colcon.colcon_core.package_identification:_identify(.) by extension 'python_setup_py'
[0.842s] Level 1:colcon.colcon_core.package_identification:_identify(build) by extensions ['ignore', 'ignore_ament_install']
[0.842s] Level 1:colcon.colcon_core.package_identification:_identify(build) by extension 'ignore'
[0.842s] Level 1:colcon.colcon_core.package_identification:_identify(build) ignored
[0.842s] Level 1:colcon.colcon_core.package_identification:_identify(install) by extensions ['ignore', 'ignore_ament_install']
[0.842s] Level 1:colcon.colcon_core.package_identification:_identify(install) by extension 'ignore'
[0.842s] Level 1:colcon.colcon_core.package_identification:_identify(install) ignored
[0.842s] Level 1:colcon.colcon_core.package_identification:_identify(log) by extensions ['ignore', 'ignore_ament_install']
[0.843s] Level 1:colcon.colcon_core.package_identification:_identify(log) by extension 'ignore'
[0.843s] Level 1:colcon.colcon_core.package_identification:_identify(log) ignored
[0.843s] Level 1:colcon.colcon_core.package_identification:_identify(src) by extensions ['ignore', 'ignore_ament_install']
[0.843s] Level 1:colcon.colcon_core.package_identification:_identify(src) by extension 'ignore'
[0.843s] Level 1:colcon.colcon_core.package_identification:_identify(src) by extension 'ignore_ament_install'
[0.843s] Level 1:colcon.colcon_core.package_identification:_identify(src) by extensions ['colcon_pkg']
[0.843s] Level 1:colcon.colcon_core.package_identification:_identify(src) by extension 'colcon_pkg'
[0.843s] Level 1:colcon.colcon_core.package_identification:_identify(src) by extensions ['colcon_meta']
[0.843s] Level 1:colcon.colcon_core.package_identification:_identify(src) by extension 'colcon_meta'
[0.843s] Level 1:colcon.colcon_core.package_identification:_identify(src) by extensions ['ros']
[0.843s] Level 1:colcon.colcon_core.package_identification:_identify(src) by extension 'ros'
[0.843s] Level 1:colcon.colcon_core.package_identification:_identify(src) by extensions ['cmake', 'python']
[0.843s] Level 1:colcon.colcon_core.package_identification:_identify(src) by extension 'cmake'
[0.843s] Level 1:colcon.colcon_core.package_identification:_identify(src) by extension 'python'
[0.843s] Level 1:colcon.colcon_core.package_identification:_identify(src) by extensions ['python_setup_py']
[0.843s] Level 1:colcon.colcon_core.package_identification:_identify(src) by extension 'python_setup_py'
[0.843s] Level 1:colcon.colcon_core.package_identification:_identify(src/diffdrive_arduino) by extensions ['ignore', 'ignore_ament_install']
[0.843s] Level 1:colcon.colcon_core.package_identification:_identify(src/diffdrive_arduino) by extension 'ignore'
[0.843s] Level 1:colcon.colcon_core.package_identification:_identify(src/diffdrive_arduino) by extension 'ignore_ament_install'
[0.843s] Level 1:colcon.colcon_core.package_identification:_identify(src/diffdrive_arduino) by extensions ['colcon_pkg']
[0.843s] Level 1:colcon.colcon_core.package_identification:_identify(src/diffdrive_arduino) by extension 'colcon_pkg'
[0.843s] Level 1:colcon.colcon_core.package_identification:_identify(src/diffdrive_arduino) by extensions ['colcon_meta']
[0.843s] Level 1:colcon.colcon_core.package_identification:_identify(src/diffdrive_arduino) by extension 'colcon_meta'
[0.844s] Level 1:colcon.colcon_core.package_identification:_identify(src/diffdrive_arduino) by extensions ['ros']
[0.844s] Level 1:colcon.colcon_core.package_identification:_identify(src/diffdrive_arduino) by extension 'ros'
[0.845s] DEBUG:colcon.colcon_core.package_identification:Package 'src/diffdrive_arduino' with type 'ros.ament_cmake' and name 'diffdrive_arduino'
[0.846s] Level 1:colcon.colcon_core.package_identification:_identify(src/kal_package) by extensions ['ignore', 'ignore_ament_install']
[0.846s] Level 1:colcon.colcon_core.package_identification:_identify(src/kal_package) by extension 'ignore'
[0.846s] Level 1:colcon.colcon_core.package_identification:_identify(src/kal_package) by extension 'ignore_ament_install'
[0.846s] Level 1:colcon.colcon_core.package_identification:_identify(src/kal_package) by extensions ['colcon_pkg']
[0.846s] Level 1:colcon.colcon_core.package_identification:_identify(src/kal_package) by extension 'colcon_pkg'
[0.846s] Level 1:colcon.colcon_core.package_identification:_identify(src/kal_package) by extensions ['colcon_meta']
[0.846s] Level 1:colcon.colcon_core.package_identification:_identify(src/kal_package) by extension 'colcon_meta'
[0.846s] Level 1:colcon.colcon_core.package_identification:_identify(src/kal_package) by extensions ['ros']
[0.846s] Level 1:colcon.colcon_core.package_identification:_identify(src/kal_package) by extension 'ros'
[0.846s] DEBUG:colcon.colcon_core.package_identification:Package 'src/kal_package' with type 'ros.ament_cmake' and name 'kal_package'
[0.847s] Level 1:colcon.colcon_core.package_identification:_identify(src/rplidar_ros2) by extensions ['ignore', 'ignore_ament_install']
[0.847s] Level 1:colcon.colcon_core.package_identification:_identify(src/rplidar_ros2) by extension 'ignore'
[0.847s] Level 1:colcon.colcon_core.package_identification:_identify(src/rplidar_ros2) by extension 'ignore_ament_install'
[0.847s] Level 1:colcon.colcon_core.package_identification:_identify(src/rplidar_ros2) by extensions ['colcon_pkg']
[0.847s] Level 1:colcon.colcon_core.package_identification:_identify(src/rplidar_ros2) by extension 'colcon_pkg'
[0.847s] Level 1:colcon.colcon_core.package_identification:_identify(src/rplidar_ros2) by extensions ['colcon_meta']
[0.847s] Level 1:colcon.colcon_core.package_identification:_identify(src/rplidar_ros2) by extension 'colcon_meta'
[0.847s] Level 1:colcon.colcon_core.package_identification:_identify(src/rplidar_ros2) by extensions ['ros']
[0.847s] Level 1:colcon.colcon_core.package_identification:_identify(src/rplidar_ros2) by extension 'ros'
[0.847s] DEBUG:colcon.colcon_core.package_identification:Package 'src/rplidar_ros2' with type 'ros.ament_cmake' and name 'rplidar_ros'
[0.847s] Level 1:colcon.colcon_core.package_identification:_identify(src/serial) by extensions ['ignore', 'ignore_ament_install']
[0.847s] Level 1:colcon.colcon_core.package_identification:_identify(src/serial) by extension 'ignore'
[0.847s] Level 1:colcon.colcon_core.package_identification:_identify(src/serial) by extension 'ignore_ament_install'
[0.848s] Level 1:colcon.colcon_core.package_identification:_identify(src/serial) by extensions ['colcon_pkg']
[0.848s] Level 1:colcon.colcon_core.package_identification:_identify(src/serial) by extension 'colcon_pkg'
[0.848s] Level 1:colcon.colcon_core.package_identification:_identify(src/serial) by extensions ['colcon_meta']
[0.848s] Level 1:colcon.colcon_core.package_identification:_identify(src/serial) by extension 'colcon_meta'
[0.848s] Level 1:colcon.colcon_core.package_identification:_identify(src/serial) by extensions ['ros']
[0.848s] Level 1:colcon.colcon_core.package_identification:_identify(src/serial) by extension 'ros'
[0.848s] DEBUG:colcon.colcon_core.package_identification:Package 'src/serial' with type 'ros.ament_cmake' and name 'serial'
[0.848s] Level 1:colcon.colcon_core.package_identification:_identify(src/serial_motor_demo) by extensions ['ignore', 'ignore_ament_install']
[0.848s] Level 1:colcon.colcon_core.package_identification:_identify(src/serial_motor_demo) by extension 'ignore'
[0.848s] Level 1:colcon.colcon_core.package_identification:_identify(src/serial_motor_demo) by extension 'ignore_ament_install'
[0.848s] Level 1:colcon.colcon_core.package_identification:_identify(src/serial_motor_demo) by extensions ['colcon_pkg']
[0.848s] Level 1:colcon.colcon_core.package_identification:_identify(src/serial_motor_demo) by extension 'colcon_pkg'
[0.849s] Level 1:colcon.colcon_core.package_identification:_identify(src/serial_motor_demo) by extensions ['colcon_meta']
[0.849s] Level 1:colcon.colcon_core.package_identification:_identify(src/serial_motor_demo) by extension 'colcon_meta'
[0.849s] Level 1:colcon.colcon_core.package_identification:_identify(src/serial_motor_demo) by extensions ['ros']
[0.849s] Level 1:colcon.colcon_core.package_identification:_identify(src/serial_motor_demo) by extension 'ros'
[0.849s] Level 1:colcon.colcon_core.package_identification:_identify(src/serial_motor_demo) by extensions ['cmake', 'python']
[0.849s] Level 1:colcon.colcon_core.package_identification:_identify(src/serial_motor_demo) by extension 'cmake'
[0.849s] Level 1:colcon.colcon_core.package_identification:_identify(src/serial_motor_demo) by extension 'python'
[0.849s] Level 1:colcon.colcon_core.package_identification:_identify(src/serial_motor_demo) by extensions ['python_setup_py']
[0.849s] Level 1:colcon.colcon_core.package_identification:_identify(src/serial_motor_demo) by extension 'python_setup_py'
[0.849s] Level 1:colcon.colcon_core.package_identification:_identify(src/serial_motor_demo/serial_motor_demo) by extensions ['ignore', 'ignore_ament_install']
[0.849s] Level 1:colcon.colcon_core.package_identification:_identify(src/serial_motor_demo/serial_motor_demo) by extension 'ignore'
[0.849s] Level 1:colcon.colcon_core.package_identification:_identify(src/serial_motor_demo/serial_motor_demo) by extension 'ignore_ament_install'
[0.849s] Level 1:colcon.colcon_core.package_identification:_identify(src/serial_motor_demo/serial_motor_demo) by extensions ['colcon_pkg']
[0.849s] Level 1:colcon.colcon_core.package_identification:_identify(src/serial_motor_demo/serial_motor_demo) by extension 'colcon_pkg'
[0.849s] Level 1:colcon.colcon_core.package_identification:_identify(src/serial_motor_demo/serial_motor_demo) by extensions ['colcon_meta']
[0.849s] Level 1:colcon.colcon_core.package_identification:_identify(src/serial_motor_demo/serial_motor_demo) by extension 'colcon_meta'
[0.849s] Level 1:colcon.colcon_core.package_identification:_identify(src/serial_motor_demo/serial_motor_demo) by extensions ['ros']
[0.849s] Level 1:colcon.colcon_core.package_identification:_identify(src/serial_motor_demo/serial_motor_demo) by extension 'ros'
[0.850s] DEBUG:colcon.colcon_core.package_identification:Package 'src/serial_motor_demo/serial_motor_demo' with type 'ros.ament_python' and name 'serial_motor_demo'
[0.850s] Level 1:colcon.colcon_core.package_identification:_identify(src/serial_motor_demo/serial_motor_demo_msgs) by extensions ['ignore', 'ignore_ament_install']
[0.850s] Level 1:colcon.colcon_core.package_identification:_identify(src/serial_motor_demo/serial_motor_demo_msgs) by extension 'ignore'
[0.850s] Level 1:colcon.colcon_core.package_identification:_identify(src/serial_motor_demo/serial_motor_demo_msgs) by extension 'ignore_ament_install'
[0.850s] Level 1:colcon.colcon_core.package_identification:_identify(src/serial_motor_demo/serial_motor_demo_msgs) by extensions ['colcon_pkg']
[0.850s] Level 1:colcon.colcon_core.package_identification:_identify(src/serial_motor_demo/serial_motor_demo_msgs) by extension 'colcon_pkg'
[0.850s] Level 1:colcon.colcon_core.package_identification:_identify(src/serial_motor_demo/serial_motor_demo_msgs) by extensions ['colcon_meta']
[0.850s] Level 1:colcon.colcon_core.package_identification:_identify(src/serial_motor_demo/serial_motor_demo_msgs) by extension 'colcon_meta'
[0.850s] Level 1:colcon.colcon_core.package_identification:_identify(src/serial_motor_demo/serial_motor_demo_msgs) by extensions ['ros']
[0.850s] Level 1:colcon.colcon_core.package_identification:_identify(src/serial_motor_demo/serial_motor_demo_msgs) by extension 'ros'
[0.850s] DEBUG:colcon.colcon_core.package_identification:Package 'src/serial_motor_demo/serial_motor_demo_msgs' with type 'ros.ament_cmake' and name 'serial_motor_demo_msgs'
[0.850s] Level 1:colcon.colcon_core.package_discovery:discover_packages(recursive) using defaults
[0.850s] Level 1:colcon.colcon_core.package_discovery:discover_packages(ignore) discover
[0.850s] Level 1:colcon.colcon_core.package_discovery:discover_packages(ignore) using defaults
[0.850s] Level 1:colcon.colcon_core.package_discovery:discover_packages(path) discover
[0.850s] Level 1:colcon.colcon_core.package_discovery:discover_packages(path) using defaults
[0.930s] Level 1:colcon.colcon_core.package_discovery:discover_packages(prefix_path) check parameters
[0.930s] Level 1:colcon.colcon_core.package_discovery:discover_packages(prefix_path) discover
[0.956s] DEBUG:colcon.colcon_installed_package_information.package_discovery:Found 6 installed packages in /home/hussein/Documents/kal_ws/install
[0.969s] DEBUG:colcon.colcon_installed_package_information.package_discovery:Found 377 installed packages in /opt/ros/humble
[0.970s] Level 1:colcon.colcon_core.package_discovery:discover_packages(prefix_path) using defaults
[1.063s] Level 5:colcon.colcon_core.verb:set package 'diffdrive_arduino' build argument 'cmake_args' from command line to 'None'
[1.063s] Level 5:colcon.colcon_core.verb:set package 'diffdrive_arduino' build argument 'cmake_target' from command line to 'None'
[1.063s] Level 5:colcon.colcon_core.verb:set package 'diffdrive_arduino' build argument 'cmake_target_skip_unavailable' from command line to 'False'
[1.063s] Level 5:colcon.colcon_core.verb:set package 'diffdrive_arduino' build argument 'cmake_clean_cache' from command line to 'False'
[1.063s] Level 5:colcon.colcon_core.verb:set package 'diffdrive_arduino' build argument 'cmake_clean_first' from command line to 'False'
[1.063s] Level 5:colcon.colcon_core.verb:set package 'diffdrive_arduino' build argument 'cmake_force_configure' from command line to 'False'
[1.063s] Level 5:colcon.colcon_core.verb:set package 'diffdrive_arduino' build argument 'ament_cmake_args' from command line to 'None'
[1.064s] Level 5:colcon.colcon_core.verb:set package 'diffdrive_arduino' build argument 'catkin_cmake_args' from command line to 'None'
[1.064s] Level 5:colcon.colcon_core.verb:set package 'diffdrive_arduino' build argument 'catkin_skip_building_tests' from command line to 'False'
[1.064s] DEBUG:colcon.colcon_core.verb:Building package 'diffdrive_arduino' with the following arguments: {'ament_cmake_args': None, 'build_base': '/home/hussein/Documents/kal_ws/build/diffdrive_arduino', 'catkin_cmake_args': None, 'catkin_skip_building_tests': False, 'cmake_args': None, 'cmake_clean_cache': False, 'cmake_clean_first': False, 'cmake_force_configure': False, 'cmake_target': None, 'cmake_target_skip_unavailable': False, 'install_base': '/home/hussein/Documents/kal_ws/install/diffdrive_arduino', 'merge_install': False, 'path': '/home/hussein/Documents/kal_ws/src/diffdrive_arduino', 'symlink_install': False, 'test_result_base': None}
[1.076s] Level 5:colcon.colcon_core.verb:set package 'kal_package' build argument 'cmake_args' from command line to 'None'
[1.076s] Level 5:colcon.colcon_core.verb:set package 'kal_package' build argument 'cmake_target' from command line to 'None'
[1.076s] Level 5:colcon.colcon_core.verb:set package 'kal_package' build argument 'cmake_target_skip_unavailable' from command line to 'False'
[1.076s] Level 5:colcon.colcon_core.verb:set package 'kal_package' build argument 'cmake_clean_cache' from command line to 'False'
[1.076s] Level 5:colcon.colcon_core.verb:set package 'kal_package' build argument 'cmake_clean_first' from command line to 'False'
[1.076s] Level 5:colcon.colcon_core.verb:set package 'kal_package' build argument 'cmake_force_configure' from command line to 'False'
[1.076s] Level 5:colcon.colcon_core.verb:set package 'kal_package' build argument 'ament_cmake_args' from command line to 'None'
[1.076s] Level 5:colcon.colcon_core.verb:set package 'kal_package' build argument 'catkin_cmake_args' from command line to 'None'
[1.076s] Level 5:colcon.colcon_core.verb:set package 'kal_package' build argument 'catkin_skip_building_tests' from command line to 'False'
[1.076s] DEBUG:colcon.colcon_core.verb:Building package 'kal_package' with the following arguments: {'ament_cmake_args': None, 'build_base': '/home/hussein/Documents/kal_ws/build/kal_package', 'catkin_cmake_args': None, 'catkin_skip_building_tests': False, 'cmake_args': None, 'cmake_clean_cache': False, 'cmake_clean_first': False, 'cmake_force_configure': False, 'cmake_target': None, 'cmake_target_skip_unavailable': False, 'install_base': '/home/hussein/Documents/kal_ws/install/kal_package', 'merge_install': False, 'path': '/home/hussein/Documents/kal_ws/src/kal_package', 'symlink_install': False, 'test_result_base': None}
[1.088s] Level 5:colcon.colcon_core.verb:set package 'rplidar_ros' build argument 'cmake_args' from command line to 'None'
[1.088s] Level 5:colcon.colcon_core.verb:set package 'rplidar_ros' build argument 'cmake_target' from command line to 'None'
[1.088s] Level 5:colcon.colcon_core.verb:set package 'rplidar_ros' build argument 'cmake_target_skip_unavailable' from command line to 'False'
[1.088s] Level 5:colcon.colcon_core.verb:set package 'rplidar_ros' build argument 'cmake_clean_cache' from command line to 'False'
[1.088s] Level 5:colcon.colcon_core.verb:set package 'rplidar_ros' build argument 'cmake_clean_first' from command line to 'False'
[1.088s] Level 5:colcon.colcon_core.verb:set package 'rplidar_ros' build argument 'cmake_force_configure' from command line to 'False'
[1.088s] Level 5:colcon.colcon_core.verb:set package 'rplidar_ros' build argument 'ament_cmake_args' from command line to 'None'
[1.088s] Level 5:colcon.colcon_core.verb:set package 'rplidar_ros' build argument 'catkin_cmake_args' from command line to 'None'
[1.088s] Level 5:colcon.colcon_core.verb:set package 'rplidar_ros' build argument 'catkin_skip_building_tests' from command line to 'False'
[1.088s] DEBUG:colcon.colcon_core.verb:Building package 'rplidar_ros' with the following arguments: {'ament_cmake_args': None, 'build_base': '/home/hussein/Documents/kal_ws/build/rplidar_ros', 'catkin_cmake_args': None, 'catkin_skip_building_tests': False, 'cmake_args': None, 'cmake_clean_cache': False, 'cmake_clean_first': False, 'cmake_force_configure': False, 'cmake_target': None, 'cmake_target_skip_unavailable': False, 'install_base': '/home/hussein/Documents/kal_ws/install/rplidar_ros', 'merge_install': False, 'path': '/home/hussein/Documents/kal_ws/src/rplidar_ros2', 'symlink_install': False, 'test_result_base': None}
[1.101s] Level 5:colcon.colcon_core.verb:set package 'serial' build argument 'cmake_args' from command line to 'None'
[1.101s] Level 5:colcon.colcon_core.verb:set package 'serial' build argument 'cmake_target' from command line to 'None'
[1.101s] Level 5:colcon.colcon_core.verb:set package 'serial' build argument 'cmake_target_skip_unavailable' from command line to 'False'
[1.101s] Level 5:colcon.colcon_core.verb:set package 'serial' build argument 'cmake_clean_cache' from command line to 'False'
[1.101s] Level 5:colcon.colcon_core.verb:set package 'serial' build argument 'cmake_clean_first' from command line to 'False'
[1.101s] Level 5:colcon.colcon_core.verb:set package 'serial' build argument 'cmake_force_configure' from command line to 'False'
[1.101s] Level 5:colcon.colcon_core.verb:set package 'serial' build argument 'ament_cmake_args' from command line to 'None'
[1.101s] Level 5:colcon.colcon_core.verb:set package 'serial' build argument 'catkin_cmake_args' from command line to 'None'
[1.101s] Level 5:colcon.colcon_core.verb:set package 'serial' build argument 'catkin_skip_building_tests' from command line to 'False'
[1.101s] DEBUG:colcon.colcon_core.verb:Building package 'serial' with the following arguments: {'ament_cmake_args': None, 'build_base': '/home/hussein/Documents/kal_ws/build/serial', 'catkin_cmake_args': None, 'catkin_skip_building_tests': False, 'cmake_args': None, 'cmake_clean_cache': False, 'cmake_clean_first': False, 'cmake_force_configure': False, 'cmake_target': None, 'cmake_target_skip_unavailable': False, 'install_base': '/home/hussein/Documents/kal_ws/install/serial', 'merge_install': False, 'path': '/home/hussein/Documents/kal_ws/src/serial', 'symlink_install': False, 'test_result_base': None}
[1.113s] Level 5:colcon.colcon_core.verb:set package 'serial_motor_demo_msgs' build argument 'cmake_args' from command line to 'None'
[1.113s] Level 5:colcon.colcon_core.verb:set package 'serial_motor_demo_msgs' build argument 'cmake_target' from command line to 'None'
[1.114s] Level 5:colcon.colcon_core.verb:set package 'serial_motor_demo_msgs' build argument 'cmake_target_skip_unavailable' from command line to 'False'
[1.114s] Level 5:colcon.colcon_core.verb:set package 'serial_motor_demo_msgs' build argument 'cmake_clean_cache' from command line to 'False'
[1.114s] Level 5:colcon.colcon_core.verb:set package 'serial_motor_demo_msgs' build argument 'cmake_clean_first' from command line to 'False'
[1.114s] Level 5:colcon.colcon_core.verb:set package 'serial_motor_demo_msgs' build argument 'cmake_force_configure' from command line to 'False'
[1.114s] Level 5:colcon.colcon_core.verb:set package 'serial_motor_demo_msgs' build argument 'ament_cmake_args' from command line to 'None'
[1.114s] Level 5:colcon.colcon_core.verb:set package 'serial_motor_demo_msgs' build argument 'catkin_cmake_args' from command line to 'None'
[1.114s] Level 5:colcon.colcon_core.verb:set package 'serial_motor_demo_msgs' build argument 'catkin_skip_building_tests' from command line to 'False'
[1.114s] DEBUG:colcon.colcon_core.verb:Building package 'serial_motor_demo_msgs' with the following arguments: {'ament_cmake_args': None, 'build_base': '/home/hussein/Documents/kal_ws/build/serial_motor_demo_msgs', 'catkin_cmake_args': None, 'catkin_skip_building_tests': False, 'cmake_args': None, 'cmake_clean_cache': False, 'cmake_clean_first': False, 'cmake_force_configure': False, 'cmake_target': None, 'cmake_target_skip_unavailable': False, 'install_base': '/home/hussein/Documents/kal_ws/install/serial_motor_demo_msgs', 'merge_install': False, 'path': '/home/hussein/Documents/kal_ws/src/serial_motor_demo/serial_motor_demo_msgs', 'symlink_install': False, 'test_result_base': None}
[1.126s] Level 5:colcon.colcon_core.verb:set package 'serial_motor_demo' build argument 'cmake_args' from command line to 'None'
[1.126s] Level 5:colcon.colcon_core.verb:set package 'serial_motor_demo' build argument 'cmake_target' from command line to 'None'
[1.126s] Level 5:colcon.colcon_core.verb:set package 'serial_motor_demo' build argument 'cmake_target_skip_unavailable' from command line to 'False'
[1.126s] Level 5:colcon.colcon_core.verb:set package 'serial_motor_demo' build argument 'cmake_clean_cache' from command line to 'False'
[1.126s] Level 5:colcon.colcon_core.verb:set package 'serial_motor_demo' build argument 'cmake_clean_first' from command line to 'False'
[1.126s] Level 5:colcon.colcon_core.verb:set package 'serial_motor_demo' build argument 'cmake_force_configure' from command line to 'False'
[1.126s] Level 5:colcon.colcon_core.verb:set package 'serial_motor_demo' build argument 'ament_cmake_args' from command line to 'None'
[1.126s] Level 5:colcon.colcon_core.verb:set package 'serial_motor_demo' build argument 'catkin_cmake_args' from command line to 'None'
[1.126s] Level 5:colcon.colcon_core.verb:set package 'serial_motor_demo' build argument 'catkin_skip_building_tests' from command line to 'False'
[1.126s] DEBUG:colcon.colcon_core.verb:Building package 'serial_motor_demo' with the following arguments: {'ament_cmake_args': None, 'build_base': '/home/hussein/Documents/kal_ws/build/serial_motor_demo', 'catkin_cmake_args': None, 'catkin_skip_building_tests': False, 'cmake_args': None, 'cmake_clean_cache': False, 'cmake_clean_first': False, 'cmake_force_configure': False, 'cmake_target': None, 'cmake_target_skip_unavailable': False, 'install_base': '/home/hussein/Documents/kal_ws/install/serial_motor_demo', 'merge_install': False, 'path': '/home/hussein/Documents/kal_ws/src/serial_motor_demo/serial_motor_demo', 'symlink_install': False, 'test_result_base': None}
[1.141s] INFO:colcon.colcon_core.executor:Executing jobs using 'parallel' executor
[1.155s] DEBUG:colcon.colcon_parallel_executor.executor.parallel:run_until_complete
[1.155s] INFO:colcon.colcon_ros.task.ament_cmake.build:Building ROS package in '/home/hussein/Documents/kal_ws/src/serial_motor_demo/serial_motor_demo_msgs' with build type 'ament_cmake'
[1.155s] INFO:colcon.colcon_cmake.task.cmake.build:Building CMake package in '/home/hussein/Documents/kal_ws/src/serial_motor_demo/serial_motor_demo_msgs'
[1.169s] INFO:colcon.colcon_core.plugin_system:Skipping extension 'colcon_core.shell.bat': Not used on non-Windows systems
[1.169s] INFO:colcon.colcon_core.shell:Skip shell extension 'powershell' for command environment: Not usable outside of PowerShell
[1.169s] DEBUG:colcon.colcon_core.shell:Skip shell extension 'dsv' for command environment
[1.209s] INFO:colcon.colcon_ros.task.ament_cmake.build:Building ROS package in '/home/hussein/Documents/kal_ws/src/diffdrive_arduino' with build type 'ament_cmake'
[1.209s] INFO:colcon.colcon_cmake.task.cmake.build:Building CMake package in '/home/hussein/Documents/kal_ws/src/diffdrive_arduino'
[1.221s] INFO:colcon.colcon_core.shell:Skip shell extension 'powershell' for command environment: Not usable outside of PowerShell
[1.221s] DEBUG:colcon.colcon_core.shell:Skip shell extension 'dsv' for command environment
[1.262s] INFO:colcon.colcon_ros.task.ament_cmake.build:Building ROS package in '/home/hussein/Documents/kal_ws/src/kal_package' with build type 'ament_cmake'
[1.262s] INFO:colcon.colcon_cmake.task.cmake.build:Building CMake package in '/home/hussein/Documents/kal_ws/src/kal_package'
[1.275s] INFO:colcon.colcon_core.shell:Skip shell extension 'powershell' for command environment: Not usable outside of PowerShell
[1.275s] DEBUG:colcon.colcon_core.shell:Skip shell extension 'dsv' for command environment
[1.314s] INFO:colcon.colcon_ros.task.ament_cmake.build:Building ROS package in '/home/hussein/Documents/kal_ws/src/rplidar_ros2' with build type 'ament_cmake'
[1.314s] INFO:colcon.colcon_cmake.task.cmake.build:Building CMake package in '/home/hussein/Documents/kal_ws/src/rplidar_ros2'
[1.327s] INFO:colcon.colcon_core.shell:Skip shell extension 'powershell' for command environment: Not usable outside of PowerShell
[1.327s] DEBUG:colcon.colcon_core.shell:Skip shell extension 'dsv' for command environment
[1.367s] INFO:colcon.colcon_ros.task.ament_cmake.build:Building ROS package in '/home/hussein/Documents/kal_ws/src/serial' with build type 'ament_cmake'
[1.367s] INFO:colcon.colcon_cmake.task.cmake.build:Building CMake package in '/home/hussein/Documents/kal_ws/src/serial'
[1.382s] INFO:colcon.colcon_core.shell:Skip shell extension 'powershell' for command environment: Not usable outside of PowerShell
[1.382s] DEBUG:colcon.colcon_core.shell:Skip shell extension 'dsv' for command environment
[1.432s] DEBUG:colcon.colcon_core.event_handler.log_command:Invoking command in '/home/hussein/Documents/kal_ws/build/serial_motor_demo_msgs': CMAKE_PREFIX_PATH=${CMAKE_PREFIX_PATH}:/home/hussein/Documents/kal_ws/install/serial_motor_demo:/opt/ros/humble /usr/bin/cmake --build /home/hussein/Documents/kal_ws/build/serial_motor_demo_msgs -- -j12 -l12
[1.434s] DEBUG:colcon.colcon_core.event_handler.log_command:Invoking command in '/home/hussein/Documents/kal_ws/build/diffdrive_arduino': CMAKE_PREFIX_PATH=${CMAKE_PREFIX_PATH}:/home/hussein/Documents/kal_ws/install/serial_motor_demo:/opt/ros/humble /usr/bin/cmake --build /home/hussein/Documents/kal_ws/build/diffdrive_arduino -- -j12 -l12
[1.436s] DEBUG:colcon.colcon_core.event_handler.log_command:Invoking command in '/home/hussein/Documents/kal_ws/build/kal_package': CMAKE_PREFIX_PATH=${CMAKE_PREFIX_PATH}:/home/hussein/Documents/kal_ws/install/serial_motor_demo:/opt/ros/humble /usr/bin/cmake --build /home/hussein/Documents/kal_ws/build/kal_package -- -j12 -l12
[1.440s] DEBUG:colcon.colcon_core.event_handler.log_command:Invoking command in '/home/hussein/Documents/kal_ws/build/rplidar_ros': CMAKE_PREFIX_PATH=${CMAKE_PREFIX_PATH}:/home/hussein/Documents/kal_ws/install/serial_motor_demo:/opt/ros/humble /usr/bin/cmake --build /home/hussein/Documents/kal_ws/build/rplidar_ros -- -j12 -l12
[1.445s] DEBUG:colcon.colcon_core.event_handler.log_command:Invoking command in '/home/hussein/Documents/kal_ws/build/serial': CMAKE_PREFIX_PATH=${CMAKE_PREFIX_PATH}:/home/hussein/Documents/kal_ws/install/serial_motor_demo:/opt/ros/humble /usr/bin/cmake --build /home/hussein/Documents/kal_ws/build/serial -- -j12 -l12
[1.483s] DEBUG:colcon.colcon_core.event_handler.log_command:Invoked command in '/home/hussein/Documents/kal_ws/build/kal_package' returned '0': CMAKE_PREFIX_PATH=${CMAKE_PREFIX_PATH}:/home/hussein/Documents/kal_ws/install/serial_motor_demo:/opt/ros/humble /usr/bin/cmake --build /home/hussein/Documents/kal_ws/build/kal_package -- -j12 -l12
[1.537s] DEBUG:colcon.colcon_core.event_handler.log_command:Invoking command in '/home/hussein/Documents/kal_ws/build/kal_package': CMAKE_PREFIX_PATH=${CMAKE_PREFIX_PATH}:/home/hussein/Documents/kal_ws/install/serial_motor_demo:/opt/ros/humble /usr/bin/cmake --install /home/hussein/Documents/kal_ws/build/kal_package
[1.550s] Level 1:colcon.colcon_core.environment:create_environment_scripts_only(kal_package)
[1.550s] DEBUG:colcon.colcon_core.event_handler.log_command:Invoked command in '/home/hussein/Documents/kal_ws/build/kal_package' returned '0': CMAKE_PREFIX_PATH=${CMAKE_PREFIX_PATH}:/home/hussein/Documents/kal_ws/install/serial_motor_demo:/opt/ros/humble /usr/bin/cmake --install /home/hussein/Documents/kal_ws/build/kal_package
[1.575s] Level 1:colcon.colcon_core.environment:checking '/home/hussein/Documents/kal_ws/install/kal_package' for CMake module files
[1.576s] Level 1:colcon.colcon_core.environment:checking '/home/hussein/Documents/kal_ws/install/kal_package' for CMake config files
[1.576s] Level 1:colcon.colcon_core.shell:create_environment_hook('kal_package', 'cmake_prefix_path')
[1.590s] INFO:colcon.colcon_core.shell:Creating environment hook '/home/hussein/Documents/kal_ws/install/kal_package/share/kal_package/hook/cmake_prefix_path.ps1'
[1.591s] INFO:colcon.colcon_core.shell:Creating environment descriptor '/home/hussein/Documents/kal_ws/install/kal_package/share/kal_package/hook/cmake_prefix_path.dsv'
[1.591s] INFO:colcon.colcon_core.shell:Creating environment hook '/home/hussein/Documents/kal_ws/install/kal_package/share/kal_package/hook/cmake_prefix_path.sh'
[1.593s] Level 1:colcon.colcon_core.environment:checking '/home/hussein/Documents/kal_ws/install/kal_package/bin'
[1.593s] Level 1:colcon.colcon_core.environment:checking '/home/hussein/Documents/kal_ws/install/kal_package/lib/pkgconfig/kal_package.pc'
[1.593s] Level 1:colcon.colcon_core.environment:checking '/home/hussein/Documents/kal_ws/install/kal_package/lib/python3.10/site-packages'
[1.593s] Level 1:colcon.colcon_core.environment:checking '/home/hussein/Documents/kal_ws/install/kal_package/bin'
[1.608s] INFO:colcon.colcon_core.shell:Creating package script '/home/hussein/Documents/kal_ws/install/kal_package/share/kal_package/package.ps1'
[1.609s] INFO:colcon.colcon_core.shell:Creating package descriptor '/home/hussein/Documents/kal_ws/install/kal_package/share/kal_package/package.dsv'
[1.609s] INFO:colcon.colcon_core.shell:Creating package script '/home/hussein/Documents/kal_ws/install/kal_package/share/kal_package/package.sh'
[1.610s] INFO:colcon.colcon_core.shell:Creating package script '/home/hussein/Documents/kal_ws/install/kal_package/share/kal_package/package.bash'
[1.610s] INFO:colcon.colcon_core.shell:Creating package script '/home/hussein/Documents/kal_ws/install/kal_package/share/kal_package/package.zsh'
[1.611s] Level 1:colcon.colcon_core.environment:create_file_with_runtime_dependencies(/home/hussein/Documents/kal_ws/install/kal_package/share/colcon-core/packages/kal_package)
[1.613s] DEBUG:colcon.colcon_core.event_handler.log_command:Invoked command in '/home/hussein/Documents/kal_ws/build/rplidar_ros' returned '0': CMAKE_PREFIX_PATH=${CMAKE_PREFIX_PATH}:/home/hussein/Documents/kal_ws/install/serial_motor_demo:/opt/ros/humble /usr/bin/cmake --build /home/hussein/Documents/kal_ws/build/rplidar_ros -- -j12 -l12
[1.614s] DEBUG:colcon.colcon_core.event_handler.log_command:Invoked command in '/home/hussein/Documents/kal_ws/build/serial' returned '0': CMAKE_PREFIX_PATH=${CMAKE_PREFIX_PATH}:/home/hussein/Documents/kal_ws/install/serial_motor_demo:/opt/ros/humble /usr/bin/cmake --build /home/hussein/Documents/kal_ws/build/serial -- -j12 -l12
[1.654s] Level 1:colcon.colcon_core.environment:create_environment_scripts_only(kal_package)
[1.678s] Level 1:colcon.colcon_core.environment:checking '/home/hussein/Documents/kal_ws/install/kal_package' for CMake module files
[1.679s] Level 1:colcon.colcon_core.environment:checking '/home/hussein/Documents/kal_ws/install/kal_package' for CMake config files
[1.679s] Level 1:colcon.colcon_core.shell:create_environment_hook('kal_package', 'cmake_prefix_path')
[1.700s] INFO:colcon.colcon_core.shell:Creating environment hook '/home/hussein/Documents/kal_ws/install/kal_package/share/kal_package/hook/cmake_prefix_path.ps1'
[1.700s] INFO:colcon.colcon_core.shell:Creating environment descriptor '/home/hussein/Documents/kal_ws/install/kal_package/share/kal_package/hook/cmake_prefix_path.dsv'
[1.701s] INFO:colcon.colcon_core.shell:Creating environment hook '/home/hussein/Documents/kal_ws/install/kal_package/share/kal_package/hook/cmake_prefix_path.sh'
[1.701s] Level 1:colcon.colcon_core.environment:checking '/home/hussein/Documents/kal_ws/install/kal_package/bin'
[1.701s] Level 1:colcon.colcon_core.environment:checking '/home/hussein/Documents/kal_ws/install/kal_package/lib/pkgconfig/kal_package.pc'
[1.702s] Level 1:colcon.colcon_core.environment:checking '/home/hussein/Documents/kal_ws/install/kal_package/lib/python3.10/site-packages'
[1.702s] Level 1:colcon.colcon_core.environment:checking '/home/hussein/Documents/kal_ws/install/kal_package/bin'
[1.715s] INFO:colcon.colcon_core.shell:Creating package script '/home/hussein/Documents/kal_ws/install/kal_package/share/kal_package/package.ps1'
[1.716s] INFO:colcon.colcon_core.shell:Creating package descriptor '/home/hussein/Documents/kal_ws/install/kal_package/share/kal_package/package.dsv'
[1.716s] INFO:colcon.colcon_core.shell:Creating package script '/home/hussein/Documents/kal_ws/install/kal_package/share/kal_package/package.sh'
[1.716s] INFO:colcon.colcon_core.shell:Creating package script '/home/hussein/Documents/kal_ws/install/kal_package/share/kal_package/package.bash'
[1.717s] INFO:colcon.colcon_core.shell:Creating package script '/home/hussein/Documents/kal_ws/install/kal_package/share/kal_package/package.zsh'
[1.717s] Level 1:colcon.colcon_core.environment:create_file_with_runtime_dependencies(/home/hussein/Documents/kal_ws/install/kal_package/share/colcon-core/packages/kal_package)
[1.720s] DEBUG:colcon.colcon_core.event_handler.log_command:Invoking command in '/home/hussein/Documents/kal_ws/build/serial': CMAKE_PREFIX_PATH=${CMAKE_PREFIX_PATH}:/home/hussein/Documents/kal_ws/install/serial_motor_demo:/opt/ros/humble /usr/bin/cmake --install /home/hussein/Documents/kal_ws/build/serial
[1.721s] DEBUG:colcon.colcon_core.event_handler.log_command:Invoking command in '/home/hussein/Documents/kal_ws/build/rplidar_ros': CMAKE_PREFIX_PATH=${CMAKE_PREFIX_PATH}:/home/hussein/Documents/kal_ws/install/serial_motor_demo:/opt/ros/humble /usr/bin/cmake --install /home/hussein/Documents/kal_ws/build/rplidar_ros
[1.728s] Level 1:colcon.colcon_core.environment:create_environment_scripts_only(serial)
[1.737s] DEBUG:colcon.colcon_core.event_handler.log_command:Invoked command in '/home/hussein/Documents/kal_ws/build/serial' returned '0': CMAKE_PREFIX_PATH=${CMAKE_PREFIX_PATH}:/home/hussein/Documents/kal_ws/install/serial_motor_demo:/opt/ros/humble /usr/bin/cmake --install /home/hussein/Documents/kal_ws/build/serial
[1.749s] Level 1:colcon.colcon_core.environment:checking '/home/hussein/Documents/kal_ws/install/serial' for CMake module files
[1.750s] Level 1:colcon.colcon_core.environment:checking '/home/hussein/Documents/kal_ws/install/serial' for CMake config files
[1.750s] Level 1:colcon.colcon_core.shell:create_environment_hook('serial', 'cmake_prefix_path')
[1.765s] INFO:colcon.colcon_core.shell:Creating environment hook '/home/hussein/Documents/kal_ws/install/serial/share/serial/hook/cmake_prefix_path.ps1'
[1.765s] INFO:colcon.colcon_core.shell:Creating environment descriptor '/home/hussein/Documents/kal_ws/install/serial/share/serial/hook/cmake_prefix_path.dsv'
[1.765s] INFO:colcon.colcon_core.shell:Creating environment hook '/home/hussein/Documents/kal_ws/install/serial/share/serial/hook/cmake_prefix_path.sh'
[1.766s] Level 1:colcon.colcon_core.environment:checking '/home/hussein/Documents/kal_ws/install/serial/lib'
[1.766s] Level 1:colcon.colcon_core.environment:checking '/home/hussein/Documents/kal_ws/install/serial/bin'
[1.766s] Level 1:colcon.colcon_core.environment:checking '/home/hussein/Documents/kal_ws/install/serial/lib/pkgconfig/serial.pc'
[1.766s] Level 1:colcon.colcon_core.environment:checking '/home/hussein/Documents/kal_ws/install/serial/lib/python3.10/site-packages'
[1.766s] Level 1:colcon.colcon_core.environment:checking '/home/hussein/Documents/kal_ws/install/serial/bin'
[1.784s] INFO:colcon.colcon_core.shell:Creating package script '/home/hussein/Documents/kal_ws/install/serial/share/serial/package.ps1'
[1.785s] INFO:colcon.colcon_core.shell:Creating package descriptor '/home/hussein/Documents/kal_ws/install/serial/share/serial/package.dsv'
[1.785s] INFO:colcon.colcon_core.shell:Creating package script '/home/hussein/Documents/kal_ws/install/serial/share/serial/package.sh'
[1.785s] INFO:colcon.colcon_core.shell:Creating package script '/home/hussein/Documents/kal_ws/install/serial/share/serial/package.bash'
[1.786s] INFO:colcon.colcon_core.shell:Creating package script '/home/hussein/Documents/kal_ws/install/serial/share/serial/package.zsh'
[1.786s] Level 1:colcon.colcon_core.environment:create_file_with_runtime_dependencies(/home/hussein/Documents/kal_ws/install/serial/share/colcon-core/packages/serial)
[1.787s] Level 1:colcon.colcon_core.environment:create_environment_scripts_only(rplidar_ros)
[1.788s] DEBUG:colcon.colcon_core.event_handler.log_command:Invoked command in '/home/hussein/Documents/kal_ws/build/rplidar_ros' returned '0': CMAKE_PREFIX_PATH=${CMAKE_PREFIX_PATH}:/home/hussein/Documents/kal_ws/install/serial_motor_demo:/opt/ros/humble /usr/bin/cmake --install /home/hussein/Documents/kal_ws/build/rplidar_ros
[1.803s] Level 1:colcon.colcon_core.environment:checking '/home/hussein/Documents/kal_ws/install/rplidar_ros' for CMake module files
[1.803s] Level 1:colcon.colcon_core.environment:checking '/home/hussein/Documents/kal_ws/install/rplidar_ros' for CMake config files
[1.804s] Level 1:colcon.colcon_core.shell:create_environment_hook('rplidar_ros', 'cmake_prefix_path')
[1.818s] INFO:colcon.colcon_core.shell:Creating environment hook '/home/hussein/Documents/kal_ws/install/rplidar_ros/share/rplidar_ros/hook/cmake_prefix_path.ps1'
[1.819s] INFO:colcon.colcon_core.shell:Creating environment descriptor '/home/hussein/Documents/kal_ws/install/rplidar_ros/share/rplidar_ros/hook/cmake_prefix_path.dsv'
[1.819s] INFO:colcon.colcon_core.shell:Creating environment hook '/home/hussein/Documents/kal_ws/install/rplidar_ros/share/rplidar_ros/hook/cmake_prefix_path.sh'
[1.819s] Level 1:colcon.colcon_core.environment:checking '/home/hussein/Documents/kal_ws/install/rplidar_ros/lib'
[1.820s] Level 1:colcon.colcon_core.shell:create_environment_hook('rplidar_ros', 'ld_library_path_lib')
[1.833s] INFO:colcon.colcon_core.shell:Creating environment hook '/home/hussein/Documents/kal_ws/install/rplidar_ros/share/rplidar_ros/hook/ld_library_path_lib.ps1'
[1.833s] INFO:colcon.colcon_core.shell:Creating environment descriptor '/home/hussein/Documents/kal_ws/install/rplidar_ros/share/rplidar_ros/hook/ld_library_path_lib.dsv'
[1.833s] INFO:colcon.colcon_core.shell:Creating environment hook '/home/hussein/Documents/kal_ws/install/rplidar_ros/share/rplidar_ros/hook/ld_library_path_lib.sh'
[1.834s] Level 1:colcon.colcon_core.environment:checking '/home/hussein/Documents/kal_ws/install/rplidar_ros/bin'
[1.834s] Level 1:colcon.colcon_core.environment:checking '/home/hussein/Documents/kal_ws/install/rplidar_ros/lib/pkgconfig/rplidar_ros.pc'
[1.834s] Level 1:colcon.colcon_core.environment:checking '/home/hussein/Documents/kal_ws/install/rplidar_ros/lib/python3.10/site-packages'
[1.834s] Level 1:colcon.colcon_core.environment:checking '/home/hussein/Documents/kal_ws/install/rplidar_ros/bin'
[1.847s] INFO:colcon.colcon_core.shell:Creating package script '/home/hussein/Documents/kal_ws/install/rplidar_ros/share/rplidar_ros/package.ps1'
[1.848s] INFO:colcon.colcon_core.shell:Creating package descriptor '/home/hussein/Documents/kal_ws/install/rplidar_ros/share/rplidar_ros/package.dsv'
[1.848s] INFO:colcon.colcon_core.shell:Creating package script '/home/hussein/Documents/kal_ws/install/rplidar_ros/share/rplidar_ros/package.sh'
[1.849s] INFO:colcon.colcon_core.shell:Creating package script '/home/hussein/Documents/kal_ws/install/rplidar_ros/share/rplidar_ros/package.bash'
[1.849s] INFO:colcon.colcon_core.shell:Creating package script '/home/hussein/Documents/kal_ws/install/rplidar_ros/share/rplidar_ros/package.zsh'
[1.849s] Level 1:colcon.colcon_core.environment:create_file_with_runtime_dependencies(/home/hussein/Documents/kal_ws/install/rplidar_ros/share/colcon-core/packages/rplidar_ros)
[1.865s] Level 1:colcon.colcon_core.environment:create_environment_scripts_only(serial)
[1.879s] Level 1:colcon.colcon_core.environment:checking '/home/hussein/Documents/kal_ws/install/serial' for CMake module files
[1.880s] Level 1:colcon.colcon_core.environment:checking '/home/hussein/Documents/kal_ws/install/serial' for CMake config files
[1.880s] Level 1:colcon.colcon_core.shell:create_environment_hook('serial', 'cmake_prefix_path')
[1.894s] INFO:colcon.colcon_core.shell:Creating environment hook '/home/hussein/Documents/kal_ws/install/serial/share/serial/hook/cmake_prefix_path.ps1'
[1.894s] INFO:colcon.colcon_core.shell:Creating environment descriptor '/home/hussein/Documents/kal_ws/install/serial/share/serial/hook/cmake_prefix_path.dsv'
[1.895s] INFO:colcon.colcon_core.shell:Creating environment hook '/home/hussein/Documents/kal_ws/install/serial/share/serial/hook/cmake_prefix_path.sh'
[1.895s] Level 1:colcon.colcon_core.environment:checking '/home/hussein/Documents/kal_ws/install/serial/lib'
[1.895s] Level 1:colcon.colcon_core.environment:checking '/home/hussein/Documents/kal_ws/install/serial/bin'
[1.895s] Level 1:colcon.colcon_core.environment:checking '/home/hussein/Documents/kal_ws/install/serial/lib/pkgconfig/serial.pc'
[1.896s] Level 1:colcon.colcon_core.environment:checking '/home/hussein/Documents/kal_ws/install/serial/lib/python3.10/site-packages'
[1.896s] Level 1:colcon.colcon_core.environment:checking '/home/hussein/Documents/kal_ws/install/serial/bin'
[1.910s] INFO:colcon.colcon_core.shell:Creating package script '/home/hussein/Documents/kal_ws/install/serial/share/serial/package.ps1'
[1.911s] INFO:colcon.colcon_core.shell:Creating package descriptor '/home/hussein/Documents/kal_ws/install/serial/share/serial/package.dsv'
[1.911s] INFO:colcon.colcon_core.shell:Creating package script '/home/hussein/Documents/kal_ws/install/serial/share/serial/package.sh'
[1.911s] INFO:colcon.colcon_core.shell:Creating package script '/home/hussein/Documents/kal_ws/install/serial/share/serial/package.bash'
[1.912s] INFO:colcon.colcon_core.shell:Creating package script '/home/hussein/Documents/kal_ws/install/serial/share/serial/package.zsh'
[1.912s] Level 1:colcon.colcon_core.environment:create_file_with_runtime_dependencies(/home/hussein/Documents/kal_ws/install/serial/share/colcon-core/packages/serial)
[1.915s] DEBUG:colcon.colcon_core.event_handler.log_command:Invoked command in '/home/hussein/Documents/kal_ws/build/serial_motor_demo_msgs' returned '0': CMAKE_PREFIX_PATH=${CMAKE_PREFIX_PATH}:/home/hussein/Documents/kal_ws/install/serial_motor_demo:/opt/ros/humble /usr/bin/cmake --build /home/hussein/Documents/kal_ws/build/serial_motor_demo_msgs -- -j12 -l12
[1.933s] Level 1:colcon.colcon_core.environment:create_environment_scripts_only(rplidar_ros)
[1.948s] Level 1:colcon.colcon_core.environment:checking '/home/hussein/Documents/kal_ws/install/rplidar_ros' for CMake module files
[1.949s] Level 1:colcon.colcon_core.environment:checking '/home/hussein/Documents/kal_ws/install/rplidar_ros' for CMake config files
[1.949s] Level 1:colcon.colcon_core.shell:create_environment_hook('rplidar_ros', 'cmake_prefix_path')
[1.964s] INFO:colcon.colcon_core.shell:Creating environment hook '/home/hussein/Documents/kal_ws/install/rplidar_ros/share/rplidar_ros/hook/cmake_prefix_path.ps1'
[1.964s] INFO:colcon.colcon_core.shell:Creating environment descriptor '/home/hussein/Documents/kal_ws/install/rplidar_ros/share/rplidar_ros/hook/cmake_prefix_path.dsv'
[1.965s] INFO:colcon.colcon_core.shell:Creating environment hook '/home/hussein/Documents/kal_ws/install/rplidar_ros/share/rplidar_ros/hook/cmake_prefix_path.sh'
[1.965s] Level 1:colcon.colcon_core.environment:checking '/home/hussein/Documents/kal_ws/install/rplidar_ros/lib'
[1.965s] Level 1:colcon.colcon_core.shell:create_environment_hook('rplidar_ros', 'ld_library_path_lib')
[1.994s] INFO:colcon.colcon_core.shell:Creating environment hook '/home/hussein/Documents/kal_ws/install/rplidar_ros/share/rplidar_ros/hook/ld_library_path_lib.ps1'
[1.994s] INFO:colcon.colcon_core.shell:Creating environment descriptor '/home/hussein/Documents/kal_ws/install/rplidar_ros/share/rplidar_ros/hook/ld_library_path_lib.dsv'
[1.994s] INFO:colcon.colcon_core.shell:Creating environment hook '/home/hussein/Documents/kal_ws/install/rplidar_ros/share/rplidar_ros/hook/ld_library_path_lib.sh'
[1.995s] Level 1:colcon.colcon_core.environment:checking '/home/hussein/Documents/kal_ws/install/rplidar_ros/bin'
[1.995s] Level 1:colcon.colcon_core.environment:checking '/home/hussein/Documents/kal_ws/install/rplidar_ros/lib/pkgconfig/rplidar_ros.pc'
[1.995s] Level 1:colcon.colcon_core.environment:checking '/home/hussein/Documents/kal_ws/install/rplidar_ros/lib/python3.10/site-packages'
[1.995s] Level 1:colcon.colcon_core.environment:checking '/home/hussein/Documents/kal_ws/install/rplidar_ros/bin'
[2.008s] INFO:colcon.colcon_core.shell:Creating package script '/home/hussein/Documents/kal_ws/install/rplidar_ros/share/rplidar_ros/package.ps1'
[2.009s] INFO:colcon.colcon_core.shell:Creating package descriptor '/home/hussein/Documents/kal_ws/install/rplidar_ros/share/rplidar_ros/package.dsv'
[2.009s] INFO:colcon.colcon_core.shell:Creating package script '/home/hussein/Documents/kal_ws/install/rplidar_ros/share/rplidar_ros/package.sh'
[2.010s] INFO:colcon.colcon_core.shell:Creating package script '/home/hussein/Documents/kal_ws/install/rplidar_ros/share/rplidar_ros/package.bash'
[2.010s] INFO:colcon.colcon_core.shell:Creating package script '/home/hussein/Documents/kal_ws/install/rplidar_ros/share/rplidar_ros/package.zsh'
[2.010s] Level 1:colcon.colcon_core.environment:create_file_with_runtime_dependencies(/home/hussein/Documents/kal_ws/install/rplidar_ros/share/colcon-core/packages/rplidar_ros)
[2.013s] DEBUG:colcon.colcon_core.event_handler.log_command:Invoking command in '/home/hussein/Documents/kal_ws/build/serial_motor_demo_msgs': CMAKE_PREFIX_PATH=${CMAKE_PREFIX_PATH}:/home/hussein/Documents/kal_ws/install/serial_motor_demo:/opt/ros/humble /usr/bin/cmake --install /home/hussein/Documents/kal_ws/build/serial_motor_demo_msgs
[2.059s] Level 1:colcon.colcon_core.environment:create_environment_scripts_only(serial_motor_demo_msgs)
[2.061s] DEBUG:colcon.colcon_core.event_handler.log_command:Invoked command in '/home/hussein/Documents/kal_ws/build/serial_motor_demo_msgs' returned '0': CMAKE_PREFIX_PATH=${CMAKE_PREFIX_PATH}:/home/hussein/Documents/kal_ws/install/serial_motor_demo:/opt/ros/humble /usr/bin/cmake --install /home/hussein/Documents/kal_ws/build/serial_motor_demo_msgs
[2.076s] Level 1:colcon.colcon_core.environment:checking '/home/hussein/Documents/kal_ws/install/serial_motor_demo_msgs' for CMake module files
[2.076s] Level 1:colcon.colcon_core.environment:checking '/home/hussein/Documents/kal_ws/install/serial_motor_demo_msgs' for CMake config files
[2.077s] Level 1:colcon.colcon_core.shell:create_environment_hook('serial_motor_demo_msgs', 'cmake_prefix_path')
[2.090s] INFO:colcon.colcon_core.shell:Creating environment hook '/home/hussein/Documents/kal_ws/install/serial_motor_demo_msgs/share/serial_motor_demo_msgs/hook/cmake_prefix_path.ps1'
[2.091s] INFO:colcon.colcon_core.shell:Creating environment descriptor '/home/hussein/Documents/kal_ws/install/serial_motor_demo_msgs/share/serial_motor_demo_msgs/hook/cmake_prefix_path.dsv'
[2.091s] INFO:colcon.colcon_core.shell:Creating environment hook '/home/hussein/Documents/kal_ws/install/serial_motor_demo_msgs/share/serial_motor_demo_msgs/hook/cmake_prefix_path.sh'
[2.092s] Level 1:colcon.colcon_core.environment:checking '/home/hussein/Documents/kal_ws/install/serial_motor_demo_msgs/lib'
[2.092s] Level 1:colcon.colcon_core.shell:create_environment_hook('serial_motor_demo_msgs', 'ld_library_path_lib')
[2.106s] INFO:colcon.colcon_core.shell:Creating environment hook '/home/hussein/Documents/kal_ws/install/serial_motor_demo_msgs/share/serial_motor_demo_msgs/hook/ld_library_path_lib.ps1'
[2.106s] INFO:colcon.colcon_core.shell:Creating environment descriptor '/home/hussein/Documents/kal_ws/install/serial_motor_demo_msgs/share/serial_motor_demo_msgs/hook/ld_library_path_lib.dsv'
[2.107s] INFO:colcon.colcon_core.shell:Creating environment hook '/home/hussein/Documents/kal_ws/install/serial_motor_demo_msgs/share/serial_motor_demo_msgs/hook/ld_library_path_lib.sh'
[2.107s] Level 1:colcon.colcon_core.environment:checking '/home/hussein/Documents/kal_ws/install/serial_motor_demo_msgs/bin'
[2.107s] Level 1:colcon.colcon_core.environment:checking '/home/hussein/Documents/kal_ws/install/serial_motor_demo_msgs/lib/pkgconfig/serial_motor_demo_msgs.pc'
[2.107s] Level 1:colcon.colcon_core.environment:checking '/home/hussein/Documents/kal_ws/install/serial_motor_demo_msgs/lib/python3.10/site-packages'
[2.107s] Level 1:colcon.colcon_core.environment:checking '/home/hussein/Documents/kal_ws/install/serial_motor_demo_msgs/bin'
[2.121s] INFO:colcon.colcon_core.shell:Creating package script '/home/hussein/Documents/kal_ws/install/serial_motor_demo_msgs/share/serial_motor_demo_msgs/package.ps1'
[2.121s] INFO:colcon.colcon_core.shell:Creating package descriptor '/home/hussein/Documents/kal_ws/install/serial_motor_demo_msgs/share/serial_motor_demo_msgs/package.dsv'
[2.122s] INFO:colcon.colcon_core.shell:Creating package script '/home/hussein/Documents/kal_ws/install/serial_motor_demo_msgs/share/serial_motor_demo_msgs/package.sh'
[2.122s] INFO:colcon.colcon_core.shell:Creating package script '/home/hussein/Documents/kal_ws/install/serial_motor_demo_msgs/share/serial_motor_demo_msgs/package.bash'
[2.122s] INFO:colcon.colcon_core.shell:Creating package script '/home/hussein/Documents/kal_ws/install/serial_motor_demo_msgs/share/serial_motor_demo_msgs/package.zsh'
[2.122s] Level 1:colcon.colcon_core.environment:create_file_with_runtime_dependencies(/home/hussein/Documents/kal_ws/install/serial_motor_demo_msgs/share/colcon-core/packages/serial_motor_demo_msgs)
[2.216s] Level 1:colcon.colcon_core.environment:create_environment_scripts_only(serial_motor_demo_msgs)
[2.232s] Level 1:colcon.colcon_core.environment:checking '/home/hussein/Documents/kal_ws/install/serial_motor_demo_msgs' for CMake module files
[2.233s] Level 1:colcon.colcon_core.environment:checking '/home/hussein/Documents/kal_ws/install/serial_motor_demo_msgs' for CMake config files
[2.233s] Level 1:colcon.colcon_core.shell:create_environment_hook('serial_motor_demo_msgs', 'cmake_prefix_path')
[2.247s] INFO:colcon.colcon_core.shell:Creating environment hook '/home/hussein/Documents/kal_ws/install/serial_motor_demo_msgs/share/serial_motor_demo_msgs/hook/cmake_prefix_path.ps1'
[2.247s] INFO:colcon.colcon_core.shell:Creating environment descriptor '/home/hussein/Documents/kal_ws/install/serial_motor_demo_msgs/share/serial_motor_demo_msgs/hook/cmake_prefix_path.dsv'
[2.247s] INFO:colcon.colcon_core.shell:Creating environment hook '/home/hussein/Documents/kal_ws/install/serial_motor_demo_msgs/share/serial_motor_demo_msgs/hook/cmake_prefix_path.sh'
[2.248s] Level 1:colcon.colcon_core.environment:checking '/home/hussein/Documents/kal_ws/install/serial_motor_demo_msgs/lib'
[2.248s] Level 1:colcon.colcon_core.shell:create_environment_hook('serial_motor_demo_msgs', 'ld_library_path_lib')
[2.262s] INFO:colcon.colcon_core.shell:Creating environment hook '/home/hussein/Documents/kal_ws/install/serial_motor_demo_msgs/share/serial_motor_demo_msgs/hook/ld_library_path_lib.ps1'
[2.262s] INFO:colcon.colcon_core.shell:Creating environment descriptor '/home/hussein/Documents/kal_ws/install/serial_motor_demo_msgs/share/serial_motor_demo_msgs/hook/ld_library_path_lib.dsv'
[2.262s] INFO:colcon.colcon_core.shell:Creating environment hook '/home/hussein/Documents/kal_ws/install/serial_motor_demo_msgs/share/serial_motor_demo_msgs/hook/ld_library_path_lib.sh'
[2.263s] Level 1:colcon.colcon_core.environment:checking '/home/hussein/Documents/kal_ws/install/serial_motor_demo_msgs/bin'
[2.263s] Level 1:colcon.colcon_core.environment:checking '/home/hussein/Documents/kal_ws/install/serial_motor_demo_msgs/lib/pkgconfig/serial_motor_demo_msgs.pc'
[2.263s] Level 1:colcon.colcon_core.environment:checking '/home/hussein/Documents/kal_ws/install/serial_motor_demo_msgs/lib/python3.10/site-packages'
[2.263s] Level 1:colcon.colcon_core.environment:checking '/home/hussein/Documents/kal_ws/install/serial_motor_demo_msgs/bin'
[2.276s] INFO:colcon.colcon_core.shell:Creating package script '/home/hussein/Documents/kal_ws/install/serial_motor_demo_msgs/share/serial_motor_demo_msgs/package.ps1'
[2.277s] INFO:colcon.colcon_core.shell:Creating package descriptor '/home/hussein/Documents/kal_ws/install/serial_motor_demo_msgs/share/serial_motor_demo_msgs/package.dsv'
[2.277s] INFO:colcon.colcon_core.shell:Creating package script '/home/hussein/Documents/kal_ws/install/serial_motor_demo_msgs/share/serial_motor_demo_msgs/package.sh'
[2.278s] INFO:colcon.colcon_core.shell:Creating package script '/home/hussein/Documents/kal_ws/install/serial_motor_demo_msgs/share/serial_motor_demo_msgs/package.bash'
[2.278s] INFO:colcon.colcon_core.shell:Creating package script '/home/hussein/Documents/kal_ws/install/serial_motor_demo_msgs/share/serial_motor_demo_msgs/package.zsh'
[2.278s] Level 1:colcon.colcon_core.environment:create_file_with_runtime_dependencies(/home/hussein/Documents/kal_ws/install/serial_motor_demo_msgs/share/colcon-core/packages/serial_motor_demo_msgs)
[2.279s] INFO:colcon.colcon_ros.task.ament_python.build:Building ROS package in '/home/hussein/Documents/kal_ws/src/serial_motor_demo/serial_motor_demo' with build type 'ament_python'
[2.279s] Level 1:colcon.colcon_core.shell:create_environment_hook('serial_motor_demo', 'ament_prefix_path')
[2.294s] INFO:colcon.colcon_core.shell:Creating environment hook '/home/hussein/Documents/kal_ws/install/serial_motor_demo/share/serial_motor_demo/hook/ament_prefix_path.ps1'
[2.294s] INFO:colcon.colcon_core.shell:Creating environment descriptor '/home/hussein/Documents/kal_ws/install/serial_motor_demo/share/serial_motor_demo/hook/ament_prefix_path.dsv'
[2.295s] INFO:colcon.colcon_core.shell:Creating environment hook '/home/hussein/Documents/kal_ws/install/serial_motor_demo/share/serial_motor_demo/hook/ament_prefix_path.sh'
[2.309s] INFO:colcon.colcon_core.shell:Skip shell extension 'powershell' for command environment: Not usable outside of PowerShell
[2.309s] DEBUG:colcon.colcon_core.shell:Skip shell extension 'dsv' for command environment
[2.560s] INFO:colcon.colcon_core.task.python.build:Building Python package in '/home/hussein/Documents/kal_ws/src/serial_motor_demo/serial_motor_demo'
[2.574s] INFO:colcon.colcon_core.shell:Skip shell extension 'powershell' for command environment: Not usable outside of PowerShell
[2.574s] DEBUG:colcon.colcon_core.shell:Skip shell extension 'dsv' for command environment
[2.912s] DEBUG:colcon.colcon_core.event_handler.log_command:Invoking command in '/home/hussein/Documents/kal_ws/src/serial_motor_demo/serial_motor_demo': PYTHONPATH=/home/hussein/Documents/kal_ws/build/serial_motor_demo/prefix_override:/home/hussein/Documents/kal_ws/install/serial_motor_demo/lib/python3.10/site-packages:${PYTHONPATH} /usr/bin/python3 setup.py egg_info --egg-base ../../../build/serial_motor_demo build --build-base /home/hussein/Documents/kal_ws/build/serial_motor_demo/build install --record /home/hussein/Documents/kal_ws/build/serial_motor_demo/install.log --install-scripts $base/lib/serial_motor_demo --single-version-externally-managed
[3.157s] DEBUG:colcon.colcon_core.event_handler.log_command:Invoked command in '/home/hussein/Documents/kal_ws/src/serial_motor_demo/serial_motor_demo' returned '0': PYTHONPATH=/home/hussein/Documents/kal_ws/build/serial_motor_demo/prefix_override:/home/hussein/Documents/kal_ws/install/serial_motor_demo/lib/python3.10/site-packages:${PYTHONPATH} /usr/bin/python3 setup.py egg_info --egg-base ../../../build/serial_motor_demo build --build-base /home/hussein/Documents/kal_ws/build/serial_motor_demo/build install --record /home/hussein/Documents/kal_ws/build/serial_motor_demo/install.log --install-scripts $base/lib/serial_motor_demo --single-version-externally-managed
[3.170s] Level 1:colcon.colcon_core.environment:checking '/home/hussein/Documents/kal_ws/install/serial_motor_demo' for CMake module files
[3.171s] Level 1:colcon.colcon_core.environment:checking '/home/hussein/Documents/kal_ws/install/serial_motor_demo' for CMake config files
[3.171s] Level 1:colcon.colcon_core.environment:checking '/home/hussein/Documents/kal_ws/install/serial_motor_demo/lib'
[3.171s] Level 1:colcon.colcon_core.environment:checking '/home/hussein/Documents/kal_ws/install/serial_motor_demo/bin'
[3.171s] Level 1:colcon.colcon_core.environment:checking '/home/hussein/Documents/kal_ws/install/serial_motor_demo/lib/pkgconfig/serial_motor_demo.pc'
[3.171s] Level 1:colcon.colcon_core.environment:checking '/home/hussein/Documents/kal_ws/install/serial_motor_demo/lib/python3.10/site-packages'
[3.171s] Level 1:colcon.colcon_core.shell:create_environment_hook('serial_motor_demo', 'pythonpath')
[3.184s] INFO:colcon.colcon_core.shell:Creating environment hook '/home/hussein/Documents/kal_ws/install/serial_motor_demo/share/serial_motor_demo/hook/pythonpath.ps1'
[3.184s] INFO:colcon.colcon_core.shell:Creating environment descriptor '/home/hussein/Documents/kal_ws/install/serial_motor_demo/share/serial_motor_demo/hook/pythonpath.dsv'
[3.185s] INFO:colcon.colcon_core.shell:Creating environment hook '/home/hussein/Documents/kal_ws/install/serial_motor_demo/share/serial_motor_demo/hook/pythonpath.sh'
[3.186s] Level 1:colcon.colcon_core.environment:checking '/home/hussein/Documents/kal_ws/install/serial_motor_demo/bin'
[3.186s] Level 1:colcon.colcon_core.environment:create_environment_scripts_only(serial_motor_demo)
[3.200s] INFO:colcon.colcon_core.shell:Creating package script '/home/hussein/Documents/kal_ws/install/serial_motor_demo/share/serial_motor_demo/package.ps1'
[3.201s] INFO:colcon.colcon_core.shell:Creating package descriptor '/home/hussein/Documents/kal_ws/install/serial_motor_demo/share/serial_motor_demo/package.dsv'
[3.201s] INFO:colcon.colcon_core.shell:Creating package script '/home/hussein/Documents/kal_ws/install/serial_motor_demo/share/serial_motor_demo/package.sh'
[3.201s] INFO:colcon.colcon_core.shell:Creating package script '/home/hussein/Documents/kal_ws/install/serial_motor_demo/share/serial_motor_demo/package.bash'
[3.202s] INFO:colcon.colcon_core.shell:Creating package script '/home/hussein/Documents/kal_ws/install/serial_motor_demo/share/serial_motor_demo/package.zsh'
[3.202s] Level 1:colcon.colcon_core.environment:create_file_with_runtime_dependencies(/home/hussein/Documents/kal_ws/install/serial_motor_demo/share/colcon-core/packages/serial_motor_demo)
[4.036s] DEBUG:colcon.colcon_core.event_handler.log_command:Invoked command in '/home/hussein/Documents/kal_ws/build/diffdrive_arduino' returned '2': CMAKE_PREFIX_PATH=${CMAKE_PREFIX_PATH}:/home/hussein/Documents/kal_ws/install/serial_motor_demo:/opt/ros/humble /usr/bin/cmake --build /home/hussein/Documents/kal_ws/build/diffdrive_arduino -- -j12 -l12
[4.067s] Level 1:colcon.colcon_core.environment:create_environment_scripts_only(diffdrive_arduino)
[4.080s] Level 1:colcon.colcon_core.environment:checking '/home/hussein/Documents/kal_ws/install/diffdrive_arduino' for CMake module files
[4.081s] Level 1:colcon.colcon_core.environment:checking '/home/hussein/Documents/kal_ws/install/diffdrive_arduino' for CMake config files
[4.081s] Level 1:colcon.colcon_core.shell:create_environment_hook('diffdrive_arduino', 'cmake_prefix_path')
[4.095s] INFO:colcon.colcon_core.shell:Creating environment hook '/home/hussein/Documents/kal_ws/install/diffdrive_arduino/share/diffdrive_arduino/hook/cmake_prefix_path.ps1'
[4.095s] INFO:colcon.colcon_core.shell:Creating environment descriptor '/home/hussein/Documents/kal_ws/install/diffdrive_arduino/share/diffdrive_arduino/hook/cmake_prefix_path.dsv'
[4.095s] INFO:colcon.colcon_core.shell:Creating environment hook '/home/hussein/Documents/kal_ws/install/diffdrive_arduino/share/diffdrive_arduino/hook/cmake_prefix_path.sh'
[4.096s] Level 1:colcon.colcon_core.environment:checking '/home/hussein/Documents/kal_ws/install/diffdrive_arduino/lib'
[4.096s] Level 1:colcon.colcon_core.shell:create_environment_hook('diffdrive_arduino', 'ld_library_path_lib')
[4.109s] INFO:colcon.colcon_core.shell:Creating environment hook '/home/hussein/Documents/kal_ws/install/diffdrive_arduino/share/diffdrive_arduino/hook/ld_library_path_lib.ps1'
[4.110s] INFO:colcon.colcon_core.shell:Creating environment descriptor '/home/hussein/Documents/kal_ws/install/diffdrive_arduino/share/diffdrive_arduino/hook/ld_library_path_lib.dsv'
[4.110s] INFO:colcon.colcon_core.shell:Creating environment hook '/home/hussein/Documents/kal_ws/install/diffdrive_arduino/share/diffdrive_arduino/hook/ld_library_path_lib.sh'
[4.111s] Level 1:colcon.colcon_core.environment:checking '/home/hussein/Documents/kal_ws/install/diffdrive_arduino/bin'
[4.111s] Level 1:colcon.colcon_core.environment:checking '/home/hussein/Documents/kal_ws/install/diffdrive_arduino/lib/pkgconfig/diffdrive_arduino.pc'
[4.111s] Level 1:colcon.colcon_core.environment:checking '/home/hussein/Documents/kal_ws/install/diffdrive_arduino/lib/python3.10/site-packages'
[4.111s] Level 1:colcon.colcon_core.environment:checking '/home/hussein/Documents/kal_ws/install/diffdrive_arduino/bin'
[4.124s] INFO:colcon.colcon_core.shell:Creating package script '/home/hussein/Documents/kal_ws/install/diffdrive_arduino/share/diffdrive_arduino/package.ps1'
[4.124s] INFO:colcon.colcon_core.shell:Creating package descriptor '/home/hussein/Documents/kal_ws/install/diffdrive_arduino/share/diffdrive_arduino/package.dsv'
[4.125s] INFO:colcon.colcon_core.shell:Creating package script '/home/hussein/Documents/kal_ws/install/diffdrive_arduino/share/diffdrive_arduino/package.sh'
[4.125s] INFO:colcon.colcon_core.shell:Creating package script '/home/hussein/Documents/kal_ws/install/diffdrive_arduino/share/diffdrive_arduino/package.bash'
[4.126s] INFO:colcon.colcon_core.shell:Creating package script '/home/hussein/Documents/kal_ws/install/diffdrive_arduino/share/diffdrive_arduino/package.zsh'
[4.126s] Level 1:colcon.colcon_core.environment:create_file_with_runtime_dependencies(/home/hussein/Documents/kal_ws/install/diffdrive_arduino/share/colcon-core/packages/diffdrive_arduino)
[4.136s] DEBUG:colcon.colcon_parallel_executor.executor.parallel:closing loop
[4.136s] DEBUG:colcon.colcon_parallel_executor.executor.parallel:loop closed
[4.136s] DEBUG:colcon.colcon_parallel_executor.executor.parallel:run_until_complete finished with '2'
[4.137s] DEBUG:colcon.colcon_core.event_reactor:joining thread
[4.155s] INFO:colcon.colcon_core.plugin_system:Skipping extension 'colcon_notification.desktop_notification.terminal_notifier': Not used on non-Darwin systems
[4.155s] INFO:colcon.colcon_core.plugin_system:Skipping extension 'colcon_notification.desktop_notification.win32': Not used on non-Windows systems
[4.155s] INFO:colcon.colcon_notification.desktop_notification:Sending desktop notification using 'notify2'
[4.166s] DEBUG:colcon.colcon_core.event_reactor:joined thread
[4.180s] INFO:colcon.colcon_core.shell:Creating prefix script '/home/hussein/Documents/kal_ws/install/local_setup.ps1'
[4.181s] INFO:colcon.colcon_core.shell:Creating prefix util module '/home/hussein/Documents/kal_ws/install/_local_setup_util_ps1.py'
[4.182s] INFO:colcon.colcon_core.shell:Creating prefix chain script '/home/hussein/Documents/kal_ws/install/setup.ps1'
[4.196s] INFO:colcon.colcon_core.shell:Creating prefix script '/home/hussein/Documents/kal_ws/install/local_setup.sh'
[4.197s] INFO:colcon.colcon_core.shell:Creating prefix util module '/home/hussein/Documents/kal_ws/install/_local_setup_util_sh.py'
[4.197s] INFO:colcon.colcon_core.shell:Creating prefix chain script '/home/hussein/Documents/kal_ws/install/setup.sh'
[4.211s] INFO:colcon.colcon_core.shell:Creating prefix script '/home/hussein/Documents/kal_ws/install/local_setup.bash'
[4.212s] INFO:colcon.colcon_core.shell:Creating prefix chain script '/home/hussein/Documents/kal_ws/install/setup.bash'
[4.226s] INFO:colcon.colcon_core.shell:Creating prefix script '/home/hussein/Documents/kal_ws/install/local_setup.zsh'
[4.226s] INFO:colcon.colcon_core.shell:Creating prefix chain script '/home/hussein/Documents/kal_ws/install/setup.zsh'
