[1.185s] Invoking command in '/home/hussein/Documents/kal_ws/src/serial_motor_demo/serial_motor_demo': PYTHONPATH=/home/hussein/Documents/kal_ws/build/serial_motor_demo/prefix_override:/home/hussein/Documents/kal_ws/install/serial_motor_demo/lib/python3.10/site-packages:${PYTHONPATH} /usr/bin/python3 setup.py egg_info --egg-base ../../../build/serial_motor_demo build --build-base /home/hussein/Documents/kal_ws/build/serial_motor_demo/build install --record /home/hussein/Documents/kal_ws/build/serial_motor_demo/install.log --install-scripts $base/lib/serial_motor_demo --single-version-externally-managed
[1.434s] /usr/lib/python3/dist-packages/setuptools/dist.py:723: UserWarning: Usage of dash-separated 'script-dir' will not be supported in future versions. Please use the underscore name 'script_dir' instead
[1.434s]   warnings.warn(
[1.441s] running egg_info
[1.442s] writing ../../../build/serial_motor_demo/serial_motor_demo.egg-info/PKG-INFO
[1.442s] writing dependency_links to ../../../build/serial_motor_demo/serial_motor_demo.egg-info/dependency_links.txt
[1.442s] writing entry points to ../../../build/serial_motor_demo/serial_motor_demo.egg-info/entry_points.txt
[1.443s] writing requirements to ../../../build/serial_motor_demo/serial_motor_demo.egg-info/requires.txt
[1.443s] writing top-level names to ../../../build/serial_motor_demo/serial_motor_demo.egg-info/top_level.txt
[1.444s] reading manifest file '../../../build/serial_motor_demo/serial_motor_demo.egg-info/SOURCES.txt'
[1.445s] writing manifest file '../../../build/serial_motor_demo/serial_motor_demo.egg-info/SOURCES.txt'
[1.446s] running build
[1.446s] running build_py
[1.446s] running install
[1.446s] /usr/lib/python3/dist-packages/setuptools/command/install.py:34: SetuptoolsDeprecationWarning: setup.py install is deprecated. Use build and pip and other standards-based tools.
[1.446s]   warnings.warn(
[1.447s] running install_lib
[1.448s] running install_data
[1.448s] running install_egg_info
[1.450s] removing '/home/hussein/Documents/kal_ws/install/serial_motor_demo/lib/python3.10/site-packages/serial_motor_demo-0.0.0-py3.10.egg-info' (and everything under it)
[1.450s] Copying ../../../build/serial_motor_demo/serial_motor_demo.egg-info to /home/hussein/Documents/kal_ws/install/serial_motor_demo/lib/python3.10/site-packages/serial_motor_demo-0.0.0-py3.10.egg-info
[1.451s] running install_scripts
[1.469s] Installing driver script to /home/hussein/Documents/kal_ws/install/serial_motor_demo/lib/serial_motor_demo
[1.469s] Installing gui script to /home/hussein/Documents/kal_ws/install/serial_motor_demo/lib/serial_motor_demo
[1.469s] writing list of installed files to '/home/hussein/Documents/kal_ws/build/serial_motor_demo/install.log'
[1.487s] Invoked command in '/home/hussein/Documents/kal_ws/src/serial_motor_demo/serial_motor_demo' returned '0': PYTHONPATH=/home/hussein/Documents/kal_ws/build/serial_motor_demo/prefix_override:/home/hussein/Documents/kal_ws/install/serial_motor_demo/lib/python3.10/site-packages:${PYTHONPATH} /usr/bin/python3 setup.py egg_info --egg-base ../../../build/serial_motor_demo build --build-base /home/hussein/Documents/kal_ws/build/serial_motor_demo/build install --record /home/hussein/Documents/kal_ws/build/serial_motor_demo/install.log --install-scripts $base/lib/serial_motor_demo --single-version-externally-managed
