[0.200s] Invoking command in '/home/hussein/Documents/kal_ws/build/diffdrive_arduino': CMAKE_PREFIX_PATH=${CMAKE_PREFIX_PATH}:/home/hussein/Documents/kal_ws/install/serial_motor_demo:/opt/ros/humble /usr/bin/cmake /home/hussein/Documents/kal_ws/src/diffdrive_arduino -DCMAKE_INSTALL_PREFIX=/home/hussein/Documents/kal_ws/install/diffdrive_arduino
[0.211s] -- Found ament_cmake: 1.3.6 (/opt/ros/humble/share/ament_cmake/cmake)
[0.426s] [31mCMake Error at CMakeLists.txt:15 (find_package):
[0.426s]   By not providing "Findserial.cmake" in CMAKE_MODULE_PATH this project has
[0.426s]   asked CMake to find a package configuration file provided by "serial", but
[0.427s]   CMake did not find one.
[0.427s] 
[0.427s]   Could not find a package configuration file provided by "serial" with any
[0.428s]   of the following names:
[0.428s] 
[0.428s]     serialConfig.cmake
[0.429s]     serial-config.cmake
[0.429s] 
[0.429s]   Add the installation prefix of "serial" to CMAKE_PREFIX_PATH or set
[0.430s]   "serial_DIR" to a directory containing one of the above files.  If "serial"
[0.430s]   provides a separate development package or SDK, be sure it has been
[0.430s]   installed.
[0.430s] 
[0.431s] [0m
[0.431s] -- Configuring incomplete, errors occurred!
[0.431s] See also "/home/hussein/Documents/kal_ws/build/diffdrive_arduino/CMakeFiles/CMakeOutput.log".
[0.484s] Invoked command in '/home/hussein/Documents/kal_ws/build/diffdrive_arduino' returned '1': CMAKE_PREFIX_PATH=${CMAKE_PREFIX_PATH}:/home/hussein/Documents/kal_ws/install/serial_motor_demo:/opt/ros/humble /usr/bin/cmake /home/hussein/Documents/kal_ws/src/diffdrive_arduino -DCMAKE_INSTALL_PREFIX=/home/hussein/Documents/kal_ws/install/diffdrive_arduino
