[0.230s] Invoking command in '/home/hussein/Documents/kal_ws/build/diffdrive_arduino': CMAKE_PREFIX_PATH=${CMAKE_PREFIX_PATH}:/home/hussein/Documents/kal_ws/install/serial_motor_demo:/opt/ros/humble /usr/bin/cmake --build /home/hussein/Documents/kal_ws/build/diffdrive_arduino -- -j12 -l12
[0.271s] [35m[1mConsolidate compiler generated dependencies of target diffdrive_arduino[0m
[0.301s] [ 50%] [32mBuilding CXX object CMakeFiles/diffdrive_arduino.dir/hardware/diffbot_system.cpp.o[0m
[2.262s] In file included from [01m[K/opt/ros/humble/include/rclcpp/rclcpp/logging.hpp:24[m[K,
[2.262s]                  from [01m[K/opt/ros/humble/include/rclcpp/rclcpp/client.hpp:40[m[K,
[2.262s]                  from [01m[K/opt/ros/humble/include/rclcpp/rclcpp/callback_group.hpp:24[m[K,
[2.262s]                  from [01m[K/opt/ros/humble/include/rclcpp/rclcpp/any_executable.hpp:20[m[K,
[2.262s]                  from [01m[K/opt/ros/humble/include/rclcpp/rclcpp/memory_strategy.hpp:25[m[K,
[2.262s]                  from [01m[K/opt/ros/humble/include/rclcpp/rclcpp/memory_strategies.hpp:18[m[K,
[2.262s]                  from [01m[K/opt/ros/humble/include/rclcpp/rclcpp/executor_options.hpp:20[m[K,
[2.262s]                  from [01m[K/opt/ros/humble/include/rclcpp/rclcpp/executor.hpp:37[m[K,
[2.262s]                  from [01m[K/opt/ros/humble/include/rclcpp/rclcpp/executors/multi_threaded_executor.hpp:25[m[K,
[2.262s]                  from [01m[K/opt/ros/humble/include/rclcpp/rclcpp/executors.hpp:21[m[K,
[2.262s]                  from [01m[K/opt/ros/humble/include/rclcpp/rclcpp/rclcpp.hpp:155[m[K,
[2.262s]                  from [01m[K/home/hussein/Documents/kal_ws/src/diffdrive_arduino/hardware/diffbot_system.cpp:24[m[K:
[2.262s] [01m[K/home/hussein/Documents/kal_ws/src/diffdrive_arduino/hardware/diffbot_system.cpp:[m[K In member function ‘[01m[Kvirtual hardware_interface::CallbackReturn diffdrive_arduino::DiffDriveArduinoHardware::on_init(const hardware_interface::HardwareInfo&)[m[K’:
[2.262s] [01m[K/home/hussein/Documents/kal_ws/src/diffdrive_arduino/hardware/diffbot_system.cpp:47:65:[m[K [01;35m[Kwarning: [m[Kformat ‘[01m[K%s[m[K’ expects argument of type ‘[01m[Kchar*[m[K’, but argument 5 has type ‘[01m[Kstd::string[m[K’ {aka ‘[01m[Kstd::__cxx11::basic_string<char>[m[K’} [[01;35m[K]8;;https://gcc.gnu.org/onlinedocs/gcc/Warning-Options.html#index-Wformat=-Wformat=]8;;[m[K]
[2.262s]    47 |     RCLCPP_INFO(rclcpp::get_logger("DiffDriveArduinoHardware"), [01;35m[K"Device: %s"[m[K, cfg_.device);
[2.262s]       |                                                                 [01;35m[K^~~~~~~~~~~~[m[K
[2.262s] [01m[K/home/hussein/Documents/kal_ws/src/diffdrive_arduino/hardware/diffbot_system.cpp:47:75:[m[K [01;36m[Knote: [m[Kformat string is defined here
[2.262s]    47 |     RCLCPP_INFO(rclcpp::get_logger("DiffDriveArduinoHardware"), "Device: [01;36m[K%s[m[K", cfg_.device);
[2.263s]       |                                                                          [01;36m[K~^[m[K
[2.263s]       |                                                                           [01;36m[K|[m[K
[2.263s]       |                                                                           [01;36m[Kchar*[m[K
[3.126s] [100%] [32m[1mLinking CXX shared library libdiffdrive_arduino.so[0m
[3.248s] [100%] Built target diffdrive_arduino
[3.256s] Invoked command in '/home/hussein/Documents/kal_ws/build/diffdrive_arduino' returned '0': CMAKE_PREFIX_PATH=${CMAKE_PREFIX_PATH}:/home/hussein/Documents/kal_ws/install/serial_motor_demo:/opt/ros/humble /usr/bin/cmake --build /home/hussein/Documents/kal_ws/build/diffdrive_arduino -- -j12 -l12
[3.274s] Invoking command in '/home/hussein/Documents/kal_ws/build/diffdrive_arduino': CMAKE_PREFIX_PATH=${CMAKE_PREFIX_PATH}:/home/hussein/Documents/kal_ws/install/serial_motor_demo:/opt/ros/humble /usr/bin/cmake --install /home/hussein/Documents/kal_ws/build/diffdrive_arduino
[3.281s] -- Install configuration: ""
[3.281s] -- Up-to-date: /home/hussein/Documents/kal_ws/install/diffdrive_arduino/share/diffdrive_arduino/diffdrive_arduino.xml
[3.281s] -- Up-to-date: /home/hussein/Documents/kal_ws/install/diffdrive_arduino/include/diffdrive_arduino
[3.281s] -- Up-to-date: /home/hussein/Documents/kal_ws/install/diffdrive_arduino/include/diffdrive_arduino/diffdrive_arduino
[3.281s] -- Up-to-date: /home/hussein/Documents/kal_ws/install/diffdrive_arduino/include/diffdrive_arduino/diffdrive_arduino/arduino_comms.hpp
[3.281s] -- Up-to-date: /home/hussein/Documents/kal_ws/install/diffdrive_arduino/include/diffdrive_arduino/diffdrive_arduino/visibility_control.h
[3.281s] -- Up-to-date: /home/hussein/Documents/kal_ws/install/diffdrive_arduino/include/diffdrive_arduino/diffdrive_arduino/diffbot_system.hpp
[3.281s] -- Up-to-date: /home/hussein/Documents/kal_ws/install/diffdrive_arduino/include/diffdrive_arduino/diffdrive_arduino/wheel.hpp
[3.281s] -- Up-to-date: /home/hussein/Documents/kal_ws/install/diffdrive_arduino/share/diffdrive_arduino/launch
[3.282s] -- Up-to-date: /home/hussein/Documents/kal_ws/install/diffdrive_arduino/share/diffdrive_arduino/launch/view_robot.launch.py
[3.282s] -- Up-to-date: /home/hussein/Documents/kal_ws/install/diffdrive_arduino/share/diffdrive_arduino/ros2_control
[3.282s] -- Up-to-date: /home/hussein/Documents/kal_ws/install/diffdrive_arduino/share/diffdrive_arduino/ros2_control/diffbot.ros2_control.xacro
[3.282s] -- Up-to-date: /home/hussein/Documents/kal_ws/install/diffdrive_arduino/share/diffdrive_arduino/urdf
[3.282s] -- Up-to-date: /home/hussein/Documents/kal_ws/install/diffdrive_arduino/share/diffdrive_arduino/urdf/diffbot.materials.xacro
[3.282s] -- Up-to-date: /home/hussein/Documents/kal_ws/install/diffdrive_arduino/share/diffdrive_arduino/urdf/diffbot_description.urdf.xacro
[3.282s] -- Up-to-date: /home/hussein/Documents/kal_ws/install/diffdrive_arduino/share/diffdrive_arduino/urdf/diffbot.urdf.xacro
[3.282s] -- Up-to-date: /home/hussein/Documents/kal_ws/install/diffdrive_arduino/share/diffdrive_arduino/rviz
[3.282s] -- Up-to-date: /home/hussein/Documents/kal_ws/install/diffdrive_arduino/share/diffdrive_arduino/rviz/diffbot.rviz
[3.282s] -- Up-to-date: /home/hussein/Documents/kal_ws/install/diffdrive_arduino/share/diffdrive_arduino/rviz/diffbot_view.rviz
[3.283s] -- Up-to-date: /home/hussein/Documents/kal_ws/install/diffdrive_arduino/share/diffdrive_arduino/launch
[3.283s] -- Up-to-date: /home/hussein/Documents/kal_ws/install/diffdrive_arduino/share/diffdrive_arduino/launch/diffbot.launch.py
[3.283s] -- Up-to-date: /home/hussein/Documents/kal_ws/install/diffdrive_arduino/share/diffdrive_arduino/config
[3.283s] -- Up-to-date: /home/hussein/Documents/kal_ws/install/diffdrive_arduino/share/diffdrive_arduino/config/diffbot_controllers.yaml
[3.283s] -- Installing: /home/hussein/Documents/kal_ws/install/diffdrive_arduino/lib/libdiffdrive_arduino.so
[3.283s] -- Set runtime path of "/home/hussein/Documents/kal_ws/install/diffdrive_arduino/lib/libdiffdrive_arduino.so" to ""
[3.283s] -- Up-to-date: /home/hussein/Documents/kal_ws/install/diffdrive_arduino/share/diffdrive_arduino/environment/library_path.sh
[3.284s] -- Up-to-date: /home/hussein/Documents/kal_ws/install/diffdrive_arduino/share/diffdrive_arduino/environment/library_path.dsv
[3.284s] -- Up-to-date: /home/hussein/Documents/kal_ws/install/diffdrive_arduino/share/ament_index/resource_index/package_run_dependencies/diffdrive_arduino
[3.284s] -- Up-to-date: /home/hussein/Documents/kal_ws/install/diffdrive_arduino/share/ament_index/resource_index/parent_prefix_path/diffdrive_arduino
[3.284s] -- Up-to-date: /home/hussein/Documents/kal_ws/install/diffdrive_arduino/share/diffdrive_arduino/environment/ament_prefix_path.sh
[3.284s] -- Up-to-date: /home/hussein/Documents/kal_ws/install/diffdrive_arduino/share/diffdrive_arduino/environment/ament_prefix_path.dsv
[3.284s] -- Up-to-date: /home/hussein/Documents/kal_ws/install/diffdrive_arduino/share/diffdrive_arduino/environment/path.sh
[3.284s] -- Up-to-date: /home/hussein/Documents/kal_ws/install/diffdrive_arduino/share/diffdrive_arduino/environment/path.dsv
[3.284s] -- Up-to-date: /home/hussein/Documents/kal_ws/install/diffdrive_arduino/share/diffdrive_arduino/local_setup.bash
[3.284s] -- Up-to-date: /home/hussein/Documents/kal_ws/install/diffdrive_arduino/share/diffdrive_arduino/local_setup.sh
[3.284s] -- Up-to-date: /home/hussein/Documents/kal_ws/install/diffdrive_arduino/share/diffdrive_arduino/local_setup.zsh
[3.284s] -- Up-to-date: /home/hussein/Documents/kal_ws/install/diffdrive_arduino/share/diffdrive_arduino/local_setup.dsv
[3.284s] -- Installing: /home/hussein/Documents/kal_ws/install/diffdrive_arduino/share/diffdrive_arduino/package.dsv
[3.284s] -- Up-to-date: /home/hussein/Documents/kal_ws/install/diffdrive_arduino/share/ament_index/resource_index/packages/diffdrive_arduino
[3.284s] -- Up-to-date: /home/hussein/Documents/kal_ws/install/diffdrive_arduino/share/ament_index/resource_index/hardware_interface__pluginlib__plugin/diffdrive_arduino
[3.284s] -- Up-to-date: /home/hussein/Documents/kal_ws/install/diffdrive_arduino/share/diffdrive_arduino/cmake/export_diffdrive_arduinoExport.cmake
[3.284s] -- Up-to-date: /home/hussein/Documents/kal_ws/install/diffdrive_arduino/share/diffdrive_arduino/cmake/export_diffdrive_arduinoExport-noconfig.cmake
[3.284s] -- Up-to-date: /home/hussein/Documents/kal_ws/install/diffdrive_arduino/share/diffdrive_arduino/cmake/ament_cmake_export_targets-extras.cmake
[3.284s] -- Up-to-date: /home/hussein/Documents/kal_ws/install/diffdrive_arduino/share/diffdrive_arduino/cmake/ament_cmake_export_dependencies-extras.cmake
[3.285s] -- Up-to-date: /home/hussein/Documents/kal_ws/install/diffdrive_arduino/share/diffdrive_arduino/cmake/diffdrive_arduinoConfig.cmake
[3.285s] -- Up-to-date: /home/hussein/Documents/kal_ws/install/diffdrive_arduino/share/diffdrive_arduino/cmake/diffdrive_arduinoConfig-version.cmake
[3.285s] -- Up-to-date: /home/hussein/Documents/kal_ws/install/diffdrive_arduino/share/diffdrive_arduino/package.xml
[3.286s] Invoked command in '/home/hussein/Documents/kal_ws/build/diffdrive_arduino' returned '0': CMAKE_PREFIX_PATH=${CMAKE_PREFIX_PATH}:/home/hussein/Documents/kal_ws/install/serial_motor_demo:/opt/ros/humble /usr/bin/cmake --install /home/hussein/Documents/kal_ws/build/diffdrive_arduino
