[1.040s] Invoking command in '/home/hussein/Documents/kal_ws/build/diffdrive_arduino': CMAKE_PREFIX_PATH=/opt/ros/humble /usr/bin/cmake /home/hussein/Documents/kal_ws/src/diffdrive_arduino -DCMAKE_INSTALL_PREFIX=/home/hussein/Documents/kal_ws/install/diffdrive_arduino
[1.548s] -- The CXX compiler identification is GNU 11.4.0
[1.631s] -- Detecting CXX compiler ABI info
[2.363s] -- Detecting CXX compiler ABI info - done
[2.402s] -- Check for working CXX compiler: /usr/bin/c++ - skipped
[2.403s] -- Detecting CXX compile features
[2.407s] -- Detecting CXX compile features - done
[2.448s] -- Found ament_cmake: 1.3.6 (/opt/ros/humble/share/ament_cmake/cmake)
[3.703s] -- Found Python3: /usr/bin/python3.10 (found version "3.10.12") found components: Interpreter 
[4.605s] [31mCMake Error at CMakeLists.txt:19 (find_package):
[4.606s]   By not providing "Findhardware_interface.cmake" in CMAKE_MODULE_PATH this
[4.606s]   project has asked CMake to find a package configuration file provided by
[4.607s]   "hardware_interface", but CMake did not find one.
[4.607s] 
[4.607s]   Could not find a package configuration file provided by
[4.608s]   "hardware_interface" with any of the following names:
[4.608s] 
[4.609s]     hardware_interfaceConfig.cmake
[4.610s]     hardware_interface-config.cmake
[4.610s] 
[4.611s]   Add the installation prefix of "hardware_interface" to CMAKE_PREFIX_PATH or
[4.612s]   set "hardware_interface_DIR" to a directory containing one of the above
[4.612s]   files.  If "hardware_interface" provides a separate development package or
[4.613s]   SDK, be sure it has been installed.
[4.614s] 
[4.614s] [0m
[4.615s] -- Configuring incomplete, errors occurred!
[4.615s] See also "/home/hussein/Documents/kal_ws/build/diffdrive_arduino/CMakeFiles/CMakeOutput.log".
