[0.058s] Invoking command in '/home/hussein/Documents/kal_ws/build/diffdrive_arduino': AMENT_PREFIX_PATH=/home/hussein/Documents/kal_ws/install/serial:${AMENT_PREFIX_PATH} CMAKE_PREFIX_PATH=/home/hussein/Documents/kal_ws/install/serial:/home/hussein/Documents/kal_ws/install/serial_motor_demo_msgs:/home/hussein/Documents/kal_ws/install/rplidar_ros:/home/hussein/Documents/kal_ws/install/kal_package:/home/hussein/Documents/kal_ws/install/serial_motor_demo:/opt/ros/humble LD_LIBRARY_PATH=/home/hussein/Documents/kal_ws/install/serial/lib:${LD_LIBRARY_PATH} /usr/bin/cmake /home/hussein/Documents/kal_ws/src/diffdrive_arduino -DCMAKE_INSTALL_PREFIX=/home/hussein/Documents/kal_ws/install/diffdrive_arduino
[0.067s] -- Found ament_cmake: 1.3.6 (/opt/ros/humble/share/ament_cmake/cmake)
[0.178s] -- Found serial: 1.2.1 (/home/hussein/Documents/kal_ws/install/serial/share/serial/cmake)
[0.183s] -- Found hardware_interface: 2.36.0 (/opt/ros/humble/share/hardware_interface/cmake)
[0.232s] -- Found rosidl_generator_c: 3.1.5 (/opt/ros/humble/share/rosidl_generator_c/cmake)
[0.237s] -- Found rosidl_adapter: 3.1.5 (/opt/ros/humble/share/rosidl_adapter/cmake)
[0.247s] -- Found rosidl_generator_cpp: 3.1.5 (/opt/ros/humble/share/rosidl_generator_cpp/cmake)
[0.263s] -- Using all available rosidl_typesupport_c: rosidl_typesupport_fastrtps_c;rosidl_typesupport_introspection_c
[0.283s] -- Using all available rosidl_typesupport_cpp: rosidl_typesupport_fastrtps_cpp;rosidl_typesupport_introspection_cpp
[0.930s] -- Found rmw_implementation_cmake: 6.1.1 (/opt/ros/humble/share/rmw_implementation_cmake/cmake)
[0.934s] -- Found rmw_fastrtps_cpp: 6.2.5 (/opt/ros/humble/share/rmw_fastrtps_cpp/cmake)
[0.974s] -- Found TinyXML2 via Config file: TinyXML2_DIR-NOTFOUND
[1.021s] -- Found OpenSSL: /usr/lib/x86_64-linux-gnu/libcrypto.so (found version "3.0.2")  
[1.025s] -- Found TinyXML2 via Config file: TinyXML2_DIR-NOTFOUND
[1.037s] -- Found FastRTPS: /opt/ros/humble/include  
[1.046s] -- Found TinyXML2 via Config file: TinyXML2_DIR-NOTFOUND
[1.051s] -- Found TinyXML2 via Config file: TinyXML2_DIR-NOTFOUND
[1.058s] -- Using RMW implementation 'rmw_fastrtps_cpp' as default
[1.068s] -- Looking for pthread.h
[1.158s] -- Looking for pthread.h - found
[1.158s] -- Performing Test CMAKE_HAVE_LIBC_PTHREAD
[1.256s] -- Performing Test CMAKE_HAVE_LIBC_PTHREAD - Success
[1.258s] -- Found Threads: TRUE  
[1.433s] -- Found controller_manager: 2.36.0 (/opt/ros/humble/share/controller_manager/cmake)
[2.699s] -- Configuring done
[2.788s] -- Generating done
[2.789s] -- Build files have been written to: /home/hussein/Documents/kal_ws/build/diffdrive_arduino
[2.795s] Invoked command in '/home/hussein/Documents/kal_ws/build/diffdrive_arduino' returned '0': AMENT_PREFIX_PATH=/home/hussein/Documents/kal_ws/install/serial:${AMENT_PREFIX_PATH} CMAKE_PREFIX_PATH=/home/hussein/Documents/kal_ws/install/serial:/home/hussein/Documents/kal_ws/install/serial_motor_demo_msgs:/home/hussein/Documents/kal_ws/install/rplidar_ros:/home/hussein/Documents/kal_ws/install/kal_package:/home/hussein/Documents/kal_ws/install/serial_motor_demo:/opt/ros/humble LD_LIBRARY_PATH=/home/hussein/Documents/kal_ws/install/serial/lib:${LD_LIBRARY_PATH} /usr/bin/cmake /home/hussein/Documents/kal_ws/src/diffdrive_arduino -DCMAKE_INSTALL_PREFIX=/home/hussein/Documents/kal_ws/install/diffdrive_arduino
[2.796s] Invoking command in '/home/hussein/Documents/kal_ws/build/diffdrive_arduino': AMENT_PREFIX_PATH=/home/hussein/Documents/kal_ws/install/serial:${AMENT_PREFIX_PATH} CMAKE_PREFIX_PATH=/home/hussein/Documents/kal_ws/install/serial:/home/hussein/Documents/kal_ws/install/serial_motor_demo_msgs:/home/hussein/Documents/kal_ws/install/rplidar_ros:/home/hussein/Documents/kal_ws/install/kal_package:/home/hussein/Documents/kal_ws/install/serial_motor_demo:/opt/ros/humble LD_LIBRARY_PATH=/home/hussein/Documents/kal_ws/install/serial/lib:${LD_LIBRARY_PATH} /usr/bin/cmake --build /home/hussein/Documents/kal_ws/build/diffdrive_arduino -- -j12 -l12
[2.840s] [ 57%] [32mBuilding CXX object CMakeFiles/fake_robot.dir/src/fake_robot.cpp.o[0m
[2.841s] [ 71%] [32mBuilding CXX object CMakeFiles/fake_robot.dir/src/wheel.cpp.o[0m
[2.841s] [ 71%] [32mBuilding CXX object CMakeFiles/diffdrive_arduino.dir/src/wheel.cpp.o[0m
[2.841s] [ 71%] [32mBuilding CXX object CMakeFiles/diffdrive_arduino.dir/src/diffdrive_arduino.cpp.o[0m
[2.841s] [ 71%] [32mBuilding CXX object CMakeFiles/diffdrive_arduino.dir/src/arduino_comms.cpp.o[0m
[3.234s] In file included from [01m[K/home/hussein/Documents/kal_ws/src/diffdrive_arduino/src/fake_robot.cpp:1[m[K:
[3.234s] [01m[K/home/hussein/Documents/kal_ws/src/diffdrive_arduino/include/diffdrive_arduino/fake_robot.h:7:10:[m[K [01;31m[Kfatal error: [m[Khardware_interface/base_interface.hpp: No such file or directory
[3.234s]     7 | #include [01;31m[K"hardware_interface/base_interface.hpp"[m[K
[3.235s]       |          [01;31m[K^~~~~~~~~~~~~~~~~~~~~~~~~~~~~~~~~~~~~~~[m[K
[3.235s] In file included from [01m[K/home/hussein/Documents/kal_ws/src/diffdrive_arduino/src/diffdrive_arduino.cpp:1[m[K:
[3.235s] [01m[K/home/hussein/Documents/kal_ws/src/diffdrive_arduino/include/diffdrive_arduino/diffdrive_arduino.h:7:10:[m[K [01;31m[Kfatal error: [m[Khardware_interface/base_interface.hpp: No such file or directory
[3.235s]     7 | #include [01;31m[K"hardware_interface/base_interface.hpp"[m[K
[3.235s]       |          [01;31m[K^~~~~~~~~~~~~~~~~~~~~~~~~~~~~~~~~~~~~~~[m[K
[3.235s] compilation terminated.
[3.235s] compilation terminated.
[3.237s] gmake[2]: *** [CMakeFiles/fake_robot.dir/build.make:76: CMakeFiles/fake_robot.dir/src/fake_robot.cpp.o] Error 1
[3.237s] gmake[1]: *** [CMakeFiles/Makefile2:165: CMakeFiles/fake_robot.dir/all] Error 2
[3.237s] gmake[1]: *** Waiting for unfinished jobs....
[3.237s] gmake[2]: *** [CMakeFiles/diffdrive_arduino.dir/build.make:76: CMakeFiles/diffdrive_arduino.dir/src/diffdrive_arduino.cpp.o] Error 1
[3.237s] gmake[2]: *** Waiting for unfinished jobs....
[5.124s] gmake[1]: *** [CMakeFiles/Makefile2:139: CMakeFiles/diffdrive_arduino.dir/all] Error 2
[5.124s] gmake: *** [Makefile:146: all] Error 2
[5.127s] Invoked command in '/home/hussein/Documents/kal_ws/build/diffdrive_arduino' returned '2': AMENT_PREFIX_PATH=/home/hussein/Documents/kal_ws/install/serial:${AMENT_PREFIX_PATH} CMAKE_PREFIX_PATH=/home/hussein/Documents/kal_ws/install/serial:/home/hussein/Documents/kal_ws/install/serial_motor_demo_msgs:/home/hussein/Documents/kal_ws/install/rplidar_ros:/home/hussein/Documents/kal_ws/install/kal_package:/home/hussein/Documents/kal_ws/install/serial_motor_demo:/opt/ros/humble LD_LIBRARY_PATH=/home/hussein/Documents/kal_ws/install/serial/lib:${LD_LIBRARY_PATH} /usr/bin/cmake --build /home/hussein/Documents/kal_ws/build/diffdrive_arduino -- -j12 -l12
