[0.715s] Invoking command in '/home/hussein/Documents/kal_ws/build/rplidar_ros': CMAKE_PREFIX_PATH=${CMAKE_PREFIX_PATH}:/home/hussein/Documents/kal_ws/install/serial_motor_demo:/opt/ros/humble /usr/bin/cmake --build /home/hussein/Documents/kal_ws/build/rplidar_ros -- -j4 -l4
[1.152s] [ 77%] Built target rplidar_composition_node
[1.325s] [100%] Built target rplidar_composition
[1.657s] Invoked command in '/home/hussein/Documents/kal_ws/build/rplidar_ros' returned '0': CMAKE_PREFIX_PATH=${CMAKE_PREFIX_PATH}:/home/hussein/Documents/kal_ws/install/serial_motor_demo:/opt/ros/humble /usr/bin/cmake --build /home/hussein/Documents/kal_ws/build/rplidar_ros -- -j4 -l4
[2.531s] Invoking command in '/home/hussein/Documents/kal_ws/build/rplidar_ros': CMAKE_PREFIX_PATH=${CMAKE_PREFIX_PATH}:/home/hussein/Documents/kal_ws/install/serial_motor_demo:/opt/ros/humble /usr/bin/cmake --install /home/hussein/Documents/kal_ws/build/rplidar_ros
[2.566s] -- Install configuration: ""
[2.567s] -- Up-to-date: /home/hussein/Documents/kal_ws/install/rplidar_ros/lib/rplidar_ros/rplidar_composition
[2.569s] -- Up-to-date: /home/hussein/Documents/kal_ws/install/rplidar_ros/share/rplidar_ros/launch
[2.570s] -- Up-to-date: /home/hussein/Documents/kal_ws/install/rplidar_ros/share/rplidar_ros/launch/rplidar_a3.launch.py
[2.571s] -- Up-to-date: /home/hussein/Documents/kal_ws/install/rplidar_ros/share/rplidar_ros/launch/view_rplidar_s1.launch.py
[2.572s] -- Up-to-date: /home/hussein/Documents/kal_ws/install/rplidar_ros/share/rplidar_ros/launch/rplidar.launch.py
[2.573s] -- Up-to-date: /home/hussein/Documents/kal_ws/install/rplidar_ros/share/rplidar_ros/launch/rplidar_s1_tcp.launch.py
[2.574s] -- Up-to-date: /home/hussein/Documents/kal_ws/install/rplidar_ros/share/rplidar_ros/launch/test_rplidar_a3.launch.py
[2.575s] -- Up-to-date: /home/hussein/Documents/kal_ws/install/rplidar_ros/share/rplidar_ros/launch/view_rplidar_a3.launch.py
[2.576s] -- Up-to-date: /home/hussein/Documents/kal_ws/install/rplidar_ros/share/rplidar_ros/launch/view_rplidar_s1_tcp.launch.py
[2.577s] -- Up-to-date: /home/hussein/Documents/kal_ws/install/rplidar_ros/share/rplidar_ros/launch/rplidar_s1.launch.py
[2.578s] -- Up-to-date: /home/hussein/Documents/kal_ws/install/rplidar_ros/share/rplidar_ros/launch/view_rplidar.launch.py
[2.578s] -- Up-to-date: /home/hussein/Documents/kal_ws/install/rplidar_ros/share/rplidar_ros/rviz
[2.580s] -- Up-to-date: /home/hussein/Documents/kal_ws/install/rplidar_ros/share/rplidar_ros/rviz/rplidar.rviz
[2.581s] -- Up-to-date: /home/hussein/Documents/kal_ws/install/rplidar_ros/lib/librplidar_composition_node.so
[2.582s] -- Up-to-date: /home/hussein/Documents/kal_ws/install/rplidar_ros/include
[2.582s] -- Up-to-date: /home/hussein/Documents/kal_ws/install/rplidar_ros/include/visibility.h
[2.583s] -- Up-to-date: /home/hussein/Documents/kal_ws/install/rplidar_ros/include/rplidar_node.hpp
[2.585s] -- Up-to-date: /home/hussein/Documents/kal_ws/install/rplidar_ros/lib/rplidar_ros/rplidar_composition
[2.586s] -- Up-to-date: /home/hussein/Documents/kal_ws/install/rplidar_ros/share/ament_index/resource_index/package_run_dependencies/rplidar_ros
[2.586s] -- Up-to-date: /home/hussein/Documents/kal_ws/install/rplidar_ros/share/ament_index/resource_index/parent_prefix_path/rplidar_ros
[2.587s] -- Up-to-date: /home/hussein/Documents/kal_ws/install/rplidar_ros/share/rplidar_ros/environment/ament_prefix_path.sh
[2.589s] -- Up-to-date: /home/hussein/Documents/kal_ws/install/rplidar_ros/share/rplidar_ros/environment/ament_prefix_path.dsv
[2.590s] -- Up-to-date: /home/hussein/Documents/kal_ws/install/rplidar_ros/share/rplidar_ros/environment/path.sh
[2.591s] -- Up-to-date: /home/hussein/Documents/kal_ws/install/rplidar_ros/share/rplidar_ros/environment/path.dsv
[2.592s] -- Up-to-date: /home/hussein/Documents/kal_ws/install/rplidar_ros/share/rplidar_ros/local_setup.bash
[2.593s] -- Up-to-date: /home/hussein/Documents/kal_ws/install/rplidar_ros/share/rplidar_ros/local_setup.sh
[2.594s] -- Up-to-date: /home/hussein/Documents/kal_ws/install/rplidar_ros/share/rplidar_ros/local_setup.zsh
[2.594s] -- Up-to-date: /home/hussein/Documents/kal_ws/install/rplidar_ros/share/rplidar_ros/local_setup.dsv
[2.595s] -- Installing: /home/hussein/Documents/kal_ws/install/rplidar_ros/share/rplidar_ros/package.dsv
[2.596s] -- Up-to-date: /home/hussein/Documents/kal_ws/install/rplidar_ros/share/ament_index/resource_index/packages/rplidar_ros
[2.597s] -- Up-to-date: /home/hussein/Documents/kal_ws/install/rplidar_ros/share/ament_index/resource_index/rclcpp_components/rplidar_ros
[2.598s] -- Up-to-date: /home/hussein/Documents/kal_ws/install/rplidar_ros/share/rplidar_ros/cmake/ament_cmake_export_dependencies-extras.cmake
[2.598s] -- Up-to-date: /home/hussein/Documents/kal_ws/install/rplidar_ros/share/rplidar_ros/cmake/ament_cmake_export_include_directories-extras.cmake
[2.599s] -- Up-to-date: /home/hussein/Documents/kal_ws/install/rplidar_ros/share/rplidar_ros/cmake/rplidar_rosConfig.cmake
[2.600s] -- Up-to-date: /home/hussein/Documents/kal_ws/install/rplidar_ros/share/rplidar_ros/cmake/rplidar_rosConfig-version.cmake
[2.601s] -- Up-to-date: /home/hussein/Documents/kal_ws/install/rplidar_ros/share/rplidar_ros/package.xml
[3.272s] Invoked command in '/home/hussein/Documents/kal_ws/build/rplidar_ros' returned '0': CMAKE_PREFIX_PATH=${CMAKE_PREFIX_PATH}:/home/hussein/Documents/kal_ws/install/serial_motor_demo:/opt/ros/humble /usr/bin/cmake --install /home/hussein/Documents/kal_ws/build/rplidar_ros
