[1.429s] Invoking command in '/home/hussein/Documents/kal_ws/build/diffdrive_arduino': CMAKE_PREFIX_PATH=${CMAKE_PREFIX_PATH}:/home/hussein/Documents/kal_ws/install/serial_motor_demo:/opt/ros/humble /usr/bin/cmake --build /home/hussein/Documents/kal_ws/build/diffdrive_arduino -- -j4 -l4
[1.930s] [100%] Built target diffdrive_arduino
[2.093s] Invoked command in '/home/hussein/Documents/kal_ws/build/diffdrive_arduino' returned '0': CMAKE_PREFIX_PATH=${CMAKE_PREFIX_PATH}:/home/hussein/Documents/kal_ws/install/serial_motor_demo:/opt/ros/humble /usr/bin/cmake --build /home/hussein/Documents/kal_ws/build/diffdrive_arduino -- -j4 -l4
[2.513s] Invoking command in '/home/hussein/Documents/kal_ws/build/diffdrive_arduino': CMAKE_PREFIX_PATH=${CMAKE_PREFIX_PATH}:/home/hussein/Documents/kal_ws/install/serial_motor_demo:/opt/ros/humble /usr/bin/cmake --install /home/hussein/Documents/kal_ws/build/diffdrive_arduino
[2.580s] -- Install configuration: ""
[2.583s] -- Up-to-date: /home/hussein/Documents/kal_ws/install/diffdrive_arduino/share/diffdrive_arduino/diffdrive_arduino.xml
[2.584s] -- Up-to-date: /home/hussein/Documents/kal_ws/install/diffdrive_arduino/include/diffdrive_arduino
[2.585s] -- Up-to-date: /home/hussein/Documents/kal_ws/install/diffdrive_arduino/include/diffdrive_arduino/diffdrive_arduino
[2.587s] -- Up-to-date: /home/hussein/Documents/kal_ws/install/diffdrive_arduino/include/diffdrive_arduino/diffdrive_arduino/diffbot_system.hpp
[2.589s] -- Up-to-date: /home/hussein/Documents/kal_ws/install/diffdrive_arduino/include/diffdrive_arduino/diffdrive_arduino/arduino_comms.hpp
[2.590s] -- Up-to-date: /home/hussein/Documents/kal_ws/install/diffdrive_arduino/include/diffdrive_arduino/diffdrive_arduino/visibility_control.h
[2.591s] -- Up-to-date: /home/hussein/Documents/kal_ws/install/diffdrive_arduino/include/diffdrive_arduino/diffdrive_arduino/wheel.hpp
[2.591s] -- Up-to-date: /home/hussein/Documents/kal_ws/install/diffdrive_arduino/share/diffdrive_arduino/launch
[2.592s] -- Up-to-date: /home/hussein/Documents/kal_ws/install/diffdrive_arduino/share/diffdrive_arduino/launch/view_robot.launch.py
[2.593s] -- Up-to-date: /home/hussein/Documents/kal_ws/install/diffdrive_arduino/share/diffdrive_arduino/ros2_control
[2.594s] -- Up-to-date: /home/hussein/Documents/kal_ws/install/diffdrive_arduino/share/diffdrive_arduino/ros2_control/diffbot.ros2_control.xacro
[2.596s] -- Up-to-date: /home/hussein/Documents/kal_ws/install/diffdrive_arduino/share/diffdrive_arduino/urdf
[2.598s] -- Up-to-date: /home/hussein/Documents/kal_ws/install/diffdrive_arduino/share/diffdrive_arduino/urdf/diffbot.materials.xacro
[2.599s] -- Up-to-date: /home/hussein/Documents/kal_ws/install/diffdrive_arduino/share/diffdrive_arduino/urdf/diffbot.urdf.xacro
[2.599s] -- Up-to-date: /home/hussein/Documents/kal_ws/install/diffdrive_arduino/share/diffdrive_arduino/urdf/diffbot_description.urdf.xacro
[2.600s] -- Up-to-date: /home/hussein/Documents/kal_ws/install/diffdrive_arduino/share/diffdrive_arduino/rviz
[2.601s] -- Up-to-date: /home/hussein/Documents/kal_ws/install/diffdrive_arduino/share/diffdrive_arduino/rviz/diffbot.rviz
[2.603s] -- Up-to-date: /home/hussein/Documents/kal_ws/install/diffdrive_arduino/share/diffdrive_arduino/rviz/diffbot_view.rviz
[2.605s] -- Up-to-date: /home/hussein/Documents/kal_ws/install/diffdrive_arduino/share/diffdrive_arduino/launch
[2.605s] -- Up-to-date: /home/hussein/Documents/kal_ws/install/diffdrive_arduino/share/diffdrive_arduino/launch/diffbot.launch.py
[2.606s] -- Up-to-date: /home/hussein/Documents/kal_ws/install/diffdrive_arduino/share/diffdrive_arduino/config
[2.607s] -- Up-to-date: /home/hussein/Documents/kal_ws/install/diffdrive_arduino/share/diffdrive_arduino/config/diffbot_controllers.yaml
[2.608s] -- Up-to-date: /home/hussein/Documents/kal_ws/install/diffdrive_arduino/lib/libdiffdrive_arduino.so
[2.623s] -- Up-to-date: /home/hussein/Documents/kal_ws/install/diffdrive_arduino/share/diffdrive_arduino/environment/library_path.sh
[2.624s] -- Up-to-date: /home/hussein/Documents/kal_ws/install/diffdrive_arduino/share/diffdrive_arduino/environment/library_path.dsv
[2.625s] -- Up-to-date: /home/hussein/Documents/kal_ws/install/diffdrive_arduino/share/ament_index/resource_index/package_run_dependencies/diffdrive_arduino
[2.632s] -- Up-to-date: /home/hussein/Documents/kal_ws/install/diffdrive_arduino/share/ament_index/resource_index/parent_prefix_path/diffdrive_arduino
[2.634s] -- Up-to-date: /home/hussein/Documents/kal_ws/install/diffdrive_arduino/share/diffdrive_arduino/environment/ament_prefix_path.sh
[2.636s] -- Up-to-date: /home/hussein/Documents/kal_ws/install/diffdrive_arduino/share/diffdrive_arduino/environment/ament_prefix_path.dsv
[2.636s] -- Up-to-date: /home/hussein/Documents/kal_ws/install/diffdrive_arduino/share/diffdrive_arduino/environment/path.sh
[2.637s] -- Up-to-date: /home/hussein/Documents/kal_ws/install/diffdrive_arduino/share/diffdrive_arduino/environment/path.dsv
[2.638s] -- Up-to-date: /home/hussein/Documents/kal_ws/install/diffdrive_arduino/share/diffdrive_arduino/local_setup.bash
[2.638s] -- Up-to-date: /home/hussein/Documents/kal_ws/install/diffdrive_arduino/share/diffdrive_arduino/local_setup.sh
[2.639s] -- Up-to-date: /home/hussein/Documents/kal_ws/install/diffdrive_arduino/share/diffdrive_arduino/local_setup.zsh
[2.640s] -- Up-to-date: /home/hussein/Documents/kal_ws/install/diffdrive_arduino/share/diffdrive_arduino/local_setup.dsv
[2.641s] -- Installing: /home/hussein/Documents/kal_ws/install/diffdrive_arduino/share/diffdrive_arduino/package.dsv
[2.650s] -- Up-to-date: /home/hussein/Documents/kal_ws/install/diffdrive_arduino/share/ament_index/resource_index/packages/diffdrive_arduino
[2.652s] -- Up-to-date: /home/hussein/Documents/kal_ws/install/diffdrive_arduino/share/ament_index/resource_index/hardware_interface__pluginlib__plugin/diffdrive_arduino
[2.654s] -- Up-to-date: /home/hussein/Documents/kal_ws/install/diffdrive_arduino/share/diffdrive_arduino/cmake/export_diffdrive_arduinoExport.cmake
[2.655s] -- Up-to-date: /home/hussein/Documents/kal_ws/install/diffdrive_arduino/share/diffdrive_arduino/cmake/export_diffdrive_arduinoExport-noconfig.cmake
[2.664s] -- Up-to-date: /home/hussein/Documents/kal_ws/install/diffdrive_arduino/share/diffdrive_arduino/cmake/ament_cmake_export_targets-extras.cmake
[2.664s] -- Up-to-date: /home/hussein/Documents/kal_ws/install/diffdrive_arduino/share/diffdrive_arduino/cmake/ament_cmake_export_dependencies-extras.cmake
[2.665s] -- Up-to-date: /home/hussein/Documents/kal_ws/install/diffdrive_arduino/share/diffdrive_arduino/cmake/diffdrive_arduinoConfig.cmake
[2.665s] -- Up-to-date: /home/hussein/Documents/kal_ws/install/diffdrive_arduino/share/diffdrive_arduino/cmake/diffdrive_arduinoConfig-version.cmake
[2.666s] -- Up-to-date: /home/hussein/Documents/kal_ws/install/diffdrive_arduino/share/diffdrive_arduino/package.xml
[2.667s] Invoked command in '/home/hussein/Documents/kal_ws/build/diffdrive_arduino' returned '0': CMAKE_PREFIX_PATH=${CMAKE_PREFIX_PATH}:/home/hussein/Documents/kal_ws/install/serial_motor_demo:/opt/ros/humble /usr/bin/cmake --install /home/hussein/Documents/kal_ws/build/diffdrive_arduino
