[0.255s] Invoking command in '/home/hussein/Documents/kal_ws/build/serial_motor_demo_msgs': CMAKE_PREFIX_PATH=${CMAKE_PREFIX_PATH}:/home/hussein/Documents/kal_ws/install/serial_motor_demo:/opt/ros/humble /usr/bin/cmake --build /home/hussein/Documents/kal_ws/build/serial_motor_demo_msgs -- -j12 -l12
[0.305s] [  2%] Built target serial_motor_demo_msgs__cpp
[0.306s] [ 12%] Built target serial_motor_demo_msgs__rosidl_generator_c
[0.319s] [ 12%] Built target ament_cmake_python_copy_serial_motor_demo_msgs
[0.340s] [ 23%] Built target serial_motor_demo_msgs__rosidl_typesupport_fastrtps_cpp
[0.341s] [ 34%] Built target serial_motor_demo_msgs__rosidl_typesupport_cpp
[0.344s] [ 44%] Built target serial_motor_demo_msgs__rosidl_typesupport_introspection_cpp
[0.360s] [ 55%] Built target serial_motor_demo_msgs__rosidl_typesupport_c
[0.360s] [ 76%] Built target serial_motor_demo_msgs__rosidl_typesupport_introspection_c
[0.360s] [ 76%] Built target serial_motor_demo_msgs__rosidl_typesupport_fastrtps_c
[0.378s] [ 76%] Built target serial_motor_demo_msgs
[0.399s] [ 78%] Built target serial_motor_demo_msgs__py
[0.421s] [ 87%] Built target serial_motor_demo_msgs__rosidl_generator_py
[0.448s] [ 95%] Built target serial_motor_demo_msgs__rosidl_typesupport_introspection_c__pyext
[0.448s] [ 95%] Built target serial_motor_demo_msgs__rosidl_typesupport_fastrtps_c__pyext
[0.449s] [100%] Built target serial_motor_demo_msgs__rosidl_typesupport_c__pyext
[0.618s] running egg_info
[0.619s] writing serial_motor_demo_msgs.egg-info/PKG-INFO
[0.619s] writing dependency_links to serial_motor_demo_msgs.egg-info/dependency_links.txt
[0.620s] writing top-level names to serial_motor_demo_msgs.egg-info/top_level.txt
[0.622s] reading manifest file 'serial_motor_demo_msgs.egg-info/SOURCES.txt'
[0.622s] writing manifest file 'serial_motor_demo_msgs.egg-info/SOURCES.txt'
[0.651s] [100%] Built target ament_cmake_python_build_serial_motor_demo_msgs_egg
