[1.059s] Invoking command in '/home/hussein/Documents/kal_ws/build/kal_package': CMAKE_PREFIX_PATH=${CMAKE_PREFIX_PATH}:/home/hussein/Documents/kal_ws/install/serial_motor_demo:/opt/ros/humble /usr/bin/cmake --build /home/hussein/Documents/kal_ws/build/kal_package -- -j4 -l4
[1.259s] Invoked command in '/home/hussein/Documents/kal_ws/build/kal_package' returned '0': CMAKE_PREFIX_PATH=${CMAKE_PREFIX_PATH}:/home/hussein/Documents/kal_ws/install/serial_motor_demo:/opt/ros/humble /usr/bin/cmake --build /home/hussein/Documents/kal_ws/build/kal_package -- -j4 -l4
[1.589s] Invoking command in '/home/hussein/Documents/kal_ws/build/kal_package': CMAKE_PREFIX_PATH=${CMAKE_PREFIX_PATH}:/home/hussein/Documents/kal_ws/install/serial_motor_demo:/opt/ros/humble /usr/bin/cmake --install /home/hussein/Documents/kal_ws/build/kal_package
[1.631s] -- Install configuration: ""
[1.633s] -- Up-to-date: /home/hussein/Documents/kal_ws/install/kal_package/share/kal_package/src
[1.634s] -- Up-to-date: /home/hussein/Documents/kal_ws/install/kal_package/share/kal_package/src/description
[1.636s] -- Up-to-date: /home/hussein/Documents/kal_ws/install/kal_package/share/kal_package/src/description/gazebo.xacro
[1.638s] -- Up-to-date: /home/hussein/Documents/kal_ws/install/kal_package/share/kal_package/src/description/wheels.xacro
[1.640s] -- Up-to-date: /home/hussein/Documents/kal_ws/install/kal_package/share/kal_package/src/description/ros2_control0.xacro
[1.642s] -- Up-to-date: /home/hussein/Documents/kal_ws/install/kal_package/share/kal_package/src/description/lidar.xacro
[1.644s] -- Up-to-date: /home/hussein/Documents/kal_ws/install/kal_package/share/kal_package/src/description/imu.xacro
[1.646s] -- Up-to-date: /home/hussein/Documents/kal_ws/install/kal_package/share/kal_package/src/description/sensors.xacro
[1.648s] -- Up-to-date: /home/hussein/Documents/kal_ws/install/kal_package/share/kal_package/src/description/inertial_fns.xacro
[1.649s] -- Up-to-date: /home/hussein/Documents/kal_ws/install/kal_package/share/kal_package/src/description/ros2_control.xacro
[1.651s] -- Up-to-date: /home/hussein/Documents/kal_ws/install/kal_package/share/kal_package/src/description/main.urdf
[1.652s] -- Up-to-date: /home/hussein/Documents/kal_ws/install/kal_package/share/kal_package/src/description/base.xacro
[1.654s] -- Up-to-date: /home/hussein/Documents/kal_ws/install/kal_package/share/kal_package/launch
[1.658s] -- Up-to-date: /home/hussein/Documents/kal_ws/install/kal_package/share/kal_package/launch/rsp.launch.py
[1.659s] -- Up-to-date: /home/hussein/Documents/kal_ws/install/kal_package/share/kal_package/launch/navigation_launch.py
[1.664s] -- Up-to-date: /home/hussein/Documents/kal_ws/install/kal_package/share/kal_package/launch/launch_robot.launch.py
[1.666s] -- Up-to-date: /home/hussein/Documents/kal_ws/install/kal_package/share/kal_package/launch/localization_launch.py
[1.668s] -- Up-to-date: /home/hussein/Documents/kal_ws/install/kal_package/share/kal_package/launch/test_launch.py
[1.668s] -- Up-to-date: /home/hussein/Documents/kal_ws/install/kal_package/share/kal_package/launch/online_async_launch.py
[1.669s] -- Up-to-date: /home/hussein/Documents/kal_ws/install/kal_package/share/kal_package/rviz
[1.669s] -- Up-to-date: /home/hussein/Documents/kal_ws/install/kal_package/share/kal_package/config
[1.670s] -- Up-to-date: /home/hussein/Documents/kal_ws/install/kal_package/share/kal_package/config/gazebo_params.yaml
[1.671s] -- Up-to-date: /home/hussein/Documents/kal_ws/install/kal_package/share/kal_package/config/husseinMap.data
[1.672s] -- Up-to-date: /home/hussein/Documents/kal_ws/install/kal_package/share/kal_package/config/husseinMap.yaml
[1.674s] -- Up-to-date: /home/hussein/Documents/kal_ws/install/kal_package/share/kal_package/config/mapper_params_online_async.yaml
[1.674s] -- Up-to-date: /home/hussein/Documents/kal_ws/install/kal_package/share/kal_package/config/mapper_params_localization.yaml
[1.677s] -- Up-to-date: /home/hussein/Documents/kal_ws/install/kal_package/share/kal_package/config/twist_mux.yaml
[1.684s] -- Up-to-date: /home/hussein/Documents/kal_ws/install/kal_package/share/kal_package/config/my_controllers.yaml
[1.686s] -- Up-to-date: /home/hussein/Documents/kal_ws/install/kal_package/share/kal_package/config/husseinMap.pgm
[1.686s] -- Installing: /home/hussein/Documents/kal_ws/install/kal_package/share/kal_package/config/nav2_params.yaml
[1.687s] -- Up-to-date: /home/hussein/Documents/kal_ws/install/kal_package/share/kal_package/config/husseinMap.posegraph
[1.688s] -- Up-to-date: /home/hussein/Documents/kal_ws/install/kal_package/share/kal_package/world
[1.689s] -- Up-to-date: /home/hussein/Documents/kal_ws/install/kal_package/share/kal_package/world/waell.sdf
[1.704s] -- Up-to-date: /home/hussein/Documents/kal_ws/install/kal_package/share/ament_index/resource_index/package_run_dependencies/kal_package
[1.705s] -- Up-to-date: /home/hussein/Documents/kal_ws/install/kal_package/share/ament_index/resource_index/parent_prefix_path/kal_package
[1.705s] -- Up-to-date: /home/hussein/Documents/kal_ws/install/kal_package/share/kal_package/environment/ament_prefix_path.sh
[1.706s] -- Up-to-date: /home/hussein/Documents/kal_ws/install/kal_package/share/kal_package/environment/ament_prefix_path.dsv
[1.706s] -- Up-to-date: /home/hussein/Documents/kal_ws/install/kal_package/share/kal_package/environment/path.sh
[1.707s] -- Up-to-date: /home/hussein/Documents/kal_ws/install/kal_package/share/kal_package/environment/path.dsv
[1.708s] -- Up-to-date: /home/hussein/Documents/kal_ws/install/kal_package/share/kal_package/local_setup.bash
[1.708s] -- Up-to-date: /home/hussein/Documents/kal_ws/install/kal_package/share/kal_package/local_setup.sh
[1.709s] -- Up-to-date: /home/hussein/Documents/kal_ws/install/kal_package/share/kal_package/local_setup.zsh
[1.710s] -- Up-to-date: /home/hussein/Documents/kal_ws/install/kal_package/share/kal_package/local_setup.dsv
[1.711s] -- Installing: /home/hussein/Documents/kal_ws/install/kal_package/share/kal_package/package.dsv
[1.712s] -- Up-to-date: /home/hussein/Documents/kal_ws/install/kal_package/share/ament_index/resource_index/packages/kal_package
[1.712s] -- Up-to-date: /home/hussein/Documents/kal_ws/install/kal_package/share/kal_package/cmake/kal_packageConfig.cmake
[1.713s] -- Up-to-date: /home/hussein/Documents/kal_ws/install/kal_package/share/kal_package/cmake/kal_packageConfig-version.cmake
[1.714s] -- Up-to-date: /home/hussein/Documents/kal_ws/install/kal_package/share/kal_package/package.xml
[1.715s] Invoked command in '/home/hussein/Documents/kal_ws/build/kal_package' returned '0': CMAKE_PREFIX_PATH=${CMAKE_PREFIX_PATH}:/home/hussein/Documents/kal_ws/install/serial_motor_demo:/opt/ros/humble /usr/bin/cmake --install /home/hussein/Documents/kal_ws/build/kal_package
