[0.079s] Invoking command in '/home/hussein/Documents/kal_ws/build/serial': CMAKE_PREFIX_PATH=${CMAKE_PREFIX_PATH}:/home/hussein/Documents/kal_ws/install/serial_motor_demo:/opt/ros/humble /usr/bin/cmake --build /home/hussein/Documents/kal_ws/build/serial -- -j12 -l12
[0.140s] [ 14%] Built target gtest
[0.140s] [ 28%] Built target gtest_main
[0.148s] [ 57%] Built target serial
[0.176s] [ 71%] Built target serial_example
[0.177s] [ 85%] Built target serial-test
[0.178s] [100%] Built target serial-test-timer
[0.242s] Invoked command in '/home/hussein/Documents/kal_ws/build/serial' returned '0': CMAKE_PREFIX_PATH=${CMAKE_PREFIX_PATH}:/home/hussein/Documents/kal_ws/install/serial_motor_demo:/opt/ros/humble /usr/bin/cmake --build /home/hussein/Documents/kal_ws/build/serial -- -j12 -l12
[0.357s] Invoking command in '/home/hussein/Documents/kal_ws/build/serial': CMAKE_PREFIX_PATH=${CMAKE_PREFIX_PATH}:/home/hussein/Documents/kal_ws/install/serial_motor_demo:/opt/ros/humble /usr/bin/cmake --install /home/hussein/Documents/kal_ws/build/serial
[0.363s] -- Install configuration: ""
[0.364s] -- Up-to-date: /home/hussein/Documents/kal_ws/install/serial/lib/libserial.a
[0.364s] -- Up-to-date: /home/hussein/Documents/kal_ws/install/serial/include/serial/serial.h
[0.364s] -- Up-to-date: /home/hussein/Documents/kal_ws/install/serial/include/serial/v8stdint.h
[0.364s] -- Up-to-date: /home/hussein/Documents/kal_ws/install/serial/share/serial/environment/library_path.sh
[0.364s] -- Up-to-date: /home/hussein/Documents/kal_ws/install/serial/share/serial/environment/library_path.dsv
[0.364s] -- Up-to-date: /home/hussein/Documents/kal_ws/install/serial/share/ament_index/resource_index/package_run_dependencies/serial
[0.364s] -- Up-to-date: /home/hussein/Documents/kal_ws/install/serial/share/ament_index/resource_index/parent_prefix_path/serial
[0.365s] -- Up-to-date: /home/hussein/Documents/kal_ws/install/serial/share/serial/environment/ament_prefix_path.sh
[0.365s] -- Up-to-date: /home/hussein/Documents/kal_ws/install/serial/share/serial/environment/ament_prefix_path.dsv
[0.365s] -- Up-to-date: /home/hussein/Documents/kal_ws/install/serial/share/serial/environment/path.sh
[0.365s] -- Up-to-date: /home/hussein/Documents/kal_ws/install/serial/share/serial/environment/path.dsv
[0.365s] -- Up-to-date: /home/hussein/Documents/kal_ws/install/serial/share/serial/local_setup.bash
[0.365s] -- Up-to-date: /home/hussein/Documents/kal_ws/install/serial/share/serial/local_setup.sh
[0.365s] -- Up-to-date: /home/hussein/Documents/kal_ws/install/serial/share/serial/local_setup.zsh
[0.365s] -- Up-to-date: /home/hussein/Documents/kal_ws/install/serial/share/serial/local_setup.dsv
[0.366s] -- Installing: /home/hussein/Documents/kal_ws/install/serial/share/serial/package.dsv
[0.366s] -- Up-to-date: /home/hussein/Documents/kal_ws/install/serial/share/ament_index/resource_index/packages/serial
[0.367s] -- Up-to-date: /home/hussein/Documents/kal_ws/install/serial/share/serial/cmake/ament_cmake_export_include_directories-extras.cmake
[0.367s] -- Up-to-date: /home/hussein/Documents/kal_ws/install/serial/share/serial/cmake/ament_cmake_export_libraries-extras.cmake
[0.367s] -- Up-to-date: /home/hussein/Documents/kal_ws/install/serial/share/serial/cmake/serialConfig.cmake
[0.367s] -- Up-to-date: /home/hussein/Documents/kal_ws/install/serial/share/serial/cmake/serialConfig-version.cmake
[0.367s] -- Up-to-date: /home/hussein/Documents/kal_ws/install/serial/share/serial/package.xml
[0.369s] Invoked command in '/home/hussein/Documents/kal_ws/build/serial' returned '0': CMAKE_PREFIX_PATH=${CMAKE_PREFIX_PATH}:/home/hussein/Documents/kal_ws/install/serial_motor_demo:/opt/ros/humble /usr/bin/cmake --install /home/hussein/Documents/kal_ws/build/serial
