[0.207s] Invoking command in '/home/hussein/Documents/kal_ws/build/diffdrive_arduino': CMAKE_PREFIX_PATH=${CMAKE_PREFIX_PATH}:/home/hussein/Documents/kal_ws/install/serial_motor_demo:/opt/ros/humble /usr/bin/cmake /home/hussein/Documents/kal_ws/src/diffdrive_arduino -DCMAKE_INSTALL_PREFIX=/home/hussein/Documents/kal_ws/install/diffdrive_arduino
[0.294s] -- The C compiler identification is GNU 11.4.0
[0.363s] -- The CXX compiler identification is GNU 11.4.0
[0.376s] -- Detecting C compiler ABI info
[0.442s] -- Detecting C compiler ABI info - done
[0.452s] -- Check for working C compiler: /usr/bin/cc - skipped
[0.452s] -- Detecting C compile features
[0.452s] -- Detecting C compile features - done
[0.456s] -- Detecting CXX compiler ABI info
[0.528s] -- Detecting CXX compiler ABI info - done
[0.538s] -- Check for working CXX compiler: /usr/bin/c++ - skipped
[0.538s] -- Detecting CXX compile features
[0.539s] -- Detecting CXX compile features - done
[0.551s] -- Found ament_cmake: 1.3.6 (/opt/ros/humble/share/ament_cmake/cmake)
[0.733s] -- Found Python3: /usr/bin/python3.10 (found version "3.10.12") found components: Interpreter 
[0.864s] [31mCMake Error at CMakeLists.txt:15 (find_package):
[0.864s]   By not providing "Findserial.cmake" in CMAKE_MODULE_PATH this project has
[0.864s]   asked CMake to find a package configuration file provided by "serial", but
[0.864s]   CMake did not find one.
[0.864s] 
[0.864s]   Could not find a package configuration file provided by "serial" with any
[0.864s]   of the following names:
[0.864s] 
[0.864s]     serialConfig.cmake
[0.864s]     serial-config.cmake
[0.864s] 
[0.864s]   Add the installation prefix of "serial" to CMAKE_PREFIX_PATH or set
[0.865s]   "serial_DIR" to a directory containing one of the above files.  If "serial"
[0.865s]   provides a separate development package or SDK, be sure it has been
[0.865s]   installed.
[0.865s] 
[0.865s] [0m
[0.865s] -- Configuring incomplete, errors occurred!
[0.865s] See also "/home/hussein/Documents/kal_ws/build/diffdrive_arduino/CMakeFiles/CMakeOutput.log".
[0.897s] Invoked command in '/home/hussein/Documents/kal_ws/build/diffdrive_arduino' returned '1': CMAKE_PREFIX_PATH=${CMAKE_PREFIX_PATH}:/home/hussein/Documents/kal_ws/install/serial_motor_demo:/opt/ros/humble /usr/bin/cmake /home/hussein/Documents/kal_ws/src/diffdrive_arduino -DCMAKE_INSTALL_PREFIX=/home/hussein/Documents/kal_ws/install/diffdrive_arduino
