[0.715s] Invoking command in '/home/hussein/Documents/kal_ws/build/kal_package': CMAKE_PREFIX_PATH=/opt/ros/humble /usr/bin/cmake /home/hussein/Documents/kal_ws/src/kal_package -DCMAKE_INSTALL_PREFIX=/home/hussein/Documents/kal_ws/install/kal_package
[1.488s] -- The C compiler identification is GNU 11.4.0
[2.226s] -- The CXX compiler identification is GNU 11.4.0
[2.281s] -- Detecting C compiler ABI info
[3.146s] -- Detecting C compiler ABI info - done
[3.177s] -- Check for working C compiler: /usr/bin/cc - skipped
[3.177s] -- Detecting C compile features
[3.179s] -- Detecting C compile features - done
[3.200s] -- Detecting CXX compiler ABI info
[3.727s] -- Detecting CXX compiler ABI info - done
[3.762s] -- Check for working CXX compiler: /usr/bin/c++ - skipped
[3.764s] -- Detecting CXX compile features
[3.766s] -- Detecting CXX compile features - done
[3.798s] -- Found ament_cmake: 1.3.6 (/opt/ros/humble/share/ament_cmake/cmake)
[4.952s] -- Found Python3: /usr/bin/python3.10 (found version "3.10.12") found components: Interpreter 
[5.576s] -- Found ament_lint_auto: 0.12.9 (/opt/ros/humble/share/ament_lint_auto/cmake)
[6.091s] -- Added test 'flake8' to check Python code syntax and style conventions
[6.099s] -- Added test 'lint_cmake' to check CMake code style
[6.104s] -- Added test 'pep257' to check Python code against some of the docstring style conventions in PEP 257
[6.135s] -- Added test 'xmllint' to check XML markup files
[6.140s] -- Configuring done
[6.163s] -- Generating done
[6.169s] -- Build files have been written to: /home/hussein/Documents/kal_ws/build/kal_package
