[1.028s] Invoking command in '/home/hussein/Documents/kal_ws/build/kal_package': CMAKE_PREFIX_PATH=${CMAKE_PREFIX_PATH}:/home/hussein/Documents/kal_ws/install/serial_motor_demo:/opt/ros/humble /usr/bin/cmake --build /home/hussein/Documents/kal_ws/build/kal_package -- -j4 -l4
[1.255s] Invoked command in '/home/hussein/Documents/kal_ws/build/kal_package' returned '0': CMAKE_PREFIX_PATH=${CMAKE_PREFIX_PATH}:/home/hussein/Documents/kal_ws/install/serial_motor_demo:/opt/ros/humble /usr/bin/cmake --build /home/hussein/Documents/kal_ws/build/kal_package -- -j4 -l4
[1.550s] Invoking command in '/home/hussein/Documents/kal_ws/build/kal_package': CMAKE_PREFIX_PATH=${CMAKE_PREFIX_PATH}:/home/hussein/Documents/kal_ws/install/serial_motor_demo:/opt/ros/humble /usr/bin/cmake --install /home/hussein/Documents/kal_ws/build/kal_package
[1.600s] -- Install configuration: ""
[1.601s] -- Up-to-date: /home/hussein/Documents/kal_ws/install/kal_package/share/kal_package/src
[1.602s] -- Up-to-date: /home/hussein/Documents/kal_ws/install/kal_package/share/kal_package/src/description
[1.602s] -- Up-to-date: /home/hussein/Documents/kal_ws/install/kal_package/share/kal_package/src/description/gazebo.xacro
[1.602s] -- Up-to-date: /home/hussein/Documents/kal_ws/install/kal_package/share/kal_package/src/description/wheels.xacro
[1.603s] -- Up-to-date: /home/hussein/Documents/kal_ws/install/kal_package/share/kal_package/src/description/ros2_control0.xacro
[1.604s] -- Up-to-date: /home/hussein/Documents/kal_ws/install/kal_package/share/kal_package/src/description/lidar.xacro
[1.604s] -- Up-to-date: /home/hussein/Documents/kal_ws/install/kal_package/share/kal_package/src/description/imu.xacro
[1.604s] -- Up-to-date: /home/hussein/Documents/kal_ws/install/kal_package/share/kal_package/src/description/sensors.xacro
[1.605s] -- Up-to-date: /home/hussein/Documents/kal_ws/install/kal_package/share/kal_package/src/description/inertial_fns.xacro
[1.605s] -- Up-to-date: /home/hussein/Documents/kal_ws/install/kal_package/share/kal_package/src/description/ros2_control.xacro
[1.606s] -- Up-to-date: /home/hussein/Documents/kal_ws/install/kal_package/share/kal_package/src/description/main.urdf
[1.607s] -- Up-to-date: /home/hussein/Documents/kal_ws/install/kal_package/share/kal_package/src/description/base.xacro
[1.608s] -- Up-to-date: /home/hussein/Documents/kal_ws/install/kal_package/share/kal_package/launch
[1.609s] -- Up-to-date: /home/hussein/Documents/kal_ws/install/kal_package/share/kal_package/launch/rsp.launch.py
[1.611s] -- Up-to-date: /home/hussein/Documents/kal_ws/install/kal_package/share/kal_package/launch/navigation_launch.py
[1.615s] -- Up-to-date: /home/hussein/Documents/kal_ws/install/kal_package/share/kal_package/launch/launch_robot.launch.py
[1.615s] -- Up-to-date: /home/hussein/Documents/kal_ws/install/kal_package/share/kal_package/launch/localization_launch.py
[1.616s] -- Up-to-date: /home/hussein/Documents/kal_ws/install/kal_package/share/kal_package/launch/test_launch.py
[1.617s] -- Up-to-date: /home/hussein/Documents/kal_ws/install/kal_package/share/kal_package/launch/online_async_launch.py
[1.618s] -- Up-to-date: /home/hussein/Documents/kal_ws/install/kal_package/share/kal_package/rviz
[1.619s] -- Up-to-date: /home/hussein/Documents/kal_ws/install/kal_package/share/kal_package/config
[1.619s] -- Up-to-date: /home/hussein/Documents/kal_ws/install/kal_package/share/kal_package/config/gazebo_params.yaml
[1.620s] -- Up-to-date: /home/hussein/Documents/kal_ws/install/kal_package/share/kal_package/config/mapper_params_online_async.yaml
[1.621s] -- Up-to-date: /home/hussein/Documents/kal_ws/install/kal_package/share/kal_package/config/mapper_params_localization.yaml
[1.621s] -- Up-to-date: /home/hussein/Documents/kal_ws/install/kal_package/share/kal_package/config/twist_mux.yaml
[1.622s] -- Up-to-date: /home/hussein/Documents/kal_ws/install/kal_package/share/kal_package/config/my_controllers.yaml
[1.622s] -- Up-to-date: /home/hussein/Documents/kal_ws/install/kal_package/share/kal_package/config/nav2_params.yaml
[1.623s] -- Up-to-date: /home/hussein/Documents/kal_ws/install/kal_package/share/kal_package/world
[1.624s] -- Up-to-date: /home/hussein/Documents/kal_ws/install/kal_package/share/kal_package/world/waell.sdf
[1.624s] -- Up-to-date: /home/hussein/Documents/kal_ws/install/kal_package/share/ament_index/resource_index/package_run_dependencies/kal_package
[1.624s] -- Up-to-date: /home/hussein/Documents/kal_ws/install/kal_package/share/ament_index/resource_index/parent_prefix_path/kal_package
[1.625s] -- Up-to-date: /home/hussein/Documents/kal_ws/install/kal_package/share/kal_package/environment/ament_prefix_path.sh
[1.625s] -- Up-to-date: /home/hussein/Documents/kal_ws/install/kal_package/share/kal_package/environment/ament_prefix_path.dsv
[1.625s] -- Up-to-date: /home/hussein/Documents/kal_ws/install/kal_package/share/kal_package/environment/path.sh
[1.626s] -- Up-to-date: /home/hussein/Documents/kal_ws/install/kal_package/share/kal_package/environment/path.dsv
[1.626s] -- Up-to-date: /home/hussein/Documents/kal_ws/install/kal_package/share/kal_package/local_setup.bash
[1.647s] -- Up-to-date: /home/hussein/Documents/kal_ws/install/kal_package/share/kal_package/local_setup.sh
[1.648s] -- Up-to-date: /home/hussein/Documents/kal_ws/install/kal_package/share/kal_package/local_setup.zsh
[1.648s] -- Up-to-date: /home/hussein/Documents/kal_ws/install/kal_package/share/kal_package/local_setup.dsv
[1.649s] -- Installing: /home/hussein/Documents/kal_ws/install/kal_package/share/kal_package/package.dsv
[1.650s] -- Up-to-date: /home/hussein/Documents/kal_ws/install/kal_package/share/ament_index/resource_index/packages/kal_package
[1.650s] -- Up-to-date: /home/hussein/Documents/kal_ws/install/kal_package/share/kal_package/cmake/kal_packageConfig.cmake
[1.651s] -- Up-to-date: /home/hussein/Documents/kal_ws/install/kal_package/share/kal_package/cmake/kal_packageConfig-version.cmake
[1.652s] -- Up-to-date: /home/hussein/Documents/kal_ws/install/kal_package/share/kal_package/package.xml
[1.653s] Invoked command in '/home/hussein/Documents/kal_ws/build/kal_package' returned '0': CMAKE_PREFIX_PATH=${CMAKE_PREFIX_PATH}:/home/hussein/Documents/kal_ws/install/serial_motor_demo:/opt/ros/humble /usr/bin/cmake --install /home/hussein/Documents/kal_ws/build/kal_package
