[1.000s] Invoking command in '/home/hussein/Documents/kal_ws/build/diffdrive_arduino': CMAKE_PREFIX_PATH=/opt/ros/humble /usr/bin/cmake --build /home/hussein/Documents/kal_ws/build/diffdrive_arduino -- -j4 -l4
[1.118s] -- Found ament_cmake: 1.3.6 (/opt/ros/humble/share/ament_cmake/cmake)
[3.412s] [31mCMake Error at CMakeLists.txt:19 (find_package):
[3.412s]   By not providing "Findhardware_interface.cmake" in CMAKE_MODULE_PATH this
[3.413s]   project has asked CMake to find a package configuration file provided by
[3.413s]   "hardware_interface", but CMake did not find one.
[3.414s] 
[3.414s]   Could not find a package configuration file provided by
[3.415s]   "hardware_interface" with any of the following names:
[3.416s] 
[3.417s]     hardware_interfaceConfig.cmake
[3.417s]     hardware_interface-config.cmake
[3.418s] 
[3.424s]   Add the installation prefix of "hardware_interface" to CMAKE_PREFIX_PATH or
[3.425s]   set "hardware_interface_DIR" to a directory containing one of the above
[3.425s]   files.  If "hardware_interface" provides a separate development package or
[3.425s]   SDK, be sure it has been installed.
[3.426s] 
[3.426s] [0m
[3.427s] -- Configuring incomplete, errors occurred!
[3.439s] See also "/home/hussein/Documents/kal_ws/build/diffdrive_arduino/CMakeFiles/CMakeOutput.log".
[3.466s] gmake: *** [Makefile:267: cmake_check_build_system] Error 1
[3.475s] Invoked command in '/home/hussein/Documents/kal_ws/build/diffdrive_arduino' returned '2': CMAKE_PREFIX_PATH=/opt/ros/humble /usr/bin/cmake --build /home/hussein/Documents/kal_ws/build/diffdrive_arduino -- -j4 -l4
