[0.230s] Invoking command in '/home/hussein/Documents/kal_ws/build/serial': CMAKE_PREFIX_PATH=${CMAKE_PREFIX_PATH}:/home/hussein/Documents/kal_ws/install/serial_motor_demo:/opt/ros/humble /usr/bin/cmake /home/hussein/Documents/kal_ws/src/serial -DCMAKE_INSTALL_PREFIX=/home/hussein/Documents/kal_ws/install/serial
[0.290s] -- The C compiler identification is GNU 11.4.0
[0.371s] -- The CXX compiler identification is GNU 11.4.0
[0.378s] -- Detecting C compiler ABI info
[0.451s] -- Detecting C compiler ABI info - done
[0.461s] -- Check for working C compiler: /usr/bin/cc - skipped
[0.461s] -- Detecting C compile features
[0.461s] -- Detecting C compile features - done
[0.464s] -- Detecting CXX compiler ABI info
[0.540s] -- Detecting CXX compiler ABI info - done
[0.548s] -- Check for working CXX compiler: /usr/bin/c++ - skipped
[0.548s] -- Detecting CXX compile features
[0.549s] -- Detecting CXX compile features - done
[0.551s] -- Found ament_cmake: 1.3.6 (/opt/ros/humble/share/ament_cmake/cmake)
[0.728s] -- Found Python3: /usr/bin/python3.10 (found version "3.10.12") found components: Interpreter 
[0.815s] -- Found ament_cmake_gtest: 1.3.6 (/opt/ros/humble/share/ament_cmake_gtest/cmake)
[0.839s] -- Found Boost: /usr/lib/x86_64-linux-gnu/cmake/Boost-1.74.0/BoostConfig.cmake (found version "1.74.0")  
[0.845s] -- Found gtest sources under '/opt/ros/humble/src/gtest_vendor': C++ tests using 'Google Test' will be built
[0.848s] -- Looking for pthread.h
[0.919s] -- Looking for pthread.h - found
[0.919s] -- Performing Test CMAKE_HAVE_LIBC_PTHREAD
[0.982s] -- Performing Test CMAKE_HAVE_LIBC_PTHREAD - Success
[0.983s] -- Found Threads: TRUE  
[1.053s] -- Configuring done
[1.062s] -- Generating done
[1.063s] -- Build files have been written to: /home/hussein/Documents/kal_ws/build/serial
[1.107s] Invoked command in '/home/hussein/Documents/kal_ws/build/serial' returned '0': CMAKE_PREFIX_PATH=${CMAKE_PREFIX_PATH}:/home/hussein/Documents/kal_ws/install/serial_motor_demo:/opt/ros/humble /usr/bin/cmake /home/hussein/Documents/kal_ws/src/serial -DCMAKE_INSTALL_PREFIX=/home/hussein/Documents/kal_ws/install/serial
[1.108s] Invoking command in '/home/hussein/Documents/kal_ws/build/serial': CMAKE_PREFIX_PATH=${CMAKE_PREFIX_PATH}:/home/hussein/Documents/kal_ws/install/serial_motor_demo:/opt/ros/humble /usr/bin/cmake --build /home/hussein/Documents/kal_ws/build/serial -- -j12 -l12
[1.156s] [ 35%] [32mBuilding CXX object CMakeFiles/serial.dir/src/impl/list_ports/list_ports_linux.cc.o[0m
[1.156s] [ 35%] [32mBuilding CXX object gtest/CMakeFiles/gtest.dir/src/gtest-all.cc.o[0m
[1.156s] [ 35%] [32mBuilding CXX object gtest/CMakeFiles/gtest_main.dir/src/gtest_main.cc.o[0m
[1.156s] [ 35%] [32mBuilding CXX object CMakeFiles/serial.dir/src/serial.cc.o[0m
[1.156s] [ 35%] [32mBuilding CXX object CMakeFiles/serial.dir/src/impl/unix.cc.o[0m
[1.827s] [ 42%] [32m[1mLinking CXX static library libserial.a[0m
[1.869s] [ 42%] Built target serial
[1.889s] [ 50%] [32mBuilding CXX object CMakeFiles/serial_example.dir/examples/serial_example.cc.o[0m
[2.271s] [ 57%] [32m[1mLinking CXX executable serial_example[0m
[2.282s] [ 64%] [32m[1mLinking CXX static library libgtest_main.a[0m
[2.316s] [ 64%] Built target gtest_main
[2.364s] [ 64%] Built target serial_example
[4.194s] [ 71%] [32m[1mLinking CXX static library libgtest.a[0m
[4.230s] [ 71%] Built target gtest
[4.248s] [ 78%] [32mBuilding CXX object tests/CMakeFiles/serial-test.dir/unix_serial_tests.cc.o[0m
[4.248s] [ 85%] [32mBuilding CXX object tests/CMakeFiles/serial-test-timer.dir/unit/unix_timer_tests.cc.o[0m
[5.004s] In file included from [01m[K/usr/include/boost/bind.hpp:30[m[K,
[5.004s]                  from [01m[K/home/hussein/Documents/kal_ws/src/serial/tests/unix_serial_tests.cc:23[m[K:
[5.004s] [01m[K/usr/include/boost/bind.hpp:36:1:[m[K [01;36m[Knote: [m[K‘[01m[K#pragma message: The practice of declaring the Bind placeholders (_1, _2, ...) in the global namespace is deprecated. Please use <boost/bind/bind.hpp> + using namespace boost::placeholders, or define BOOST_BIND_GLOBAL_PLACEHOLDERS to retain the current behavior.[m[K’
[5.004s]    36 | [01;36m[KBOOST_PRAGMA_MESSAGE[m[K(
[5.004s]       | [01;36m[K^~~~~~~~~~~~~~~~~~~~[m[K
[5.080s] [ 92%] [32m[1mLinking CXX executable serial-test-timer[0m
[5.187s] [ 92%] Built target serial-test-timer
[5.191s] [100%] [32m[1mLinking CXX executable serial-test[0m
[5.319s] [100%] Built target serial-test
[5.326s] Invoked command in '/home/hussein/Documents/kal_ws/build/serial' returned '0': CMAKE_PREFIX_PATH=${CMAKE_PREFIX_PATH}:/home/hussein/Documents/kal_ws/install/serial_motor_demo:/opt/ros/humble /usr/bin/cmake --build /home/hussein/Documents/kal_ws/build/serial -- -j12 -l12
[5.353s] Invoking command in '/home/hussein/Documents/kal_ws/build/serial': CMAKE_PREFIX_PATH=${CMAKE_PREFIX_PATH}:/home/hussein/Documents/kal_ws/install/serial_motor_demo:/opt/ros/humble /usr/bin/cmake --install /home/hussein/Documents/kal_ws/build/serial
[5.358s] -- Install configuration: ""
[5.359s] -- Installing: /home/hussein/Documents/kal_ws/install/serial/lib/libserial.a
[5.359s] -- Installing: /home/hussein/Documents/kal_ws/install/serial/include/serial/serial.h
[5.359s] -- Installing: /home/hussein/Documents/kal_ws/install/serial/include/serial/v8stdint.h
[5.359s] -- Installing: /home/hussein/Documents/kal_ws/install/serial/share/serial/environment/library_path.sh
[5.359s] -- Installing: /home/hussein/Documents/kal_ws/install/serial/share/serial/environment/library_path.dsv
[5.360s] -- Installing: /home/hussein/Documents/kal_ws/install/serial/share/ament_index/resource_index/package_run_dependencies/serial
[5.360s] -- Installing: /home/hussein/Documents/kal_ws/install/serial/share/ament_index/resource_index/parent_prefix_path/serial
[5.360s] -- Installing: /home/hussein/Documents/kal_ws/install/serial/share/serial/environment/ament_prefix_path.sh
[5.360s] -- Installing: /home/hussein/Documents/kal_ws/install/serial/share/serial/environment/ament_prefix_path.dsv
[5.360s] -- Installing: /home/hussein/Documents/kal_ws/install/serial/share/serial/environment/path.sh
[5.360s] -- Installing: /home/hussein/Documents/kal_ws/install/serial/share/serial/environment/path.dsv
[5.360s] -- Installing: /home/hussein/Documents/kal_ws/install/serial/share/serial/local_setup.bash
[5.360s] -- Installing: /home/hussein/Documents/kal_ws/install/serial/share/serial/local_setup.sh
[5.360s] -- Installing: /home/hussein/Documents/kal_ws/install/serial/share/serial/local_setup.zsh
[5.360s] -- Installing: /home/hussein/Documents/kal_ws/install/serial/share/serial/local_setup.dsv
[5.361s] -- Installing: /home/hussein/Documents/kal_ws/install/serial/share/serial/package.dsv
[5.361s] -- Installing: /home/hussein/Documents/kal_ws/install/serial/share/ament_index/resource_index/packages/serial
[5.361s] -- Installing: /home/hussein/Documents/kal_ws/install/serial/share/serial/cmake/ament_cmake_export_include_directories-extras.cmake
[5.361s] -- Installing: /home/hussein/Documents/kal_ws/install/serial/share/serial/cmake/ament_cmake_export_libraries-extras.cmake
[5.361s] -- Installing: /home/hussein/Documents/kal_ws/install/serial/share/serial/cmake/serialConfig.cmake
[5.361s] -- Installing: /home/hussein/Documents/kal_ws/install/serial/share/serial/cmake/serialConfig-version.cmake
[5.361s] -- Installing: /home/hussein/Documents/kal_ws/install/serial/share/serial/package.xml
[5.363s] Invoked command in '/home/hussein/Documents/kal_ws/build/serial' returned '0': CMAKE_PREFIX_PATH=${CMAKE_PREFIX_PATH}:/home/hussein/Documents/kal_ws/install/serial_motor_demo:/opt/ros/humble /usr/bin/cmake --install /home/hussein/Documents/kal_ws/build/serial
