[35m[1mConsolidate compiler generated dependencies of target serial_motor_demo_msgs__rosidl_generator_c[0m
[ 10%] Built target serial_motor_demo_msgs__rosidl_generator_c
[ 12%] Built target serial_motor_demo_msgs__cpp
[35m[1mConsolidate compiler generated dependencies of target serial_motor_demo_msgs__rosidl_typesupport_c[0m
[35m[1mConsolidate compiler generated dependencies of target serial_motor_demo_msgs__rosidl_typesupport_introspection_c[0m
[35m[1mConsolidate compiler generated dependencies of target serial_motor_demo_msgs__rosidl_typesupport_fastrtps_c[0m
[ 23%] Built target serial_motor_demo_msgs__rosidl_typesupport_c
[ 34%] Built target serial_motor_demo_msgs__rosidl_typesupport_introspection_c
[ 44%] Built target serial_motor_demo_msgs__rosidl_typesupport_fastrtps_c
[ 44%] Built target ament_cmake_python_copy_serial_motor_demo_msgs
[35m[1mConsolidate compiler generated dependencies of target serial_motor_demo_msgs__rosidl_typesupport_fastrtps_cpp[0m
[35m[1mConsolidate compiler generated dependencies of target serial_motor_demo_msgs__rosidl_typesupport_introspection_cpp[0m
[35m[1mConsolidate compiler generated dependencies of target serial_motor_demo_msgs__rosidl_typesupport_cpp[0m
[ 55%] Built target serial_motor_demo_msgs__rosidl_typesupport_fastrtps_cpp
[ 65%] Built target serial_motor_demo_msgs__rosidl_typesupport_introspection_cpp
[ 76%] Built target serial_motor_demo_msgs__rosidl_typesupport_cpp
[ 76%] Built target serial_motor_demo_msgs
[ 78%] Built target serial_motor_demo_msgs__py
[35m[1mConsolidate compiler generated dependencies of target serial_motor_demo_msgs__rosidl_generator_py[0m
running egg_info
writing serial_motor_demo_msgs.egg-info/PKG-INFO
writing dependency_links to serial_motor_demo_msgs.egg-info/dependency_links.txt
writing top-level names to serial_motor_demo_msgs.egg-info/top_level.txt
reading manifest file 'serial_motor_demo_msgs.egg-info/SOURCES.txt'
writing manifest file 'serial_motor_demo_msgs.egg-info/SOURCES.txt'
[ 78%] Built target ament_cmake_python_build_serial_motor_demo_msgs_egg
