[1.036s] Invoking command in '/home/hussein/Documents/kal_ws/build/diffdrive_arduino': CMAKE_PREFIX_PATH=/opt/ros/humble /usr/bin/cmake --build /home/hussein/Documents/kal_ws/build/diffdrive_arduino -- -j4 -l4
[1.198s] -- Found ament_cmake: 1.3.6 (/opt/ros/humble/share/ament_cmake/cmake)
[2.981s] [31mCMake Error at CMakeLists.txt:19 (find_package):
[2.982s]   By not providing "Findhardware_interface.cmake" in CMAKE_MODULE_PATH this
[2.982s]   project has asked CMake to find a package configuration file provided by
[2.983s]   "hardware_interface", but CMake did not find one.
[2.984s] 
[2.986s]   Could not find a package configuration file provided by
[2.987s]   "hardware_interface" with any of the following names:
[2.988s] 
[2.988s]     hardware_interfaceConfig.cmake
[2.989s]     hardware_interface-config.cmake
[2.990s] 
[2.991s]   Add the installation prefix of "hardware_interface" to CMAKE_PREFIX_PATH or
[2.992s]   set "hardware_interface_DIR" to a directory containing one of the above
[2.996s]   files.  If "hardware_interface" provides a separate development package or
[2.997s]   SDK, be sure it has been installed.
[2.998s] 
[3.020s] [0m
[3.021s] -- Configuring incomplete, errors occurred!
[3.022s] See also "/home/hussein/Documents/kal_ws/build/diffdrive_arduino/CMakeFiles/CMakeOutput.log".
[3.023s] gmake: *** [Makefile:267: cmake_check_build_system] Error 1
