[0.874s] DEBUG:colcon:Command line arguments: ['/usr/bin/colcon', 'build']
[0.874s] DEBUG:colcon:Parsed command line arguments: Namespace(log_base=None, log_level=None, verb_name='build', build_base='build', install_base='install', merge_install=False, symlink_install=False, test_result_base=None, continue_on_error=False, executor='parallel', parallel_workers=12, event_handlers=None, ignore_user_meta=False, metas=['./colcon.meta'], base_paths=['.'], packages_ignore=None, packages_ignore_regex=None, paths=None, packages_up_to=None, packages_up_to_regex=None, packages_above=None, packages_above_and_dependencies=None, packages_above_depth=None, packages_select_by_dep=None, packages_skip_by_dep=None, packages_skip_up_to=None, packages_select_build_failed=False, packages_skip_build_finished=False, packages_select_test_failures=False, packages_skip_test_passed=False, packages_select=None, packages_skip=None, packages_select_regex=None, packages_skip_regex=None, packages_start=None, packages_end=None, allow_overriding=[], cmake_args=None, cmake_target=None, cmake_target_skip_unavailable=False, cmake_clean_cache=False, cmake_clean_first=False, cmake_force_configure=False, ament_cmake_args=None, catkin_cmake_args=None, catkin_skip_building_tests=False, verb_parser=<colcon_defaults.argument_parser.defaults.DefaultArgumentsDecorator object at 0x7f029c36e770>, verb_extension=<colcon_core.verb.build.BuildVerb object at 0x7f029c3c8df0>, main=<bound method BuildVerb.main of <colcon_core.verb.build.BuildVerb object at 0x7f029c3c8df0>>)
[0.920s] Level 1:colcon.colcon_core.package_discovery:discover_packages(colcon_meta) check parameters
[0.920s] Level 1:colcon.colcon_core.package_discovery:discover_packages(recursive) check parameters
[0.920s] Level 1:colcon.colcon_core.package_discovery:discover_packages(ignore) check parameters
[0.920s] Level 1:colcon.colcon_core.package_discovery:discover_packages(path) check parameters
[0.920s] Level 1:colcon.colcon_core.package_discovery:discover_packages(colcon_meta) discover
[0.920s] Level 1:colcon.colcon_core.package_discovery:discover_packages(recursive) discover
[0.920s] INFO:colcon.colcon_core.package_discovery:Crawling recursively for packages in '/home/hussein/Documents/kal_ws'
[0.920s] Level 1:colcon.colcon_core.package_identification:_identify(.) by extensions ['ignore', 'ignore_ament_install']
[0.921s] Level 1:colcon.colcon_core.package_identification:_identify(.) by extension 'ignore'
[0.921s] Level 1:colcon.colcon_core.package_identification:_identify(.) by extension 'ignore_ament_install'
[0.921s] Level 1:colcon.colcon_core.package_identification:_identify(.) by extensions ['colcon_pkg']
[0.921s] Level 1:colcon.colcon_core.package_identification:_identify(.) by extension 'colcon_pkg'
[0.921s] Level 1:colcon.colcon_core.package_identification:_identify(.) by extensions ['colcon_meta']
[0.921s] Level 1:colcon.colcon_core.package_identification:_identify(.) by extension 'colcon_meta'
[0.921s] Level 1:colcon.colcon_core.package_identification:_identify(.) by extensions ['ros']
[0.921s] Level 1:colcon.colcon_core.package_identification:_identify(.) by extension 'ros'
[0.931s] Level 1:colcon.colcon_core.package_identification:_identify(.) by extensions ['cmake', 'python']
[0.931s] Level 1:colcon.colcon_core.package_identification:_identify(.) by extension 'cmake'
[0.931s] Level 1:colcon.colcon_core.package_identification:_identify(.) by extension 'python'
[0.931s] Level 1:colcon.colcon_core.package_identification:_identify(.) by extensions ['python_setup_py']
[0.931s] Level 1:colcon.colcon_core.package_identification:_identify(.) by extension 'python_setup_py'
[0.931s] Level 1:colcon.colcon_core.package_identification:_identify(build) by extensions ['ignore', 'ignore_ament_install']
[0.931s] Level 1:colcon.colcon_core.package_identification:_identify(build) by extension 'ignore'
[0.931s] Level 1:colcon.colcon_core.package_identification:_identify(build) ignored
[0.931s] Level 1:colcon.colcon_core.package_identification:_identify(install) by extensions ['ignore', 'ignore_ament_install']
[0.931s] Level 1:colcon.colcon_core.package_identification:_identify(install) by extension 'ignore'
[0.931s] Level 1:colcon.colcon_core.package_identification:_identify(install) ignored
[0.931s] Level 1:colcon.colcon_core.package_identification:_identify(log) by extensions ['ignore', 'ignore_ament_install']
[0.932s] Level 1:colcon.colcon_core.package_identification:_identify(log) by extension 'ignore'
[0.932s] Level 1:colcon.colcon_core.package_identification:_identify(log) ignored
[0.932s] Level 1:colcon.colcon_core.package_identification:_identify(src) by extensions ['ignore', 'ignore_ament_install']
[0.932s] Level 1:colcon.colcon_core.package_identification:_identify(src) by extension 'ignore'
[0.932s] Level 1:colcon.colcon_core.package_identification:_identify(src) by extension 'ignore_ament_install'
[0.932s] Level 1:colcon.colcon_core.package_identification:_identify(src) by extensions ['colcon_pkg']
[0.932s] Level 1:colcon.colcon_core.package_identification:_identify(src) by extension 'colcon_pkg'
[0.932s] Level 1:colcon.colcon_core.package_identification:_identify(src) by extensions ['colcon_meta']
[0.932s] Level 1:colcon.colcon_core.package_identification:_identify(src) by extension 'colcon_meta'
[0.932s] Level 1:colcon.colcon_core.package_identification:_identify(src) by extensions ['ros']
[0.932s] Level 1:colcon.colcon_core.package_identification:_identify(src) by extension 'ros'
[0.932s] Level 1:colcon.colcon_core.package_identification:_identify(src) by extensions ['cmake', 'python']
[0.932s] Level 1:colcon.colcon_core.package_identification:_identify(src) by extension 'cmake'
[0.932s] Level 1:colcon.colcon_core.package_identification:_identify(src) by extension 'python'
[0.932s] Level 1:colcon.colcon_core.package_identification:_identify(src) by extensions ['python_setup_py']
[0.932s] Level 1:colcon.colcon_core.package_identification:_identify(src) by extension 'python_setup_py'
[0.932s] Level 1:colcon.colcon_core.package_identification:_identify(src/kal_package) by extensions ['ignore', 'ignore_ament_install']
[0.932s] Level 1:colcon.colcon_core.package_identification:_identify(src/kal_package) by extension 'ignore'
[0.932s] Level 1:colcon.colcon_core.package_identification:_identify(src/kal_package) by extension 'ignore_ament_install'
[0.932s] Level 1:colcon.colcon_core.package_identification:_identify(src/kal_package) by extensions ['colcon_pkg']
[0.932s] Level 1:colcon.colcon_core.package_identification:_identify(src/kal_package) by extension 'colcon_pkg'
[0.933s] Level 1:colcon.colcon_core.package_identification:_identify(src/kal_package) by extensions ['colcon_meta']
[0.933s] Level 1:colcon.colcon_core.package_identification:_identify(src/kal_package) by extension 'colcon_meta'
[0.933s] Level 1:colcon.colcon_core.package_identification:_identify(src/kal_package) by extensions ['ros']
[0.933s] Level 1:colcon.colcon_core.package_identification:_identify(src/kal_package) by extension 'ros'
[0.935s] DEBUG:colcon.colcon_core.package_identification:Package 'src/kal_package' with type 'ros.ament_cmake' and name 'kal_package'
[0.935s] Level 1:colcon.colcon_core.package_discovery:discover_packages(recursive) using defaults
[0.935s] Level 1:colcon.colcon_core.package_discovery:discover_packages(ignore) discover
[0.935s] Level 1:colcon.colcon_core.package_discovery:discover_packages(ignore) using defaults
[0.935s] Level 1:colcon.colcon_core.package_discovery:discover_packages(path) discover
[0.935s] Level 1:colcon.colcon_core.package_discovery:discover_packages(path) using defaults
[1.019s] Level 1:colcon.colcon_core.package_discovery:discover_packages(prefix_path) check parameters
[1.019s] Level 1:colcon.colcon_core.package_discovery:discover_packages(prefix_path) discover
[1.046s] DEBUG:colcon.colcon_installed_package_information.package_discovery:Found 1 installed packages in /home/hussein/Documents/kal_ws/install
[1.060s] DEBUG:colcon.colcon_installed_package_information.package_discovery:Found 376 installed packages in /opt/ros/humble
[1.062s] Level 1:colcon.colcon_core.package_discovery:discover_packages(prefix_path) using defaults
[1.163s] Level 5:colcon.colcon_core.verb:set package 'kal_package' build argument 'cmake_args' from command line to 'None'
[1.163s] Level 5:colcon.colcon_core.verb:set package 'kal_package' build argument 'cmake_target' from command line to 'None'
[1.163s] Level 5:colcon.colcon_core.verb:set package 'kal_package' build argument 'cmake_target_skip_unavailable' from command line to 'False'
[1.163s] Level 5:colcon.colcon_core.verb:set package 'kal_package' build argument 'cmake_clean_cache' from command line to 'False'
[1.163s] Level 5:colcon.colcon_core.verb:set package 'kal_package' build argument 'cmake_clean_first' from command line to 'False'
[1.163s] Level 5:colcon.colcon_core.verb:set package 'kal_package' build argument 'cmake_force_configure' from command line to 'False'
[1.163s] Level 5:colcon.colcon_core.verb:set package 'kal_package' build argument 'ament_cmake_args' from command line to 'None'
[1.163s] Level 5:colcon.colcon_core.verb:set package 'kal_package' build argument 'catkin_cmake_args' from command line to 'None'
[1.163s] Level 5:colcon.colcon_core.verb:set package 'kal_package' build argument 'catkin_skip_building_tests' from command line to 'False'
[1.163s] DEBUG:colcon.colcon_core.verb:Building package 'kal_package' with the following arguments: {'ament_cmake_args': None, 'build_base': '/home/hussein/Documents/kal_ws/build/kal_package', 'catkin_cmake_args': None, 'catkin_skip_building_tests': False, 'cmake_args': None, 'cmake_clean_cache': False, 'cmake_clean_first': False, 'cmake_force_configure': False, 'cmake_target': None, 'cmake_target_skip_unavailable': False, 'install_base': '/home/hussein/Documents/kal_ws/install/kal_package', 'merge_install': False, 'path': '/home/hussein/Documents/kal_ws/src/kal_package', 'symlink_install': False, 'test_result_base': None}
[1.177s] INFO:colcon.colcon_core.executor:Executing jobs using 'parallel' executor
[1.191s] DEBUG:colcon.colcon_parallel_executor.executor.parallel:run_until_complete
[1.191s] INFO:colcon.colcon_ros.task.ament_cmake.build:Building ROS package in '/home/hussein/Documents/kal_ws/src/kal_package' with build type 'ament_cmake'
[1.192s] INFO:colcon.colcon_cmake.task.cmake.build:Building CMake package in '/home/hussein/Documents/kal_ws/src/kal_package'
[1.207s] INFO:colcon.colcon_core.plugin_system:Skipping extension 'colcon_core.shell.bat': Not used on non-Windows systems
[1.207s] INFO:colcon.colcon_core.shell:Skip shell extension 'powershell' for command environment: Not usable outside of PowerShell
[1.207s] DEBUG:colcon.colcon_core.shell:Skip shell extension 'dsv' for command environment
[1.255s] DEBUG:colcon.colcon_core.event_handler.log_command:Invoking command in '/home/hussein/Documents/kal_ws/build/kal_package': CMAKE_PREFIX_PATH=${CMAKE_PREFIX_PATH}:/opt/ros/humble /usr/bin/cmake --build /home/hussein/Documents/kal_ws/build/kal_package -- -j12 -l12
[1.281s] DEBUG:colcon.colcon_core.event_handler.log_command:Invoked command in '/home/hussein/Documents/kal_ws/build/kal_package' returned '0': CMAKE_PREFIX_PATH=${CMAKE_PREFIX_PATH}:/opt/ros/humble /usr/bin/cmake --build /home/hussein/Documents/kal_ws/build/kal_package -- -j12 -l12
[1.301s] DEBUG:colcon.colcon_core.event_handler.log_command:Invoking command in '/home/hussein/Documents/kal_ws/build/kal_package': CMAKE_PREFIX_PATH=${CMAKE_PREFIX_PATH}:/opt/ros/humble /usr/bin/cmake --install /home/hussein/Documents/kal_ws/build/kal_package
[1.309s] Level 1:colcon.colcon_core.environment:create_environment_scripts_only(kal_package)
[1.311s] DEBUG:colcon.colcon_core.event_handler.log_command:Invoked command in '/home/hussein/Documents/kal_ws/build/kal_package' returned '0': CMAKE_PREFIX_PATH=${CMAKE_PREFIX_PATH}:/opt/ros/humble /usr/bin/cmake --install /home/hussein/Documents/kal_ws/build/kal_package
[1.329s] Level 1:colcon.colcon_core.environment:checking '/home/hussein/Documents/kal_ws/install/kal_package' for CMake module files
[1.330s] Level 1:colcon.colcon_core.environment:checking '/home/hussein/Documents/kal_ws/install/kal_package' for CMake config files
[1.330s] Level 1:colcon.colcon_core.shell:create_environment_hook('kal_package', 'cmake_prefix_path')
[1.344s] INFO:colcon.colcon_core.shell:Creating environment hook '/home/hussein/Documents/kal_ws/install/kal_package/share/kal_package/hook/cmake_prefix_path.ps1'
[1.344s] INFO:colcon.colcon_core.shell:Creating environment descriptor '/home/hussein/Documents/kal_ws/install/kal_package/share/kal_package/hook/cmake_prefix_path.dsv'
[1.344s] INFO:colcon.colcon_core.shell:Creating environment hook '/home/hussein/Documents/kal_ws/install/kal_package/share/kal_package/hook/cmake_prefix_path.sh'
[1.345s] Level 1:colcon.colcon_core.environment:checking '/home/hussein/Documents/kal_ws/install/kal_package/bin'
[1.345s] Level 1:colcon.colcon_core.environment:checking '/home/hussein/Documents/kal_ws/install/kal_package/lib/pkgconfig/kal_package.pc'
[1.346s] Level 1:colcon.colcon_core.environment:checking '/home/hussein/Documents/kal_ws/install/kal_package/lib/python3.10/site-packages'
[1.346s] Level 1:colcon.colcon_core.environment:checking '/home/hussein/Documents/kal_ws/install/kal_package/bin'
[1.359s] INFO:colcon.colcon_core.shell:Creating package script '/home/hussein/Documents/kal_ws/install/kal_package/share/kal_package/package.ps1'
[1.360s] INFO:colcon.colcon_core.shell:Creating package descriptor '/home/hussein/Documents/kal_ws/install/kal_package/share/kal_package/package.dsv'
[1.360s] INFO:colcon.colcon_core.shell:Creating package script '/home/hussein/Documents/kal_ws/install/kal_package/share/kal_package/package.sh'
[1.361s] INFO:colcon.colcon_core.shell:Creating package script '/home/hussein/Documents/kal_ws/install/kal_package/share/kal_package/package.bash'
[1.361s] INFO:colcon.colcon_core.shell:Creating package script '/home/hussein/Documents/kal_ws/install/kal_package/share/kal_package/package.zsh'
[1.362s] Level 1:colcon.colcon_core.environment:create_file_with_runtime_dependencies(/home/hussein/Documents/kal_ws/install/kal_package/share/colcon-core/packages/kal_package)
[1.389s] Level 1:colcon.colcon_core.environment:create_environment_scripts_only(kal_package)
[1.403s] Level 1:colcon.colcon_core.environment:checking '/home/hussein/Documents/kal_ws/install/kal_package' for CMake module files
[1.403s] Level 1:colcon.colcon_core.environment:checking '/home/hussein/Documents/kal_ws/install/kal_package' for CMake config files
[1.403s] Level 1:colcon.colcon_core.shell:create_environment_hook('kal_package', 'cmake_prefix_path')
[1.417s] INFO:colcon.colcon_core.shell:Creating environment hook '/home/hussein/Documents/kal_ws/install/kal_package/share/kal_package/hook/cmake_prefix_path.ps1'
[1.417s] INFO:colcon.colcon_core.shell:Creating environment descriptor '/home/hussein/Documents/kal_ws/install/kal_package/share/kal_package/hook/cmake_prefix_path.dsv'
[1.418s] INFO:colcon.colcon_core.shell:Creating environment hook '/home/hussein/Documents/kal_ws/install/kal_package/share/kal_package/hook/cmake_prefix_path.sh'
[1.418s] Level 1:colcon.colcon_core.environment:checking '/home/hussein/Documents/kal_ws/install/kal_package/bin'
[1.418s] Level 1:colcon.colcon_core.environment:checking '/home/hussein/Documents/kal_ws/install/kal_package/lib/pkgconfig/kal_package.pc'
[1.418s] Level 1:colcon.colcon_core.environment:checking '/home/hussein/Documents/kal_ws/install/kal_package/lib/python3.10/site-packages'
[1.419s] Level 1:colcon.colcon_core.environment:checking '/home/hussein/Documents/kal_ws/install/kal_package/bin'
[1.433s] INFO:colcon.colcon_core.shell:Creating package script '/home/hussein/Documents/kal_ws/install/kal_package/share/kal_package/package.ps1'
[1.434s] INFO:colcon.colcon_core.shell:Creating package descriptor '/home/hussein/Documents/kal_ws/install/kal_package/share/kal_package/package.dsv'
[1.434s] INFO:colcon.colcon_core.shell:Creating package script '/home/hussein/Documents/kal_ws/install/kal_package/share/kal_package/package.sh'
[1.434s] INFO:colcon.colcon_core.shell:Creating package script '/home/hussein/Documents/kal_ws/install/kal_package/share/kal_package/package.bash'
[1.435s] INFO:colcon.colcon_core.shell:Creating package script '/home/hussein/Documents/kal_ws/install/kal_package/share/kal_package/package.zsh'
[1.435s] Level 1:colcon.colcon_core.environment:create_file_with_runtime_dependencies(/home/hussein/Documents/kal_ws/install/kal_package/share/colcon-core/packages/kal_package)
[1.435s] DEBUG:colcon.colcon_parallel_executor.executor.parallel:closing loop
[1.435s] DEBUG:colcon.colcon_parallel_executor.executor.parallel:loop closed
[1.435s] DEBUG:colcon.colcon_parallel_executor.executor.parallel:run_until_complete finished with '0'
[1.436s] DEBUG:colcon.colcon_core.event_reactor:joining thread
[1.456s] INFO:colcon.colcon_core.plugin_system:Skipping extension 'colcon_notification.desktop_notification.terminal_notifier': Not used on non-Darwin systems
[1.456s] INFO:colcon.colcon_core.plugin_system:Skipping extension 'colcon_notification.desktop_notification.win32': Not used on non-Windows systems
[1.456s] INFO:colcon.colcon_notification.desktop_notification:Sending desktop notification using 'notify2'
[1.467s] DEBUG:colcon.colcon_core.event_reactor:joined thread
[1.493s] INFO:colcon.colcon_core.shell:Creating prefix script '/home/hussein/Documents/kal_ws/install/local_setup.ps1'
[1.495s] INFO:colcon.colcon_core.shell:Creating prefix util module '/home/hussein/Documents/kal_ws/install/_local_setup_util_ps1.py'
[1.498s] INFO:colcon.colcon_core.shell:Creating prefix chain script '/home/hussein/Documents/kal_ws/install/setup.ps1'
[1.519s] INFO:colcon.colcon_core.shell:Creating prefix script '/home/hussein/Documents/kal_ws/install/local_setup.sh'
[1.519s] INFO:colcon.colcon_core.shell:Creating prefix util module '/home/hussein/Documents/kal_ws/install/_local_setup_util_sh.py'
[1.520s] INFO:colcon.colcon_core.shell:Creating prefix chain script '/home/hussein/Documents/kal_ws/install/setup.sh'
[1.539s] INFO:colcon.colcon_core.shell:Creating prefix script '/home/hussein/Documents/kal_ws/install/local_setup.bash'
[1.539s] INFO:colcon.colcon_core.shell:Creating prefix chain script '/home/hussein/Documents/kal_ws/install/setup.bash'
[1.555s] INFO:colcon.colcon_core.shell:Creating prefix script '/home/hussein/Documents/kal_ws/install/local_setup.zsh'
[1.556s] INFO:colcon.colcon_core.shell:Creating prefix chain script '/home/hussein/Documents/kal_ws/install/setup.zsh'
